ARM GAS  C:\Users\Nathan\AppData\Local\Temp\ccmz4FXx.s 			page 1


   1              		.cpu cortex-m4
   2              		.arch armv7e-m
   3              		.fpu fpv4-sp-d16
   4              		.eabi_attribute 27, 1
   5              		.eabi_attribute 28, 1
   6              		.eabi_attribute 20, 1
   7              		.eabi_attribute 21, 1
   8              		.eabi_attribute 23, 3
   9              		.eabi_attribute 24, 1
  10              		.eabi_attribute 25, 1
  11              		.eabi_attribute 26, 1
  12              		.eabi_attribute 30, 1
  13              		.eabi_attribute 34, 1
  14              		.eabi_attribute 18, 4
  15              		.file	"p2p_server_app.c"
  16              		.text
  17              	.Ltext0:
  18              		.cfi_sections	.debug_frame
  19              		.file 1 "STM32_WPAN/App/p2p_server_app.c"
  20              		.section	.text.P2PS_STM_App_Notification,"ax",%progbits
  21              		.align	1
  22              		.global	P2PS_STM_App_Notification
  23              		.syntax unified
  24              		.thumb
  25              		.thumb_func
  27              	P2PS_STM_App_Notification:
  28              	.LVL0:
  29              	.LFB1417:
   1:STM32_WPAN/App/p2p_server_app.c **** /* USER CODE BEGIN Header */
   2:STM32_WPAN/App/p2p_server_app.c **** /**
   3:STM32_WPAN/App/p2p_server_app.c ****   ******************************************************************************
   4:STM32_WPAN/App/p2p_server_app.c ****   * @file    App/p2p_server_app.c
   5:STM32_WPAN/App/p2p_server_app.c ****   * @author  MCD Application Team
   6:STM32_WPAN/App/p2p_server_app.c ****   * @brief   Peer to peer Server Application
   7:STM32_WPAN/App/p2p_server_app.c ****   ******************************************************************************
   8:STM32_WPAN/App/p2p_server_app.c ****   * @attention
   9:STM32_WPAN/App/p2p_server_app.c ****   *
  10:STM32_WPAN/App/p2p_server_app.c ****   * Copyright (c) 2025 STMicroelectronics.
  11:STM32_WPAN/App/p2p_server_app.c ****   * All rights reserved.
  12:STM32_WPAN/App/p2p_server_app.c ****   *
  13:STM32_WPAN/App/p2p_server_app.c ****   * This software is licensed under terms that can be found in the LICENSE file
  14:STM32_WPAN/App/p2p_server_app.c ****   * in the root directory of this software component.
  15:STM32_WPAN/App/p2p_server_app.c ****   * If no LICENSE file comes with this software, it is provided AS-IS.
  16:STM32_WPAN/App/p2p_server_app.c ****   *
  17:STM32_WPAN/App/p2p_server_app.c ****   ******************************************************************************
  18:STM32_WPAN/App/p2p_server_app.c ****   */
  19:STM32_WPAN/App/p2p_server_app.c **** /* USER CODE END Header */
  20:STM32_WPAN/App/p2p_server_app.c **** 
  21:STM32_WPAN/App/p2p_server_app.c **** /* Includes ------------------------------------------------------------------*/
  22:STM32_WPAN/App/p2p_server_app.c **** #include "main.h"
  23:STM32_WPAN/App/p2p_server_app.c **** #include "app_common.h"
  24:STM32_WPAN/App/p2p_server_app.c **** #include "dbg_trace.h"
  25:STM32_WPAN/App/p2p_server_app.c **** #include "ble.h"
  26:STM32_WPAN/App/p2p_server_app.c **** #include "p2p_server_app.h"
  27:STM32_WPAN/App/p2p_server_app.c **** #include "stm32_seq.h"
  28:STM32_WPAN/App/p2p_server_app.c **** 
  29:STM32_WPAN/App/p2p_server_app.c **** /* Private includes ----------------------------------------------------------*/
ARM GAS  C:\Users\Nathan\AppData\Local\Temp\ccmz4FXx.s 			page 2


  30:STM32_WPAN/App/p2p_server_app.c **** /* USER CODE BEGIN Includes */
  31:STM32_WPAN/App/p2p_server_app.c **** 
  32:STM32_WPAN/App/p2p_server_app.c **** /* USER CODE END Includes */
  33:STM32_WPAN/App/p2p_server_app.c **** 
  34:STM32_WPAN/App/p2p_server_app.c **** /* Private typedef -----------------------------------------------------------*/
  35:STM32_WPAN/App/p2p_server_app.c **** /* USER CODE BEGIN PTD */
  36:STM32_WPAN/App/p2p_server_app.c **** 
  37:STM32_WPAN/App/p2p_server_app.c **** /* USER CODE END PTD */
  38:STM32_WPAN/App/p2p_server_app.c **** 
  39:STM32_WPAN/App/p2p_server_app.c **** /* Private defines ------------------------------------------------------------*/
  40:STM32_WPAN/App/p2p_server_app.c **** /* USER CODE BEGIN PD */
  41:STM32_WPAN/App/p2p_server_app.c **** 
  42:STM32_WPAN/App/p2p_server_app.c **** /* USER CODE END PD */
  43:STM32_WPAN/App/p2p_server_app.c **** 
  44:STM32_WPAN/App/p2p_server_app.c **** /* Private macros -------------------------------------------------------------*/
  45:STM32_WPAN/App/p2p_server_app.c **** /* USER CODE BEGIN PM */
  46:STM32_WPAN/App/p2p_server_app.c **** 
  47:STM32_WPAN/App/p2p_server_app.c **** /* USER CODE END PM */
  48:STM32_WPAN/App/p2p_server_app.c **** 
  49:STM32_WPAN/App/p2p_server_app.c **** /* Private variables ---------------------------------------------------------*/
  50:STM32_WPAN/App/p2p_server_app.c **** /* USER CODE BEGIN PV */
  51:STM32_WPAN/App/p2p_server_app.c **** 
  52:STM32_WPAN/App/p2p_server_app.c **** /* USER CODE END PV */
  53:STM32_WPAN/App/p2p_server_app.c **** 
  54:STM32_WPAN/App/p2p_server_app.c **** /* Private function prototypes -----------------------------------------------*/
  55:STM32_WPAN/App/p2p_server_app.c **** /* USER CODE BEGIN PFP */
  56:STM32_WPAN/App/p2p_server_app.c **** 
  57:STM32_WPAN/App/p2p_server_app.c **** /* USER CODE END PFP */
  58:STM32_WPAN/App/p2p_server_app.c **** 
  59:STM32_WPAN/App/p2p_server_app.c **** /* Functions Definition ------------------------------------------------------*/
  60:STM32_WPAN/App/p2p_server_app.c **** void P2PS_STM_App_Notification(P2PS_STM_App_Notification_evt_t *pNotification)
  61:STM32_WPAN/App/p2p_server_app.c **** {
  30              		.loc 1 61 1 view -0
  31              		.cfi_startproc
  32              		@ args = 0, pretend = 0, frame = 0
  33              		@ frame_needed = 0, uses_anonymous_args = 0
  34              		@ link register save eliminated.
  62:STM32_WPAN/App/p2p_server_app.c **** /* USER CODE BEGIN P2PS_STM_App_Notification_1 */
  63:STM32_WPAN/App/p2p_server_app.c **** 
  64:STM32_WPAN/App/p2p_server_app.c **** /* USER CODE END P2PS_STM_App_Notification_1 */
  65:STM32_WPAN/App/p2p_server_app.c ****   switch(pNotification->P2P_Evt_Opcode)
  35              		.loc 1 65 3 view .LVU1
  66:STM32_WPAN/App/p2p_server_app.c ****   {
  67:STM32_WPAN/App/p2p_server_app.c **** /* USER CODE BEGIN P2PS_STM_App_Notification_P2P_Evt_Opcode */
  68:STM32_WPAN/App/p2p_server_app.c **** 
  69:STM32_WPAN/App/p2p_server_app.c **** /* USER CODE END P2PS_STM_App_Notification_P2P_Evt_Opcode */
  70:STM32_WPAN/App/p2p_server_app.c **** 
  71:STM32_WPAN/App/p2p_server_app.c ****     case P2PS_STM__NOTIFY_ENABLED_EVT:
  72:STM32_WPAN/App/p2p_server_app.c **** /* USER CODE BEGIN P2PS_STM__NOTIFY_ENABLED_EVT */
  73:STM32_WPAN/App/p2p_server_app.c **** 
  74:STM32_WPAN/App/p2p_server_app.c **** /* USER CODE END P2PS_STM__NOTIFY_ENABLED_EVT */
  75:STM32_WPAN/App/p2p_server_app.c ****       break;
  76:STM32_WPAN/App/p2p_server_app.c **** 
  77:STM32_WPAN/App/p2p_server_app.c ****     case P2PS_STM_NOTIFY_DISABLED_EVT:
  78:STM32_WPAN/App/p2p_server_app.c **** /* USER CODE BEGIN P2PS_STM_NOTIFY_DISABLED_EVT */
  79:STM32_WPAN/App/p2p_server_app.c **** 
  80:STM32_WPAN/App/p2p_server_app.c **** /* USER CODE END P2PS_STM_NOTIFY_DISABLED_EVT */
ARM GAS  C:\Users\Nathan\AppData\Local\Temp\ccmz4FXx.s 			page 3


  81:STM32_WPAN/App/p2p_server_app.c ****       break;
  82:STM32_WPAN/App/p2p_server_app.c **** 
  83:STM32_WPAN/App/p2p_server_app.c ****     case P2PS_STM_WRITE_EVT:
  84:STM32_WPAN/App/p2p_server_app.c **** /* USER CODE BEGIN P2PS_STM_WRITE_EVT */
  85:STM32_WPAN/App/p2p_server_app.c **** 
  86:STM32_WPAN/App/p2p_server_app.c **** /* USER CODE END P2PS_STM_WRITE_EVT */
  87:STM32_WPAN/App/p2p_server_app.c ****       break;
  88:STM32_WPAN/App/p2p_server_app.c **** 
  89:STM32_WPAN/App/p2p_server_app.c ****     default:
  90:STM32_WPAN/App/p2p_server_app.c **** /* USER CODE BEGIN P2PS_STM_App_Notification_default */
  91:STM32_WPAN/App/p2p_server_app.c **** 
  92:STM32_WPAN/App/p2p_server_app.c **** /* USER CODE END P2PS_STM_App_Notification_default */
  93:STM32_WPAN/App/p2p_server_app.c ****       break;
  36              		.loc 1 93 7 view .LVU2
  94:STM32_WPAN/App/p2p_server_app.c ****   }
  95:STM32_WPAN/App/p2p_server_app.c **** /* USER CODE BEGIN P2PS_STM_App_Notification_2 */
  96:STM32_WPAN/App/p2p_server_app.c **** 
  97:STM32_WPAN/App/p2p_server_app.c **** /* USER CODE END P2PS_STM_App_Notification_2 */
  98:STM32_WPAN/App/p2p_server_app.c ****   return;
  37              		.loc 1 98 3 view .LVU3
  99:STM32_WPAN/App/p2p_server_app.c **** }
  38              		.loc 1 99 1 is_stmt 0 view .LVU4
  39 0000 7047     		bx	lr
  40              		.cfi_endproc
  41              	.LFE1417:
  43              		.section	.text.P2PS_APP_Notification,"ax",%progbits
  44              		.align	1
  45              		.global	P2PS_APP_Notification
  46              		.syntax unified
  47              		.thumb
  48              		.thumb_func
  50              	P2PS_APP_Notification:
  51              	.LVL1:
  52              	.LFB1418:
 100:STM32_WPAN/App/p2p_server_app.c **** 
 101:STM32_WPAN/App/p2p_server_app.c **** void P2PS_APP_Notification(P2PS_APP_ConnHandle_Not_evt_t *pNotification)
 102:STM32_WPAN/App/p2p_server_app.c **** {
  53              		.loc 1 102 1 is_stmt 1 view -0
  54              		.cfi_startproc
  55              		@ args = 0, pretend = 0, frame = 0
  56              		@ frame_needed = 0, uses_anonymous_args = 0
  57              		@ link register save eliminated.
 103:STM32_WPAN/App/p2p_server_app.c **** /* USER CODE BEGIN P2PS_APP_Notification_1 */
 104:STM32_WPAN/App/p2p_server_app.c **** 
 105:STM32_WPAN/App/p2p_server_app.c **** /* USER CODE END P2PS_APP_Notification_1 */
 106:STM32_WPAN/App/p2p_server_app.c ****   switch(pNotification->P2P_Evt_Opcode)
  58              		.loc 1 106 3 view .LVU6
 107:STM32_WPAN/App/p2p_server_app.c ****   {
 108:STM32_WPAN/App/p2p_server_app.c **** /* USER CODE BEGIN P2PS_APP_Notification_P2P_Evt_Opcode */
 109:STM32_WPAN/App/p2p_server_app.c **** 
 110:STM32_WPAN/App/p2p_server_app.c **** /* USER CODE END P2PS_APP_Notification_P2P_Evt_Opcode */
 111:STM32_WPAN/App/p2p_server_app.c ****   case PEER_CONN_HANDLE_EVT :
 112:STM32_WPAN/App/p2p_server_app.c **** /* USER CODE BEGIN PEER_CONN_HANDLE_EVT */
 113:STM32_WPAN/App/p2p_server_app.c **** 
 114:STM32_WPAN/App/p2p_server_app.c **** /* USER CODE END PEER_CONN_HANDLE_EVT */
 115:STM32_WPAN/App/p2p_server_app.c ****     break;
 116:STM32_WPAN/App/p2p_server_app.c **** 
ARM GAS  C:\Users\Nathan\AppData\Local\Temp\ccmz4FXx.s 			page 4


 117:STM32_WPAN/App/p2p_server_app.c ****     case PEER_DISCON_HANDLE_EVT :
 118:STM32_WPAN/App/p2p_server_app.c **** /* USER CODE BEGIN PEER_DISCON_HANDLE_EVT */
 119:STM32_WPAN/App/p2p_server_app.c **** 
 120:STM32_WPAN/App/p2p_server_app.c **** /* USER CODE END PEER_DISCON_HANDLE_EVT */
 121:STM32_WPAN/App/p2p_server_app.c ****     break;
 122:STM32_WPAN/App/p2p_server_app.c **** 
 123:STM32_WPAN/App/p2p_server_app.c ****     default:
 124:STM32_WPAN/App/p2p_server_app.c **** /* USER CODE BEGIN P2PS_APP_Notification_default */
 125:STM32_WPAN/App/p2p_server_app.c **** 
 126:STM32_WPAN/App/p2p_server_app.c **** /* USER CODE END P2PS_APP_Notification_default */
 127:STM32_WPAN/App/p2p_server_app.c ****       break;
  59              		.loc 1 127 7 view .LVU7
 128:STM32_WPAN/App/p2p_server_app.c ****   }
 129:STM32_WPAN/App/p2p_server_app.c **** /* USER CODE BEGIN P2PS_APP_Notification_2 */
 130:STM32_WPAN/App/p2p_server_app.c **** 
 131:STM32_WPAN/App/p2p_server_app.c **** /* USER CODE END P2PS_APP_Notification_2 */
 132:STM32_WPAN/App/p2p_server_app.c ****   return;
  60              		.loc 1 132 3 view .LVU8
 133:STM32_WPAN/App/p2p_server_app.c **** }
  61              		.loc 1 133 1 is_stmt 0 view .LVU9
  62 0000 7047     		bx	lr
  63              		.cfi_endproc
  64              	.LFE1418:
  66              		.section	.text.P2PS_APP_Init,"ax",%progbits
  67              		.align	1
  68              		.global	P2PS_APP_Init
  69              		.syntax unified
  70              		.thumb
  71              		.thumb_func
  73              	P2PS_APP_Init:
  74              	.LFB1419:
 134:STM32_WPAN/App/p2p_server_app.c **** 
 135:STM32_WPAN/App/p2p_server_app.c **** void P2PS_APP_Init(void)
 136:STM32_WPAN/App/p2p_server_app.c **** {
  75              		.loc 1 136 1 is_stmt 1 view -0
  76              		.cfi_startproc
  77              		@ args = 0, pretend = 0, frame = 0
  78              		@ frame_needed = 0, uses_anonymous_args = 0
  79              		@ link register save eliminated.
 137:STM32_WPAN/App/p2p_server_app.c **** /* USER CODE BEGIN P2PS_APP_Init */
 138:STM32_WPAN/App/p2p_server_app.c **** 
 139:STM32_WPAN/App/p2p_server_app.c **** /* USER CODE END P2PS_APP_Init */
 140:STM32_WPAN/App/p2p_server_app.c ****   return;
  80              		.loc 1 140 3 view .LVU11
 141:STM32_WPAN/App/p2p_server_app.c **** }
  81              		.loc 1 141 1 is_stmt 0 view .LVU12
  82 0000 7047     		bx	lr
  83              		.cfi_endproc
  84              	.LFE1419:
  86              		.text
  87              	.Letext0:
  88              		.file 2 "C:/PROGRAM FILES (X86)/ARM GNU TOOLCHAIN ARM-NONE-EABI/13.3 REL1/arm-none-eabi/include/ma
  89              		.file 3 "C:/PROGRAM FILES (X86)/ARM GNU TOOLCHAIN ARM-NONE-EABI/13.3 REL1/arm-none-eabi/include/sy
  90              		.file 4 "Middlewares/ST/STM32_WPAN/ble/svc/Inc/p2p_stm.h"
  91              		.file 5 "STM32_WPAN/App/p2p_server_app.h"
ARM GAS  C:\Users\Nathan\AppData\Local\Temp\ccmz4FXx.s 			page 5


DEFINED SYMBOLS
                            *ABS*:00000000 p2p_server_app.c
C:\Users\Nathan\AppData\Local\Temp\ccmz4FXx.s:21     .text.P2PS_STM_App_Notification:00000000 $t
C:\Users\Nathan\AppData\Local\Temp\ccmz4FXx.s:27     .text.P2PS_STM_App_Notification:00000000 P2PS_STM_App_Notification
C:\Users\Nathan\AppData\Local\Temp\ccmz4FXx.s:44     .text.P2PS_APP_Notification:00000000 $t
C:\Users\Nathan\AppData\Local\Temp\ccmz4FXx.s:50     .text.P2PS_APP_Notification:00000000 P2PS_APP_Notification
C:\Users\Nathan\AppData\Local\Temp\ccmz4FXx.s:67     .text.P2PS_APP_Init:00000000 $t
C:\Users\Nathan\AppData\Local\Temp\ccmz4FXx.s:73     .text.P2PS_APP_Init:00000000 P2PS_APP_Init

NO UNDEFINED SYMBOLS
