ARM GAS  C:\Users\Nathan\AppData\Local\Temp\cc0Ufhqz.s 			page 1


   1              		.cpu cortex-m4
   2              		.arch armv7e-m
   3              		.fpu fpv4-sp-d16
   4              		.eabi_attribute 27, 1
   5              		.eabi_attribute 28, 1
   6              		.eabi_attribute 20, 1
   7              		.eabi_attribute 21, 1
   8              		.eabi_attribute 23, 3
   9              		.eabi_attribute 24, 1
  10              		.eabi_attribute 25, 1
  11              		.eabi_attribute 26, 1
  12              		.eabi_attribute 30, 1
  13              		.eabi_attribute 34, 1
  14              		.eabi_attribute 18, 4
  15              		.file	"shci_tl.c"
  16              		.text
  17              	.Ltext0:
  18              		.cfi_sections	.debug_frame
  19              		.file 1 "Middlewares/ST/STM32_WPAN/interface/patterns/ble_thread/tl/shci_tl.c"
  20              		.section	.text.Cmd_SetStatus,"ax",%progbits
  21              		.align	1
  22              		.syntax unified
  23              		.thumb
  24              		.thumb_func
  26              	Cmd_SetStatus:
  27              	.LVL0:
  28              	.LFB112:
   1:Middlewares/ST/STM32_WPAN/interface/patterns/ble_thread/tl/shci_tl.c **** /**
   2:Middlewares/ST/STM32_WPAN/interface/patterns/ble_thread/tl/shci_tl.c ****  ******************************************************************************
   3:Middlewares/ST/STM32_WPAN/interface/patterns/ble_thread/tl/shci_tl.c ****  * @file    shci.c
   4:Middlewares/ST/STM32_WPAN/interface/patterns/ble_thread/tl/shci_tl.c ****  * @author  MCD Application Team
   5:Middlewares/ST/STM32_WPAN/interface/patterns/ble_thread/tl/shci_tl.c ****  * @brief   System HCI command implementation
   6:Middlewares/ST/STM32_WPAN/interface/patterns/ble_thread/tl/shci_tl.c ****  ******************************************************************************
   7:Middlewares/ST/STM32_WPAN/interface/patterns/ble_thread/tl/shci_tl.c ****  * @attention
   8:Middlewares/ST/STM32_WPAN/interface/patterns/ble_thread/tl/shci_tl.c ****  *
   9:Middlewares/ST/STM32_WPAN/interface/patterns/ble_thread/tl/shci_tl.c ****  * Copyright (c) 2018-2021 STMicroelectronics.
  10:Middlewares/ST/STM32_WPAN/interface/patterns/ble_thread/tl/shci_tl.c ****  * All rights reserved.
  11:Middlewares/ST/STM32_WPAN/interface/patterns/ble_thread/tl/shci_tl.c ****  *
  12:Middlewares/ST/STM32_WPAN/interface/patterns/ble_thread/tl/shci_tl.c ****  * This software is licensed under terms that can be found in the LICENSE file
  13:Middlewares/ST/STM32_WPAN/interface/patterns/ble_thread/tl/shci_tl.c ****  * in the root directory of this software component.
  14:Middlewares/ST/STM32_WPAN/interface/patterns/ble_thread/tl/shci_tl.c ****  * If no LICENSE file comes with this software, it is provided AS-IS.
  15:Middlewares/ST/STM32_WPAN/interface/patterns/ble_thread/tl/shci_tl.c ****  *
  16:Middlewares/ST/STM32_WPAN/interface/patterns/ble_thread/tl/shci_tl.c ****  ******************************************************************************
  17:Middlewares/ST/STM32_WPAN/interface/patterns/ble_thread/tl/shci_tl.c ****  */
  18:Middlewares/ST/STM32_WPAN/interface/patterns/ble_thread/tl/shci_tl.c **** 
  19:Middlewares/ST/STM32_WPAN/interface/patterns/ble_thread/tl/shci_tl.c **** 
  20:Middlewares/ST/STM32_WPAN/interface/patterns/ble_thread/tl/shci_tl.c **** /* Includes ------------------------------------------------------------------*/
  21:Middlewares/ST/STM32_WPAN/interface/patterns/ble_thread/tl/shci_tl.c **** #include "stm32_wpan_common.h"
  22:Middlewares/ST/STM32_WPAN/interface/patterns/ble_thread/tl/shci_tl.c **** 
  23:Middlewares/ST/STM32_WPAN/interface/patterns/ble_thread/tl/shci_tl.c **** #include "stm_list.h"
  24:Middlewares/ST/STM32_WPAN/interface/patterns/ble_thread/tl/shci_tl.c **** #include "shci_tl.h"
  25:Middlewares/ST/STM32_WPAN/interface/patterns/ble_thread/tl/shci_tl.c **** 
  26:Middlewares/ST/STM32_WPAN/interface/patterns/ble_thread/tl/shci_tl.c **** /* Private typedef -----------------------------------------------------------*/
  27:Middlewares/ST/STM32_WPAN/interface/patterns/ble_thread/tl/shci_tl.c **** typedef enum
  28:Middlewares/ST/STM32_WPAN/interface/patterns/ble_thread/tl/shci_tl.c **** {
  29:Middlewares/ST/STM32_WPAN/interface/patterns/ble_thread/tl/shci_tl.c ****   SHCI_TL_CMD_RESP_RELEASE,
  30:Middlewares/ST/STM32_WPAN/interface/patterns/ble_thread/tl/shci_tl.c ****   SHCI_TL_CMD_RESP_WAIT,
ARM GAS  C:\Users\Nathan\AppData\Local\Temp\cc0Ufhqz.s 			page 2


  31:Middlewares/ST/STM32_WPAN/interface/patterns/ble_thread/tl/shci_tl.c **** } SHCI_TL_CmdRespStatus_t;
  32:Middlewares/ST/STM32_WPAN/interface/patterns/ble_thread/tl/shci_tl.c **** 
  33:Middlewares/ST/STM32_WPAN/interface/patterns/ble_thread/tl/shci_tl.c **** /* Private defines -----------------------------------------------------------*/
  34:Middlewares/ST/STM32_WPAN/interface/patterns/ble_thread/tl/shci_tl.c **** /**
  35:Middlewares/ST/STM32_WPAN/interface/patterns/ble_thread/tl/shci_tl.c ****  * The default System HCI layer timeout is set to 33s
  36:Middlewares/ST/STM32_WPAN/interface/patterns/ble_thread/tl/shci_tl.c ****  */
  37:Middlewares/ST/STM32_WPAN/interface/patterns/ble_thread/tl/shci_tl.c **** #define SHCI_TL_DEFAULT_TIMEOUT (33000)
  38:Middlewares/ST/STM32_WPAN/interface/patterns/ble_thread/tl/shci_tl.c **** 
  39:Middlewares/ST/STM32_WPAN/interface/patterns/ble_thread/tl/shci_tl.c **** /* Private macros ------------------------------------------------------------*/
  40:Middlewares/ST/STM32_WPAN/interface/patterns/ble_thread/tl/shci_tl.c **** /* Public variables ---------------------------------------------------------*/
  41:Middlewares/ST/STM32_WPAN/interface/patterns/ble_thread/tl/shci_tl.c **** /* Private variables ---------------------------------------------------------*/
  42:Middlewares/ST/STM32_WPAN/interface/patterns/ble_thread/tl/shci_tl.c **** /**
  43:Middlewares/ST/STM32_WPAN/interface/patterns/ble_thread/tl/shci_tl.c ****  * START of Section SYSTEM_DRIVER_CONTEXT
  44:Middlewares/ST/STM32_WPAN/interface/patterns/ble_thread/tl/shci_tl.c ****  */
  45:Middlewares/ST/STM32_WPAN/interface/patterns/ble_thread/tl/shci_tl.c **** PLACE_IN_SECTION("SYSTEM_DRIVER_CONTEXT") static tListNode SHciAsynchEventQueue;
  46:Middlewares/ST/STM32_WPAN/interface/patterns/ble_thread/tl/shci_tl.c **** PLACE_IN_SECTION("SYSTEM_DRIVER_CONTEXT") static volatile SHCI_TL_CmdStatus_t SHCICmdStatus;
  47:Middlewares/ST/STM32_WPAN/interface/patterns/ble_thread/tl/shci_tl.c **** PLACE_IN_SECTION("SYSTEM_DRIVER_CONTEXT") static TL_CmdPacket_t *pCmdBuffer;
  48:Middlewares/ST/STM32_WPAN/interface/patterns/ble_thread/tl/shci_tl.c **** PLACE_IN_SECTION("SYSTEM_DRIVER_CONTEXT") SHCI_TL_UserEventFlowStatus_t SHCI_TL_UserEventFlow;
  49:Middlewares/ST/STM32_WPAN/interface/patterns/ble_thread/tl/shci_tl.c **** /**
  50:Middlewares/ST/STM32_WPAN/interface/patterns/ble_thread/tl/shci_tl.c ****  * END of Section SYSTEM_DRIVER_CONTEXT
  51:Middlewares/ST/STM32_WPAN/interface/patterns/ble_thread/tl/shci_tl.c ****  */
  52:Middlewares/ST/STM32_WPAN/interface/patterns/ble_thread/tl/shci_tl.c **** 
  53:Middlewares/ST/STM32_WPAN/interface/patterns/ble_thread/tl/shci_tl.c **** static tSHciContext shciContext;
  54:Middlewares/ST/STM32_WPAN/interface/patterns/ble_thread/tl/shci_tl.c **** static void (* StatusNotCallBackFunction) (SHCI_TL_CmdStatus_t status);
  55:Middlewares/ST/STM32_WPAN/interface/patterns/ble_thread/tl/shci_tl.c **** 
  56:Middlewares/ST/STM32_WPAN/interface/patterns/ble_thread/tl/shci_tl.c **** static volatile SHCI_TL_CmdRespStatus_t CmdRspStatusFlag;
  57:Middlewares/ST/STM32_WPAN/interface/patterns/ble_thread/tl/shci_tl.c **** 
  58:Middlewares/ST/STM32_WPAN/interface/patterns/ble_thread/tl/shci_tl.c **** /* Private function prototypes -----------------------------------------------*/
  59:Middlewares/ST/STM32_WPAN/interface/patterns/ble_thread/tl/shci_tl.c **** static void Cmd_SetStatus(SHCI_TL_CmdStatus_t shcicmdstatus);
  60:Middlewares/ST/STM32_WPAN/interface/patterns/ble_thread/tl/shci_tl.c **** static void TlCmdEvtReceived(TL_EvtPacket_t *shcievt);
  61:Middlewares/ST/STM32_WPAN/interface/patterns/ble_thread/tl/shci_tl.c **** static void TlUserEvtReceived(TL_EvtPacket_t *shcievt);
  62:Middlewares/ST/STM32_WPAN/interface/patterns/ble_thread/tl/shci_tl.c **** static void TlInit( TL_CmdPacket_t * p_cmdbuffer );
  63:Middlewares/ST/STM32_WPAN/interface/patterns/ble_thread/tl/shci_tl.c **** 
  64:Middlewares/ST/STM32_WPAN/interface/patterns/ble_thread/tl/shci_tl.c **** /* Interface ------- ---------------------------------------------------------*/
  65:Middlewares/ST/STM32_WPAN/interface/patterns/ble_thread/tl/shci_tl.c **** void shci_init(void(* UserEvtRx)(void* pData), void* pConf)
  66:Middlewares/ST/STM32_WPAN/interface/patterns/ble_thread/tl/shci_tl.c **** {
  67:Middlewares/ST/STM32_WPAN/interface/patterns/ble_thread/tl/shci_tl.c ****   StatusNotCallBackFunction = ((SHCI_TL_HciInitConf_t *)pConf)->StatusNotCallBack;
  68:Middlewares/ST/STM32_WPAN/interface/patterns/ble_thread/tl/shci_tl.c ****   shciContext.UserEvtRx = UserEvtRx;
  69:Middlewares/ST/STM32_WPAN/interface/patterns/ble_thread/tl/shci_tl.c **** 
  70:Middlewares/ST/STM32_WPAN/interface/patterns/ble_thread/tl/shci_tl.c ****   shci_register_io_bus (&shciContext.io);
  71:Middlewares/ST/STM32_WPAN/interface/patterns/ble_thread/tl/shci_tl.c **** 
  72:Middlewares/ST/STM32_WPAN/interface/patterns/ble_thread/tl/shci_tl.c ****   TlInit((TL_CmdPacket_t *)(((SHCI_TL_HciInitConf_t *)pConf)->p_cmdbuffer));
  73:Middlewares/ST/STM32_WPAN/interface/patterns/ble_thread/tl/shci_tl.c **** 
  74:Middlewares/ST/STM32_WPAN/interface/patterns/ble_thread/tl/shci_tl.c ****   return;
  75:Middlewares/ST/STM32_WPAN/interface/patterns/ble_thread/tl/shci_tl.c **** }
  76:Middlewares/ST/STM32_WPAN/interface/patterns/ble_thread/tl/shci_tl.c **** 
  77:Middlewares/ST/STM32_WPAN/interface/patterns/ble_thread/tl/shci_tl.c **** void shci_user_evt_proc(void)
  78:Middlewares/ST/STM32_WPAN/interface/patterns/ble_thread/tl/shci_tl.c **** {
  79:Middlewares/ST/STM32_WPAN/interface/patterns/ble_thread/tl/shci_tl.c ****   TL_EvtPacket_t *phcievtbuffer;
  80:Middlewares/ST/STM32_WPAN/interface/patterns/ble_thread/tl/shci_tl.c ****   tSHCI_UserEvtRxParam UserEvtRxParam;
  81:Middlewares/ST/STM32_WPAN/interface/patterns/ble_thread/tl/shci_tl.c **** 
  82:Middlewares/ST/STM32_WPAN/interface/patterns/ble_thread/tl/shci_tl.c ****   /**
  83:Middlewares/ST/STM32_WPAN/interface/patterns/ble_thread/tl/shci_tl.c ****    * Up to release version v1.2.0, a while loop was implemented to read out events from the queue a
  84:Middlewares/ST/STM32_WPAN/interface/patterns/ble_thread/tl/shci_tl.c ****    * it is not empty. However, in a bare metal implementation, this leads to calling in a "blocking
  85:Middlewares/ST/STM32_WPAN/interface/patterns/ble_thread/tl/shci_tl.c ****    * shci_user_evt_proc() as long as events are received without giving the opportunity to run othe
  86:Middlewares/ST/STM32_WPAN/interface/patterns/ble_thread/tl/shci_tl.c ****    * in the background.
  87:Middlewares/ST/STM32_WPAN/interface/patterns/ble_thread/tl/shci_tl.c ****    * From now, the events are reported one by one. When it is checked there is still an event pendi
ARM GAS  C:\Users\Nathan\AppData\Local\Temp\cc0Ufhqz.s 			page 3


  88:Middlewares/ST/STM32_WPAN/interface/patterns/ble_thread/tl/shci_tl.c ****    * a request to the user is made to call again shci_user_evt_proc().
  89:Middlewares/ST/STM32_WPAN/interface/patterns/ble_thread/tl/shci_tl.c ****    * This gives the opportunity to the application to run other background tasks between each event
  90:Middlewares/ST/STM32_WPAN/interface/patterns/ble_thread/tl/shci_tl.c ****    */
  91:Middlewares/ST/STM32_WPAN/interface/patterns/ble_thread/tl/shci_tl.c **** 
  92:Middlewares/ST/STM32_WPAN/interface/patterns/ble_thread/tl/shci_tl.c ****   /**
  93:Middlewares/ST/STM32_WPAN/interface/patterns/ble_thread/tl/shci_tl.c ****    * It is more secure to use LST_remove_head()/LST_insert_head() compare to LST_get_next_node()/LS
  94:Middlewares/ST/STM32_WPAN/interface/patterns/ble_thread/tl/shci_tl.c ****    * in case the user overwrite the header where the next/prev pointers are located
  95:Middlewares/ST/STM32_WPAN/interface/patterns/ble_thread/tl/shci_tl.c ****    */
  96:Middlewares/ST/STM32_WPAN/interface/patterns/ble_thread/tl/shci_tl.c ****   if((LST_is_empty(&SHciAsynchEventQueue) == FALSE) && (SHCI_TL_UserEventFlow != SHCI_TL_UserEventF
  97:Middlewares/ST/STM32_WPAN/interface/patterns/ble_thread/tl/shci_tl.c ****   {
  98:Middlewares/ST/STM32_WPAN/interface/patterns/ble_thread/tl/shci_tl.c ****     LST_remove_head ( &SHciAsynchEventQueue, (tListNode **)&phcievtbuffer );
  99:Middlewares/ST/STM32_WPAN/interface/patterns/ble_thread/tl/shci_tl.c **** 
 100:Middlewares/ST/STM32_WPAN/interface/patterns/ble_thread/tl/shci_tl.c ****     if (shciContext.UserEvtRx != NULL)
 101:Middlewares/ST/STM32_WPAN/interface/patterns/ble_thread/tl/shci_tl.c ****     {
 102:Middlewares/ST/STM32_WPAN/interface/patterns/ble_thread/tl/shci_tl.c ****       UserEvtRxParam.pckt = phcievtbuffer;
 103:Middlewares/ST/STM32_WPAN/interface/patterns/ble_thread/tl/shci_tl.c ****       UserEvtRxParam.status = SHCI_TL_UserEventFlow_Enable;
 104:Middlewares/ST/STM32_WPAN/interface/patterns/ble_thread/tl/shci_tl.c ****       shciContext.UserEvtRx((void *)&UserEvtRxParam);
 105:Middlewares/ST/STM32_WPAN/interface/patterns/ble_thread/tl/shci_tl.c ****       SHCI_TL_UserEventFlow = UserEvtRxParam.status;
 106:Middlewares/ST/STM32_WPAN/interface/patterns/ble_thread/tl/shci_tl.c ****     }
 107:Middlewares/ST/STM32_WPAN/interface/patterns/ble_thread/tl/shci_tl.c ****     else
 108:Middlewares/ST/STM32_WPAN/interface/patterns/ble_thread/tl/shci_tl.c ****     {
 109:Middlewares/ST/STM32_WPAN/interface/patterns/ble_thread/tl/shci_tl.c ****       SHCI_TL_UserEventFlow = SHCI_TL_UserEventFlow_Enable;
 110:Middlewares/ST/STM32_WPAN/interface/patterns/ble_thread/tl/shci_tl.c ****     }
 111:Middlewares/ST/STM32_WPAN/interface/patterns/ble_thread/tl/shci_tl.c **** 
 112:Middlewares/ST/STM32_WPAN/interface/patterns/ble_thread/tl/shci_tl.c ****     if(SHCI_TL_UserEventFlow != SHCI_TL_UserEventFlow_Disable)
 113:Middlewares/ST/STM32_WPAN/interface/patterns/ble_thread/tl/shci_tl.c ****     {
 114:Middlewares/ST/STM32_WPAN/interface/patterns/ble_thread/tl/shci_tl.c ****       TL_MM_EvtDone( phcievtbuffer );
 115:Middlewares/ST/STM32_WPAN/interface/patterns/ble_thread/tl/shci_tl.c ****     }
 116:Middlewares/ST/STM32_WPAN/interface/patterns/ble_thread/tl/shci_tl.c ****     else
 117:Middlewares/ST/STM32_WPAN/interface/patterns/ble_thread/tl/shci_tl.c ****     {
 118:Middlewares/ST/STM32_WPAN/interface/patterns/ble_thread/tl/shci_tl.c ****       /**
 119:Middlewares/ST/STM32_WPAN/interface/patterns/ble_thread/tl/shci_tl.c ****        * put back the event in the queue
 120:Middlewares/ST/STM32_WPAN/interface/patterns/ble_thread/tl/shci_tl.c ****        */
 121:Middlewares/ST/STM32_WPAN/interface/patterns/ble_thread/tl/shci_tl.c ****       LST_insert_head ( &SHciAsynchEventQueue, (tListNode *)phcievtbuffer );
 122:Middlewares/ST/STM32_WPAN/interface/patterns/ble_thread/tl/shci_tl.c ****     }
 123:Middlewares/ST/STM32_WPAN/interface/patterns/ble_thread/tl/shci_tl.c ****   }
 124:Middlewares/ST/STM32_WPAN/interface/patterns/ble_thread/tl/shci_tl.c **** 
 125:Middlewares/ST/STM32_WPAN/interface/patterns/ble_thread/tl/shci_tl.c ****   if((LST_is_empty(&SHciAsynchEventQueue) == FALSE) && (SHCI_TL_UserEventFlow != SHCI_TL_UserEventF
 126:Middlewares/ST/STM32_WPAN/interface/patterns/ble_thread/tl/shci_tl.c ****   {
 127:Middlewares/ST/STM32_WPAN/interface/patterns/ble_thread/tl/shci_tl.c ****     shci_notify_asynch_evt((void*) &SHciAsynchEventQueue);
 128:Middlewares/ST/STM32_WPAN/interface/patterns/ble_thread/tl/shci_tl.c ****   }
 129:Middlewares/ST/STM32_WPAN/interface/patterns/ble_thread/tl/shci_tl.c **** 
 130:Middlewares/ST/STM32_WPAN/interface/patterns/ble_thread/tl/shci_tl.c **** 
 131:Middlewares/ST/STM32_WPAN/interface/patterns/ble_thread/tl/shci_tl.c ****   return;
 132:Middlewares/ST/STM32_WPAN/interface/patterns/ble_thread/tl/shci_tl.c **** }
 133:Middlewares/ST/STM32_WPAN/interface/patterns/ble_thread/tl/shci_tl.c **** 
 134:Middlewares/ST/STM32_WPAN/interface/patterns/ble_thread/tl/shci_tl.c **** void shci_resume_flow( void )
 135:Middlewares/ST/STM32_WPAN/interface/patterns/ble_thread/tl/shci_tl.c **** {
 136:Middlewares/ST/STM32_WPAN/interface/patterns/ble_thread/tl/shci_tl.c ****   SHCI_TL_UserEventFlow = SHCI_TL_UserEventFlow_Enable;
 137:Middlewares/ST/STM32_WPAN/interface/patterns/ble_thread/tl/shci_tl.c **** 
 138:Middlewares/ST/STM32_WPAN/interface/patterns/ble_thread/tl/shci_tl.c ****   /**
 139:Middlewares/ST/STM32_WPAN/interface/patterns/ble_thread/tl/shci_tl.c ****    * It is better to go through the background process as it is not sure from which context this AP
 140:Middlewares/ST/STM32_WPAN/interface/patterns/ble_thread/tl/shci_tl.c ****    * be called
 141:Middlewares/ST/STM32_WPAN/interface/patterns/ble_thread/tl/shci_tl.c ****    */
 142:Middlewares/ST/STM32_WPAN/interface/patterns/ble_thread/tl/shci_tl.c ****   shci_notify_asynch_evt((void*) &SHciAsynchEventQueue);
 143:Middlewares/ST/STM32_WPAN/interface/patterns/ble_thread/tl/shci_tl.c **** 
 144:Middlewares/ST/STM32_WPAN/interface/patterns/ble_thread/tl/shci_tl.c ****   return;
ARM GAS  C:\Users\Nathan\AppData\Local\Temp\cc0Ufhqz.s 			page 4


 145:Middlewares/ST/STM32_WPAN/interface/patterns/ble_thread/tl/shci_tl.c **** }
 146:Middlewares/ST/STM32_WPAN/interface/patterns/ble_thread/tl/shci_tl.c **** 
 147:Middlewares/ST/STM32_WPAN/interface/patterns/ble_thread/tl/shci_tl.c **** void shci_send( uint16_t cmd_code, uint8_t len_cmd_payload, uint8_t * p_cmd_payload, TL_EvtPacket_t
 148:Middlewares/ST/STM32_WPAN/interface/patterns/ble_thread/tl/shci_tl.c **** {
 149:Middlewares/ST/STM32_WPAN/interface/patterns/ble_thread/tl/shci_tl.c ****   Cmd_SetStatus(SHCI_TL_CmdBusy);
 150:Middlewares/ST/STM32_WPAN/interface/patterns/ble_thread/tl/shci_tl.c **** 
 151:Middlewares/ST/STM32_WPAN/interface/patterns/ble_thread/tl/shci_tl.c ****   pCmdBuffer->cmdserial.cmd.cmdcode = cmd_code;
 152:Middlewares/ST/STM32_WPAN/interface/patterns/ble_thread/tl/shci_tl.c ****   pCmdBuffer->cmdserial.cmd.plen = len_cmd_payload;
 153:Middlewares/ST/STM32_WPAN/interface/patterns/ble_thread/tl/shci_tl.c **** 
 154:Middlewares/ST/STM32_WPAN/interface/patterns/ble_thread/tl/shci_tl.c ****   memcpy(pCmdBuffer->cmdserial.cmd.payload, p_cmd_payload, len_cmd_payload );
 155:Middlewares/ST/STM32_WPAN/interface/patterns/ble_thread/tl/shci_tl.c ****   CmdRspStatusFlag = SHCI_TL_CMD_RESP_WAIT;
 156:Middlewares/ST/STM32_WPAN/interface/patterns/ble_thread/tl/shci_tl.c ****   shciContext.io.Send(0,0);
 157:Middlewares/ST/STM32_WPAN/interface/patterns/ble_thread/tl/shci_tl.c **** 
 158:Middlewares/ST/STM32_WPAN/interface/patterns/ble_thread/tl/shci_tl.c ****   shci_cmd_resp_wait(SHCI_TL_DEFAULT_TIMEOUT);
 159:Middlewares/ST/STM32_WPAN/interface/patterns/ble_thread/tl/shci_tl.c **** 
 160:Middlewares/ST/STM32_WPAN/interface/patterns/ble_thread/tl/shci_tl.c ****   /**
 161:Middlewares/ST/STM32_WPAN/interface/patterns/ble_thread/tl/shci_tl.c ****    * The command complete of a system command does not have the header
 162:Middlewares/ST/STM32_WPAN/interface/patterns/ble_thread/tl/shci_tl.c ****    * It starts immediately with the evtserial field
 163:Middlewares/ST/STM32_WPAN/interface/patterns/ble_thread/tl/shci_tl.c ****    */
 164:Middlewares/ST/STM32_WPAN/interface/patterns/ble_thread/tl/shci_tl.c ****   memcpy( &(p_rsp->evtserial), pCmdBuffer, ((TL_EvtSerial_t*)pCmdBuffer)->evt.plen + TL_EVT_HDR_SIZ
 165:Middlewares/ST/STM32_WPAN/interface/patterns/ble_thread/tl/shci_tl.c **** 
 166:Middlewares/ST/STM32_WPAN/interface/patterns/ble_thread/tl/shci_tl.c ****   Cmd_SetStatus(SHCI_TL_CmdAvailable);
 167:Middlewares/ST/STM32_WPAN/interface/patterns/ble_thread/tl/shci_tl.c **** 
 168:Middlewares/ST/STM32_WPAN/interface/patterns/ble_thread/tl/shci_tl.c ****   return;
 169:Middlewares/ST/STM32_WPAN/interface/patterns/ble_thread/tl/shci_tl.c **** }
 170:Middlewares/ST/STM32_WPAN/interface/patterns/ble_thread/tl/shci_tl.c **** 
 171:Middlewares/ST/STM32_WPAN/interface/patterns/ble_thread/tl/shci_tl.c **** /* Private functions ---------------------------------------------------------*/
 172:Middlewares/ST/STM32_WPAN/interface/patterns/ble_thread/tl/shci_tl.c **** static void TlInit( TL_CmdPacket_t * p_cmdbuffer )
 173:Middlewares/ST/STM32_WPAN/interface/patterns/ble_thread/tl/shci_tl.c **** {
 174:Middlewares/ST/STM32_WPAN/interface/patterns/ble_thread/tl/shci_tl.c ****   TL_SYS_InitConf_t Conf;
 175:Middlewares/ST/STM32_WPAN/interface/patterns/ble_thread/tl/shci_tl.c **** 
 176:Middlewares/ST/STM32_WPAN/interface/patterns/ble_thread/tl/shci_tl.c ****   pCmdBuffer = p_cmdbuffer;
 177:Middlewares/ST/STM32_WPAN/interface/patterns/ble_thread/tl/shci_tl.c **** 
 178:Middlewares/ST/STM32_WPAN/interface/patterns/ble_thread/tl/shci_tl.c ****   LST_init_head (&SHciAsynchEventQueue);
 179:Middlewares/ST/STM32_WPAN/interface/patterns/ble_thread/tl/shci_tl.c **** 
 180:Middlewares/ST/STM32_WPAN/interface/patterns/ble_thread/tl/shci_tl.c ****   Cmd_SetStatus(SHCI_TL_CmdAvailable);
 181:Middlewares/ST/STM32_WPAN/interface/patterns/ble_thread/tl/shci_tl.c **** 
 182:Middlewares/ST/STM32_WPAN/interface/patterns/ble_thread/tl/shci_tl.c ****   SHCI_TL_UserEventFlow = SHCI_TL_UserEventFlow_Enable;
 183:Middlewares/ST/STM32_WPAN/interface/patterns/ble_thread/tl/shci_tl.c **** 
 184:Middlewares/ST/STM32_WPAN/interface/patterns/ble_thread/tl/shci_tl.c ****   /* Initialize low level driver */
 185:Middlewares/ST/STM32_WPAN/interface/patterns/ble_thread/tl/shci_tl.c ****   if (shciContext.io.Init)
 186:Middlewares/ST/STM32_WPAN/interface/patterns/ble_thread/tl/shci_tl.c ****   {
 187:Middlewares/ST/STM32_WPAN/interface/patterns/ble_thread/tl/shci_tl.c **** 
 188:Middlewares/ST/STM32_WPAN/interface/patterns/ble_thread/tl/shci_tl.c ****     Conf.p_cmdbuffer = (uint8_t *)p_cmdbuffer;
 189:Middlewares/ST/STM32_WPAN/interface/patterns/ble_thread/tl/shci_tl.c ****     Conf.IoBusCallBackCmdEvt = TlCmdEvtReceived;
 190:Middlewares/ST/STM32_WPAN/interface/patterns/ble_thread/tl/shci_tl.c ****     Conf.IoBusCallBackUserEvt = TlUserEvtReceived;
 191:Middlewares/ST/STM32_WPAN/interface/patterns/ble_thread/tl/shci_tl.c ****     shciContext.io.Init(&Conf);
 192:Middlewares/ST/STM32_WPAN/interface/patterns/ble_thread/tl/shci_tl.c ****   }
 193:Middlewares/ST/STM32_WPAN/interface/patterns/ble_thread/tl/shci_tl.c **** 
 194:Middlewares/ST/STM32_WPAN/interface/patterns/ble_thread/tl/shci_tl.c ****   return;
 195:Middlewares/ST/STM32_WPAN/interface/patterns/ble_thread/tl/shci_tl.c **** }
 196:Middlewares/ST/STM32_WPAN/interface/patterns/ble_thread/tl/shci_tl.c **** 
 197:Middlewares/ST/STM32_WPAN/interface/patterns/ble_thread/tl/shci_tl.c **** static void Cmd_SetStatus(SHCI_TL_CmdStatus_t shcicmdstatus)
 198:Middlewares/ST/STM32_WPAN/interface/patterns/ble_thread/tl/shci_tl.c **** {
  29              		.loc 1 198 1 view -0
  30              		.cfi_startproc
  31              		@ args = 0, pretend = 0, frame = 0
ARM GAS  C:\Users\Nathan\AppData\Local\Temp\cc0Ufhqz.s 			page 5


  32              		@ frame_needed = 0, uses_anonymous_args = 0
  33              		.loc 1 198 1 is_stmt 0 view .LVU1
  34 0000 08B5     		push	{r3, lr}
  35              		.cfi_def_cfa_offset 8
  36              		.cfi_offset 3, -8
  37              		.cfi_offset 14, -4
 199:Middlewares/ST/STM32_WPAN/interface/patterns/ble_thread/tl/shci_tl.c ****   if(shcicmdstatus == SHCI_TL_CmdBusy)
  38              		.loc 1 199 3 is_stmt 1 view .LVU2
  39              		.loc 1 199 5 is_stmt 0 view .LVU3
  40 0002 38B9     		cbnz	r0, .L2
 200:Middlewares/ST/STM32_WPAN/interface/patterns/ble_thread/tl/shci_tl.c ****   {
 201:Middlewares/ST/STM32_WPAN/interface/patterns/ble_thread/tl/shci_tl.c ****     if(StatusNotCallBackFunction != 0)
  41              		.loc 1 201 5 is_stmt 1 view .LVU4
  42              		.loc 1 201 34 is_stmt 0 view .LVU5
  43 0004 084B     		ldr	r3, .L6
  44 0006 1B68     		ldr	r3, [r3]
  45              		.loc 1 201 7 view .LVU6
  46 0008 03B1     		cbz	r3, .L3
 202:Middlewares/ST/STM32_WPAN/interface/patterns/ble_thread/tl/shci_tl.c ****     {
 203:Middlewares/ST/STM32_WPAN/interface/patterns/ble_thread/tl/shci_tl.c ****       StatusNotCallBackFunction( SHCI_TL_CmdBusy );
  47              		.loc 1 203 7 is_stmt 1 view .LVU7
  48 000a 9847     		blx	r3
  49              	.LVL1:
  50              	.L3:
 204:Middlewares/ST/STM32_WPAN/interface/patterns/ble_thread/tl/shci_tl.c ****     }
 205:Middlewares/ST/STM32_WPAN/interface/patterns/ble_thread/tl/shci_tl.c ****     SHCICmdStatus = SHCI_TL_CmdBusy;
  51              		.loc 1 205 5 view .LVU8
  52              		.loc 1 205 19 is_stmt 0 view .LVU9
  53 000c 074B     		ldr	r3, .L6+4
  54 000e 0022     		movs	r2, #0
  55 0010 1A70     		strb	r2, [r3]
  56              	.L1:
 206:Middlewares/ST/STM32_WPAN/interface/patterns/ble_thread/tl/shci_tl.c ****   }
 207:Middlewares/ST/STM32_WPAN/interface/patterns/ble_thread/tl/shci_tl.c ****   else
 208:Middlewares/ST/STM32_WPAN/interface/patterns/ble_thread/tl/shci_tl.c ****   {
 209:Middlewares/ST/STM32_WPAN/interface/patterns/ble_thread/tl/shci_tl.c ****     SHCICmdStatus = SHCI_TL_CmdAvailable;
 210:Middlewares/ST/STM32_WPAN/interface/patterns/ble_thread/tl/shci_tl.c ****     if(StatusNotCallBackFunction != 0)
 211:Middlewares/ST/STM32_WPAN/interface/patterns/ble_thread/tl/shci_tl.c ****     {
 212:Middlewares/ST/STM32_WPAN/interface/patterns/ble_thread/tl/shci_tl.c ****       StatusNotCallBackFunction( SHCI_TL_CmdAvailable );
 213:Middlewares/ST/STM32_WPAN/interface/patterns/ble_thread/tl/shci_tl.c ****     }
 214:Middlewares/ST/STM32_WPAN/interface/patterns/ble_thread/tl/shci_tl.c ****   }
 215:Middlewares/ST/STM32_WPAN/interface/patterns/ble_thread/tl/shci_tl.c **** 
 216:Middlewares/ST/STM32_WPAN/interface/patterns/ble_thread/tl/shci_tl.c ****   return;
 217:Middlewares/ST/STM32_WPAN/interface/patterns/ble_thread/tl/shci_tl.c **** }
  57              		.loc 1 217 1 view .LVU10
  58 0012 08BD     		pop	{r3, pc}
  59              	.LVL2:
  60              	.L2:
 209:Middlewares/ST/STM32_WPAN/interface/patterns/ble_thread/tl/shci_tl.c ****     if(StatusNotCallBackFunction != 0)
  61              		.loc 1 209 5 is_stmt 1 view .LVU11
 209:Middlewares/ST/STM32_WPAN/interface/patterns/ble_thread/tl/shci_tl.c ****     if(StatusNotCallBackFunction != 0)
  62              		.loc 1 209 19 is_stmt 0 view .LVU12
  63 0014 054B     		ldr	r3, .L6+4
  64 0016 0122     		movs	r2, #1
  65 0018 1A70     		strb	r2, [r3]
 210:Middlewares/ST/STM32_WPAN/interface/patterns/ble_thread/tl/shci_tl.c ****     {
  66              		.loc 1 210 5 is_stmt 1 view .LVU13
ARM GAS  C:\Users\Nathan\AppData\Local\Temp\cc0Ufhqz.s 			page 6


 210:Middlewares/ST/STM32_WPAN/interface/patterns/ble_thread/tl/shci_tl.c ****     {
  67              		.loc 1 210 34 is_stmt 0 view .LVU14
  68 001a 034B     		ldr	r3, .L6
  69 001c 1B68     		ldr	r3, [r3]
 210:Middlewares/ST/STM32_WPAN/interface/patterns/ble_thread/tl/shci_tl.c ****     {
  70              		.loc 1 210 7 view .LVU15
  71 001e 002B     		cmp	r3, #0
  72 0020 F7D0     		beq	.L1
 212:Middlewares/ST/STM32_WPAN/interface/patterns/ble_thread/tl/shci_tl.c ****     }
  73              		.loc 1 212 7 is_stmt 1 view .LVU16
  74 0022 1046     		mov	r0, r2
  75              	.LVL3:
 212:Middlewares/ST/STM32_WPAN/interface/patterns/ble_thread/tl/shci_tl.c ****     }
  76              		.loc 1 212 7 is_stmt 0 view .LVU17
  77 0024 9847     		blx	r3
  78              	.LVL4:
 216:Middlewares/ST/STM32_WPAN/interface/patterns/ble_thread/tl/shci_tl.c **** }
  79              		.loc 1 216 3 is_stmt 1 view .LVU18
  80 0026 F4E7     		b	.L1
  81              	.L7:
  82              		.align	2
  83              	.L6:
  84 0028 00000000 		.word	StatusNotCallBackFunction
  85 002c 08000000 		.word	SHCICmdStatus
  86              		.cfi_endproc
  87              	.LFE112:
  89              		.section	.text.TlInit,"ax",%progbits
  90              		.align	1
  91              		.syntax unified
  92              		.thumb
  93              		.thumb_func
  95              	TlInit:
  96              	.LVL5:
  97              	.LFB111:
 173:Middlewares/ST/STM32_WPAN/interface/patterns/ble_thread/tl/shci_tl.c ****   TL_SYS_InitConf_t Conf;
  98              		.loc 1 173 1 view -0
  99              		.cfi_startproc
 100              		@ args = 0, pretend = 0, frame = 16
 101              		@ frame_needed = 0, uses_anonymous_args = 0
 173:Middlewares/ST/STM32_WPAN/interface/patterns/ble_thread/tl/shci_tl.c ****   TL_SYS_InitConf_t Conf;
 102              		.loc 1 173 1 is_stmt 0 view .LVU20
 103 0000 10B5     		push	{r4, lr}
 104              		.cfi_def_cfa_offset 8
 105              		.cfi_offset 4, -8
 106              		.cfi_offset 14, -4
 107 0002 84B0     		sub	sp, sp, #16
 108              		.cfi_def_cfa_offset 24
 109 0004 0446     		mov	r4, r0
 174:Middlewares/ST/STM32_WPAN/interface/patterns/ble_thread/tl/shci_tl.c **** 
 110              		.loc 1 174 3 is_stmt 1 view .LVU21
 176:Middlewares/ST/STM32_WPAN/interface/patterns/ble_thread/tl/shci_tl.c **** 
 111              		.loc 1 176 3 view .LVU22
 176:Middlewares/ST/STM32_WPAN/interface/patterns/ble_thread/tl/shci_tl.c **** 
 112              		.loc 1 176 14 is_stmt 0 view .LVU23
 113 0006 0B4B     		ldr	r3, .L11
 114 0008 1860     		str	r0, [r3]
 178:Middlewares/ST/STM32_WPAN/interface/patterns/ble_thread/tl/shci_tl.c **** 
ARM GAS  C:\Users\Nathan\AppData\Local\Temp\cc0Ufhqz.s 			page 7


 115              		.loc 1 178 3 is_stmt 1 view .LVU24
 116 000a 0B48     		ldr	r0, .L11+4
 117              	.LVL6:
 178:Middlewares/ST/STM32_WPAN/interface/patterns/ble_thread/tl/shci_tl.c **** 
 118              		.loc 1 178 3 is_stmt 0 view .LVU25
 119 000c FFF7FEFF 		bl	LST_init_head
 120              	.LVL7:
 180:Middlewares/ST/STM32_WPAN/interface/patterns/ble_thread/tl/shci_tl.c **** 
 121              		.loc 1 180 3 is_stmt 1 view .LVU26
 122 0010 0120     		movs	r0, #1
 123 0012 FFF7FEFF 		bl	Cmd_SetStatus
 124              	.LVL8:
 182:Middlewares/ST/STM32_WPAN/interface/patterns/ble_thread/tl/shci_tl.c **** 
 125              		.loc 1 182 3 view .LVU27
 182:Middlewares/ST/STM32_WPAN/interface/patterns/ble_thread/tl/shci_tl.c **** 
 126              		.loc 1 182 25 is_stmt 0 view .LVU28
 127 0016 094B     		ldr	r3, .L11+8
 128 0018 0122     		movs	r2, #1
 129 001a 1A70     		strb	r2, [r3]
 185:Middlewares/ST/STM32_WPAN/interface/patterns/ble_thread/tl/shci_tl.c ****   {
 130              		.loc 1 185 3 is_stmt 1 view .LVU29
 185:Middlewares/ST/STM32_WPAN/interface/patterns/ble_thread/tl/shci_tl.c ****   {
 131              		.loc 1 185 21 is_stmt 0 view .LVU30
 132 001c 084B     		ldr	r3, .L11+12
 133 001e 1B68     		ldr	r3, [r3]
 185:Middlewares/ST/STM32_WPAN/interface/patterns/ble_thread/tl/shci_tl.c ****   {
 134              		.loc 1 185 6 view .LVU31
 135 0020 33B1     		cbz	r3, .L8
 188:Middlewares/ST/STM32_WPAN/interface/patterns/ble_thread/tl/shci_tl.c ****     Conf.IoBusCallBackCmdEvt = TlCmdEvtReceived;
 136              		.loc 1 188 5 is_stmt 1 view .LVU32
 188:Middlewares/ST/STM32_WPAN/interface/patterns/ble_thread/tl/shci_tl.c ****     Conf.IoBusCallBackCmdEvt = TlCmdEvtReceived;
 137              		.loc 1 188 22 is_stmt 0 view .LVU33
 138 0022 0394     		str	r4, [sp, #12]
 189:Middlewares/ST/STM32_WPAN/interface/patterns/ble_thread/tl/shci_tl.c ****     Conf.IoBusCallBackUserEvt = TlUserEvtReceived;
 139              		.loc 1 189 5 is_stmt 1 view .LVU34
 189:Middlewares/ST/STM32_WPAN/interface/patterns/ble_thread/tl/shci_tl.c ****     Conf.IoBusCallBackUserEvt = TlUserEvtReceived;
 140              		.loc 1 189 30 is_stmt 0 view .LVU35
 141 0024 074A     		ldr	r2, .L11+16
 142 0026 0192     		str	r2, [sp, #4]
 190:Middlewares/ST/STM32_WPAN/interface/patterns/ble_thread/tl/shci_tl.c ****     shciContext.io.Init(&Conf);
 143              		.loc 1 190 5 is_stmt 1 view .LVU36
 190:Middlewares/ST/STM32_WPAN/interface/patterns/ble_thread/tl/shci_tl.c ****     shciContext.io.Init(&Conf);
 144              		.loc 1 190 31 is_stmt 0 view .LVU37
 145 0028 074A     		ldr	r2, .L11+20
 146 002a 0292     		str	r2, [sp, #8]
 191:Middlewares/ST/STM32_WPAN/interface/patterns/ble_thread/tl/shci_tl.c ****   }
 147              		.loc 1 191 5 is_stmt 1 view .LVU38
 148 002c 01A8     		add	r0, sp, #4
 149 002e 9847     		blx	r3
 150              	.LVL9:
 194:Middlewares/ST/STM32_WPAN/interface/patterns/ble_thread/tl/shci_tl.c **** }
 151              		.loc 1 194 3 view .LVU39
 152              	.L8:
 195:Middlewares/ST/STM32_WPAN/interface/patterns/ble_thread/tl/shci_tl.c **** 
 153              		.loc 1 195 1 is_stmt 0 view .LVU40
 154 0030 04B0     		add	sp, sp, #16
 155              		.cfi_def_cfa_offset 8
ARM GAS  C:\Users\Nathan\AppData\Local\Temp\cc0Ufhqz.s 			page 8


 156              		@ sp needed
 157 0032 10BD     		pop	{r4, pc}
 158              	.LVL10:
 159              	.L12:
 195:Middlewares/ST/STM32_WPAN/interface/patterns/ble_thread/tl/shci_tl.c **** 
 160              		.loc 1 195 1 view .LVU41
 161              		.align	2
 162              	.L11:
 163 0034 04000000 		.word	pCmdBuffer
 164 0038 0C000000 		.word	SHciAsynchEventQueue
 165 003c 00000000 		.word	SHCI_TL_UserEventFlow
 166 0040 00000000 		.word	shciContext
 167 0044 00000000 		.word	TlCmdEvtReceived
 168 0048 00000000 		.word	TlUserEvtReceived
 169              		.cfi_endproc
 170              	.LFE111:
 172              		.section	.text.TlUserEvtReceived,"ax",%progbits
 173              		.align	1
 174              		.syntax unified
 175              		.thumb
 176              		.thumb_func
 178              	TlUserEvtReceived:
 179              	.LVL11:
 180              	.LFB114:
 218:Middlewares/ST/STM32_WPAN/interface/patterns/ble_thread/tl/shci_tl.c **** 
 219:Middlewares/ST/STM32_WPAN/interface/patterns/ble_thread/tl/shci_tl.c **** static void TlCmdEvtReceived(TL_EvtPacket_t *shcievt)
 220:Middlewares/ST/STM32_WPAN/interface/patterns/ble_thread/tl/shci_tl.c **** {
 221:Middlewares/ST/STM32_WPAN/interface/patterns/ble_thread/tl/shci_tl.c ****   (void)(shcievt);
 222:Middlewares/ST/STM32_WPAN/interface/patterns/ble_thread/tl/shci_tl.c ****   shci_cmd_resp_release(0); /**< Notify the application the Cmd response has been received */
 223:Middlewares/ST/STM32_WPAN/interface/patterns/ble_thread/tl/shci_tl.c **** 
 224:Middlewares/ST/STM32_WPAN/interface/patterns/ble_thread/tl/shci_tl.c ****   return;
 225:Middlewares/ST/STM32_WPAN/interface/patterns/ble_thread/tl/shci_tl.c **** }
 226:Middlewares/ST/STM32_WPAN/interface/patterns/ble_thread/tl/shci_tl.c **** 
 227:Middlewares/ST/STM32_WPAN/interface/patterns/ble_thread/tl/shci_tl.c **** static void TlUserEvtReceived(TL_EvtPacket_t *shcievt)
 228:Middlewares/ST/STM32_WPAN/interface/patterns/ble_thread/tl/shci_tl.c **** {
 181              		.loc 1 228 1 is_stmt 1 view -0
 182              		.cfi_startproc
 183              		@ args = 0, pretend = 0, frame = 0
 184              		@ frame_needed = 0, uses_anonymous_args = 0
 185              		.loc 1 228 1 is_stmt 0 view .LVU43
 186 0000 10B5     		push	{r4, lr}
 187              		.cfi_def_cfa_offset 8
 188              		.cfi_offset 4, -8
 189              		.cfi_offset 14, -4
 190 0002 0146     		mov	r1, r0
 229:Middlewares/ST/STM32_WPAN/interface/patterns/ble_thread/tl/shci_tl.c ****   LST_insert_tail(&SHciAsynchEventQueue, (tListNode *)shcievt);
 191              		.loc 1 229 3 is_stmt 1 view .LVU44
 192 0004 034C     		ldr	r4, .L15
 193 0006 2046     		mov	r0, r4
 194              	.LVL12:
 195              		.loc 1 229 3 is_stmt 0 view .LVU45
 196 0008 FFF7FEFF 		bl	LST_insert_tail
 197              	.LVL13:
 230:Middlewares/ST/STM32_WPAN/interface/patterns/ble_thread/tl/shci_tl.c ****   shci_notify_asynch_evt((void*) &SHciAsynchEventQueue); /**< Notify the application a full HCI eve
 198              		.loc 1 230 3 is_stmt 1 view .LVU46
 199 000c 2046     		mov	r0, r4
 200 000e FFF7FEFF 		bl	shci_notify_asynch_evt
ARM GAS  C:\Users\Nathan\AppData\Local\Temp\cc0Ufhqz.s 			page 9


 201              	.LVL14:
 231:Middlewares/ST/STM32_WPAN/interface/patterns/ble_thread/tl/shci_tl.c **** 
 232:Middlewares/ST/STM32_WPAN/interface/patterns/ble_thread/tl/shci_tl.c ****   return;
 202              		.loc 1 232 3 view .LVU47
 233:Middlewares/ST/STM32_WPAN/interface/patterns/ble_thread/tl/shci_tl.c **** }
 203              		.loc 1 233 1 is_stmt 0 view .LVU48
 204 0012 10BD     		pop	{r4, pc}
 205              	.L16:
 206              		.align	2
 207              	.L15:
 208 0014 0C000000 		.word	SHciAsynchEventQueue
 209              		.cfi_endproc
 210              	.LFE114:
 212              		.section	.text.shci_init,"ax",%progbits
 213              		.align	1
 214              		.global	shci_init
 215              		.syntax unified
 216              		.thumb
 217              		.thumb_func
 219              	shci_init:
 220              	.LVL15:
 221              	.LFB107:
  66:Middlewares/ST/STM32_WPAN/interface/patterns/ble_thread/tl/shci_tl.c ****   StatusNotCallBackFunction = ((SHCI_TL_HciInitConf_t *)pConf)->StatusNotCallBack;
 222              		.loc 1 66 1 is_stmt 1 view -0
 223              		.cfi_startproc
 224              		@ args = 0, pretend = 0, frame = 0
 225              		@ frame_needed = 0, uses_anonymous_args = 0
  66:Middlewares/ST/STM32_WPAN/interface/patterns/ble_thread/tl/shci_tl.c ****   StatusNotCallBackFunction = ((SHCI_TL_HciInitConf_t *)pConf)->StatusNotCallBack;
 226              		.loc 1 66 1 is_stmt 0 view .LVU50
 227 0000 10B5     		push	{r4, lr}
 228              		.cfi_def_cfa_offset 8
 229              		.cfi_offset 4, -8
 230              		.cfi_offset 14, -4
 231 0002 0C46     		mov	r4, r1
  67:Middlewares/ST/STM32_WPAN/interface/patterns/ble_thread/tl/shci_tl.c ****   shciContext.UserEvtRx = UserEvtRx;
 232              		.loc 1 67 3 is_stmt 1 view .LVU51
  67:Middlewares/ST/STM32_WPAN/interface/patterns/ble_thread/tl/shci_tl.c ****   shciContext.UserEvtRx = UserEvtRx;
 233              		.loc 1 67 63 is_stmt 0 view .LVU52
 234 0004 4A68     		ldr	r2, [r1, #4]
  67:Middlewares/ST/STM32_WPAN/interface/patterns/ble_thread/tl/shci_tl.c ****   shciContext.UserEvtRx = UserEvtRx;
 235              		.loc 1 67 29 view .LVU53
 236 0006 054B     		ldr	r3, .L19
 237 0008 1A60     		str	r2, [r3]
  68:Middlewares/ST/STM32_WPAN/interface/patterns/ble_thread/tl/shci_tl.c **** 
 238              		.loc 1 68 3 is_stmt 1 view .LVU54
  68:Middlewares/ST/STM32_WPAN/interface/patterns/ble_thread/tl/shci_tl.c **** 
 239              		.loc 1 68 25 is_stmt 0 view .LVU55
 240 000a 054B     		ldr	r3, .L19+4
 241 000c D861     		str	r0, [r3, #28]
  70:Middlewares/ST/STM32_WPAN/interface/patterns/ble_thread/tl/shci_tl.c **** 
 242              		.loc 1 70 3 is_stmt 1 view .LVU56
 243 000e 1846     		mov	r0, r3
 244              	.LVL16:
  70:Middlewares/ST/STM32_WPAN/interface/patterns/ble_thread/tl/shci_tl.c **** 
 245              		.loc 1 70 3 is_stmt 0 view .LVU57
 246 0010 FFF7FEFF 		bl	shci_register_io_bus
 247              	.LVL17:
ARM GAS  C:\Users\Nathan\AppData\Local\Temp\cc0Ufhqz.s 			page 10


  72:Middlewares/ST/STM32_WPAN/interface/patterns/ble_thread/tl/shci_tl.c **** 
 248              		.loc 1 72 3 is_stmt 1 view .LVU58
 249 0014 2068     		ldr	r0, [r4]
 250 0016 FFF7FEFF 		bl	TlInit
 251              	.LVL18:
  74:Middlewares/ST/STM32_WPAN/interface/patterns/ble_thread/tl/shci_tl.c **** }
 252              		.loc 1 74 3 view .LVU59
  75:Middlewares/ST/STM32_WPAN/interface/patterns/ble_thread/tl/shci_tl.c **** 
 253              		.loc 1 75 1 is_stmt 0 view .LVU60
 254 001a 10BD     		pop	{r4, pc}
 255              	.LVL19:
 256              	.L20:
  75:Middlewares/ST/STM32_WPAN/interface/patterns/ble_thread/tl/shci_tl.c **** 
 257              		.loc 1 75 1 view .LVU61
 258              		.align	2
 259              	.L19:
 260 001c 00000000 		.word	StatusNotCallBackFunction
 261 0020 00000000 		.word	shciContext
 262              		.cfi_endproc
 263              	.LFE107:
 265              		.section	.text.shci_user_evt_proc,"ax",%progbits
 266              		.align	1
 267              		.global	shci_user_evt_proc
 268              		.syntax unified
 269              		.thumb
 270              		.thumb_func
 272              	shci_user_evt_proc:
 273              	.LFB108:
  78:Middlewares/ST/STM32_WPAN/interface/patterns/ble_thread/tl/shci_tl.c ****   TL_EvtPacket_t *phcievtbuffer;
 274              		.loc 1 78 1 is_stmt 1 view -0
 275              		.cfi_startproc
 276              		@ args = 0, pretend = 0, frame = 16
 277              		@ frame_needed = 0, uses_anonymous_args = 0
 278 0000 00B5     		push	{lr}
 279              		.cfi_def_cfa_offset 4
 280              		.cfi_offset 14, -4
 281 0002 85B0     		sub	sp, sp, #20
 282              		.cfi_def_cfa_offset 24
  79:Middlewares/ST/STM32_WPAN/interface/patterns/ble_thread/tl/shci_tl.c ****   tSHCI_UserEvtRxParam UserEvtRxParam;
 283              		.loc 1 79 3 view .LVU63
  80:Middlewares/ST/STM32_WPAN/interface/patterns/ble_thread/tl/shci_tl.c **** 
 284              		.loc 1 80 3 view .LVU64
  96:Middlewares/ST/STM32_WPAN/interface/patterns/ble_thread/tl/shci_tl.c ****   {
 285              		.loc 1 96 3 view .LVU65
  96:Middlewares/ST/STM32_WPAN/interface/patterns/ble_thread/tl/shci_tl.c ****   {
 286              		.loc 1 96 7 is_stmt 0 view .LVU66
 287 0004 1B48     		ldr	r0, .L30
 288 0006 FFF7FEFF 		bl	LST_is_empty
 289              	.LVL20:
  96:Middlewares/ST/STM32_WPAN/interface/patterns/ble_thread/tl/shci_tl.c ****   {
 290              		.loc 1 96 5 discriminator 1 view .LVU67
 291 000a 10B9     		cbnz	r0, .L22
  96:Middlewares/ST/STM32_WPAN/interface/patterns/ble_thread/tl/shci_tl.c ****   {
 292              		.loc 1 96 79 discriminator 1 view .LVU68
 293 000c 1A4B     		ldr	r3, .L30+4
 294 000e 1B78     		ldrb	r3, [r3]	@ zero_extendqisi2
  96:Middlewares/ST/STM32_WPAN/interface/patterns/ble_thread/tl/shci_tl.c ****   {
ARM GAS  C:\Users\Nathan\AppData\Local\Temp\cc0Ufhqz.s 			page 11


 295              		.loc 1 96 53 discriminator 1 view .LVU69
 296 0010 4BB9     		cbnz	r3, .L28
 297              	.L22:
 125:Middlewares/ST/STM32_WPAN/interface/patterns/ble_thread/tl/shci_tl.c ****   {
 298              		.loc 1 125 3 is_stmt 1 view .LVU70
 125:Middlewares/ST/STM32_WPAN/interface/patterns/ble_thread/tl/shci_tl.c ****   {
 299              		.loc 1 125 7 is_stmt 0 view .LVU71
 300 0012 1848     		ldr	r0, .L30
 301 0014 FFF7FEFF 		bl	LST_is_empty
 302              	.LVL21:
 125:Middlewares/ST/STM32_WPAN/interface/patterns/ble_thread/tl/shci_tl.c ****   {
 303              		.loc 1 125 5 discriminator 1 view .LVU72
 304 0018 10B9     		cbnz	r0, .L21
 125:Middlewares/ST/STM32_WPAN/interface/patterns/ble_thread/tl/shci_tl.c ****   {
 305              		.loc 1 125 79 discriminator 1 view .LVU73
 306 001a 174B     		ldr	r3, .L30+4
 307 001c 1B78     		ldrb	r3, [r3]	@ zero_extendqisi2
 125:Middlewares/ST/STM32_WPAN/interface/patterns/ble_thread/tl/shci_tl.c ****   {
 308              		.loc 1 125 53 discriminator 1 view .LVU74
 309 001e 23BB     		cbnz	r3, .L29
 310              	.L21:
 132:Middlewares/ST/STM32_WPAN/interface/patterns/ble_thread/tl/shci_tl.c **** 
 311              		.loc 1 132 1 view .LVU75
 312 0020 05B0     		add	sp, sp, #20
 313              		.cfi_remember_state
 314              		.cfi_def_cfa_offset 4
 315              		@ sp needed
 316 0022 5DF804FB 		ldr	pc, [sp], #4
 317              	.L28:
 318              		.cfi_restore_state
  98:Middlewares/ST/STM32_WPAN/interface/patterns/ble_thread/tl/shci_tl.c **** 
 319              		.loc 1 98 5 is_stmt 1 view .LVU76
 320 0026 03A9     		add	r1, sp, #12
 321 0028 1248     		ldr	r0, .L30
 322 002a FFF7FEFF 		bl	LST_remove_head
 323              	.LVL22:
 100:Middlewares/ST/STM32_WPAN/interface/patterns/ble_thread/tl/shci_tl.c ****     {
 324              		.loc 1 100 5 view .LVU77
 100:Middlewares/ST/STM32_WPAN/interface/patterns/ble_thread/tl/shci_tl.c ****     {
 325              		.loc 1 100 20 is_stmt 0 view .LVU78
 326 002e 134B     		ldr	r3, .L30+8
 327 0030 DB69     		ldr	r3, [r3, #28]
 100:Middlewares/ST/STM32_WPAN/interface/patterns/ble_thread/tl/shci_tl.c ****     {
 328              		.loc 1 100 8 view .LVU79
 329 0032 8BB1     		cbz	r3, .L23
 102:Middlewares/ST/STM32_WPAN/interface/patterns/ble_thread/tl/shci_tl.c ****       UserEvtRxParam.status = SHCI_TL_UserEventFlow_Enable;
 330              		.loc 1 102 7 is_stmt 1 view .LVU80
 102:Middlewares/ST/STM32_WPAN/interface/patterns/ble_thread/tl/shci_tl.c ****       UserEvtRxParam.status = SHCI_TL_UserEventFlow_Enable;
 331              		.loc 1 102 27 is_stmt 0 view .LVU81
 332 0034 039A     		ldr	r2, [sp, #12]
 333 0036 0292     		str	r2, [sp, #8]
 103:Middlewares/ST/STM32_WPAN/interface/patterns/ble_thread/tl/shci_tl.c ****       shciContext.UserEvtRx((void *)&UserEvtRxParam);
 334              		.loc 1 103 7 is_stmt 1 view .LVU82
 103:Middlewares/ST/STM32_WPAN/interface/patterns/ble_thread/tl/shci_tl.c ****       shciContext.UserEvtRx((void *)&UserEvtRxParam);
 335              		.loc 1 103 29 is_stmt 0 view .LVU83
 336 0038 0122     		movs	r2, #1
 337 003a 8DF80420 		strb	r2, [sp, #4]
ARM GAS  C:\Users\Nathan\AppData\Local\Temp\cc0Ufhqz.s 			page 12


 104:Middlewares/ST/STM32_WPAN/interface/patterns/ble_thread/tl/shci_tl.c ****       SHCI_TL_UserEventFlow = UserEvtRxParam.status;
 338              		.loc 1 104 7 is_stmt 1 view .LVU84
 339 003e 01A8     		add	r0, sp, #4
 340 0040 9847     		blx	r3
 341              	.LVL23:
 105:Middlewares/ST/STM32_WPAN/interface/patterns/ble_thread/tl/shci_tl.c ****     }
 342              		.loc 1 105 7 view .LVU85
 105:Middlewares/ST/STM32_WPAN/interface/patterns/ble_thread/tl/shci_tl.c ****     }
 343              		.loc 1 105 45 is_stmt 0 view .LVU86
 344 0042 9DF80420 		ldrb	r2, [sp, #4]	@ zero_extendqisi2
 105:Middlewares/ST/STM32_WPAN/interface/patterns/ble_thread/tl/shci_tl.c ****     }
 345              		.loc 1 105 29 view .LVU87
 346 0046 0C4B     		ldr	r3, .L30+4
 347 0048 1A70     		strb	r2, [r3]
 348              	.L24:
 112:Middlewares/ST/STM32_WPAN/interface/patterns/ble_thread/tl/shci_tl.c ****     {
 349              		.loc 1 112 5 is_stmt 1 view .LVU88
 112:Middlewares/ST/STM32_WPAN/interface/patterns/ble_thread/tl/shci_tl.c ****     {
 350              		.loc 1 112 30 is_stmt 0 view .LVU89
 351 004a 0B4B     		ldr	r3, .L30+4
 352 004c 1B78     		ldrb	r3, [r3]	@ zero_extendqisi2
 112:Middlewares/ST/STM32_WPAN/interface/patterns/ble_thread/tl/shci_tl.c ****     {
 353              		.loc 1 112 7 view .LVU90
 354 004e 3BB1     		cbz	r3, .L25
 114:Middlewares/ST/STM32_WPAN/interface/patterns/ble_thread/tl/shci_tl.c ****     }
 355              		.loc 1 114 7 is_stmt 1 view .LVU91
 356 0050 0398     		ldr	r0, [sp, #12]
 357 0052 FFF7FEFF 		bl	TL_MM_EvtDone
 358              	.LVL24:
 359 0056 DCE7     		b	.L22
 360              	.L23:
 109:Middlewares/ST/STM32_WPAN/interface/patterns/ble_thread/tl/shci_tl.c ****     }
 361              		.loc 1 109 7 view .LVU92
 109:Middlewares/ST/STM32_WPAN/interface/patterns/ble_thread/tl/shci_tl.c ****     }
 362              		.loc 1 109 29 is_stmt 0 view .LVU93
 363 0058 074B     		ldr	r3, .L30+4
 364 005a 0122     		movs	r2, #1
 365 005c 1A70     		strb	r2, [r3]
 366 005e F4E7     		b	.L24
 367              	.L25:
 121:Middlewares/ST/STM32_WPAN/interface/patterns/ble_thread/tl/shci_tl.c ****     }
 368              		.loc 1 121 7 is_stmt 1 view .LVU94
 369 0060 0399     		ldr	r1, [sp, #12]
 370 0062 0448     		ldr	r0, .L30
 371 0064 FFF7FEFF 		bl	LST_insert_head
 372              	.LVL25:
 373 0068 D3E7     		b	.L22
 374              	.L29:
 127:Middlewares/ST/STM32_WPAN/interface/patterns/ble_thread/tl/shci_tl.c ****   }
 375              		.loc 1 127 5 view .LVU95
 376 006a 0248     		ldr	r0, .L30
 377 006c FFF7FEFF 		bl	shci_notify_asynch_evt
 378              	.LVL26:
 131:Middlewares/ST/STM32_WPAN/interface/patterns/ble_thread/tl/shci_tl.c **** }
 379              		.loc 1 131 3 view .LVU96
 380 0070 D6E7     		b	.L21
 381              	.L31:
ARM GAS  C:\Users\Nathan\AppData\Local\Temp\cc0Ufhqz.s 			page 13


 382 0072 00BF     		.align	2
 383              	.L30:
 384 0074 0C000000 		.word	SHciAsynchEventQueue
 385 0078 00000000 		.word	SHCI_TL_UserEventFlow
 386 007c 00000000 		.word	shciContext
 387              		.cfi_endproc
 388              	.LFE108:
 390              		.section	.text.shci_resume_flow,"ax",%progbits
 391              		.align	1
 392              		.global	shci_resume_flow
 393              		.syntax unified
 394              		.thumb
 395              		.thumb_func
 397              	shci_resume_flow:
 398              	.LFB109:
 135:Middlewares/ST/STM32_WPAN/interface/patterns/ble_thread/tl/shci_tl.c ****   SHCI_TL_UserEventFlow = SHCI_TL_UserEventFlow_Enable;
 399              		.loc 1 135 1 view -0
 400              		.cfi_startproc
 401              		@ args = 0, pretend = 0, frame = 0
 402              		@ frame_needed = 0, uses_anonymous_args = 0
 403 0000 08B5     		push	{r3, lr}
 404              		.cfi_def_cfa_offset 8
 405              		.cfi_offset 3, -8
 406              		.cfi_offset 14, -4
 136:Middlewares/ST/STM32_WPAN/interface/patterns/ble_thread/tl/shci_tl.c **** 
 407              		.loc 1 136 3 view .LVU98
 136:Middlewares/ST/STM32_WPAN/interface/patterns/ble_thread/tl/shci_tl.c **** 
 408              		.loc 1 136 25 is_stmt 0 view .LVU99
 409 0002 034B     		ldr	r3, .L34
 410 0004 0122     		movs	r2, #1
 411 0006 1A70     		strb	r2, [r3]
 142:Middlewares/ST/STM32_WPAN/interface/patterns/ble_thread/tl/shci_tl.c **** 
 412              		.loc 1 142 3 is_stmt 1 view .LVU100
 413 0008 0248     		ldr	r0, .L34+4
 414 000a FFF7FEFF 		bl	shci_notify_asynch_evt
 415              	.LVL27:
 144:Middlewares/ST/STM32_WPAN/interface/patterns/ble_thread/tl/shci_tl.c **** }
 416              		.loc 1 144 3 view .LVU101
 145:Middlewares/ST/STM32_WPAN/interface/patterns/ble_thread/tl/shci_tl.c **** 
 417              		.loc 1 145 1 is_stmt 0 view .LVU102
 418 000e 08BD     		pop	{r3, pc}
 419              	.L35:
 420              		.align	2
 421              	.L34:
 422 0010 00000000 		.word	SHCI_TL_UserEventFlow
 423 0014 0C000000 		.word	SHciAsynchEventQueue
 424              		.cfi_endproc
 425              	.LFE109:
 427              		.section	.text.shci_cmd_resp_wait,"ax",%progbits
 428              		.align	1
 429              		.weak	shci_cmd_resp_wait
 430              		.syntax unified
 431              		.thumb
 432              		.thumb_func
 434              	shci_cmd_resp_wait:
 435              	.LFB115:
 234:Middlewares/ST/STM32_WPAN/interface/patterns/ble_thread/tl/shci_tl.c **** 
ARM GAS  C:\Users\Nathan\AppData\Local\Temp\cc0Ufhqz.s 			page 14


 235:Middlewares/ST/STM32_WPAN/interface/patterns/ble_thread/tl/shci_tl.c **** /* Weak implementation ----------------------------------------------------------------*/
 236:Middlewares/ST/STM32_WPAN/interface/patterns/ble_thread/tl/shci_tl.c **** __WEAK void shci_cmd_resp_wait(uint32_t timeout)
 237:Middlewares/ST/STM32_WPAN/interface/patterns/ble_thread/tl/shci_tl.c **** {
 436              		.loc 1 237 1 is_stmt 1 view -0
 437              		.cfi_startproc
 438              		@ args = 0, pretend = 0, frame = 0
 439              		@ frame_needed = 0, uses_anonymous_args = 0
 440              		@ link register save eliminated.
 441              	.LVL28:
 442              	.L37:
 238:Middlewares/ST/STM32_WPAN/interface/patterns/ble_thread/tl/shci_tl.c ****   (void)timeout;
 239:Middlewares/ST/STM32_WPAN/interface/patterns/ble_thread/tl/shci_tl.c **** 
 240:Middlewares/ST/STM32_WPAN/interface/patterns/ble_thread/tl/shci_tl.c ****   while(CmdRspStatusFlag != SHCI_TL_CMD_RESP_RELEASE);
 443              		.loc 1 240 26 discriminator 1 view .LVU104
 444 0000 024B     		ldr	r3, .L38
 445 0002 1B78     		ldrb	r3, [r3]	@ zero_extendqisi2
 446 0004 002B     		cmp	r3, #0
 447 0006 FBD1     		bne	.L37
 241:Middlewares/ST/STM32_WPAN/interface/patterns/ble_thread/tl/shci_tl.c **** 
 242:Middlewares/ST/STM32_WPAN/interface/patterns/ble_thread/tl/shci_tl.c ****   return;
 243:Middlewares/ST/STM32_WPAN/interface/patterns/ble_thread/tl/shci_tl.c **** }
 448              		.loc 1 243 1 is_stmt 0 view .LVU105
 449 0008 7047     		bx	lr
 450              	.L39:
 451 000a 00BF     		.align	2
 452              	.L38:
 453 000c 00000000 		.word	CmdRspStatusFlag
 454              		.cfi_endproc
 455              	.LFE115:
 457              		.section	.text.shci_send,"ax",%progbits
 458              		.align	1
 459              		.global	shci_send
 460              		.syntax unified
 461              		.thumb
 462              		.thumb_func
 464              	shci_send:
 465              	.LVL29:
 466              	.LFB110:
 148:Middlewares/ST/STM32_WPAN/interface/patterns/ble_thread/tl/shci_tl.c ****   Cmd_SetStatus(SHCI_TL_CmdBusy);
 467              		.loc 1 148 1 is_stmt 1 view -0
 468              		.cfi_startproc
 469              		@ args = 0, pretend = 0, frame = 0
 470              		@ frame_needed = 0, uses_anonymous_args = 0
 148:Middlewares/ST/STM32_WPAN/interface/patterns/ble_thread/tl/shci_tl.c ****   Cmd_SetStatus(SHCI_TL_CmdBusy);
 471              		.loc 1 148 1 is_stmt 0 view .LVU107
 472 0000 2DE9F041 		push	{r4, r5, r6, r7, r8, lr}
 473              		.cfi_def_cfa_offset 24
 474              		.cfi_offset 4, -24
 475              		.cfi_offset 5, -20
 476              		.cfi_offset 6, -16
 477              		.cfi_offset 7, -12
 478              		.cfi_offset 8, -8
 479              		.cfi_offset 14, -4
 480 0004 0746     		mov	r7, r0
 481 0006 0C46     		mov	r4, r1
 482 0008 1646     		mov	r6, r2
 483 000a 1D46     		mov	r5, r3
ARM GAS  C:\Users\Nathan\AppData\Local\Temp\cc0Ufhqz.s 			page 15


 149:Middlewares/ST/STM32_WPAN/interface/patterns/ble_thread/tl/shci_tl.c **** 
 484              		.loc 1 149 3 is_stmt 1 view .LVU108
 485 000c 0020     		movs	r0, #0
 486              	.LVL30:
 149:Middlewares/ST/STM32_WPAN/interface/patterns/ble_thread/tl/shci_tl.c **** 
 487              		.loc 1 149 3 is_stmt 0 view .LVU109
 488 000e FFF7FEFF 		bl	Cmd_SetStatus
 489              	.LVL31:
 151:Middlewares/ST/STM32_WPAN/interface/patterns/ble_thread/tl/shci_tl.c ****   pCmdBuffer->cmdserial.cmd.plen = len_cmd_payload;
 490              		.loc 1 151 3 is_stmt 1 view .LVU110
 151:Middlewares/ST/STM32_WPAN/interface/patterns/ble_thread/tl/shci_tl.c ****   pCmdBuffer->cmdserial.cmd.plen = len_cmd_payload;
 491              		.loc 1 151 13 is_stmt 0 view .LVU111
 492 0012 DFF85080 		ldr	r8, .L42+8
 493 0016 D8F80000 		ldr	r0, [r8]
 151:Middlewares/ST/STM32_WPAN/interface/patterns/ble_thread/tl/shci_tl.c ****   pCmdBuffer->cmdserial.cmd.plen = len_cmd_payload;
 494              		.loc 1 151 37 view .LVU112
 495 001a A0F80970 		strh	r7, [r0, #9]	@ unaligned
 152:Middlewares/ST/STM32_WPAN/interface/patterns/ble_thread/tl/shci_tl.c **** 
 496              		.loc 1 152 3 is_stmt 1 view .LVU113
 152:Middlewares/ST/STM32_WPAN/interface/patterns/ble_thread/tl/shci_tl.c **** 
 497              		.loc 1 152 34 is_stmt 0 view .LVU114
 498 001e C472     		strb	r4, [r0, #11]
 154:Middlewares/ST/STM32_WPAN/interface/patterns/ble_thread/tl/shci_tl.c ****   CmdRspStatusFlag = SHCI_TL_CMD_RESP_WAIT;
 499              		.loc 1 154 3 is_stmt 1 view .LVU115
 500 0020 2246     		mov	r2, r4
 501 0022 3146     		mov	r1, r6
 502 0024 0C30     		adds	r0, r0, #12
 503 0026 FFF7FEFF 		bl	memcpy
 504              	.LVL32:
 155:Middlewares/ST/STM32_WPAN/interface/patterns/ble_thread/tl/shci_tl.c ****   shciContext.io.Send(0,0);
 505              		.loc 1 155 3 view .LVU116
 155:Middlewares/ST/STM32_WPAN/interface/patterns/ble_thread/tl/shci_tl.c ****   shciContext.io.Send(0,0);
 506              		.loc 1 155 20 is_stmt 0 view .LVU117
 507 002a 0124     		movs	r4, #1
 508              	.LVL33:
 155:Middlewares/ST/STM32_WPAN/interface/patterns/ble_thread/tl/shci_tl.c ****   shciContext.io.Send(0,0);
 509              		.loc 1 155 20 view .LVU118
 510 002c 0B4B     		ldr	r3, .L42
 511 002e 1C70     		strb	r4, [r3]
 156:Middlewares/ST/STM32_WPAN/interface/patterns/ble_thread/tl/shci_tl.c **** 
 512              		.loc 1 156 3 is_stmt 1 view .LVU119
 156:Middlewares/ST/STM32_WPAN/interface/patterns/ble_thread/tl/shci_tl.c **** 
 513              		.loc 1 156 17 is_stmt 0 view .LVU120
 514 0030 0B4B     		ldr	r3, .L42+4
 515 0032 1B69     		ldr	r3, [r3, #16]
 156:Middlewares/ST/STM32_WPAN/interface/patterns/ble_thread/tl/shci_tl.c **** 
 516              		.loc 1 156 3 view .LVU121
 517 0034 0021     		movs	r1, #0
 518 0036 0846     		mov	r0, r1
 519 0038 9847     		blx	r3
 520              	.LVL34:
 158:Middlewares/ST/STM32_WPAN/interface/patterns/ble_thread/tl/shci_tl.c **** 
 521              		.loc 1 158 3 is_stmt 1 view .LVU122
 522 003a 48F2E800 		movw	r0, #33000
 523 003e FFF7FEFF 		bl	shci_cmd_resp_wait
 524              	.LVL35:
 164:Middlewares/ST/STM32_WPAN/interface/patterns/ble_thread/tl/shci_tl.c **** 
ARM GAS  C:\Users\Nathan\AppData\Local\Temp\cc0Ufhqz.s 			page 16


 525              		.loc 1 164 3 view .LVU123
 526 0042 D8F80010 		ldr	r1, [r8]
 164:Middlewares/ST/STM32_WPAN/interface/patterns/ble_thread/tl/shci_tl.c **** 
 527              		.loc 1 164 78 is_stmt 0 view .LVU124
 528 0046 8A78     		ldrb	r2, [r1, #2]	@ zero_extendqisi2
 164:Middlewares/ST/STM32_WPAN/interface/patterns/ble_thread/tl/shci_tl.c **** 
 529              		.loc 1 164 3 view .LVU125
 530 0048 0332     		adds	r2, r2, #3
 531 004a 05F10800 		add	r0, r5, #8
 532 004e FFF7FEFF 		bl	memcpy
 533              	.LVL36:
 166:Middlewares/ST/STM32_WPAN/interface/patterns/ble_thread/tl/shci_tl.c **** 
 534              		.loc 1 166 3 is_stmt 1 view .LVU126
 535 0052 2046     		mov	r0, r4
 536 0054 FFF7FEFF 		bl	Cmd_SetStatus
 537              	.LVL37:
 168:Middlewares/ST/STM32_WPAN/interface/patterns/ble_thread/tl/shci_tl.c **** }
 538              		.loc 1 168 3 view .LVU127
 169:Middlewares/ST/STM32_WPAN/interface/patterns/ble_thread/tl/shci_tl.c **** 
 539              		.loc 1 169 1 is_stmt 0 view .LVU128
 540 0058 BDE8F081 		pop	{r4, r5, r6, r7, r8, pc}
 541              	.LVL38:
 542              	.L43:
 169:Middlewares/ST/STM32_WPAN/interface/patterns/ble_thread/tl/shci_tl.c **** 
 543              		.loc 1 169 1 view .LVU129
 544              		.align	2
 545              	.L42:
 546 005c 00000000 		.word	CmdRspStatusFlag
 547 0060 00000000 		.word	shciContext
 548 0064 04000000 		.word	pCmdBuffer
 549              		.cfi_endproc
 550              	.LFE110:
 552              		.section	.text.shci_cmd_resp_release,"ax",%progbits
 553              		.align	1
 554              		.weak	shci_cmd_resp_release
 555              		.syntax unified
 556              		.thumb
 557              		.thumb_func
 559              	shci_cmd_resp_release:
 560              	.LVL39:
 561              	.LFB116:
 244:Middlewares/ST/STM32_WPAN/interface/patterns/ble_thread/tl/shci_tl.c **** 
 245:Middlewares/ST/STM32_WPAN/interface/patterns/ble_thread/tl/shci_tl.c **** __WEAK void shci_cmd_resp_release(uint32_t flag)
 246:Middlewares/ST/STM32_WPAN/interface/patterns/ble_thread/tl/shci_tl.c **** {
 562              		.loc 1 246 1 is_stmt 1 view -0
 563              		.cfi_startproc
 564              		@ args = 0, pretend = 0, frame = 0
 565              		@ frame_needed = 0, uses_anonymous_args = 0
 566              		@ link register save eliminated.
 247:Middlewares/ST/STM32_WPAN/interface/patterns/ble_thread/tl/shci_tl.c ****   (void)flag;
 567              		.loc 1 247 3 view .LVU131
 248:Middlewares/ST/STM32_WPAN/interface/patterns/ble_thread/tl/shci_tl.c **** 
 249:Middlewares/ST/STM32_WPAN/interface/patterns/ble_thread/tl/shci_tl.c ****   CmdRspStatusFlag = SHCI_TL_CMD_RESP_RELEASE;
 568              		.loc 1 249 3 view .LVU132
 569              		.loc 1 249 20 is_stmt 0 view .LVU133
 570 0000 014B     		ldr	r3, .L45
 571 0002 0022     		movs	r2, #0
ARM GAS  C:\Users\Nathan\AppData\Local\Temp\cc0Ufhqz.s 			page 17


 572 0004 1A70     		strb	r2, [r3]
 250:Middlewares/ST/STM32_WPAN/interface/patterns/ble_thread/tl/shci_tl.c **** 
 251:Middlewares/ST/STM32_WPAN/interface/patterns/ble_thread/tl/shci_tl.c ****   return;
 573              		.loc 1 251 3 is_stmt 1 view .LVU134
 252:Middlewares/ST/STM32_WPAN/interface/patterns/ble_thread/tl/shci_tl.c **** }
 574              		.loc 1 252 1 is_stmt 0 view .LVU135
 575 0006 7047     		bx	lr
 576              	.L46:
 577              		.align	2
 578              	.L45:
 579 0008 00000000 		.word	CmdRspStatusFlag
 580              		.cfi_endproc
 581              	.LFE116:
 583              		.section	.text.TlCmdEvtReceived,"ax",%progbits
 584              		.align	1
 585              		.syntax unified
 586              		.thumb
 587              		.thumb_func
 589              	TlCmdEvtReceived:
 590              	.LVL40:
 591              	.LFB113:
 220:Middlewares/ST/STM32_WPAN/interface/patterns/ble_thread/tl/shci_tl.c ****   (void)(shcievt);
 592              		.loc 1 220 1 is_stmt 1 view -0
 593              		.cfi_startproc
 594              		@ args = 0, pretend = 0, frame = 0
 595              		@ frame_needed = 0, uses_anonymous_args = 0
 220:Middlewares/ST/STM32_WPAN/interface/patterns/ble_thread/tl/shci_tl.c ****   (void)(shcievt);
 596              		.loc 1 220 1 is_stmt 0 view .LVU137
 597 0000 08B5     		push	{r3, lr}
 598              		.cfi_def_cfa_offset 8
 599              		.cfi_offset 3, -8
 600              		.cfi_offset 14, -4
 221:Middlewares/ST/STM32_WPAN/interface/patterns/ble_thread/tl/shci_tl.c ****   shci_cmd_resp_release(0); /**< Notify the application the Cmd response has been received */
 601              		.loc 1 221 3 is_stmt 1 view .LVU138
 222:Middlewares/ST/STM32_WPAN/interface/patterns/ble_thread/tl/shci_tl.c **** 
 602              		.loc 1 222 3 view .LVU139
 603 0002 0020     		movs	r0, #0
 604              	.LVL41:
 222:Middlewares/ST/STM32_WPAN/interface/patterns/ble_thread/tl/shci_tl.c **** 
 605              		.loc 1 222 3 is_stmt 0 view .LVU140
 606 0004 FFF7FEFF 		bl	shci_cmd_resp_release
 607              	.LVL42:
 224:Middlewares/ST/STM32_WPAN/interface/patterns/ble_thread/tl/shci_tl.c **** }
 608              		.loc 1 224 3 is_stmt 1 view .LVU141
 225:Middlewares/ST/STM32_WPAN/interface/patterns/ble_thread/tl/shci_tl.c **** 
 609              		.loc 1 225 1 is_stmt 0 view .LVU142
 610 0008 08BD     		pop	{r3, pc}
 611              		.cfi_endproc
 612              	.LFE113:
 614              		.section	.bss.CmdRspStatusFlag,"aw",%nobits
 617              	CmdRspStatusFlag:
 618 0000 00       		.space	1
 619              		.section	.bss.StatusNotCallBackFunction,"aw",%nobits
 620              		.align	2
 623              	StatusNotCallBackFunction:
 624 0000 00000000 		.space	4
 625              		.section	.bss.shciContext,"aw",%nobits
ARM GAS  C:\Users\Nathan\AppData\Local\Temp\cc0Ufhqz.s 			page 18


 626              		.align	2
 629              	shciContext:
 630 0000 00000000 		.space	32
 630      00000000 
 630      00000000 
 630      00000000 
 630      00000000 
 631              		.global	SHCI_TL_UserEventFlow
 632              		.section	SYSTEM_DRIVER_CONTEXT,"aw"
 635              	SHCI_TL_UserEventFlow:
 636 0000 00       		.space	1
 637 0001 000000   		.align	2
 640              	pCmdBuffer:
 641 0004 00000000 		.space	4
 644              	SHCICmdStatus:
 645 0008 00       		.space	1
 646 0009 000000   		.align	2
 649              	SHciAsynchEventQueue:
 650 000c 00000000 		.space	8
 650      00000000 
 651              		.text
 652              	.Letext0:
 653              		.file 2 "C:/PROGRAM FILES (X86)/ARM GNU TOOLCHAIN ARM-NONE-EABI/13.3 REL1/arm-none-eabi/include/ma
 654              		.file 3 "C:/PROGRAM FILES (X86)/ARM GNU TOOLCHAIN ARM-NONE-EABI/13.3 REL1/arm-none-eabi/include/sy
 655              		.file 4 "C:/PROGRAM FILES (X86)/ARM GNU TOOLCHAIN ARM-NONE-EABI/13.3 REL1/lib/gcc/arm-none-eabi/13
 656              		.file 5 "Middlewares/ST/STM32_WPAN/utilities/stm_list.h"
 657              		.file 6 "Middlewares/ST/STM32_WPAN/interface/patterns/ble_thread/tl/tl.h"
 658              		.file 7 "Middlewares/ST/STM32_WPAN/interface/patterns/ble_thread/tl/shci_tl.h"
 659              		.file 8 "C:/PROGRAM FILES (X86)/ARM GNU TOOLCHAIN ARM-NONE-EABI/13.3 REL1/arm-none-eabi/include/st
 660              		.file 9 "<built-in>"
ARM GAS  C:\Users\Nathan\AppData\Local\Temp\cc0Ufhqz.s 			page 19


DEFINED SYMBOLS
                            *ABS*:00000000 shci_tl.c
C:\Users\Nathan\AppData\Local\Temp\cc0Ufhqz.s:21     .text.Cmd_SetStatus:00000000 $t
C:\Users\Nathan\AppData\Local\Temp\cc0Ufhqz.s:26     .text.Cmd_SetStatus:00000000 Cmd_SetStatus
C:\Users\Nathan\AppData\Local\Temp\cc0Ufhqz.s:84     .text.Cmd_SetStatus:00000028 $d
C:\Users\Nathan\AppData\Local\Temp\cc0Ufhqz.s:623    .bss.StatusNotCallBackFunction:00000000 StatusNotCallBackFunction
C:\Users\Nathan\AppData\Local\Temp\cc0Ufhqz.s:644    SYSTEM_DRIVER_CONTEXT:00000008 SHCICmdStatus
C:\Users\Nathan\AppData\Local\Temp\cc0Ufhqz.s:90     .text.TlInit:00000000 $t
C:\Users\Nathan\AppData\Local\Temp\cc0Ufhqz.s:95     .text.TlInit:00000000 TlInit
C:\Users\Nathan\AppData\Local\Temp\cc0Ufhqz.s:163    .text.TlInit:00000034 $d
C:\Users\Nathan\AppData\Local\Temp\cc0Ufhqz.s:640    SYSTEM_DRIVER_CONTEXT:00000004 pCmdBuffer
C:\Users\Nathan\AppData\Local\Temp\cc0Ufhqz.s:649    SYSTEM_DRIVER_CONTEXT:0000000c SHciAsynchEventQueue
C:\Users\Nathan\AppData\Local\Temp\cc0Ufhqz.s:635    SYSTEM_DRIVER_CONTEXT:00000000 SHCI_TL_UserEventFlow
C:\Users\Nathan\AppData\Local\Temp\cc0Ufhqz.s:629    .bss.shciContext:00000000 shciContext
C:\Users\Nathan\AppData\Local\Temp\cc0Ufhqz.s:589    .text.TlCmdEvtReceived:00000000 TlCmdEvtReceived
C:\Users\Nathan\AppData\Local\Temp\cc0Ufhqz.s:178    .text.TlUserEvtReceived:00000000 TlUserEvtReceived
C:\Users\Nathan\AppData\Local\Temp\cc0Ufhqz.s:173    .text.TlUserEvtReceived:00000000 $t
C:\Users\Nathan\AppData\Local\Temp\cc0Ufhqz.s:208    .text.TlUserEvtReceived:00000014 $d
C:\Users\Nathan\AppData\Local\Temp\cc0Ufhqz.s:213    .text.shci_init:00000000 $t
C:\Users\Nathan\AppData\Local\Temp\cc0Ufhqz.s:219    .text.shci_init:00000000 shci_init
C:\Users\Nathan\AppData\Local\Temp\cc0Ufhqz.s:260    .text.shci_init:0000001c $d
C:\Users\Nathan\AppData\Local\Temp\cc0Ufhqz.s:266    .text.shci_user_evt_proc:00000000 $t
C:\Users\Nathan\AppData\Local\Temp\cc0Ufhqz.s:272    .text.shci_user_evt_proc:00000000 shci_user_evt_proc
C:\Users\Nathan\AppData\Local\Temp\cc0Ufhqz.s:384    .text.shci_user_evt_proc:00000074 $d
C:\Users\Nathan\AppData\Local\Temp\cc0Ufhqz.s:391    .text.shci_resume_flow:00000000 $t
C:\Users\Nathan\AppData\Local\Temp\cc0Ufhqz.s:397    .text.shci_resume_flow:00000000 shci_resume_flow
C:\Users\Nathan\AppData\Local\Temp\cc0Ufhqz.s:422    .text.shci_resume_flow:00000010 $d
C:\Users\Nathan\AppData\Local\Temp\cc0Ufhqz.s:428    .text.shci_cmd_resp_wait:00000000 $t
C:\Users\Nathan\AppData\Local\Temp\cc0Ufhqz.s:434    .text.shci_cmd_resp_wait:00000000 shci_cmd_resp_wait
C:\Users\Nathan\AppData\Local\Temp\cc0Ufhqz.s:453    .text.shci_cmd_resp_wait:0000000c $d
C:\Users\Nathan\AppData\Local\Temp\cc0Ufhqz.s:617    .bss.CmdRspStatusFlag:00000000 CmdRspStatusFlag
C:\Users\Nathan\AppData\Local\Temp\cc0Ufhqz.s:458    .text.shci_send:00000000 $t
C:\Users\Nathan\AppData\Local\Temp\cc0Ufhqz.s:464    .text.shci_send:00000000 shci_send
C:\Users\Nathan\AppData\Local\Temp\cc0Ufhqz.s:546    .text.shci_send:0000005c $d
C:\Users\Nathan\AppData\Local\Temp\cc0Ufhqz.s:553    .text.shci_cmd_resp_release:00000000 $t
C:\Users\Nathan\AppData\Local\Temp\cc0Ufhqz.s:559    .text.shci_cmd_resp_release:00000000 shci_cmd_resp_release
C:\Users\Nathan\AppData\Local\Temp\cc0Ufhqz.s:579    .text.shci_cmd_resp_release:00000008 $d
C:\Users\Nathan\AppData\Local\Temp\cc0Ufhqz.s:584    .text.TlCmdEvtReceived:00000000 $t
C:\Users\Nathan\AppData\Local\Temp\cc0Ufhqz.s:618    .bss.CmdRspStatusFlag:00000000 $d
C:\Users\Nathan\AppData\Local\Temp\cc0Ufhqz.s:620    .bss.StatusNotCallBackFunction:00000000 $d
C:\Users\Nathan\AppData\Local\Temp\cc0Ufhqz.s:626    .bss.shciContext:00000000 $d
C:\Users\Nathan\AppData\Local\Temp\cc0Ufhqz.s:636    SYSTEM_DRIVER_CONTEXT:00000000 $d

UNDEFINED SYMBOLS
LST_init_head
LST_insert_tail
shci_notify_asynch_evt
shci_register_io_bus
LST_is_empty
LST_remove_head
TL_MM_EvtDone
LST_insert_head
memcpy
