ARM GAS  C:\Users\Nathan\AppData\Local\Temp\ccjwQcPb.s 			page 1


   1              		.cpu cortex-m4
   2              		.arch armv7e-m
   3              		.fpu fpv4-sp-d16
   4              		.eabi_attribute 27, 1
   5              		.eabi_attribute 28, 1
   6              		.eabi_attribute 20, 1
   7              		.eabi_attribute 21, 1
   8              		.eabi_attribute 23, 3
   9              		.eabi_attribute 24, 1
  10              		.eabi_attribute 25, 1
  11              		.eabi_attribute 26, 1
  12              		.eabi_attribute 30, 1
  13              		.eabi_attribute 34, 1
  14              		.eabi_attribute 18, 4
  15              		.file	"stm32wbxx_hal_dma_ex.c"
  16              		.text
  17              	.Ltext0:
  18              		.cfi_sections	.debug_frame
  19              		.file 1 "Drivers/STM32WBxx_HAL_Driver/Src/stm32wbxx_hal_dma_ex.c"
  20              		.section	.text.HAL_DMAEx_ConfigMuxSync,"ax",%progbits
  21              		.align	1
  22              		.global	HAL_DMAEx_ConfigMuxSync
  23              		.syntax unified
  24              		.thumb
  25              		.thumb_func
  27              	HAL_DMAEx_ConfigMuxSync:
  28              	.LVL0:
  29              	.LFB1104:
   1:Drivers/STM32WBxx_HAL_Driver/Src/stm32wbxx_hal_dma_ex.c **** /**
   2:Drivers/STM32WBxx_HAL_Driver/Src/stm32wbxx_hal_dma_ex.c ****   ******************************************************************************
   3:Drivers/STM32WBxx_HAL_Driver/Src/stm32wbxx_hal_dma_ex.c ****   * @file    stm32wbxx_hal_dma_ex.c
   4:Drivers/STM32WBxx_HAL_Driver/Src/stm32wbxx_hal_dma_ex.c ****   * @author  MCD Application Team
   5:Drivers/STM32WBxx_HAL_Driver/Src/stm32wbxx_hal_dma_ex.c ****   * @brief   DMA Extension HAL module driver
   6:Drivers/STM32WBxx_HAL_Driver/Src/stm32wbxx_hal_dma_ex.c ****   *         This file provides firmware functions to manage the following
   7:Drivers/STM32WBxx_HAL_Driver/Src/stm32wbxx_hal_dma_ex.c ****   *         functionalities of the DMA Extension peripheral:
   8:Drivers/STM32WBxx_HAL_Driver/Src/stm32wbxx_hal_dma_ex.c ****   *           + Extended features functions
   9:Drivers/STM32WBxx_HAL_Driver/Src/stm32wbxx_hal_dma_ex.c ****   *
  10:Drivers/STM32WBxx_HAL_Driver/Src/stm32wbxx_hal_dma_ex.c ****   ******************************************************************************
  11:Drivers/STM32WBxx_HAL_Driver/Src/stm32wbxx_hal_dma_ex.c ****   * @attention
  12:Drivers/STM32WBxx_HAL_Driver/Src/stm32wbxx_hal_dma_ex.c ****   *
  13:Drivers/STM32WBxx_HAL_Driver/Src/stm32wbxx_hal_dma_ex.c ****   * Copyright (c) 2019 STMicroelectronics.
  14:Drivers/STM32WBxx_HAL_Driver/Src/stm32wbxx_hal_dma_ex.c ****   * All rights reserved.
  15:Drivers/STM32WBxx_HAL_Driver/Src/stm32wbxx_hal_dma_ex.c ****   *
  16:Drivers/STM32WBxx_HAL_Driver/Src/stm32wbxx_hal_dma_ex.c ****   * This software is licensed under terms that can be found in the LICENSE file
  17:Drivers/STM32WBxx_HAL_Driver/Src/stm32wbxx_hal_dma_ex.c ****   * in the root directory of this software component.
  18:Drivers/STM32WBxx_HAL_Driver/Src/stm32wbxx_hal_dma_ex.c ****   * If no LICENSE file comes with this software, it is provided AS-IS.
  19:Drivers/STM32WBxx_HAL_Driver/Src/stm32wbxx_hal_dma_ex.c ****   *
  20:Drivers/STM32WBxx_HAL_Driver/Src/stm32wbxx_hal_dma_ex.c ****   ******************************************************************************
  21:Drivers/STM32WBxx_HAL_Driver/Src/stm32wbxx_hal_dma_ex.c ****   @verbatim
  22:Drivers/STM32WBxx_HAL_Driver/Src/stm32wbxx_hal_dma_ex.c ****   ==============================================================================
  23:Drivers/STM32WBxx_HAL_Driver/Src/stm32wbxx_hal_dma_ex.c ****                         ##### How to use this driver #####
  24:Drivers/STM32WBxx_HAL_Driver/Src/stm32wbxx_hal_dma_ex.c ****   ==============================================================================
  25:Drivers/STM32WBxx_HAL_Driver/Src/stm32wbxx_hal_dma_ex.c ****   [..]
  26:Drivers/STM32WBxx_HAL_Driver/Src/stm32wbxx_hal_dma_ex.c ****   The DMA Extension HAL driver can be used as follows:
  27:Drivers/STM32WBxx_HAL_Driver/Src/stm32wbxx_hal_dma_ex.c **** 
  28:Drivers/STM32WBxx_HAL_Driver/Src/stm32wbxx_hal_dma_ex.c ****    (+) Configure the DMA_MUX Synchronization Block using HAL_DMAEx_ConfigMuxSync function.
  29:Drivers/STM32WBxx_HAL_Driver/Src/stm32wbxx_hal_dma_ex.c ****    (+) Configure the DMA_MUX Request Generator Block using HAL_DMAEx_ConfigMuxRequestGenerator func
ARM GAS  C:\Users\Nathan\AppData\Local\Temp\ccjwQcPb.s 			page 2


  30:Drivers/STM32WBxx_HAL_Driver/Src/stm32wbxx_hal_dma_ex.c ****        Functions HAL_DMAEx_EnableMuxRequestGenerator and HAL_DMAEx_DisableMuxRequestGenerator can t
  31:Drivers/STM32WBxx_HAL_Driver/Src/stm32wbxx_hal_dma_ex.c ****        to respectively enable/disable the request generator.
  32:Drivers/STM32WBxx_HAL_Driver/Src/stm32wbxx_hal_dma_ex.c **** 
  33:Drivers/STM32WBxx_HAL_Driver/Src/stm32wbxx_hal_dma_ex.c ****    (+) To handle the DMAMUX Interrupts, the function  HAL_DMAEx_MUX_IRQHandler should be called fro
  34:Drivers/STM32WBxx_HAL_Driver/Src/stm32wbxx_hal_dma_ex.c ****        the DMAMUX IRQ handler i.e DMAMUX1_OVR_IRQHandler.
  35:Drivers/STM32WBxx_HAL_Driver/Src/stm32wbxx_hal_dma_ex.c ****        As only one interrupt line is available for all DMAMUX channels and request generators , HAL
  36:Drivers/STM32WBxx_HAL_Driver/Src/stm32wbxx_hal_dma_ex.c ****        called with, as parameter, the appropriate DMA handle as many as used DMAs in the user proje
  37:Drivers/STM32WBxx_HAL_Driver/Src/stm32wbxx_hal_dma_ex.c ****       (exception done if a given DMA is not using the DMAMUX SYNC block neither a request generator
  38:Drivers/STM32WBxx_HAL_Driver/Src/stm32wbxx_hal_dma_ex.c **** 
  39:Drivers/STM32WBxx_HAL_Driver/Src/stm32wbxx_hal_dma_ex.c ****   @endverbatim
  40:Drivers/STM32WBxx_HAL_Driver/Src/stm32wbxx_hal_dma_ex.c ****   ******************************************************************************
  41:Drivers/STM32WBxx_HAL_Driver/Src/stm32wbxx_hal_dma_ex.c ****   */
  42:Drivers/STM32WBxx_HAL_Driver/Src/stm32wbxx_hal_dma_ex.c **** 
  43:Drivers/STM32WBxx_HAL_Driver/Src/stm32wbxx_hal_dma_ex.c **** /* Includes ------------------------------------------------------------------*/
  44:Drivers/STM32WBxx_HAL_Driver/Src/stm32wbxx_hal_dma_ex.c **** #include "stm32wbxx_hal.h"
  45:Drivers/STM32WBxx_HAL_Driver/Src/stm32wbxx_hal_dma_ex.c **** 
  46:Drivers/STM32WBxx_HAL_Driver/Src/stm32wbxx_hal_dma_ex.c **** /** @addtogroup STM32WBxx_HAL_Driver
  47:Drivers/STM32WBxx_HAL_Driver/Src/stm32wbxx_hal_dma_ex.c ****   * @{
  48:Drivers/STM32WBxx_HAL_Driver/Src/stm32wbxx_hal_dma_ex.c ****   */
  49:Drivers/STM32WBxx_HAL_Driver/Src/stm32wbxx_hal_dma_ex.c **** 
  50:Drivers/STM32WBxx_HAL_Driver/Src/stm32wbxx_hal_dma_ex.c **** /** @defgroup DMAEx DMAEx
  51:Drivers/STM32WBxx_HAL_Driver/Src/stm32wbxx_hal_dma_ex.c ****   * @brief DMA Extended HAL module driver
  52:Drivers/STM32WBxx_HAL_Driver/Src/stm32wbxx_hal_dma_ex.c ****   * @{
  53:Drivers/STM32WBxx_HAL_Driver/Src/stm32wbxx_hal_dma_ex.c ****   */
  54:Drivers/STM32WBxx_HAL_Driver/Src/stm32wbxx_hal_dma_ex.c **** 
  55:Drivers/STM32WBxx_HAL_Driver/Src/stm32wbxx_hal_dma_ex.c **** #ifdef HAL_DMA_MODULE_ENABLED
  56:Drivers/STM32WBxx_HAL_Driver/Src/stm32wbxx_hal_dma_ex.c **** 
  57:Drivers/STM32WBxx_HAL_Driver/Src/stm32wbxx_hal_dma_ex.c **** /* Private typedef -----------------------------------------------------------*/
  58:Drivers/STM32WBxx_HAL_Driver/Src/stm32wbxx_hal_dma_ex.c **** /* Private define ------------------------------------------------------------*/
  59:Drivers/STM32WBxx_HAL_Driver/Src/stm32wbxx_hal_dma_ex.c **** /* Private macro -------------------------------------------------------------*/
  60:Drivers/STM32WBxx_HAL_Driver/Src/stm32wbxx_hal_dma_ex.c **** /* Private variables ---------------------------------------------------------*/
  61:Drivers/STM32WBxx_HAL_Driver/Src/stm32wbxx_hal_dma_ex.c **** /* Private Constants ---------------------------------------------------------*/
  62:Drivers/STM32WBxx_HAL_Driver/Src/stm32wbxx_hal_dma_ex.c **** /* Private function prototypes -----------------------------------------------*/
  63:Drivers/STM32WBxx_HAL_Driver/Src/stm32wbxx_hal_dma_ex.c **** /* Private functions ---------------------------------------------------------*/
  64:Drivers/STM32WBxx_HAL_Driver/Src/stm32wbxx_hal_dma_ex.c **** 
  65:Drivers/STM32WBxx_HAL_Driver/Src/stm32wbxx_hal_dma_ex.c **** 
  66:Drivers/STM32WBxx_HAL_Driver/Src/stm32wbxx_hal_dma_ex.c **** /** @defgroup DMAEx_Exported_Functions DMAEx Exported Functions
  67:Drivers/STM32WBxx_HAL_Driver/Src/stm32wbxx_hal_dma_ex.c ****   * @{
  68:Drivers/STM32WBxx_HAL_Driver/Src/stm32wbxx_hal_dma_ex.c ****   */
  69:Drivers/STM32WBxx_HAL_Driver/Src/stm32wbxx_hal_dma_ex.c **** 
  70:Drivers/STM32WBxx_HAL_Driver/Src/stm32wbxx_hal_dma_ex.c **** /** @defgroup DMAEx_Exported_Functions_Group1 DMAEx Extended features functions
  71:Drivers/STM32WBxx_HAL_Driver/Src/stm32wbxx_hal_dma_ex.c ****   *  @brief   Extended features functions
  72:Drivers/STM32WBxx_HAL_Driver/Src/stm32wbxx_hal_dma_ex.c ****   *
  73:Drivers/STM32WBxx_HAL_Driver/Src/stm32wbxx_hal_dma_ex.c **** @verbatim
  74:Drivers/STM32WBxx_HAL_Driver/Src/stm32wbxx_hal_dma_ex.c ****  ===============================================================================
  75:Drivers/STM32WBxx_HAL_Driver/Src/stm32wbxx_hal_dma_ex.c ****                 #####  Extended features functions  #####
  76:Drivers/STM32WBxx_HAL_Driver/Src/stm32wbxx_hal_dma_ex.c ****  ===============================================================================
  77:Drivers/STM32WBxx_HAL_Driver/Src/stm32wbxx_hal_dma_ex.c ****     [..]  This section provides functions allowing to:
  78:Drivers/STM32WBxx_HAL_Driver/Src/stm32wbxx_hal_dma_ex.c **** 
  79:Drivers/STM32WBxx_HAL_Driver/Src/stm32wbxx_hal_dma_ex.c ****     (+) Configure the DMAMUX Synchronization Block using HAL_DMAEx_ConfigMuxSync function.
  80:Drivers/STM32WBxx_HAL_Driver/Src/stm32wbxx_hal_dma_ex.c ****     (+) Configure the DMAMUX Request Generator Block using HAL_DMAEx_ConfigMuxRequestGenerator func
  81:Drivers/STM32WBxx_HAL_Driver/Src/stm32wbxx_hal_dma_ex.c ****        Functions HAL_DMAEx_EnableMuxRequestGenerator and HAL_DMAEx_DisableMuxRequestGenerator can t
  82:Drivers/STM32WBxx_HAL_Driver/Src/stm32wbxx_hal_dma_ex.c ****        to respectively enable/disable the request generator.
  83:Drivers/STM32WBxx_HAL_Driver/Src/stm32wbxx_hal_dma_ex.c **** 
  84:Drivers/STM32WBxx_HAL_Driver/Src/stm32wbxx_hal_dma_ex.c **** @endverbatim
  85:Drivers/STM32WBxx_HAL_Driver/Src/stm32wbxx_hal_dma_ex.c ****   * @{
  86:Drivers/STM32WBxx_HAL_Driver/Src/stm32wbxx_hal_dma_ex.c ****   */
ARM GAS  C:\Users\Nathan\AppData\Local\Temp\ccjwQcPb.s 			page 3


  87:Drivers/STM32WBxx_HAL_Driver/Src/stm32wbxx_hal_dma_ex.c **** 
  88:Drivers/STM32WBxx_HAL_Driver/Src/stm32wbxx_hal_dma_ex.c **** /**
  89:Drivers/STM32WBxx_HAL_Driver/Src/stm32wbxx_hal_dma_ex.c ****   * @brief  Configure the DMAMUX synchronization parameters for a given DMA channel (instance).
  90:Drivers/STM32WBxx_HAL_Driver/Src/stm32wbxx_hal_dma_ex.c ****   * @param  hdma Pointer to a DMA_HandleTypeDef structure that contains
  91:Drivers/STM32WBxx_HAL_Driver/Src/stm32wbxx_hal_dma_ex.c ****   *                     the configuration information for the specified DMA channel.
  92:Drivers/STM32WBxx_HAL_Driver/Src/stm32wbxx_hal_dma_ex.c ****   * @param  pSyncConfig Pointer to HAL_DMA_MuxSyncConfigTypeDef : contains the DMAMUX synchronizati
  93:Drivers/STM32WBxx_HAL_Driver/Src/stm32wbxx_hal_dma_ex.c ****   * @retval HAL status
  94:Drivers/STM32WBxx_HAL_Driver/Src/stm32wbxx_hal_dma_ex.c ****   */
  95:Drivers/STM32WBxx_HAL_Driver/Src/stm32wbxx_hal_dma_ex.c **** HAL_StatusTypeDef HAL_DMAEx_ConfigMuxSync(DMA_HandleTypeDef *hdma, HAL_DMA_MuxSyncConfigTypeDef *pS
  96:Drivers/STM32WBxx_HAL_Driver/Src/stm32wbxx_hal_dma_ex.c **** {
  30              		.loc 1 96 1 view -0
  31              		.cfi_startproc
  32              		@ args = 0, pretend = 0, frame = 0
  33              		@ frame_needed = 0, uses_anonymous_args = 0
  34              		@ link register save eliminated.
  97:Drivers/STM32WBxx_HAL_Driver/Src/stm32wbxx_hal_dma_ex.c ****   /* Check the parameters */
  98:Drivers/STM32WBxx_HAL_Driver/Src/stm32wbxx_hal_dma_ex.c ****   assert_param(IS_DMA_ALL_INSTANCE(hdma->Instance));
  35              		.loc 1 98 3 view .LVU1
  99:Drivers/STM32WBxx_HAL_Driver/Src/stm32wbxx_hal_dma_ex.c **** 
 100:Drivers/STM32WBxx_HAL_Driver/Src/stm32wbxx_hal_dma_ex.c ****   assert_param(IS_DMAMUX_SYNC_SIGNAL_ID(pSyncConfig->SyncSignalID));
  36              		.loc 1 100 3 view .LVU2
 101:Drivers/STM32WBxx_HAL_Driver/Src/stm32wbxx_hal_dma_ex.c ****   assert_param(IS_DMAMUX_SYNC_POLARITY(pSyncConfig-> SyncPolarity));
  37              		.loc 1 101 3 view .LVU3
 102:Drivers/STM32WBxx_HAL_Driver/Src/stm32wbxx_hal_dma_ex.c ****   assert_param(IS_DMAMUX_SYNC_STATE(pSyncConfig->SyncEnable));
  38              		.loc 1 102 3 view .LVU4
 103:Drivers/STM32WBxx_HAL_Driver/Src/stm32wbxx_hal_dma_ex.c ****   assert_param(IS_DMAMUX_SYNC_EVENT(pSyncConfig->EventEnable));
  39              		.loc 1 103 3 view .LVU5
 104:Drivers/STM32WBxx_HAL_Driver/Src/stm32wbxx_hal_dma_ex.c ****   assert_param(IS_DMAMUX_SYNC_REQUEST_NUMBER(pSyncConfig->RequestNumber));
  40              		.loc 1 104 3 view .LVU6
 105:Drivers/STM32WBxx_HAL_Driver/Src/stm32wbxx_hal_dma_ex.c **** 
 106:Drivers/STM32WBxx_HAL_Driver/Src/stm32wbxx_hal_dma_ex.c ****   /*Check if the DMA state is ready */
 107:Drivers/STM32WBxx_HAL_Driver/Src/stm32wbxx_hal_dma_ex.c ****   if (hdma->State == HAL_DMA_STATE_READY)
  41              		.loc 1 107 3 view .LVU7
  42              		.loc 1 107 11 is_stmt 0 view .LVU8
  43 0000 90F82530 		ldrb	r3, [r0, #37]	@ zero_extendqisi2
  44 0004 DBB2     		uxtb	r3, r3
  45              		.loc 1 107 6 view .LVU9
  46 0006 012B     		cmp	r3, #1
  47 0008 22D1     		bne	.L3
 108:Drivers/STM32WBxx_HAL_Driver/Src/stm32wbxx_hal_dma_ex.c ****   {
 109:Drivers/STM32WBxx_HAL_Driver/Src/stm32wbxx_hal_dma_ex.c ****     /* Process Locked */
 110:Drivers/STM32WBxx_HAL_Driver/Src/stm32wbxx_hal_dma_ex.c ****     __HAL_LOCK(hdma);
  48              		.loc 1 110 5 is_stmt 1 view .LVU10
  49              		.loc 1 110 5 view .LVU11
  50 000a 90F82430 		ldrb	r3, [r0, #36]	@ zero_extendqisi2
  51 000e 012B     		cmp	r3, #1
  52 0010 20D0     		beq	.L4
  96:Drivers/STM32WBxx_HAL_Driver/Src/stm32wbxx_hal_dma_ex.c ****   /* Check the parameters */
  53              		.loc 1 96 1 is_stmt 0 view .LVU12
  54 0012 30B4     		push	{r4, r5}
  55              		.cfi_def_cfa_offset 8
  56              		.cfi_offset 4, -8
  57              		.cfi_offset 5, -4
  58              		.loc 1 110 5 is_stmt 1 discriminator 2 view .LVU13
  59 0014 0123     		movs	r3, #1
  60 0016 80F82430 		strb	r3, [r0, #36]
  61              		.loc 1 110 5 discriminator 2 view .LVU14
ARM GAS  C:\Users\Nathan\AppData\Local\Temp\ccjwQcPb.s 			page 4


 111:Drivers/STM32WBxx_HAL_Driver/Src/stm32wbxx_hal_dma_ex.c **** 
 112:Drivers/STM32WBxx_HAL_Driver/Src/stm32wbxx_hal_dma_ex.c ****     /* Set the new synchronization parameters (and keep the request ID filled during the Init)*/
 113:Drivers/STM32WBxx_HAL_Driver/Src/stm32wbxx_hal_dma_ex.c ****     MODIFY_REG(hdma->DMAmuxChannel->CCR, \
  62              		.loc 1 113 5 view .LVU15
  63 001a 846C     		ldr	r4, [r0, #72]
  64 001c 2368     		ldr	r3, [r4]
  65 001e 0E4A     		ldr	r2, .L9
  66 0020 1A40     		ands	r2, r2, r3
  67 0022 0B68     		ldr	r3, [r1]
  68 0024 CD68     		ldr	r5, [r1, #12]
  69 0026 05F1FF3C 		add	ip, r5, #-1
  70 002a 43EACC43 		orr	r3, r3, ip, lsl #19
  71 002e 4D68     		ldr	r5, [r1, #4]
  72 0030 2B43     		orrs	r3, r3, r5
  73 0032 91F808C0 		ldrb	ip, [r1, #8]	@ zero_extendqisi2
  74 0036 43EA0C43 		orr	r3, r3, ip, lsl #16
  75 003a 497A     		ldrb	r1, [r1, #9]	@ zero_extendqisi2
  76              	.LVL1:
  77              		.loc 1 113 5 is_stmt 0 view .LVU16
  78 003c 43EA4123 		orr	r3, r3, r1, lsl #9
  79 0040 1A43     		orrs	r2, r2, r3
  80 0042 2260     		str	r2, [r4]
 114:Drivers/STM32WBxx_HAL_Driver/Src/stm32wbxx_hal_dma_ex.c ****                (DMAMUX_CxCR_SYNC_ID | DMAMUX_CxCR_NBREQ | DMAMUX_CxCR_SPOL | DMAMUX_CxCR_SE | DMAMU
 115:Drivers/STM32WBxx_HAL_Driver/Src/stm32wbxx_hal_dma_ex.c ****                (pSyncConfig->SyncSignalID                                       | \
 116:Drivers/STM32WBxx_HAL_Driver/Src/stm32wbxx_hal_dma_ex.c ****                 ((pSyncConfig->RequestNumber - 1U) << DMAMUX_CxCR_NBREQ_Pos)    | \
 117:Drivers/STM32WBxx_HAL_Driver/Src/stm32wbxx_hal_dma_ex.c ****                 pSyncConfig->SyncPolarity                                       | \
 118:Drivers/STM32WBxx_HAL_Driver/Src/stm32wbxx_hal_dma_ex.c ****                 ((uint32_t)pSyncConfig->SyncEnable << DMAMUX_CxCR_SE_Pos)                 | \
 119:Drivers/STM32WBxx_HAL_Driver/Src/stm32wbxx_hal_dma_ex.c ****                 ((uint32_t)pSyncConfig->EventEnable << DMAMUX_CxCR_EGE_Pos)));
 120:Drivers/STM32WBxx_HAL_Driver/Src/stm32wbxx_hal_dma_ex.c **** 
 121:Drivers/STM32WBxx_HAL_Driver/Src/stm32wbxx_hal_dma_ex.c ****     /* Process UnLocked */
 122:Drivers/STM32WBxx_HAL_Driver/Src/stm32wbxx_hal_dma_ex.c ****     __HAL_UNLOCK(hdma);
  81              		.loc 1 122 5 is_stmt 1 view .LVU17
  82              		.loc 1 122 5 view .LVU18
  83 0044 0023     		movs	r3, #0
  84 0046 80F82430 		strb	r3, [r0, #36]
  85              		.loc 1 122 5 view .LVU19
 123:Drivers/STM32WBxx_HAL_Driver/Src/stm32wbxx_hal_dma_ex.c **** 
 124:Drivers/STM32WBxx_HAL_Driver/Src/stm32wbxx_hal_dma_ex.c ****     return HAL_OK;
  86              		.loc 1 124 5 view .LVU20
  87              		.loc 1 124 12 is_stmt 0 view .LVU21
  88 004a 1846     		mov	r0, r3
  89              	.LVL2:
 125:Drivers/STM32WBxx_HAL_Driver/Src/stm32wbxx_hal_dma_ex.c ****   }
 126:Drivers/STM32WBxx_HAL_Driver/Src/stm32wbxx_hal_dma_ex.c ****   else
 127:Drivers/STM32WBxx_HAL_Driver/Src/stm32wbxx_hal_dma_ex.c ****   {
 128:Drivers/STM32WBxx_HAL_Driver/Src/stm32wbxx_hal_dma_ex.c ****     /*DMA State not Ready*/
 129:Drivers/STM32WBxx_HAL_Driver/Src/stm32wbxx_hal_dma_ex.c ****     return HAL_ERROR;
 130:Drivers/STM32WBxx_HAL_Driver/Src/stm32wbxx_hal_dma_ex.c ****   }
 131:Drivers/STM32WBxx_HAL_Driver/Src/stm32wbxx_hal_dma_ex.c **** }
  90              		.loc 1 131 1 view .LVU22
  91 004c 30BC     		pop	{r4, r5}
  92              		.cfi_restore 5
  93              		.cfi_restore 4
  94              		.cfi_def_cfa_offset 0
  95 004e 7047     		bx	lr
  96              	.LVL3:
  97              	.L3:
ARM GAS  C:\Users\Nathan\AppData\Local\Temp\ccjwQcPb.s 			page 5


 129:Drivers/STM32WBxx_HAL_Driver/Src/stm32wbxx_hal_dma_ex.c ****   }
  98              		.loc 1 129 12 view .LVU23
  99 0050 0120     		movs	r0, #1
 100              	.LVL4:
 129:Drivers/STM32WBxx_HAL_Driver/Src/stm32wbxx_hal_dma_ex.c ****   }
 101              		.loc 1 129 12 view .LVU24
 102 0052 7047     		bx	lr
 103              	.LVL5:
 104              	.L4:
 110:Drivers/STM32WBxx_HAL_Driver/Src/stm32wbxx_hal_dma_ex.c **** 
 105              		.loc 1 110 5 discriminator 1 view .LVU25
 106 0054 0220     		movs	r0, #2
 107              	.LVL6:
 108              		.loc 1 131 1 view .LVU26
 109 0056 7047     		bx	lr
 110              	.L10:
 111              		.align	2
 112              	.L9:
 113 0058 FFFD00E0 		.word	-536805889
 114              		.cfi_endproc
 115              	.LFE1104:
 117              		.section	.text.HAL_DMAEx_ConfigMuxRequestGenerator,"ax",%progbits
 118              		.align	1
 119              		.global	HAL_DMAEx_ConfigMuxRequestGenerator
 120              		.syntax unified
 121              		.thumb
 122              		.thumb_func
 124              	HAL_DMAEx_ConfigMuxRequestGenerator:
 125              	.LVL7:
 126              	.LFB1105:
 132:Drivers/STM32WBxx_HAL_Driver/Src/stm32wbxx_hal_dma_ex.c **** 
 133:Drivers/STM32WBxx_HAL_Driver/Src/stm32wbxx_hal_dma_ex.c **** /**
 134:Drivers/STM32WBxx_HAL_Driver/Src/stm32wbxx_hal_dma_ex.c ****   * @brief  Configure the DMAMUX request generator block used by the given DMA channel (instance).
 135:Drivers/STM32WBxx_HAL_Driver/Src/stm32wbxx_hal_dma_ex.c ****   * @param  hdma Pointer to a DMA_HandleTypeDef structure that contains
 136:Drivers/STM32WBxx_HAL_Driver/Src/stm32wbxx_hal_dma_ex.c ****   *                     the configuration information for the specified DMA channel.
 137:Drivers/STM32WBxx_HAL_Driver/Src/stm32wbxx_hal_dma_ex.c ****   * @param  pRequestGeneratorConfig Pointer to HAL_DMA_MuxRequestGeneratorConfigTypeDef :
 138:Drivers/STM32WBxx_HAL_Driver/Src/stm32wbxx_hal_dma_ex.c ****   *         contains the request generator parameters.
 139:Drivers/STM32WBxx_HAL_Driver/Src/stm32wbxx_hal_dma_ex.c ****   *
 140:Drivers/STM32WBxx_HAL_Driver/Src/stm32wbxx_hal_dma_ex.c ****   * @retval HAL status
 141:Drivers/STM32WBxx_HAL_Driver/Src/stm32wbxx_hal_dma_ex.c ****   */
 142:Drivers/STM32WBxx_HAL_Driver/Src/stm32wbxx_hal_dma_ex.c **** HAL_StatusTypeDef HAL_DMAEx_ConfigMuxRequestGenerator(DMA_HandleTypeDef *hdma,
 143:Drivers/STM32WBxx_HAL_Driver/Src/stm32wbxx_hal_dma_ex.c ****                                                       HAL_DMA_MuxRequestGeneratorConfigTypeDef *pRe
 144:Drivers/STM32WBxx_HAL_Driver/Src/stm32wbxx_hal_dma_ex.c **** {
 127              		.loc 1 144 1 is_stmt 1 view -0
 128              		.cfi_startproc
 129              		@ args = 0, pretend = 0, frame = 0
 130              		@ frame_needed = 0, uses_anonymous_args = 0
 131              		@ link register save eliminated.
 132              		.loc 1 144 1 is_stmt 0 view .LVU28
 133 0000 0246     		mov	r2, r0
 145:Drivers/STM32WBxx_HAL_Driver/Src/stm32wbxx_hal_dma_ex.c ****   /* Check the parameters */
 146:Drivers/STM32WBxx_HAL_Driver/Src/stm32wbxx_hal_dma_ex.c ****   assert_param(IS_DMA_ALL_INSTANCE(hdma->Instance));
 134              		.loc 1 146 3 is_stmt 1 view .LVU29
 147:Drivers/STM32WBxx_HAL_Driver/Src/stm32wbxx_hal_dma_ex.c **** 
 148:Drivers/STM32WBxx_HAL_Driver/Src/stm32wbxx_hal_dma_ex.c ****   assert_param(IS_DMAMUX_REQUEST_GEN_SIGNAL_ID(pRequestGeneratorConfig->SignalID));
 135              		.loc 1 148 3 view .LVU30
 149:Drivers/STM32WBxx_HAL_Driver/Src/stm32wbxx_hal_dma_ex.c ****   assert_param(IS_DMAMUX_REQUEST_GEN_POLARITY(pRequestGeneratorConfig->Polarity));
ARM GAS  C:\Users\Nathan\AppData\Local\Temp\ccjwQcPb.s 			page 6


 136              		.loc 1 149 3 view .LVU31
 150:Drivers/STM32WBxx_HAL_Driver/Src/stm32wbxx_hal_dma_ex.c ****   assert_param(IS_DMAMUX_REQUEST_GEN_REQUEST_NUMBER(pRequestGeneratorConfig->RequestNumber));
 137              		.loc 1 150 3 view .LVU32
 151:Drivers/STM32WBxx_HAL_Driver/Src/stm32wbxx_hal_dma_ex.c **** 
 152:Drivers/STM32WBxx_HAL_Driver/Src/stm32wbxx_hal_dma_ex.c ****   /* check if the DMA state is ready
 153:Drivers/STM32WBxx_HAL_Driver/Src/stm32wbxx_hal_dma_ex.c ****      and DMA is using a DMAMUX request generator block
 154:Drivers/STM32WBxx_HAL_Driver/Src/stm32wbxx_hal_dma_ex.c ****   */
 155:Drivers/STM32WBxx_HAL_Driver/Src/stm32wbxx_hal_dma_ex.c ****   if ((hdma->State == HAL_DMA_STATE_READY) && (hdma->DMAmuxRequestGen != 0U))
 138              		.loc 1 155 3 view .LVU33
 139              		.loc 1 155 12 is_stmt 0 view .LVU34
 140 0002 90F82530 		ldrb	r3, [r0, #37]	@ zero_extendqisi2
 141 0006 D8B2     		uxtb	r0, r3
 142              	.LVL8:
 143              		.loc 1 155 6 view .LVU35
 144 0008 0128     		cmp	r0, #1
 145 000a 17D1     		bne	.L13
 144:Drivers/STM32WBxx_HAL_Driver/Src/stm32wbxx_hal_dma_ex.c ****   /* Check the parameters */
 146              		.loc 1 144 1 view .LVU36
 147 000c 10B4     		push	{r4}
 148              		.cfi_def_cfa_offset 4
 149              		.cfi_offset 4, -4
 150              		.loc 1 155 52 discriminator 1 view .LVU37
 151 000e 546D     		ldr	r4, [r2, #84]
 152              		.loc 1 155 44 discriminator 1 view .LVU38
 153 0010 8CB1     		cbz	r4, .L12
 156:Drivers/STM32WBxx_HAL_Driver/Src/stm32wbxx_hal_dma_ex.c ****   {
 157:Drivers/STM32WBxx_HAL_Driver/Src/stm32wbxx_hal_dma_ex.c ****     /* Process Locked */
 158:Drivers/STM32WBxx_HAL_Driver/Src/stm32wbxx_hal_dma_ex.c ****     __HAL_LOCK(hdma);
 154              		.loc 1 158 5 is_stmt 1 view .LVU39
 155              		.loc 1 158 5 view .LVU40
 156 0012 92F82430 		ldrb	r3, [r2, #36]	@ zero_extendqisi2
 157 0016 012B     		cmp	r3, #1
 158 0018 12D0     		beq	.L14
 159              		.loc 1 158 5 discriminator 2 view .LVU41
 160 001a 0123     		movs	r3, #1
 161 001c 82F82430 		strb	r3, [r2, #36]
 162              		.loc 1 158 5 discriminator 2 view .LVU42
 159:Drivers/STM32WBxx_HAL_Driver/Src/stm32wbxx_hal_dma_ex.c **** 
 160:Drivers/STM32WBxx_HAL_Driver/Src/stm32wbxx_hal_dma_ex.c ****     /* Set the request generator new parameters*/
 161:Drivers/STM32WBxx_HAL_Driver/Src/stm32wbxx_hal_dma_ex.c ****     WRITE_REG(hdma->DMAmuxRequestGen->RGCR, (pRequestGeneratorConfig->SignalID       | \
 163              		.loc 1 161 5 view .LVU43
 164 0020 0B68     		ldr	r3, [r1]
 165 0022 4868     		ldr	r0, [r1, #4]
 166 0024 0343     		orrs	r3, r3, r0
 167 0026 8968     		ldr	r1, [r1, #8]
 168              	.LVL9:
 169              		.loc 1 161 5 is_stmt 0 view .LVU44
 170 0028 0139     		subs	r1, r1, #1
 171 002a 43EAC143 		orr	r3, r3, r1, lsl #19
 172 002e 2360     		str	r3, [r4]
 162:Drivers/STM32WBxx_HAL_Driver/Src/stm32wbxx_hal_dma_ex.c ****                                              pRequestGeneratorConfig->Polarity       | \
 163:Drivers/STM32WBxx_HAL_Driver/Src/stm32wbxx_hal_dma_ex.c ****                                              ((pRequestGeneratorConfig->RequestNumber - 1U) << DMAM
 164:Drivers/STM32WBxx_HAL_Driver/Src/stm32wbxx_hal_dma_ex.c **** 
 165:Drivers/STM32WBxx_HAL_Driver/Src/stm32wbxx_hal_dma_ex.c ****     /* Process UnLocked */
 166:Drivers/STM32WBxx_HAL_Driver/Src/stm32wbxx_hal_dma_ex.c ****     __HAL_UNLOCK(hdma);
 173              		.loc 1 166 5 is_stmt 1 view .LVU45
 174              		.loc 1 166 5 view .LVU46
ARM GAS  C:\Users\Nathan\AppData\Local\Temp\ccjwQcPb.s 			page 7


 175 0030 0020     		movs	r0, #0
 176 0032 82F82400 		strb	r0, [r2, #36]
 177              		.loc 1 166 5 view .LVU47
 167:Drivers/STM32WBxx_HAL_Driver/Src/stm32wbxx_hal_dma_ex.c **** 
 168:Drivers/STM32WBxx_HAL_Driver/Src/stm32wbxx_hal_dma_ex.c ****     return HAL_OK;
 178              		.loc 1 168 5 view .LVU48
 179              	.L12:
 169:Drivers/STM32WBxx_HAL_Driver/Src/stm32wbxx_hal_dma_ex.c ****   }
 170:Drivers/STM32WBxx_HAL_Driver/Src/stm32wbxx_hal_dma_ex.c ****   else
 171:Drivers/STM32WBxx_HAL_Driver/Src/stm32wbxx_hal_dma_ex.c ****   {
 172:Drivers/STM32WBxx_HAL_Driver/Src/stm32wbxx_hal_dma_ex.c ****     return HAL_ERROR;
 173:Drivers/STM32WBxx_HAL_Driver/Src/stm32wbxx_hal_dma_ex.c ****   }
 174:Drivers/STM32WBxx_HAL_Driver/Src/stm32wbxx_hal_dma_ex.c **** }
 180              		.loc 1 174 1 is_stmt 0 view .LVU49
 181 0036 5DF8044B 		ldr	r4, [sp], #4
 182              		.cfi_restore 4
 183              		.cfi_def_cfa_offset 0
 184 003a 7047     		bx	lr
 185              	.LVL10:
 186              	.L13:
 172:Drivers/STM32WBxx_HAL_Driver/Src/stm32wbxx_hal_dma_ex.c ****   }
 187              		.loc 1 172 12 view .LVU50
 188 003c 0120     		movs	r0, #1
 189              		.loc 1 174 1 view .LVU51
 190 003e 7047     		bx	lr
 191              	.L14:
 192              		.cfi_def_cfa_offset 4
 193              		.cfi_offset 4, -4
 158:Drivers/STM32WBxx_HAL_Driver/Src/stm32wbxx_hal_dma_ex.c **** 
 194              		.loc 1 158 5 discriminator 1 view .LVU52
 195 0040 0220     		movs	r0, #2
 196 0042 F8E7     		b	.L12
 197              		.cfi_endproc
 198              	.LFE1105:
 200              		.section	.text.HAL_DMAEx_EnableMuxRequestGenerator,"ax",%progbits
 201              		.align	1
 202              		.global	HAL_DMAEx_EnableMuxRequestGenerator
 203              		.syntax unified
 204              		.thumb
 205              		.thumb_func
 207              	HAL_DMAEx_EnableMuxRequestGenerator:
 208              	.LVL11:
 209              	.LFB1106:
 175:Drivers/STM32WBxx_HAL_Driver/Src/stm32wbxx_hal_dma_ex.c **** 
 176:Drivers/STM32WBxx_HAL_Driver/Src/stm32wbxx_hal_dma_ex.c **** /**
 177:Drivers/STM32WBxx_HAL_Driver/Src/stm32wbxx_hal_dma_ex.c ****   * @brief  Enable the DMAMUX request generator block used by the given DMA channel (instance).
 178:Drivers/STM32WBxx_HAL_Driver/Src/stm32wbxx_hal_dma_ex.c ****   * @param  hdma Pointer to a DMA_HandleTypeDef structure that contains
 179:Drivers/STM32WBxx_HAL_Driver/Src/stm32wbxx_hal_dma_ex.c ****   *                     the configuration information for the specified DMA channel.
 180:Drivers/STM32WBxx_HAL_Driver/Src/stm32wbxx_hal_dma_ex.c ****   * @retval HAL status
 181:Drivers/STM32WBxx_HAL_Driver/Src/stm32wbxx_hal_dma_ex.c ****   */
 182:Drivers/STM32WBxx_HAL_Driver/Src/stm32wbxx_hal_dma_ex.c **** HAL_StatusTypeDef HAL_DMAEx_EnableMuxRequestGenerator(DMA_HandleTypeDef *hdma)
 183:Drivers/STM32WBxx_HAL_Driver/Src/stm32wbxx_hal_dma_ex.c **** {
 210              		.loc 1 183 1 is_stmt 1 view -0
 211              		.cfi_startproc
 212              		@ args = 0, pretend = 0, frame = 0
 213              		@ frame_needed = 0, uses_anonymous_args = 0
 214              		@ link register save eliminated.
ARM GAS  C:\Users\Nathan\AppData\Local\Temp\ccjwQcPb.s 			page 8


 184:Drivers/STM32WBxx_HAL_Driver/Src/stm32wbxx_hal_dma_ex.c ****   /* Check the parameters */
 185:Drivers/STM32WBxx_HAL_Driver/Src/stm32wbxx_hal_dma_ex.c ****   assert_param(IS_DMA_ALL_INSTANCE(hdma->Instance));
 215              		.loc 1 185 3 view .LVU54
 186:Drivers/STM32WBxx_HAL_Driver/Src/stm32wbxx_hal_dma_ex.c **** 
 187:Drivers/STM32WBxx_HAL_Driver/Src/stm32wbxx_hal_dma_ex.c ****   /* check if the DMA state is ready
 188:Drivers/STM32WBxx_HAL_Driver/Src/stm32wbxx_hal_dma_ex.c ****      and DMA is using a DMAMUX request generator block
 189:Drivers/STM32WBxx_HAL_Driver/Src/stm32wbxx_hal_dma_ex.c ****   */
 190:Drivers/STM32WBxx_HAL_Driver/Src/stm32wbxx_hal_dma_ex.c ****   if ((hdma->State != HAL_DMA_STATE_RESET) && (hdma->DMAmuxRequestGen != 0U))
 216              		.loc 1 190 3 view .LVU55
 217              		.loc 1 190 12 is_stmt 0 view .LVU56
 218 0000 90F82530 		ldrb	r3, [r0, #37]	@ zero_extendqisi2
 219              		.loc 1 190 6 view .LVU57
 220 0004 3BB1     		cbz	r3, .L21
 221              		.loc 1 190 52 discriminator 1 view .LVU58
 222 0006 436D     		ldr	r3, [r0, #84]
 223              		.loc 1 190 44 discriminator 1 view .LVU59
 224 0008 3BB1     		cbz	r3, .L22
 191:Drivers/STM32WBxx_HAL_Driver/Src/stm32wbxx_hal_dma_ex.c ****   {
 192:Drivers/STM32WBxx_HAL_Driver/Src/stm32wbxx_hal_dma_ex.c ****     /* Enable the request generator*/
 193:Drivers/STM32WBxx_HAL_Driver/Src/stm32wbxx_hal_dma_ex.c ****     SET_BIT(hdma->DMAmuxRequestGen->RGCR, DMAMUX_RGxCR_GE);
 225              		.loc 1 193 5 is_stmt 1 view .LVU60
 226 000a 1A68     		ldr	r2, [r3]
 227 000c 42F48032 		orr	r2, r2, #65536
 228 0010 1A60     		str	r2, [r3]
 194:Drivers/STM32WBxx_HAL_Driver/Src/stm32wbxx_hal_dma_ex.c **** 
 195:Drivers/STM32WBxx_HAL_Driver/Src/stm32wbxx_hal_dma_ex.c ****     return HAL_OK;
 229              		.loc 1 195 5 view .LVU61
 230              		.loc 1 195 12 is_stmt 0 view .LVU62
 231 0012 0020     		movs	r0, #0
 232              	.LVL12:
 233              		.loc 1 195 12 view .LVU63
 234 0014 7047     		bx	lr
 235              	.LVL13:
 236              	.L21:
 196:Drivers/STM32WBxx_HAL_Driver/Src/stm32wbxx_hal_dma_ex.c ****   }
 197:Drivers/STM32WBxx_HAL_Driver/Src/stm32wbxx_hal_dma_ex.c ****   else
 198:Drivers/STM32WBxx_HAL_Driver/Src/stm32wbxx_hal_dma_ex.c ****   {
 199:Drivers/STM32WBxx_HAL_Driver/Src/stm32wbxx_hal_dma_ex.c ****     return HAL_ERROR;
 237              		.loc 1 199 12 view .LVU64
 238 0016 0120     		movs	r0, #1
 239              	.LVL14:
 240              		.loc 1 199 12 view .LVU65
 241 0018 7047     		bx	lr
 242              	.LVL15:
 243              	.L22:
 244              		.loc 1 199 12 view .LVU66
 245 001a 0120     		movs	r0, #1
 246              	.LVL16:
 200:Drivers/STM32WBxx_HAL_Driver/Src/stm32wbxx_hal_dma_ex.c ****   }
 201:Drivers/STM32WBxx_HAL_Driver/Src/stm32wbxx_hal_dma_ex.c **** }
 247              		.loc 1 201 1 view .LVU67
 248 001c 7047     		bx	lr
 249              		.cfi_endproc
 250              	.LFE1106:
 252              		.section	.text.HAL_DMAEx_DisableMuxRequestGenerator,"ax",%progbits
 253              		.align	1
 254              		.global	HAL_DMAEx_DisableMuxRequestGenerator
ARM GAS  C:\Users\Nathan\AppData\Local\Temp\ccjwQcPb.s 			page 9


 255              		.syntax unified
 256              		.thumb
 257              		.thumb_func
 259              	HAL_DMAEx_DisableMuxRequestGenerator:
 260              	.LVL17:
 261              	.LFB1107:
 202:Drivers/STM32WBxx_HAL_Driver/Src/stm32wbxx_hal_dma_ex.c **** 
 203:Drivers/STM32WBxx_HAL_Driver/Src/stm32wbxx_hal_dma_ex.c **** /**
 204:Drivers/STM32WBxx_HAL_Driver/Src/stm32wbxx_hal_dma_ex.c ****   * @brief  Disable the DMAMUX request generator block used by the given DMA channel (instance).
 205:Drivers/STM32WBxx_HAL_Driver/Src/stm32wbxx_hal_dma_ex.c ****   * @param  hdma Pointer to a DMA_HandleTypeDef structure that contains
 206:Drivers/STM32WBxx_HAL_Driver/Src/stm32wbxx_hal_dma_ex.c ****   *                     the configuration information for the specified DMA channel.
 207:Drivers/STM32WBxx_HAL_Driver/Src/stm32wbxx_hal_dma_ex.c ****   * @retval HAL status
 208:Drivers/STM32WBxx_HAL_Driver/Src/stm32wbxx_hal_dma_ex.c ****   */
 209:Drivers/STM32WBxx_HAL_Driver/Src/stm32wbxx_hal_dma_ex.c **** HAL_StatusTypeDef HAL_DMAEx_DisableMuxRequestGenerator(DMA_HandleTypeDef *hdma)
 210:Drivers/STM32WBxx_HAL_Driver/Src/stm32wbxx_hal_dma_ex.c **** {
 262              		.loc 1 210 1 is_stmt 1 view -0
 263              		.cfi_startproc
 264              		@ args = 0, pretend = 0, frame = 0
 265              		@ frame_needed = 0, uses_anonymous_args = 0
 266              		@ link register save eliminated.
 211:Drivers/STM32WBxx_HAL_Driver/Src/stm32wbxx_hal_dma_ex.c ****   /* Check the parameters */
 212:Drivers/STM32WBxx_HAL_Driver/Src/stm32wbxx_hal_dma_ex.c ****   assert_param(IS_DMA_ALL_INSTANCE(hdma->Instance));
 267              		.loc 1 212 3 view .LVU69
 213:Drivers/STM32WBxx_HAL_Driver/Src/stm32wbxx_hal_dma_ex.c **** 
 214:Drivers/STM32WBxx_HAL_Driver/Src/stm32wbxx_hal_dma_ex.c ****   /* check if the DMA state is ready
 215:Drivers/STM32WBxx_HAL_Driver/Src/stm32wbxx_hal_dma_ex.c ****      and DMA is using a DMAMUX request generator block
 216:Drivers/STM32WBxx_HAL_Driver/Src/stm32wbxx_hal_dma_ex.c ****   */
 217:Drivers/STM32WBxx_HAL_Driver/Src/stm32wbxx_hal_dma_ex.c ****   if ((hdma->State != HAL_DMA_STATE_RESET) && (hdma->DMAmuxRequestGen != 0))
 268              		.loc 1 217 3 view .LVU70
 269              		.loc 1 217 12 is_stmt 0 view .LVU71
 270 0000 90F82530 		ldrb	r3, [r0, #37]	@ zero_extendqisi2
 271              		.loc 1 217 6 view .LVU72
 272 0004 3BB1     		cbz	r3, .L25
 273              		.loc 1 217 52 discriminator 1 view .LVU73
 274 0006 436D     		ldr	r3, [r0, #84]
 275              		.loc 1 217 44 discriminator 1 view .LVU74
 276 0008 3BB1     		cbz	r3, .L26
 218:Drivers/STM32WBxx_HAL_Driver/Src/stm32wbxx_hal_dma_ex.c ****   {
 219:Drivers/STM32WBxx_HAL_Driver/Src/stm32wbxx_hal_dma_ex.c ****     /* Disable the request generator*/
 220:Drivers/STM32WBxx_HAL_Driver/Src/stm32wbxx_hal_dma_ex.c ****     CLEAR_BIT(hdma->DMAmuxRequestGen->RGCR, DMAMUX_RGxCR_GE);
 277              		.loc 1 220 5 is_stmt 1 view .LVU75
 278 000a 1A68     		ldr	r2, [r3]
 279 000c 22F48032 		bic	r2, r2, #65536
 280 0010 1A60     		str	r2, [r3]
 221:Drivers/STM32WBxx_HAL_Driver/Src/stm32wbxx_hal_dma_ex.c **** 
 222:Drivers/STM32WBxx_HAL_Driver/Src/stm32wbxx_hal_dma_ex.c ****     return HAL_OK;
 281              		.loc 1 222 5 view .LVU76
 282              		.loc 1 222 12 is_stmt 0 view .LVU77
 283 0012 0020     		movs	r0, #0
 284              	.LVL18:
 285              		.loc 1 222 12 view .LVU78
 286 0014 7047     		bx	lr
 287              	.LVL19:
 288              	.L25:
 223:Drivers/STM32WBxx_HAL_Driver/Src/stm32wbxx_hal_dma_ex.c ****   }
 224:Drivers/STM32WBxx_HAL_Driver/Src/stm32wbxx_hal_dma_ex.c ****   else
 225:Drivers/STM32WBxx_HAL_Driver/Src/stm32wbxx_hal_dma_ex.c ****   {
ARM GAS  C:\Users\Nathan\AppData\Local\Temp\ccjwQcPb.s 			page 10


 226:Drivers/STM32WBxx_HAL_Driver/Src/stm32wbxx_hal_dma_ex.c ****     return HAL_ERROR;
 289              		.loc 1 226 12 view .LVU79
 290 0016 0120     		movs	r0, #1
 291              	.LVL20:
 292              		.loc 1 226 12 view .LVU80
 293 0018 7047     		bx	lr
 294              	.LVL21:
 295              	.L26:
 296              		.loc 1 226 12 view .LVU81
 297 001a 0120     		movs	r0, #1
 298              	.LVL22:
 227:Drivers/STM32WBxx_HAL_Driver/Src/stm32wbxx_hal_dma_ex.c ****   }
 228:Drivers/STM32WBxx_HAL_Driver/Src/stm32wbxx_hal_dma_ex.c **** }
 299              		.loc 1 228 1 view .LVU82
 300 001c 7047     		bx	lr
 301              		.cfi_endproc
 302              	.LFE1107:
 304              		.section	.text.HAL_DMAEx_MUX_IRQHandler,"ax",%progbits
 305              		.align	1
 306              		.global	HAL_DMAEx_MUX_IRQHandler
 307              		.syntax unified
 308              		.thumb
 309              		.thumb_func
 311              	HAL_DMAEx_MUX_IRQHandler:
 312              	.LVL23:
 313              	.LFB1108:
 229:Drivers/STM32WBxx_HAL_Driver/Src/stm32wbxx_hal_dma_ex.c **** 
 230:Drivers/STM32WBxx_HAL_Driver/Src/stm32wbxx_hal_dma_ex.c **** /**
 231:Drivers/STM32WBxx_HAL_Driver/Src/stm32wbxx_hal_dma_ex.c ****   * @brief  Handles DMAMUX interrupt request.
 232:Drivers/STM32WBxx_HAL_Driver/Src/stm32wbxx_hal_dma_ex.c ****   * @param  hdma Pointer to a DMA_HandleTypeDef structure that contains
 233:Drivers/STM32WBxx_HAL_Driver/Src/stm32wbxx_hal_dma_ex.c ****   *               the configuration information for the specified DMA channel.
 234:Drivers/STM32WBxx_HAL_Driver/Src/stm32wbxx_hal_dma_ex.c ****   * @retval None
 235:Drivers/STM32WBxx_HAL_Driver/Src/stm32wbxx_hal_dma_ex.c ****   */
 236:Drivers/STM32WBxx_HAL_Driver/Src/stm32wbxx_hal_dma_ex.c **** void HAL_DMAEx_MUX_IRQHandler(DMA_HandleTypeDef *hdma)
 237:Drivers/STM32WBxx_HAL_Driver/Src/stm32wbxx_hal_dma_ex.c **** {
 314              		.loc 1 237 1 is_stmt 1 view -0
 315              		.cfi_startproc
 316              		@ args = 0, pretend = 0, frame = 0
 317              		@ frame_needed = 0, uses_anonymous_args = 0
 318              		.loc 1 237 1 is_stmt 0 view .LVU84
 319 0000 10B5     		push	{r4, lr}
 320              		.cfi_def_cfa_offset 8
 321              		.cfi_offset 4, -8
 322              		.cfi_offset 14, -4
 323 0002 0446     		mov	r4, r0
 238:Drivers/STM32WBxx_HAL_Driver/Src/stm32wbxx_hal_dma_ex.c ****   /* Check for DMAMUX Synchronization overrun */
 239:Drivers/STM32WBxx_HAL_Driver/Src/stm32wbxx_hal_dma_ex.c ****   if ((hdma->DMAmuxChannelStatus->CSR & hdma->DMAmuxChannelStatusMask) != 0U)
 324              		.loc 1 239 3 is_stmt 1 view .LVU85
 325              		.loc 1 239 12 is_stmt 0 view .LVU86
 326 0004 C36C     		ldr	r3, [r0, #76]
 327              		.loc 1 239 33 view .LVU87
 328 0006 1A68     		ldr	r2, [r3]
 329              		.loc 1 239 45 view .LVU88
 330 0008 036D     		ldr	r3, [r0, #80]
 331              		.loc 1 239 6 view .LVU89
 332 000a 1A42     		tst	r2, r3
 333 000c 0ED0     		beq	.L28
ARM GAS  C:\Users\Nathan\AppData\Local\Temp\ccjwQcPb.s 			page 11


 240:Drivers/STM32WBxx_HAL_Driver/Src/stm32wbxx_hal_dma_ex.c ****   {
 241:Drivers/STM32WBxx_HAL_Driver/Src/stm32wbxx_hal_dma_ex.c ****     /* Disable the synchro overrun interrupt */
 242:Drivers/STM32WBxx_HAL_Driver/Src/stm32wbxx_hal_dma_ex.c ****     CLEAR_BIT(hdma->DMAmuxChannel->CCR, DMAMUX_CxCR_SOIE);
 334              		.loc 1 242 5 is_stmt 1 view .LVU90
 335 000e 826C     		ldr	r2, [r0, #72]
 336 0010 1368     		ldr	r3, [r2]
 337 0012 23F48073 		bic	r3, r3, #256
 338 0016 1360     		str	r3, [r2]
 243:Drivers/STM32WBxx_HAL_Driver/Src/stm32wbxx_hal_dma_ex.c **** 
 244:Drivers/STM32WBxx_HAL_Driver/Src/stm32wbxx_hal_dma_ex.c ****     /* Clear the DMAMUX synchro overrun flag */
 245:Drivers/STM32WBxx_HAL_Driver/Src/stm32wbxx_hal_dma_ex.c ****     WRITE_REG(hdma->DMAmuxChannelStatus->CFR, hdma->DMAmuxChannelStatusMask);
 339              		.loc 1 245 5 view .LVU91
 340 0018 C36C     		ldr	r3, [r0, #76]
 341 001a 026D     		ldr	r2, [r0, #80]
 342 001c 5A60     		str	r2, [r3, #4]
 246:Drivers/STM32WBxx_HAL_Driver/Src/stm32wbxx_hal_dma_ex.c **** 
 247:Drivers/STM32WBxx_HAL_Driver/Src/stm32wbxx_hal_dma_ex.c ****     /* Update error code */
 248:Drivers/STM32WBxx_HAL_Driver/Src/stm32wbxx_hal_dma_ex.c ****     hdma->ErrorCode |= HAL_DMA_ERROR_SYNC;
 343              		.loc 1 248 5 view .LVU92
 344              		.loc 1 248 9 is_stmt 0 view .LVU93
 345 001e C36B     		ldr	r3, [r0, #60]
 346              		.loc 1 248 21 view .LVU94
 347 0020 43F40073 		orr	r3, r3, #512
 348 0024 C363     		str	r3, [r0, #60]
 249:Drivers/STM32WBxx_HAL_Driver/Src/stm32wbxx_hal_dma_ex.c **** 
 250:Drivers/STM32WBxx_HAL_Driver/Src/stm32wbxx_hal_dma_ex.c ****     if (hdma->XferErrorCallback != NULL)
 349              		.loc 1 250 5 is_stmt 1 view .LVU95
 350              		.loc 1 250 13 is_stmt 0 view .LVU96
 351 0026 436B     		ldr	r3, [r0, #52]
 352              		.loc 1 250 8 view .LVU97
 353 0028 03B1     		cbz	r3, .L28
 251:Drivers/STM32WBxx_HAL_Driver/Src/stm32wbxx_hal_dma_ex.c ****     {
 252:Drivers/STM32WBxx_HAL_Driver/Src/stm32wbxx_hal_dma_ex.c ****       /* Transfer error callback */
 253:Drivers/STM32WBxx_HAL_Driver/Src/stm32wbxx_hal_dma_ex.c ****       hdma->XferErrorCallback(hdma);
 354              		.loc 1 253 7 is_stmt 1 view .LVU98
 355 002a 9847     		blx	r3
 356              	.LVL24:
 357              	.L28:
 254:Drivers/STM32WBxx_HAL_Driver/Src/stm32wbxx_hal_dma_ex.c ****     }
 255:Drivers/STM32WBxx_HAL_Driver/Src/stm32wbxx_hal_dma_ex.c ****   }
 256:Drivers/STM32WBxx_HAL_Driver/Src/stm32wbxx_hal_dma_ex.c **** 
 257:Drivers/STM32WBxx_HAL_Driver/Src/stm32wbxx_hal_dma_ex.c ****   if (hdma->DMAmuxRequestGen != 0U)
 358              		.loc 1 257 3 view .LVU99
 359              		.loc 1 257 11 is_stmt 0 view .LVU100
 360 002c 636D     		ldr	r3, [r4, #84]
 361              		.loc 1 257 6 view .LVU101
 362 002e 9BB1     		cbz	r3, .L27
 258:Drivers/STM32WBxx_HAL_Driver/Src/stm32wbxx_hal_dma_ex.c ****   {
 259:Drivers/STM32WBxx_HAL_Driver/Src/stm32wbxx_hal_dma_ex.c ****     /* if using a DMAMUX request generator block Check for DMAMUX request generator overrun */
 260:Drivers/STM32WBxx_HAL_Driver/Src/stm32wbxx_hal_dma_ex.c ****     if ((hdma->DMAmuxRequestGenStatus->RGSR & hdma->DMAmuxRequestGenStatusMask) != 0U)
 363              		.loc 1 260 5 is_stmt 1 view .LVU102
 364              		.loc 1 260 14 is_stmt 0 view .LVU103
 365 0030 A26D     		ldr	r2, [r4, #88]
 366              		.loc 1 260 38 view .LVU104
 367 0032 1168     		ldr	r1, [r2]
 368              		.loc 1 260 51 view .LVU105
 369 0034 E26D     		ldr	r2, [r4, #92]
ARM GAS  C:\Users\Nathan\AppData\Local\Temp\ccjwQcPb.s 			page 12


 370              		.loc 1 260 8 view .LVU106
 371 0036 1142     		tst	r1, r2
 372 0038 0ED0     		beq	.L27
 261:Drivers/STM32WBxx_HAL_Driver/Src/stm32wbxx_hal_dma_ex.c ****     {
 262:Drivers/STM32WBxx_HAL_Driver/Src/stm32wbxx_hal_dma_ex.c ****       /* Disable the request gen overrun interrupt */
 263:Drivers/STM32WBxx_HAL_Driver/Src/stm32wbxx_hal_dma_ex.c ****       CLEAR_BIT(hdma->DMAmuxRequestGen->RGCR, DMAMUX_RGxCR_OIE);
 373              		.loc 1 263 7 is_stmt 1 view .LVU107
 374 003a 1A68     		ldr	r2, [r3]
 375 003c 22F48072 		bic	r2, r2, #256
 376 0040 1A60     		str	r2, [r3]
 264:Drivers/STM32WBxx_HAL_Driver/Src/stm32wbxx_hal_dma_ex.c **** 
 265:Drivers/STM32WBxx_HAL_Driver/Src/stm32wbxx_hal_dma_ex.c ****       /* Clear the DMAMUX request generator overrun flag */
 266:Drivers/STM32WBxx_HAL_Driver/Src/stm32wbxx_hal_dma_ex.c ****       WRITE_REG(hdma->DMAmuxRequestGenStatus->RGCFR, hdma->DMAmuxRequestGenStatusMask);
 377              		.loc 1 266 7 view .LVU108
 378 0042 A36D     		ldr	r3, [r4, #88]
 379 0044 E26D     		ldr	r2, [r4, #92]
 380 0046 5A60     		str	r2, [r3, #4]
 267:Drivers/STM32WBxx_HAL_Driver/Src/stm32wbxx_hal_dma_ex.c **** 
 268:Drivers/STM32WBxx_HAL_Driver/Src/stm32wbxx_hal_dma_ex.c ****       /* Update error code */
 269:Drivers/STM32WBxx_HAL_Driver/Src/stm32wbxx_hal_dma_ex.c ****       hdma->ErrorCode |= HAL_DMA_ERROR_REQGEN;
 381              		.loc 1 269 7 view .LVU109
 382              		.loc 1 269 11 is_stmt 0 view .LVU110
 383 0048 E36B     		ldr	r3, [r4, #60]
 384              		.loc 1 269 23 view .LVU111
 385 004a 43F48063 		orr	r3, r3, #1024
 386 004e E363     		str	r3, [r4, #60]
 270:Drivers/STM32WBxx_HAL_Driver/Src/stm32wbxx_hal_dma_ex.c **** 
 271:Drivers/STM32WBxx_HAL_Driver/Src/stm32wbxx_hal_dma_ex.c ****       if (hdma->XferErrorCallback != NULL)
 387              		.loc 1 271 7 is_stmt 1 view .LVU112
 388              		.loc 1 271 15 is_stmt 0 view .LVU113
 389 0050 636B     		ldr	r3, [r4, #52]
 390              		.loc 1 271 10 view .LVU114
 391 0052 0BB1     		cbz	r3, .L27
 272:Drivers/STM32WBxx_HAL_Driver/Src/stm32wbxx_hal_dma_ex.c ****       {
 273:Drivers/STM32WBxx_HAL_Driver/Src/stm32wbxx_hal_dma_ex.c ****         /* Transfer error callback */
 274:Drivers/STM32WBxx_HAL_Driver/Src/stm32wbxx_hal_dma_ex.c ****         hdma->XferErrorCallback(hdma);
 392              		.loc 1 274 9 is_stmt 1 view .LVU115
 393 0054 2046     		mov	r0, r4
 394 0056 9847     		blx	r3
 395              	.LVL25:
 396              	.L27:
 275:Drivers/STM32WBxx_HAL_Driver/Src/stm32wbxx_hal_dma_ex.c ****       }
 276:Drivers/STM32WBxx_HAL_Driver/Src/stm32wbxx_hal_dma_ex.c ****     }
 277:Drivers/STM32WBxx_HAL_Driver/Src/stm32wbxx_hal_dma_ex.c ****   }
 278:Drivers/STM32WBxx_HAL_Driver/Src/stm32wbxx_hal_dma_ex.c **** }
 397              		.loc 1 278 1 is_stmt 0 view .LVU116
 398 0058 10BD     		pop	{r4, pc}
 399              		.loc 1 278 1 view .LVU117
 400              		.cfi_endproc
 401              	.LFE1108:
 403              		.text
 404              	.Letext0:
 405              		.file 2 "C:/PROGRAM FILES (X86)/ARM GNU TOOLCHAIN ARM-NONE-EABI/13.3 REL1/arm-none-eabi/include/ma
 406              		.file 3 "C:/PROGRAM FILES (X86)/ARM GNU TOOLCHAIN ARM-NONE-EABI/13.3 REL1/arm-none-eabi/include/sy
 407              		.file 4 "Drivers/CMSIS/Device/ST/STM32WBxx/Include/stm32wb55xx.h"
 408              		.file 5 "Drivers/CMSIS/Device/ST/STM32WBxx/Include/stm32wbxx.h"
 409              		.file 6 "Drivers/STM32WBxx_HAL_Driver/Inc/stm32wbxx_hal_def.h"
ARM GAS  C:\Users\Nathan\AppData\Local\Temp\ccjwQcPb.s 			page 13


 410              		.file 7 "Drivers/STM32WBxx_HAL_Driver/Inc/stm32wbxx_hal_dma.h"
 411              		.file 8 "Drivers/STM32WBxx_HAL_Driver/Inc/stm32wbxx_hal_dma_ex.h"
ARM GAS  C:\Users\Nathan\AppData\Local\Temp\ccjwQcPb.s 			page 14


DEFINED SYMBOLS
                            *ABS*:00000000 stm32wbxx_hal_dma_ex.c
C:\Users\Nathan\AppData\Local\Temp\ccjwQcPb.s:21     .text.HAL_DMAEx_ConfigMuxSync:00000000 $t
C:\Users\Nathan\AppData\Local\Temp\ccjwQcPb.s:27     .text.HAL_DMAEx_ConfigMuxSync:00000000 HAL_DMAEx_ConfigMuxSync
C:\Users\Nathan\AppData\Local\Temp\ccjwQcPb.s:113    .text.HAL_DMAEx_ConfigMuxSync:00000058 $d
C:\Users\Nathan\AppData\Local\Temp\ccjwQcPb.s:118    .text.HAL_DMAEx_ConfigMuxRequestGenerator:00000000 $t
C:\Users\Nathan\AppData\Local\Temp\ccjwQcPb.s:124    .text.HAL_DMAEx_ConfigMuxRequestGenerator:00000000 HAL_DMAEx_ConfigMuxRequestGenerator
C:\Users\Nathan\AppData\Local\Temp\ccjwQcPb.s:201    .text.HAL_DMAEx_EnableMuxRequestGenerator:00000000 $t
C:\Users\Nathan\AppData\Local\Temp\ccjwQcPb.s:207    .text.HAL_DMAEx_EnableMuxRequestGenerator:00000000 HAL_DMAEx_EnableMuxRequestGenerator
C:\Users\Nathan\AppData\Local\Temp\ccjwQcPb.s:253    .text.HAL_DMAEx_DisableMuxRequestGenerator:00000000 $t
C:\Users\Nathan\AppData\Local\Temp\ccjwQcPb.s:259    .text.HAL_DMAEx_DisableMuxRequestGenerator:00000000 HAL_DMAEx_DisableMuxRequestGenerator
C:\Users\Nathan\AppData\Local\Temp\ccjwQcPb.s:305    .text.HAL_DMAEx_MUX_IRQHandler:00000000 $t
C:\Users\Nathan\AppData\Local\Temp\ccjwQcPb.s:311    .text.HAL_DMAEx_MUX_IRQHandler:00000000 HAL_DMAEx_MUX_IRQHandler

NO UNDEFINED SYMBOLS
