ARM GAS  C:\Users\Nathan\AppData\Local\Temp\ccv9hsr1.s 			page 1


   1              		.cpu cortex-m4
   2              		.arch armv7e-m
   3              		.fpu fpv4-sp-d16
   4              		.eabi_attribute 27, 1
   5              		.eabi_attribute 28, 1
   6              		.eabi_attribute 20, 1
   7              		.eabi_attribute 21, 1
   8              		.eabi_attribute 23, 3
   9              		.eabi_attribute 24, 1
  10              		.eabi_attribute 25, 1
  11              		.eabi_attribute 26, 1
  12              		.eabi_attribute 30, 1
  13              		.eabi_attribute 34, 1
  14              		.eabi_attribute 18, 4
  15              		.file	"stm32wbxx_it.c"
  16              		.text
  17              	.Ltext0:
  18              		.cfi_sections	.debug_frame
  19              		.file 1 "Core/Src/stm32wbxx_it.c"
  20              		.section	.text.NMI_Handler,"ax",%progbits
  21              		.align	1
  22              		.global	NMI_Handler
  23              		.syntax unified
  24              		.thumb
  25              		.thumb_func
  27              	NMI_Handler:
  28              	.LFB1415:
   1:Core/Src/stm32wbxx_it.c **** /* USER CODE BEGIN Header */
   2:Core/Src/stm32wbxx_it.c **** /**
   3:Core/Src/stm32wbxx_it.c ****   ******************************************************************************
   4:Core/Src/stm32wbxx_it.c ****   * @file    stm32wbxx_it.c
   5:Core/Src/stm32wbxx_it.c ****   * @brief   Interrupt Service Routines.
   6:Core/Src/stm32wbxx_it.c ****   ******************************************************************************
   7:Core/Src/stm32wbxx_it.c ****   * @attention
   8:Core/Src/stm32wbxx_it.c ****   *
   9:Core/Src/stm32wbxx_it.c ****   * Copyright (c) 2025 STMicroelectronics.
  10:Core/Src/stm32wbxx_it.c ****   * All rights reserved.
  11:Core/Src/stm32wbxx_it.c ****   *
  12:Core/Src/stm32wbxx_it.c ****   * This software is licensed under terms that can be found in the LICENSE file
  13:Core/Src/stm32wbxx_it.c ****   * in the root directory of this software component.
  14:Core/Src/stm32wbxx_it.c ****   * If no LICENSE file comes with this software, it is provided AS-IS.
  15:Core/Src/stm32wbxx_it.c ****   *
  16:Core/Src/stm32wbxx_it.c ****   ******************************************************************************
  17:Core/Src/stm32wbxx_it.c ****   */
  18:Core/Src/stm32wbxx_it.c **** /* USER CODE END Header */
  19:Core/Src/stm32wbxx_it.c **** 
  20:Core/Src/stm32wbxx_it.c **** /* Includes ------------------------------------------------------------------*/
  21:Core/Src/stm32wbxx_it.c **** #include "main.h"
  22:Core/Src/stm32wbxx_it.c **** #include "stm32wbxx_it.h"
  23:Core/Src/stm32wbxx_it.c **** /* Private includes ----------------------------------------------------------*/
  24:Core/Src/stm32wbxx_it.c **** /* USER CODE BEGIN Includes */
  25:Core/Src/stm32wbxx_it.c **** /* USER CODE END Includes */
  26:Core/Src/stm32wbxx_it.c **** 
  27:Core/Src/stm32wbxx_it.c **** /* Private typedef -----------------------------------------------------------*/
  28:Core/Src/stm32wbxx_it.c **** /* USER CODE BEGIN TD */
  29:Core/Src/stm32wbxx_it.c **** 
  30:Core/Src/stm32wbxx_it.c **** /* USER CODE END TD */
ARM GAS  C:\Users\Nathan\AppData\Local\Temp\ccv9hsr1.s 			page 2


  31:Core/Src/stm32wbxx_it.c **** 
  32:Core/Src/stm32wbxx_it.c **** /* Private define ------------------------------------------------------------*/
  33:Core/Src/stm32wbxx_it.c **** /* USER CODE BEGIN PD */
  34:Core/Src/stm32wbxx_it.c **** 
  35:Core/Src/stm32wbxx_it.c **** /* USER CODE END PD */
  36:Core/Src/stm32wbxx_it.c **** 
  37:Core/Src/stm32wbxx_it.c **** /* Private macro -------------------------------------------------------------*/
  38:Core/Src/stm32wbxx_it.c **** /* USER CODE BEGIN PM */
  39:Core/Src/stm32wbxx_it.c **** 
  40:Core/Src/stm32wbxx_it.c **** /* USER CODE END PM */
  41:Core/Src/stm32wbxx_it.c **** 
  42:Core/Src/stm32wbxx_it.c **** /* Private variables ---------------------------------------------------------*/
  43:Core/Src/stm32wbxx_it.c **** /* USER CODE BEGIN PV */
  44:Core/Src/stm32wbxx_it.c **** 
  45:Core/Src/stm32wbxx_it.c **** /* USER CODE END PV */
  46:Core/Src/stm32wbxx_it.c **** 
  47:Core/Src/stm32wbxx_it.c **** /* Private function prototypes -----------------------------------------------*/
  48:Core/Src/stm32wbxx_it.c **** /* USER CODE BEGIN PFP */
  49:Core/Src/stm32wbxx_it.c **** 
  50:Core/Src/stm32wbxx_it.c **** /* USER CODE END PFP */
  51:Core/Src/stm32wbxx_it.c **** 
  52:Core/Src/stm32wbxx_it.c **** /* Private user code ---------------------------------------------------------*/
  53:Core/Src/stm32wbxx_it.c **** /* USER CODE BEGIN 0 */
  54:Core/Src/stm32wbxx_it.c **** 
  55:Core/Src/stm32wbxx_it.c **** /* USER CODE END 0 */
  56:Core/Src/stm32wbxx_it.c **** 
  57:Core/Src/stm32wbxx_it.c **** /* External variables --------------------------------------------------------*/
  58:Core/Src/stm32wbxx_it.c **** extern PCD_HandleTypeDef hpcd_USB_FS;
  59:Core/Src/stm32wbxx_it.c **** extern IPCC_HandleTypeDef hipcc;
  60:Core/Src/stm32wbxx_it.c **** extern RTC_HandleTypeDef hrtc;
  61:Core/Src/stm32wbxx_it.c **** extern TIM_HandleTypeDef htim1;
  62:Core/Src/stm32wbxx_it.c **** extern TIM_HandleTypeDef htim16;
  63:Core/Src/stm32wbxx_it.c **** /* USER CODE BEGIN EV */
  64:Core/Src/stm32wbxx_it.c **** 
  65:Core/Src/stm32wbxx_it.c **** /* USER CODE END EV */
  66:Core/Src/stm32wbxx_it.c **** 
  67:Core/Src/stm32wbxx_it.c **** /******************************************************************************/
  68:Core/Src/stm32wbxx_it.c **** /*           Cortex Processor Interruption and Exception Handlers          */
  69:Core/Src/stm32wbxx_it.c **** /******************************************************************************/
  70:Core/Src/stm32wbxx_it.c **** /**
  71:Core/Src/stm32wbxx_it.c ****   * @brief This function handles Non maskable interrupt.
  72:Core/Src/stm32wbxx_it.c ****   */
  73:Core/Src/stm32wbxx_it.c **** void NMI_Handler(void)
  74:Core/Src/stm32wbxx_it.c **** {
  29              		.loc 1 74 1 view -0
  30              		.cfi_startproc
  31              		@ Volatile: function does not return.
  32              		@ args = 0, pretend = 0, frame = 0
  33              		@ frame_needed = 0, uses_anonymous_args = 0
  34              		@ link register save eliminated.
  35              	.L2:
  75:Core/Src/stm32wbxx_it.c ****   /* USER CODE BEGIN NonMaskableInt_IRQn 0 */
  76:Core/Src/stm32wbxx_it.c **** 
  77:Core/Src/stm32wbxx_it.c ****   /* USER CODE END NonMaskableInt_IRQn 0 */
  78:Core/Src/stm32wbxx_it.c ****   /* USER CODE BEGIN NonMaskableInt_IRQn 1 */
  79:Core/Src/stm32wbxx_it.c ****    while (1)
  36              		.loc 1 79 4 view .LVU1
ARM GAS  C:\Users\Nathan\AppData\Local\Temp\ccv9hsr1.s 			page 3


  80:Core/Src/stm32wbxx_it.c ****   {
  81:Core/Src/stm32wbxx_it.c ****   }
  37              		.loc 1 81 3 view .LVU2
  79:Core/Src/stm32wbxx_it.c ****   {
  38              		.loc 1 79 10 view .LVU3
  39 0000 FEE7     		b	.L2
  40              		.cfi_endproc
  41              	.LFE1415:
  43              		.section	.text.HardFault_Handler,"ax",%progbits
  44              		.align	1
  45              		.global	HardFault_Handler
  46              		.syntax unified
  47              		.thumb
  48              		.thumb_func
  50              	HardFault_Handler:
  51              	.LFB1416:
  82:Core/Src/stm32wbxx_it.c ****   /* USER CODE END NonMaskableInt_IRQn 1 */
  83:Core/Src/stm32wbxx_it.c **** }
  84:Core/Src/stm32wbxx_it.c **** 
  85:Core/Src/stm32wbxx_it.c **** /**
  86:Core/Src/stm32wbxx_it.c ****   * @brief This function handles Hard fault interrupt.
  87:Core/Src/stm32wbxx_it.c ****   */
  88:Core/Src/stm32wbxx_it.c **** void HardFault_Handler(void)
  89:Core/Src/stm32wbxx_it.c **** {
  52              		.loc 1 89 1 view -0
  53              		.cfi_startproc
  54              		@ Volatile: function does not return.
  55              		@ args = 0, pretend = 0, frame = 0
  56              		@ frame_needed = 0, uses_anonymous_args = 0
  57              		@ link register save eliminated.
  58              	.L4:
  90:Core/Src/stm32wbxx_it.c ****   /* USER CODE BEGIN HardFault_IRQn 0 */
  91:Core/Src/stm32wbxx_it.c **** 
  92:Core/Src/stm32wbxx_it.c ****   /* USER CODE END HardFault_IRQn 0 */
  93:Core/Src/stm32wbxx_it.c ****   while (1)
  59              		.loc 1 93 3 view .LVU5
  94:Core/Src/stm32wbxx_it.c ****   {
  95:Core/Src/stm32wbxx_it.c ****     /* USER CODE BEGIN W1_HardFault_IRQn 0 */
  96:Core/Src/stm32wbxx_it.c ****     /* USER CODE END W1_HardFault_IRQn 0 */
  97:Core/Src/stm32wbxx_it.c ****   }
  60              		.loc 1 97 3 view .LVU6
  93:Core/Src/stm32wbxx_it.c ****   {
  61              		.loc 1 93 9 view .LVU7
  62 0000 FEE7     		b	.L4
  63              		.cfi_endproc
  64              	.LFE1416:
  66              		.section	.text.MemManage_Handler,"ax",%progbits
  67              		.align	1
  68              		.global	MemManage_Handler
  69              		.syntax unified
  70              		.thumb
  71              		.thumb_func
  73              	MemManage_Handler:
  74              	.LFB1417:
  98:Core/Src/stm32wbxx_it.c **** }
  99:Core/Src/stm32wbxx_it.c **** 
 100:Core/Src/stm32wbxx_it.c **** /**
ARM GAS  C:\Users\Nathan\AppData\Local\Temp\ccv9hsr1.s 			page 4


 101:Core/Src/stm32wbxx_it.c ****   * @brief This function handles Memory management fault.
 102:Core/Src/stm32wbxx_it.c ****   */
 103:Core/Src/stm32wbxx_it.c **** void MemManage_Handler(void)
 104:Core/Src/stm32wbxx_it.c **** {
  75              		.loc 1 104 1 view -0
  76              		.cfi_startproc
  77              		@ Volatile: function does not return.
  78              		@ args = 0, pretend = 0, frame = 0
  79              		@ frame_needed = 0, uses_anonymous_args = 0
  80              		@ link register save eliminated.
  81              	.L6:
 105:Core/Src/stm32wbxx_it.c ****   /* USER CODE BEGIN MemoryManagement_IRQn 0 */
 106:Core/Src/stm32wbxx_it.c **** 
 107:Core/Src/stm32wbxx_it.c ****   /* USER CODE END MemoryManagement_IRQn 0 */
 108:Core/Src/stm32wbxx_it.c ****   while (1)
  82              		.loc 1 108 3 view .LVU9
 109:Core/Src/stm32wbxx_it.c ****   {
 110:Core/Src/stm32wbxx_it.c ****     /* USER CODE BEGIN W1_MemoryManagement_IRQn 0 */
 111:Core/Src/stm32wbxx_it.c ****     /* USER CODE END W1_MemoryManagement_IRQn 0 */
 112:Core/Src/stm32wbxx_it.c ****   }
  83              		.loc 1 112 3 view .LVU10
 108:Core/Src/stm32wbxx_it.c ****   {
  84              		.loc 1 108 9 view .LVU11
  85 0000 FEE7     		b	.L6
  86              		.cfi_endproc
  87              	.LFE1417:
  89              		.section	.text.BusFault_Handler,"ax",%progbits
  90              		.align	1
  91              		.global	BusFault_Handler
  92              		.syntax unified
  93              		.thumb
  94              		.thumb_func
  96              	BusFault_Handler:
  97              	.LFB1418:
 113:Core/Src/stm32wbxx_it.c **** }
 114:Core/Src/stm32wbxx_it.c **** 
 115:Core/Src/stm32wbxx_it.c **** /**
 116:Core/Src/stm32wbxx_it.c ****   * @brief This function handles Prefetch fault, memory access fault.
 117:Core/Src/stm32wbxx_it.c ****   */
 118:Core/Src/stm32wbxx_it.c **** void BusFault_Handler(void)
 119:Core/Src/stm32wbxx_it.c **** {
  98              		.loc 1 119 1 view -0
  99              		.cfi_startproc
 100              		@ Volatile: function does not return.
 101              		@ args = 0, pretend = 0, frame = 0
 102              		@ frame_needed = 0, uses_anonymous_args = 0
 103              		@ link register save eliminated.
 104              	.L8:
 120:Core/Src/stm32wbxx_it.c ****   /* USER CODE BEGIN BusFault_IRQn 0 */
 121:Core/Src/stm32wbxx_it.c **** 
 122:Core/Src/stm32wbxx_it.c ****   /* USER CODE END BusFault_IRQn 0 */
 123:Core/Src/stm32wbxx_it.c ****   while (1)
 105              		.loc 1 123 3 view .LVU13
 124:Core/Src/stm32wbxx_it.c ****   {
 125:Core/Src/stm32wbxx_it.c ****     /* USER CODE BEGIN W1_BusFault_IRQn 0 */
 126:Core/Src/stm32wbxx_it.c ****     /* USER CODE END W1_BusFault_IRQn 0 */
 127:Core/Src/stm32wbxx_it.c ****   }
ARM GAS  C:\Users\Nathan\AppData\Local\Temp\ccv9hsr1.s 			page 5


 106              		.loc 1 127 3 view .LVU14
 123:Core/Src/stm32wbxx_it.c ****   {
 107              		.loc 1 123 9 view .LVU15
 108 0000 FEE7     		b	.L8
 109              		.cfi_endproc
 110              	.LFE1418:
 112              		.section	.text.UsageFault_Handler,"ax",%progbits
 113              		.align	1
 114              		.global	UsageFault_Handler
 115              		.syntax unified
 116              		.thumb
 117              		.thumb_func
 119              	UsageFault_Handler:
 120              	.LFB1419:
 128:Core/Src/stm32wbxx_it.c **** }
 129:Core/Src/stm32wbxx_it.c **** 
 130:Core/Src/stm32wbxx_it.c **** /**
 131:Core/Src/stm32wbxx_it.c ****   * @brief This function handles Undefined instruction or illegal state.
 132:Core/Src/stm32wbxx_it.c ****   */
 133:Core/Src/stm32wbxx_it.c **** void UsageFault_Handler(void)
 134:Core/Src/stm32wbxx_it.c **** {
 121              		.loc 1 134 1 view -0
 122              		.cfi_startproc
 123              		@ Volatile: function does not return.
 124              		@ args = 0, pretend = 0, frame = 0
 125              		@ frame_needed = 0, uses_anonymous_args = 0
 126              		@ link register save eliminated.
 127              	.L10:
 135:Core/Src/stm32wbxx_it.c ****   /* USER CODE BEGIN UsageFault_IRQn 0 */
 136:Core/Src/stm32wbxx_it.c **** 
 137:Core/Src/stm32wbxx_it.c ****   /* USER CODE END UsageFault_IRQn 0 */
 138:Core/Src/stm32wbxx_it.c ****   while (1)
 128              		.loc 1 138 3 view .LVU17
 139:Core/Src/stm32wbxx_it.c ****   {
 140:Core/Src/stm32wbxx_it.c ****     /* USER CODE BEGIN W1_UsageFault_IRQn 0 */
 141:Core/Src/stm32wbxx_it.c ****     /* USER CODE END W1_UsageFault_IRQn 0 */
 142:Core/Src/stm32wbxx_it.c ****   }
 129              		.loc 1 142 3 view .LVU18
 138:Core/Src/stm32wbxx_it.c ****   {
 130              		.loc 1 138 9 view .LVU19
 131 0000 FEE7     		b	.L10
 132              		.cfi_endproc
 133              	.LFE1419:
 135              		.section	.text.SVC_Handler,"ax",%progbits
 136              		.align	1
 137              		.global	SVC_Handler
 138              		.syntax unified
 139              		.thumb
 140              		.thumb_func
 142              	SVC_Handler:
 143              	.LFB1420:
 143:Core/Src/stm32wbxx_it.c **** }
 144:Core/Src/stm32wbxx_it.c **** 
 145:Core/Src/stm32wbxx_it.c **** /**
 146:Core/Src/stm32wbxx_it.c ****   * @brief This function handles System service call via SWI instruction.
 147:Core/Src/stm32wbxx_it.c ****   */
 148:Core/Src/stm32wbxx_it.c **** void SVC_Handler(void)
ARM GAS  C:\Users\Nathan\AppData\Local\Temp\ccv9hsr1.s 			page 6


 149:Core/Src/stm32wbxx_it.c **** {
 144              		.loc 1 149 1 view -0
 145              		.cfi_startproc
 146              		@ args = 0, pretend = 0, frame = 0
 147              		@ frame_needed = 0, uses_anonymous_args = 0
 148              		@ link register save eliminated.
 150:Core/Src/stm32wbxx_it.c ****   /* USER CODE BEGIN SVCall_IRQn 0 */
 151:Core/Src/stm32wbxx_it.c **** 
 152:Core/Src/stm32wbxx_it.c ****   /* USER CODE END SVCall_IRQn 0 */
 153:Core/Src/stm32wbxx_it.c ****   /* USER CODE BEGIN SVCall_IRQn 1 */
 154:Core/Src/stm32wbxx_it.c **** 
 155:Core/Src/stm32wbxx_it.c ****   /* USER CODE END SVCall_IRQn 1 */
 156:Core/Src/stm32wbxx_it.c **** }
 149              		.loc 1 156 1 view .LVU21
 150 0000 7047     		bx	lr
 151              		.cfi_endproc
 152              	.LFE1420:
 154              		.section	.text.DebugMon_Handler,"ax",%progbits
 155              		.align	1
 156              		.global	DebugMon_Handler
 157              		.syntax unified
 158              		.thumb
 159              		.thumb_func
 161              	DebugMon_Handler:
 162              	.LFB1421:
 157:Core/Src/stm32wbxx_it.c **** 
 158:Core/Src/stm32wbxx_it.c **** /**
 159:Core/Src/stm32wbxx_it.c ****   * @brief This function handles Debug monitor.
 160:Core/Src/stm32wbxx_it.c ****   */
 161:Core/Src/stm32wbxx_it.c **** void DebugMon_Handler(void)
 162:Core/Src/stm32wbxx_it.c **** {
 163              		.loc 1 162 1 view -0
 164              		.cfi_startproc
 165              		@ args = 0, pretend = 0, frame = 0
 166              		@ frame_needed = 0, uses_anonymous_args = 0
 167              		@ link register save eliminated.
 163:Core/Src/stm32wbxx_it.c ****   /* USER CODE BEGIN DebugMonitor_IRQn 0 */
 164:Core/Src/stm32wbxx_it.c **** 
 165:Core/Src/stm32wbxx_it.c ****   /* USER CODE END DebugMonitor_IRQn 0 */
 166:Core/Src/stm32wbxx_it.c ****   /* USER CODE BEGIN DebugMonitor_IRQn 1 */
 167:Core/Src/stm32wbxx_it.c **** 
 168:Core/Src/stm32wbxx_it.c ****   /* USER CODE END DebugMonitor_IRQn 1 */
 169:Core/Src/stm32wbxx_it.c **** }
 168              		.loc 1 169 1 view .LVU23
 169 0000 7047     		bx	lr
 170              		.cfi_endproc
 171              	.LFE1421:
 173              		.section	.text.PendSV_Handler,"ax",%progbits
 174              		.align	1
 175              		.global	PendSV_Handler
 176              		.syntax unified
 177              		.thumb
 178              		.thumb_func
 180              	PendSV_Handler:
 181              	.LFB1422:
 170:Core/Src/stm32wbxx_it.c **** 
 171:Core/Src/stm32wbxx_it.c **** /**
ARM GAS  C:\Users\Nathan\AppData\Local\Temp\ccv9hsr1.s 			page 7


 172:Core/Src/stm32wbxx_it.c ****   * @brief This function handles Pendable request for system service.
 173:Core/Src/stm32wbxx_it.c ****   */
 174:Core/Src/stm32wbxx_it.c **** void PendSV_Handler(void)
 175:Core/Src/stm32wbxx_it.c **** {
 182              		.loc 1 175 1 view -0
 183              		.cfi_startproc
 184              		@ args = 0, pretend = 0, frame = 0
 185              		@ frame_needed = 0, uses_anonymous_args = 0
 186              		@ link register save eliminated.
 176:Core/Src/stm32wbxx_it.c ****   /* USER CODE BEGIN PendSV_IRQn 0 */
 177:Core/Src/stm32wbxx_it.c **** 
 178:Core/Src/stm32wbxx_it.c ****   /* USER CODE END PendSV_IRQn 0 */
 179:Core/Src/stm32wbxx_it.c ****   /* USER CODE BEGIN PendSV_IRQn 1 */
 180:Core/Src/stm32wbxx_it.c **** 
 181:Core/Src/stm32wbxx_it.c ****   /* USER CODE END PendSV_IRQn 1 */
 182:Core/Src/stm32wbxx_it.c **** }
 187              		.loc 1 182 1 view .LVU25
 188 0000 7047     		bx	lr
 189              		.cfi_endproc
 190              	.LFE1422:
 192              		.section	.text.SysTick_Handler,"ax",%progbits
 193              		.align	1
 194              		.global	SysTick_Handler
 195              		.syntax unified
 196              		.thumb
 197              		.thumb_func
 199              	SysTick_Handler:
 200              	.LFB1423:
 183:Core/Src/stm32wbxx_it.c **** 
 184:Core/Src/stm32wbxx_it.c **** /**
 185:Core/Src/stm32wbxx_it.c ****   * @brief This function handles System tick timer.
 186:Core/Src/stm32wbxx_it.c ****   */
 187:Core/Src/stm32wbxx_it.c **** void SysTick_Handler(void)
 188:Core/Src/stm32wbxx_it.c **** {
 201              		.loc 1 188 1 view -0
 202              		.cfi_startproc
 203              		@ args = 0, pretend = 0, frame = 0
 204              		@ frame_needed = 0, uses_anonymous_args = 0
 205 0000 08B5     		push	{r3, lr}
 206              		.cfi_def_cfa_offset 8
 207              		.cfi_offset 3, -8
 208              		.cfi_offset 14, -4
 189:Core/Src/stm32wbxx_it.c ****   /* USER CODE BEGIN SysTick_IRQn 0 */
 190:Core/Src/stm32wbxx_it.c **** 
 191:Core/Src/stm32wbxx_it.c ****   /* USER CODE END SysTick_IRQn 0 */
 192:Core/Src/stm32wbxx_it.c ****   HAL_IncTick();
 209              		.loc 1 192 3 view .LVU27
 210 0002 FFF7FEFF 		bl	HAL_IncTick
 211              	.LVL0:
 193:Core/Src/stm32wbxx_it.c ****   /* USER CODE BEGIN SysTick_IRQn 1 */
 194:Core/Src/stm32wbxx_it.c **** 
 195:Core/Src/stm32wbxx_it.c ****   /* USER CODE END SysTick_IRQn 1 */
 196:Core/Src/stm32wbxx_it.c **** }
 212              		.loc 1 196 1 is_stmt 0 view .LVU28
 213 0006 08BD     		pop	{r3, pc}
 214              		.cfi_endproc
 215              	.LFE1423:
ARM GAS  C:\Users\Nathan\AppData\Local\Temp\ccv9hsr1.s 			page 8


 217              		.section	.text.RTC_WKUP_IRQHandler,"ax",%progbits
 218              		.align	1
 219              		.global	RTC_WKUP_IRQHandler
 220              		.syntax unified
 221              		.thumb
 222              		.thumb_func
 224              	RTC_WKUP_IRQHandler:
 225              	.LFB1424:
 197:Core/Src/stm32wbxx_it.c **** 
 198:Core/Src/stm32wbxx_it.c **** /******************************************************************************/
 199:Core/Src/stm32wbxx_it.c **** /* STM32WBxx Peripheral Interrupt Handlers                                    */
 200:Core/Src/stm32wbxx_it.c **** /* Add here the Interrupt Handlers for the used peripherals.                  */
 201:Core/Src/stm32wbxx_it.c **** /* For the available peripheral interrupt handler names,                      */
 202:Core/Src/stm32wbxx_it.c **** /* please refer to the startup file (startup_stm32wbxx.s).                    */
 203:Core/Src/stm32wbxx_it.c **** /******************************************************************************/
 204:Core/Src/stm32wbxx_it.c **** 
 205:Core/Src/stm32wbxx_it.c **** /**
 206:Core/Src/stm32wbxx_it.c ****   * @brief This function handles RTC wake-up interrupt through EXTI line 19.
 207:Core/Src/stm32wbxx_it.c ****   */
 208:Core/Src/stm32wbxx_it.c **** void RTC_WKUP_IRQHandler(void)
 209:Core/Src/stm32wbxx_it.c **** {
 226              		.loc 1 209 1 is_stmt 1 view -0
 227              		.cfi_startproc
 228              		@ args = 0, pretend = 0, frame = 0
 229              		@ frame_needed = 0, uses_anonymous_args = 0
 230 0000 08B5     		push	{r3, lr}
 231              		.cfi_def_cfa_offset 8
 232              		.cfi_offset 3, -8
 233              		.cfi_offset 14, -4
 210:Core/Src/stm32wbxx_it.c ****   /* USER CODE BEGIN RTC_WKUP_IRQn 0 */
 211:Core/Src/stm32wbxx_it.c **** 
 212:Core/Src/stm32wbxx_it.c ****   /* USER CODE END RTC_WKUP_IRQn 0 */
 213:Core/Src/stm32wbxx_it.c ****   HAL_RTCEx_WakeUpTimerIRQHandler(&hrtc);
 234              		.loc 1 213 3 view .LVU30
 235 0002 FFF7FEFF 		bl	HW_TS_RTC_Wakeup_Handler
 236              	.LVL1:
 214:Core/Src/stm32wbxx_it.c ****   /* USER CODE BEGIN RTC_WKUP_IRQn 1 */
 215:Core/Src/stm32wbxx_it.c **** 
 216:Core/Src/stm32wbxx_it.c ****   /* USER CODE END RTC_WKUP_IRQn 1 */
 217:Core/Src/stm32wbxx_it.c **** }
 237              		.loc 1 217 1 is_stmt 0 view .LVU31
 238 0006 08BD     		pop	{r3, pc}
 239              		.cfi_endproc
 240              	.LFE1424:
 242              		.section	.text.USB_LP_IRQHandler,"ax",%progbits
 243              		.align	1
 244              		.global	USB_LP_IRQHandler
 245              		.syntax unified
 246              		.thumb
 247              		.thumb_func
 249              	USB_LP_IRQHandler:
 250              	.LFB1425:
 218:Core/Src/stm32wbxx_it.c **** 
 219:Core/Src/stm32wbxx_it.c **** /**
 220:Core/Src/stm32wbxx_it.c ****   * @brief This function handles USB low priority interrupt, USB wake-up interrupt through EXTI lin
 221:Core/Src/stm32wbxx_it.c ****   */
 222:Core/Src/stm32wbxx_it.c **** void USB_LP_IRQHandler(void)
ARM GAS  C:\Users\Nathan\AppData\Local\Temp\ccv9hsr1.s 			page 9


 223:Core/Src/stm32wbxx_it.c **** {
 251              		.loc 1 223 1 is_stmt 1 view -0
 252              		.cfi_startproc
 253              		@ args = 0, pretend = 0, frame = 0
 254              		@ frame_needed = 0, uses_anonymous_args = 0
 255 0000 08B5     		push	{r3, lr}
 256              		.cfi_def_cfa_offset 8
 257              		.cfi_offset 3, -8
 258              		.cfi_offset 14, -4
 224:Core/Src/stm32wbxx_it.c ****   /* USER CODE BEGIN USB_LP_IRQn 0 */
 225:Core/Src/stm32wbxx_it.c **** 
 226:Core/Src/stm32wbxx_it.c ****   /* USER CODE END USB_LP_IRQn 0 */
 227:Core/Src/stm32wbxx_it.c ****   HAL_PCD_IRQHandler(&hpcd_USB_FS);
 259              		.loc 1 227 3 view .LVU33
 260 0002 0248     		ldr	r0, .L20
 261 0004 FFF7FEFF 		bl	HAL_PCD_IRQHandler
 262              	.LVL2:
 228:Core/Src/stm32wbxx_it.c ****   /* USER CODE BEGIN USB_LP_IRQn 1 */
 229:Core/Src/stm32wbxx_it.c **** 
 230:Core/Src/stm32wbxx_it.c ****   /* USER CODE END USB_LP_IRQn 1 */
 231:Core/Src/stm32wbxx_it.c **** }
 263              		.loc 1 231 1 is_stmt 0 view .LVU34
 264 0008 08BD     		pop	{r3, pc}
 265              	.L21:
 266 000a 00BF     		.align	2
 267              	.L20:
 268 000c 00000000 		.word	hpcd_USB_FS
 269              		.cfi_endproc
 270              	.LFE1425:
 272              		.section	.text.TIM1_UP_TIM16_IRQHandler,"ax",%progbits
 273              		.align	1
 274              		.global	TIM1_UP_TIM16_IRQHandler
 275              		.syntax unified
 276              		.thumb
 277              		.thumb_func
 279              	TIM1_UP_TIM16_IRQHandler:
 280              	.LFB1426:
 232:Core/Src/stm32wbxx_it.c **** 
 233:Core/Src/stm32wbxx_it.c **** /**
 234:Core/Src/stm32wbxx_it.c ****   * @brief This function handles TIM1 update interrupt and TIM16 global interrupt.
 235:Core/Src/stm32wbxx_it.c ****   */
 236:Core/Src/stm32wbxx_it.c **** void TIM1_UP_TIM16_IRQHandler(void)
 237:Core/Src/stm32wbxx_it.c **** {
 281              		.loc 1 237 1 is_stmt 1 view -0
 282              		.cfi_startproc
 283              		@ args = 0, pretend = 0, frame = 0
 284              		@ frame_needed = 0, uses_anonymous_args = 0
 285 0000 08B5     		push	{r3, lr}
 286              		.cfi_def_cfa_offset 8
 287              		.cfi_offset 3, -8
 288              		.cfi_offset 14, -4
 238:Core/Src/stm32wbxx_it.c ****   /* USER CODE BEGIN TIM1_UP_TIM16_IRQn 0 */
 239:Core/Src/stm32wbxx_it.c **** 
 240:Core/Src/stm32wbxx_it.c ****   /* USER CODE END TIM1_UP_TIM16_IRQn 0 */
 241:Core/Src/stm32wbxx_it.c ****   HAL_TIM_IRQHandler(&htim1);
 289              		.loc 1 241 3 view .LVU36
 290 0002 0348     		ldr	r0, .L24
ARM GAS  C:\Users\Nathan\AppData\Local\Temp\ccv9hsr1.s 			page 10


 291 0004 FFF7FEFF 		bl	HAL_TIM_IRQHandler
 292              	.LVL3:
 242:Core/Src/stm32wbxx_it.c ****   HAL_TIM_IRQHandler(&htim16);
 293              		.loc 1 242 3 view .LVU37
 294 0008 0248     		ldr	r0, .L24+4
 295 000a FFF7FEFF 		bl	HAL_TIM_IRQHandler
 296              	.LVL4:
 243:Core/Src/stm32wbxx_it.c ****   /* USER CODE BEGIN TIM1_UP_TIM16_IRQn 1 */
 244:Core/Src/stm32wbxx_it.c **** 
 245:Core/Src/stm32wbxx_it.c ****   /* USER CODE END TIM1_UP_TIM16_IRQn 1 */
 246:Core/Src/stm32wbxx_it.c **** }
 297              		.loc 1 246 1 is_stmt 0 view .LVU38
 298 000e 08BD     		pop	{r3, pc}
 299              	.L25:
 300              		.align	2
 301              	.L24:
 302 0010 00000000 		.word	htim1
 303 0014 00000000 		.word	htim16
 304              		.cfi_endproc
 305              	.LFE1426:
 307              		.section	.text.IPCC_C1_RX_IRQHandler,"ax",%progbits
 308              		.align	1
 309              		.global	IPCC_C1_RX_IRQHandler
 310              		.syntax unified
 311              		.thumb
 312              		.thumb_func
 314              	IPCC_C1_RX_IRQHandler:
 315              	.LFB1427:
 247:Core/Src/stm32wbxx_it.c **** 
 248:Core/Src/stm32wbxx_it.c **** /**
 249:Core/Src/stm32wbxx_it.c ****   * @brief This function handles IPCC RX occupied interrupt.
 250:Core/Src/stm32wbxx_it.c ****   */
 251:Core/Src/stm32wbxx_it.c **** void IPCC_C1_RX_IRQHandler(void)
 252:Core/Src/stm32wbxx_it.c **** {
 316              		.loc 1 252 1 is_stmt 1 view -0
 317              		.cfi_startproc
 318              		@ args = 0, pretend = 0, frame = 0
 319              		@ frame_needed = 0, uses_anonymous_args = 0
 320 0000 08B5     		push	{r3, lr}
 321              		.cfi_def_cfa_offset 8
 322              		.cfi_offset 3, -8
 323              		.cfi_offset 14, -4
 253:Core/Src/stm32wbxx_it.c ****   /* USER CODE BEGIN IPCC_C1_RX_IRQn 0 */
 254:Core/Src/stm32wbxx_it.c **** 
 255:Core/Src/stm32wbxx_it.c ****   /* USER CODE END IPCC_C1_RX_IRQn 0 */
 256:Core/Src/stm32wbxx_it.c ****   HAL_IPCC_RX_IRQHandler(&hipcc);
 324              		.loc 1 256 3 view .LVU40
 325 0002 FFF7FEFF 		bl	HW_IPCC_Rx_Handler
 326              	.LVL5:
 257:Core/Src/stm32wbxx_it.c ****   /* USER CODE BEGIN IPCC_C1_RX_IRQn 1 */
 258:Core/Src/stm32wbxx_it.c **** 
 259:Core/Src/stm32wbxx_it.c ****   /* USER CODE END IPCC_C1_RX_IRQn 1 */
 260:Core/Src/stm32wbxx_it.c **** }
 327              		.loc 1 260 1 is_stmt 0 view .LVU41
 328 0006 08BD     		pop	{r3, pc}
 329              		.cfi_endproc
 330              	.LFE1427:
ARM GAS  C:\Users\Nathan\AppData\Local\Temp\ccv9hsr1.s 			page 11


 332              		.section	.text.IPCC_C1_TX_IRQHandler,"ax",%progbits
 333              		.align	1
 334              		.global	IPCC_C1_TX_IRQHandler
 335              		.syntax unified
 336              		.thumb
 337              		.thumb_func
 339              	IPCC_C1_TX_IRQHandler:
 340              	.LFB1428:
 261:Core/Src/stm32wbxx_it.c **** 
 262:Core/Src/stm32wbxx_it.c **** /**
 263:Core/Src/stm32wbxx_it.c ****   * @brief This function handles IPCC TX free interrupt.
 264:Core/Src/stm32wbxx_it.c ****   */
 265:Core/Src/stm32wbxx_it.c **** void IPCC_C1_TX_IRQHandler(void)
 266:Core/Src/stm32wbxx_it.c **** {
 341              		.loc 1 266 1 is_stmt 1 view -0
 342              		.cfi_startproc
 343              		@ args = 0, pretend = 0, frame = 0
 344              		@ frame_needed = 0, uses_anonymous_args = 0
 345 0000 08B5     		push	{r3, lr}
 346              		.cfi_def_cfa_offset 8
 347              		.cfi_offset 3, -8
 348              		.cfi_offset 14, -4
 267:Core/Src/stm32wbxx_it.c ****   /* USER CODE BEGIN IPCC_C1_TX_IRQn 0 */
 268:Core/Src/stm32wbxx_it.c **** 
 269:Core/Src/stm32wbxx_it.c ****   /* USER CODE END IPCC_C1_TX_IRQn 0 */
 270:Core/Src/stm32wbxx_it.c ****   HAL_IPCC_TX_IRQHandler(&hipcc);
 349              		.loc 1 270 3 view .LVU43
 350 0002 FFF7FEFF 		bl	HW_IPCC_Tx_Handler
 351              	.LVL6:
 271:Core/Src/stm32wbxx_it.c ****   /* USER CODE BEGIN IPCC_C1_TX_IRQn 1 */
 272:Core/Src/stm32wbxx_it.c **** 
 273:Core/Src/stm32wbxx_it.c ****   /* USER CODE END IPCC_C1_TX_IRQn 1 */
 274:Core/Src/stm32wbxx_it.c **** }
 352              		.loc 1 274 1 is_stmt 0 view .LVU44
 353 0006 08BD     		pop	{r3, pc}
 354              		.cfi_endproc
 355              	.LFE1428:
 357              		.section	.text.HSEM_IRQHandler,"ax",%progbits
 358              		.align	1
 359              		.global	HSEM_IRQHandler
 360              		.syntax unified
 361              		.thumb
 362              		.thumb_func
 364              	HSEM_IRQHandler:
 365              	.LFB1429:
 275:Core/Src/stm32wbxx_it.c **** 
 276:Core/Src/stm32wbxx_it.c **** /**
 277:Core/Src/stm32wbxx_it.c ****   * @brief This function handles HSEM global interrupt.
 278:Core/Src/stm32wbxx_it.c ****   */
 279:Core/Src/stm32wbxx_it.c **** void HSEM_IRQHandler(void)
 280:Core/Src/stm32wbxx_it.c **** {
 366              		.loc 1 280 1 is_stmt 1 view -0
 367              		.cfi_startproc
 368              		@ args = 0, pretend = 0, frame = 0
 369              		@ frame_needed = 0, uses_anonymous_args = 0
 370 0000 08B5     		push	{r3, lr}
 371              		.cfi_def_cfa_offset 8
ARM GAS  C:\Users\Nathan\AppData\Local\Temp\ccv9hsr1.s 			page 12


 372              		.cfi_offset 3, -8
 373              		.cfi_offset 14, -4
 281:Core/Src/stm32wbxx_it.c ****   /* USER CODE BEGIN HSEM_IRQn 0 */
 282:Core/Src/stm32wbxx_it.c **** 
 283:Core/Src/stm32wbxx_it.c ****   /* USER CODE END HSEM_IRQn 0 */
 284:Core/Src/stm32wbxx_it.c ****   HAL_HSEM_IRQHandler();
 374              		.loc 1 284 3 view .LVU46
 375 0002 FFF7FEFF 		bl	HAL_HSEM_IRQHandler
 376              	.LVL7:
 285:Core/Src/stm32wbxx_it.c ****   /* USER CODE BEGIN HSEM_IRQn 1 */
 286:Core/Src/stm32wbxx_it.c **** 
 287:Core/Src/stm32wbxx_it.c ****   /* USER CODE END HSEM_IRQn 1 */
 288:Core/Src/stm32wbxx_it.c **** }
 377              		.loc 1 288 1 is_stmt 0 view .LVU47
 378 0006 08BD     		pop	{r3, pc}
 379              		.cfi_endproc
 380              	.LFE1429:
 382              		.text
 383              	.Letext0:
 384              		.file 2 "C:/PROGRAM FILES (X86)/ARM GNU TOOLCHAIN ARM-NONE-EABI/13.3 REL1/arm-none-eabi/include/ma
 385              		.file 3 "C:/PROGRAM FILES (X86)/ARM GNU TOOLCHAIN ARM-NONE-EABI/13.3 REL1/arm-none-eabi/include/sy
 386              		.file 4 "Drivers/CMSIS/Device/ST/STM32WBxx/Include/stm32wb55xx.h"
 387              		.file 5 "Drivers/STM32WBxx_HAL_Driver/Inc/stm32wbxx_hal_def.h"
 388              		.file 6 "Drivers/STM32WBxx_HAL_Driver/Inc/stm32wbxx_hal_dma.h"
 389              		.file 7 "Drivers/STM32WBxx_HAL_Driver/Inc/stm32wbxx_ll_usb.h"
 390              		.file 8 "Drivers/STM32WBxx_HAL_Driver/Inc/stm32wbxx_hal_pcd.h"
 391              		.file 9 "Drivers/STM32WBxx_HAL_Driver/Inc/stm32wbxx_hal_tim.h"
 392              		.file 10 "Drivers/STM32WBxx_HAL_Driver/Inc/stm32wbxx_hal_hsem.h"
 393              		.file 11 "Middlewares/ST/STM32_WPAN/interface/patterns/ble_thread/hw.h"
 394              		.file 12 "Core/Inc/hw_if.h"
 395              		.file 13 "Drivers/STM32WBxx_HAL_Driver/Inc/stm32wbxx_hal.h"
ARM GAS  C:\Users\Nathan\AppData\Local\Temp\ccv9hsr1.s 			page 13


DEFINED SYMBOLS
                            *ABS*:00000000 stm32wbxx_it.c
C:\Users\Nathan\AppData\Local\Temp\ccv9hsr1.s:21     .text.NMI_Handler:00000000 $t
C:\Users\Nathan\AppData\Local\Temp\ccv9hsr1.s:27     .text.NMI_Handler:00000000 NMI_Handler
C:\Users\Nathan\AppData\Local\Temp\ccv9hsr1.s:44     .text.HardFault_Handler:00000000 $t
C:\Users\Nathan\AppData\Local\Temp\ccv9hsr1.s:50     .text.HardFault_Handler:00000000 HardFault_Handler
C:\Users\Nathan\AppData\Local\Temp\ccv9hsr1.s:67     .text.MemManage_Handler:00000000 $t
C:\Users\Nathan\AppData\Local\Temp\ccv9hsr1.s:73     .text.MemManage_Handler:00000000 MemManage_Handler
C:\Users\Nathan\AppData\Local\Temp\ccv9hsr1.s:90     .text.BusFault_Handler:00000000 $t
C:\Users\Nathan\AppData\Local\Temp\ccv9hsr1.s:96     .text.BusFault_Handler:00000000 BusFault_Handler
C:\Users\Nathan\AppData\Local\Temp\ccv9hsr1.s:113    .text.UsageFault_Handler:00000000 $t
C:\Users\Nathan\AppData\Local\Temp\ccv9hsr1.s:119    .text.UsageFault_Handler:00000000 UsageFault_Handler
C:\Users\Nathan\AppData\Local\Temp\ccv9hsr1.s:136    .text.SVC_Handler:00000000 $t
C:\Users\Nathan\AppData\Local\Temp\ccv9hsr1.s:142    .text.SVC_Handler:00000000 SVC_Handler
C:\Users\Nathan\AppData\Local\Temp\ccv9hsr1.s:155    .text.DebugMon_Handler:00000000 $t
C:\Users\Nathan\AppData\Local\Temp\ccv9hsr1.s:161    .text.DebugMon_Handler:00000000 DebugMon_Handler
C:\Users\Nathan\AppData\Local\Temp\ccv9hsr1.s:174    .text.PendSV_Handler:00000000 $t
C:\Users\Nathan\AppData\Local\Temp\ccv9hsr1.s:180    .text.PendSV_Handler:00000000 PendSV_Handler
C:\Users\Nathan\AppData\Local\Temp\ccv9hsr1.s:193    .text.SysTick_Handler:00000000 $t
C:\Users\Nathan\AppData\Local\Temp\ccv9hsr1.s:199    .text.SysTick_Handler:00000000 SysTick_Handler
C:\Users\Nathan\AppData\Local\Temp\ccv9hsr1.s:218    .text.RTC_WKUP_IRQHandler:00000000 $t
C:\Users\Nathan\AppData\Local\Temp\ccv9hsr1.s:224    .text.RTC_WKUP_IRQHandler:00000000 RTC_WKUP_IRQHandler
C:\Users\Nathan\AppData\Local\Temp\ccv9hsr1.s:243    .text.USB_LP_IRQHandler:00000000 $t
C:\Users\Nathan\AppData\Local\Temp\ccv9hsr1.s:249    .text.USB_LP_IRQHandler:00000000 USB_LP_IRQHandler
C:\Users\Nathan\AppData\Local\Temp\ccv9hsr1.s:268    .text.USB_LP_IRQHandler:0000000c $d
C:\Users\Nathan\AppData\Local\Temp\ccv9hsr1.s:273    .text.TIM1_UP_TIM16_IRQHandler:00000000 $t
C:\Users\Nathan\AppData\Local\Temp\ccv9hsr1.s:279    .text.TIM1_UP_TIM16_IRQHandler:00000000 TIM1_UP_TIM16_IRQHandler
C:\Users\Nathan\AppData\Local\Temp\ccv9hsr1.s:302    .text.TIM1_UP_TIM16_IRQHandler:00000010 $d
C:\Users\Nathan\AppData\Local\Temp\ccv9hsr1.s:308    .text.IPCC_C1_RX_IRQHandler:00000000 $t
C:\Users\Nathan\AppData\Local\Temp\ccv9hsr1.s:314    .text.IPCC_C1_RX_IRQHandler:00000000 IPCC_C1_RX_IRQHandler
C:\Users\Nathan\AppData\Local\Temp\ccv9hsr1.s:333    .text.IPCC_C1_TX_IRQHandler:00000000 $t
C:\Users\Nathan\AppData\Local\Temp\ccv9hsr1.s:339    .text.IPCC_C1_TX_IRQHandler:00000000 IPCC_C1_TX_IRQHandler
C:\Users\Nathan\AppData\Local\Temp\ccv9hsr1.s:358    .text.HSEM_IRQHandler:00000000 $t
C:\Users\Nathan\AppData\Local\Temp\ccv9hsr1.s:364    .text.HSEM_IRQHandler:00000000 HSEM_IRQHandler

UNDEFINED SYMBOLS
HAL_IncTick
HW_TS_RTC_Wakeup_Handler
HAL_PCD_IRQHandler
hpcd_USB_FS
HAL_TIM_IRQHandler
htim1
htim16
HW_IPCC_Rx_Handler
HW_IPCC_Tx_Handler
HAL_HSEM_IRQHandler
