ARM GAS  C:\Users\Nathan\AppData\Local\Temp\cc2SCFh1.s 			page 1


   1              		.cpu cortex-m4
   2              		.arch armv7e-m
   3              		.fpu fpv4-sp-d16
   4              		.eabi_attribute 27, 1
   5              		.eabi_attribute 28, 1
   6              		.eabi_attribute 20, 1
   7              		.eabi_attribute 21, 1
   8              		.eabi_attribute 23, 3
   9              		.eabi_attribute 24, 1
  10              		.eabi_attribute 25, 1
  11              		.eabi_attribute 26, 1
  12              		.eabi_attribute 30, 1
  13              		.eabi_attribute 34, 1
  14              		.eabi_attribute 18, 4
  15              		.file	"stm_list.c"
  16              		.text
  17              	.Ltext0:
  18              		.cfi_sections	.debug_frame
  19              		.file 1 "Middlewares/ST/STM32_WPAN/utilities/stm_list.c"
  20              		.section	.text.LST_init_head,"ax",%progbits
  21              		.align	1
  22              		.global	LST_init_head
  23              		.syntax unified
  24              		.thumb
  25              		.thumb_func
  27              	LST_init_head:
  28              	.LVL0:
  29              	.LFB1415:
   1:Middlewares/ST/STM32_WPAN/utilities/stm_list.c **** /**
   2:Middlewares/ST/STM32_WPAN/utilities/stm_list.c ****  ******************************************************************************
   3:Middlewares/ST/STM32_WPAN/utilities/stm_list.c ****   * @file    stm_list.c
   4:Middlewares/ST/STM32_WPAN/utilities/stm_list.c ****   * @author  MCD Application Team
   5:Middlewares/ST/STM32_WPAN/utilities/stm_list.c ****   * @brief   TCircular Linked List Implementation.
   6:Middlewares/ST/STM32_WPAN/utilities/stm_list.c ****   ******************************************************************************
   7:Middlewares/ST/STM32_WPAN/utilities/stm_list.c ****   * @attention
   8:Middlewares/ST/STM32_WPAN/utilities/stm_list.c ****   *
   9:Middlewares/ST/STM32_WPAN/utilities/stm_list.c ****   * Copyright (c) 2018-2021 STMicroelectronics.
  10:Middlewares/ST/STM32_WPAN/utilities/stm_list.c ****   * All rights reserved.
  11:Middlewares/ST/STM32_WPAN/utilities/stm_list.c ****   *
  12:Middlewares/ST/STM32_WPAN/utilities/stm_list.c ****   * This software is licensed under terms that can be found in the LICENSE file
  13:Middlewares/ST/STM32_WPAN/utilities/stm_list.c ****   * in the root directory of this software component.
  14:Middlewares/ST/STM32_WPAN/utilities/stm_list.c ****   * If no LICENSE file comes with this software, it is provided AS-IS.
  15:Middlewares/ST/STM32_WPAN/utilities/stm_list.c ****   *
  16:Middlewares/ST/STM32_WPAN/utilities/stm_list.c ****   ******************************************************************************
  17:Middlewares/ST/STM32_WPAN/utilities/stm_list.c ****   */
  18:Middlewares/ST/STM32_WPAN/utilities/stm_list.c **** 
  19:Middlewares/ST/STM32_WPAN/utilities/stm_list.c **** 
  20:Middlewares/ST/STM32_WPAN/utilities/stm_list.c **** /******************************************************************************
  21:Middlewares/ST/STM32_WPAN/utilities/stm_list.c ****  * Include Files
  22:Middlewares/ST/STM32_WPAN/utilities/stm_list.c ****  ******************************************************************************/
  23:Middlewares/ST/STM32_WPAN/utilities/stm_list.c **** #include "utilities_common.h"
  24:Middlewares/ST/STM32_WPAN/utilities/stm_list.c **** 
  25:Middlewares/ST/STM32_WPAN/utilities/stm_list.c **** #include "stm_list.h"
  26:Middlewares/ST/STM32_WPAN/utilities/stm_list.c **** 
  27:Middlewares/ST/STM32_WPAN/utilities/stm_list.c **** /******************************************************************************
  28:Middlewares/ST/STM32_WPAN/utilities/stm_list.c ****  * Function Definitions 
  29:Middlewares/ST/STM32_WPAN/utilities/stm_list.c ****  ******************************************************************************/
ARM GAS  C:\Users\Nathan\AppData\Local\Temp\cc2SCFh1.s 			page 2


  30:Middlewares/ST/STM32_WPAN/utilities/stm_list.c **** void LST_init_head (tListNode * listHead)
  31:Middlewares/ST/STM32_WPAN/utilities/stm_list.c **** {
  30              		.loc 1 31 1 view -0
  31              		.cfi_startproc
  32              		@ args = 0, pretend = 0, frame = 0
  33              		@ frame_needed = 0, uses_anonymous_args = 0
  34              		@ link register save eliminated.
  32:Middlewares/ST/STM32_WPAN/utilities/stm_list.c ****   listHead->next = listHead;
  35              		.loc 1 32 3 view .LVU1
  36              		.loc 1 32 18 is_stmt 0 view .LVU2
  37 0000 0060     		str	r0, [r0]	@ unaligned
  33:Middlewares/ST/STM32_WPAN/utilities/stm_list.c ****   listHead->prev = listHead;
  38              		.loc 1 33 3 is_stmt 1 view .LVU3
  39              		.loc 1 33 18 is_stmt 0 view .LVU4
  40 0002 4060     		str	r0, [r0, #4]	@ unaligned
  34:Middlewares/ST/STM32_WPAN/utilities/stm_list.c **** }
  41              		.loc 1 34 1 view .LVU5
  42 0004 7047     		bx	lr
  43              		.cfi_endproc
  44              	.LFE1415:
  46              		.section	.text.LST_is_empty,"ax",%progbits
  47              		.align	1
  48              		.global	LST_is_empty
  49              		.syntax unified
  50              		.thumb
  51              		.thumb_func
  53              	LST_is_empty:
  54              	.LVL1:
  55              	.LFB1416:
  35:Middlewares/ST/STM32_WPAN/utilities/stm_list.c **** 
  36:Middlewares/ST/STM32_WPAN/utilities/stm_list.c **** uint8_t LST_is_empty (tListNode * listHead)
  37:Middlewares/ST/STM32_WPAN/utilities/stm_list.c **** {
  56              		.loc 1 37 1 is_stmt 1 view -0
  57              		.cfi_startproc
  58              		@ args = 0, pretend = 0, frame = 0
  59              		@ frame_needed = 0, uses_anonymous_args = 0
  60              		@ link register save eliminated.
  38:Middlewares/ST/STM32_WPAN/utilities/stm_list.c ****   uint32_t primask_bit;
  61              		.loc 1 38 3 view .LVU7
  39:Middlewares/ST/STM32_WPAN/utilities/stm_list.c ****   uint8_t return_value;
  62              		.loc 1 39 3 view .LVU8
  40:Middlewares/ST/STM32_WPAN/utilities/stm_list.c **** 
  41:Middlewares/ST/STM32_WPAN/utilities/stm_list.c ****   primask_bit = __get_PRIMASK();  /**< backup PRIMASK bit */
  63              		.loc 1 41 3 view .LVU9
  64              	.LBB68:
  65              	.LBI68:
  66              		.file 2 "Drivers/CMSIS/Include/cmsis_gcc.h"
   1:Drivers/CMSIS/Include/cmsis_gcc.h **** /**************************************************************************//**
   2:Drivers/CMSIS/Include/cmsis_gcc.h ****  * @file     cmsis_gcc.h
   3:Drivers/CMSIS/Include/cmsis_gcc.h ****  * @brief    CMSIS compiler GCC header file
   4:Drivers/CMSIS/Include/cmsis_gcc.h ****  * @version  V5.2.0
   5:Drivers/CMSIS/Include/cmsis_gcc.h ****  * @date     08. May 2019
   6:Drivers/CMSIS/Include/cmsis_gcc.h ****  ******************************************************************************/
   7:Drivers/CMSIS/Include/cmsis_gcc.h **** /*
   8:Drivers/CMSIS/Include/cmsis_gcc.h ****  * Copyright (c) 2009-2019 Arm Limited. All rights reserved.
   9:Drivers/CMSIS/Include/cmsis_gcc.h ****  *
  10:Drivers/CMSIS/Include/cmsis_gcc.h ****  * SPDX-License-Identifier: Apache-2.0
ARM GAS  C:\Users\Nathan\AppData\Local\Temp\cc2SCFh1.s 			page 3


  11:Drivers/CMSIS/Include/cmsis_gcc.h ****  *
  12:Drivers/CMSIS/Include/cmsis_gcc.h ****  * Licensed under the Apache License, Version 2.0 (the License); you may
  13:Drivers/CMSIS/Include/cmsis_gcc.h ****  * not use this file except in compliance with the License.
  14:Drivers/CMSIS/Include/cmsis_gcc.h ****  * You may obtain a copy of the License at
  15:Drivers/CMSIS/Include/cmsis_gcc.h ****  *
  16:Drivers/CMSIS/Include/cmsis_gcc.h ****  * www.apache.org/licenses/LICENSE-2.0
  17:Drivers/CMSIS/Include/cmsis_gcc.h ****  *
  18:Drivers/CMSIS/Include/cmsis_gcc.h ****  * Unless required by applicable law or agreed to in writing, software
  19:Drivers/CMSIS/Include/cmsis_gcc.h ****  * distributed under the License is distributed on an AS IS BASIS, WITHOUT
  20:Drivers/CMSIS/Include/cmsis_gcc.h ****  * WARRANTIES OR CONDITIONS OF ANY KIND, either express or implied.
  21:Drivers/CMSIS/Include/cmsis_gcc.h ****  * See the License for the specific language governing permissions and
  22:Drivers/CMSIS/Include/cmsis_gcc.h ****  * limitations under the License.
  23:Drivers/CMSIS/Include/cmsis_gcc.h ****  */
  24:Drivers/CMSIS/Include/cmsis_gcc.h **** 
  25:Drivers/CMSIS/Include/cmsis_gcc.h **** #ifndef __CMSIS_GCC_H
  26:Drivers/CMSIS/Include/cmsis_gcc.h **** #define __CMSIS_GCC_H
  27:Drivers/CMSIS/Include/cmsis_gcc.h **** 
  28:Drivers/CMSIS/Include/cmsis_gcc.h **** /* ignore some GCC warnings */
  29:Drivers/CMSIS/Include/cmsis_gcc.h **** #pragma GCC diagnostic push
  30:Drivers/CMSIS/Include/cmsis_gcc.h **** #pragma GCC diagnostic ignored "-Wsign-conversion"
  31:Drivers/CMSIS/Include/cmsis_gcc.h **** #pragma GCC diagnostic ignored "-Wconversion"
  32:Drivers/CMSIS/Include/cmsis_gcc.h **** #pragma GCC diagnostic ignored "-Wunused-parameter"
  33:Drivers/CMSIS/Include/cmsis_gcc.h **** 
  34:Drivers/CMSIS/Include/cmsis_gcc.h **** /* Fallback for __has_builtin */
  35:Drivers/CMSIS/Include/cmsis_gcc.h **** #ifndef __has_builtin
  36:Drivers/CMSIS/Include/cmsis_gcc.h ****   #define __has_builtin(x) (0)
  37:Drivers/CMSIS/Include/cmsis_gcc.h **** #endif
  38:Drivers/CMSIS/Include/cmsis_gcc.h **** 
  39:Drivers/CMSIS/Include/cmsis_gcc.h **** /* CMSIS compiler specific defines */
  40:Drivers/CMSIS/Include/cmsis_gcc.h **** #ifndef   __ASM
  41:Drivers/CMSIS/Include/cmsis_gcc.h ****   #define __ASM                                  __asm
  42:Drivers/CMSIS/Include/cmsis_gcc.h **** #endif
  43:Drivers/CMSIS/Include/cmsis_gcc.h **** #ifndef   __INLINE
  44:Drivers/CMSIS/Include/cmsis_gcc.h ****   #define __INLINE                               inline
  45:Drivers/CMSIS/Include/cmsis_gcc.h **** #endif
  46:Drivers/CMSIS/Include/cmsis_gcc.h **** #ifndef   __STATIC_INLINE
  47:Drivers/CMSIS/Include/cmsis_gcc.h ****   #define __STATIC_INLINE                        static inline
  48:Drivers/CMSIS/Include/cmsis_gcc.h **** #endif
  49:Drivers/CMSIS/Include/cmsis_gcc.h **** #ifndef   __STATIC_FORCEINLINE                 
  50:Drivers/CMSIS/Include/cmsis_gcc.h ****   #define __STATIC_FORCEINLINE                   __attribute__((always_inline)) static inline
  51:Drivers/CMSIS/Include/cmsis_gcc.h **** #endif                                           
  52:Drivers/CMSIS/Include/cmsis_gcc.h **** #ifndef   __NO_RETURN
  53:Drivers/CMSIS/Include/cmsis_gcc.h ****   #define __NO_RETURN                            __attribute__((__noreturn__))
  54:Drivers/CMSIS/Include/cmsis_gcc.h **** #endif
  55:Drivers/CMSIS/Include/cmsis_gcc.h **** #ifndef   __USED
  56:Drivers/CMSIS/Include/cmsis_gcc.h ****   #define __USED                                 __attribute__((used))
  57:Drivers/CMSIS/Include/cmsis_gcc.h **** #endif
  58:Drivers/CMSIS/Include/cmsis_gcc.h **** #ifndef   __WEAK
  59:Drivers/CMSIS/Include/cmsis_gcc.h ****   #define __WEAK                                 __attribute__((weak))
  60:Drivers/CMSIS/Include/cmsis_gcc.h **** #endif
  61:Drivers/CMSIS/Include/cmsis_gcc.h **** #ifndef   __PACKED
  62:Drivers/CMSIS/Include/cmsis_gcc.h ****   #define __PACKED                               __attribute__((packed, aligned(1)))
  63:Drivers/CMSIS/Include/cmsis_gcc.h **** #endif
  64:Drivers/CMSIS/Include/cmsis_gcc.h **** #ifndef   __PACKED_STRUCT
  65:Drivers/CMSIS/Include/cmsis_gcc.h ****   #define __PACKED_STRUCT                        struct __attribute__((packed, aligned(1)))
  66:Drivers/CMSIS/Include/cmsis_gcc.h **** #endif
  67:Drivers/CMSIS/Include/cmsis_gcc.h **** #ifndef   __PACKED_UNION
ARM GAS  C:\Users\Nathan\AppData\Local\Temp\cc2SCFh1.s 			page 4


  68:Drivers/CMSIS/Include/cmsis_gcc.h ****   #define __PACKED_UNION                         union __attribute__((packed, aligned(1)))
  69:Drivers/CMSIS/Include/cmsis_gcc.h **** #endif
  70:Drivers/CMSIS/Include/cmsis_gcc.h **** #ifndef   __UNALIGNED_UINT32        /* deprecated */
  71:Drivers/CMSIS/Include/cmsis_gcc.h ****   #pragma GCC diagnostic push
  72:Drivers/CMSIS/Include/cmsis_gcc.h ****   #pragma GCC diagnostic ignored "-Wpacked"
  73:Drivers/CMSIS/Include/cmsis_gcc.h ****   #pragma GCC diagnostic ignored "-Wattributes"
  74:Drivers/CMSIS/Include/cmsis_gcc.h ****   struct __attribute__((packed)) T_UINT32 { uint32_t v; };
  75:Drivers/CMSIS/Include/cmsis_gcc.h ****   #pragma GCC diagnostic pop
  76:Drivers/CMSIS/Include/cmsis_gcc.h ****   #define __UNALIGNED_UINT32(x)                  (((struct T_UINT32 *)(x))->v)
  77:Drivers/CMSIS/Include/cmsis_gcc.h **** #endif
  78:Drivers/CMSIS/Include/cmsis_gcc.h **** #ifndef   __UNALIGNED_UINT16_WRITE
  79:Drivers/CMSIS/Include/cmsis_gcc.h ****   #pragma GCC diagnostic push
  80:Drivers/CMSIS/Include/cmsis_gcc.h ****   #pragma GCC diagnostic ignored "-Wpacked"
  81:Drivers/CMSIS/Include/cmsis_gcc.h ****   #pragma GCC diagnostic ignored "-Wattributes"
  82:Drivers/CMSIS/Include/cmsis_gcc.h ****   __PACKED_STRUCT T_UINT16_WRITE { uint16_t v; };
  83:Drivers/CMSIS/Include/cmsis_gcc.h ****   #pragma GCC diagnostic pop
  84:Drivers/CMSIS/Include/cmsis_gcc.h ****   #define __UNALIGNED_UINT16_WRITE(addr, val)    (void)((((struct T_UINT16_WRITE *)(void *)(addr))-
  85:Drivers/CMSIS/Include/cmsis_gcc.h **** #endif
  86:Drivers/CMSIS/Include/cmsis_gcc.h **** #ifndef   __UNALIGNED_UINT16_READ
  87:Drivers/CMSIS/Include/cmsis_gcc.h ****   #pragma GCC diagnostic push
  88:Drivers/CMSIS/Include/cmsis_gcc.h ****   #pragma GCC diagnostic ignored "-Wpacked"
  89:Drivers/CMSIS/Include/cmsis_gcc.h ****   #pragma GCC diagnostic ignored "-Wattributes"
  90:Drivers/CMSIS/Include/cmsis_gcc.h ****   __PACKED_STRUCT T_UINT16_READ { uint16_t v; };
  91:Drivers/CMSIS/Include/cmsis_gcc.h ****   #pragma GCC diagnostic pop
  92:Drivers/CMSIS/Include/cmsis_gcc.h ****   #define __UNALIGNED_UINT16_READ(addr)          (((const struct T_UINT16_READ *)(const void *)(add
  93:Drivers/CMSIS/Include/cmsis_gcc.h **** #endif
  94:Drivers/CMSIS/Include/cmsis_gcc.h **** #ifndef   __UNALIGNED_UINT32_WRITE
  95:Drivers/CMSIS/Include/cmsis_gcc.h ****   #pragma GCC diagnostic push
  96:Drivers/CMSIS/Include/cmsis_gcc.h ****   #pragma GCC diagnostic ignored "-Wpacked"
  97:Drivers/CMSIS/Include/cmsis_gcc.h ****   #pragma GCC diagnostic ignored "-Wattributes"
  98:Drivers/CMSIS/Include/cmsis_gcc.h ****   __PACKED_STRUCT T_UINT32_WRITE { uint32_t v; };
  99:Drivers/CMSIS/Include/cmsis_gcc.h ****   #pragma GCC diagnostic pop
 100:Drivers/CMSIS/Include/cmsis_gcc.h ****   #define __UNALIGNED_UINT32_WRITE(addr, val)    (void)((((struct T_UINT32_WRITE *)(void *)(addr))-
 101:Drivers/CMSIS/Include/cmsis_gcc.h **** #endif
 102:Drivers/CMSIS/Include/cmsis_gcc.h **** #ifndef   __UNALIGNED_UINT32_READ
 103:Drivers/CMSIS/Include/cmsis_gcc.h ****   #pragma GCC diagnostic push
 104:Drivers/CMSIS/Include/cmsis_gcc.h ****   #pragma GCC diagnostic ignored "-Wpacked"
 105:Drivers/CMSIS/Include/cmsis_gcc.h ****   #pragma GCC diagnostic ignored "-Wattributes"
 106:Drivers/CMSIS/Include/cmsis_gcc.h ****   __PACKED_STRUCT T_UINT32_READ { uint32_t v; };
 107:Drivers/CMSIS/Include/cmsis_gcc.h ****   #pragma GCC diagnostic pop
 108:Drivers/CMSIS/Include/cmsis_gcc.h ****   #define __UNALIGNED_UINT32_READ(addr)          (((const struct T_UINT32_READ *)(const void *)(add
 109:Drivers/CMSIS/Include/cmsis_gcc.h **** #endif
 110:Drivers/CMSIS/Include/cmsis_gcc.h **** #ifndef   __ALIGNED
 111:Drivers/CMSIS/Include/cmsis_gcc.h ****   #define __ALIGNED(x)                           __attribute__((aligned(x)))
 112:Drivers/CMSIS/Include/cmsis_gcc.h **** #endif
 113:Drivers/CMSIS/Include/cmsis_gcc.h **** #ifndef   __RESTRICT
 114:Drivers/CMSIS/Include/cmsis_gcc.h ****   #define __RESTRICT                             __restrict
 115:Drivers/CMSIS/Include/cmsis_gcc.h **** #endif
 116:Drivers/CMSIS/Include/cmsis_gcc.h **** #ifndef   __COMPILER_BARRIER
 117:Drivers/CMSIS/Include/cmsis_gcc.h ****   #define __COMPILER_BARRIER()                   __ASM volatile("":::"memory")
 118:Drivers/CMSIS/Include/cmsis_gcc.h **** #endif
 119:Drivers/CMSIS/Include/cmsis_gcc.h **** 
 120:Drivers/CMSIS/Include/cmsis_gcc.h **** /* #########################  Startup and Lowlevel Init  ######################## */
 121:Drivers/CMSIS/Include/cmsis_gcc.h **** 
 122:Drivers/CMSIS/Include/cmsis_gcc.h **** #ifndef __PROGRAM_START
 123:Drivers/CMSIS/Include/cmsis_gcc.h **** 
 124:Drivers/CMSIS/Include/cmsis_gcc.h **** /**
ARM GAS  C:\Users\Nathan\AppData\Local\Temp\cc2SCFh1.s 			page 5


 125:Drivers/CMSIS/Include/cmsis_gcc.h ****   \brief   Initializes data and bss sections
 126:Drivers/CMSIS/Include/cmsis_gcc.h ****   \details This default implementations initialized all data and additional bss
 127:Drivers/CMSIS/Include/cmsis_gcc.h ****            sections relying on .copy.table and .zero.table specified properly
 128:Drivers/CMSIS/Include/cmsis_gcc.h ****            in the used linker script.
 129:Drivers/CMSIS/Include/cmsis_gcc.h ****   
 130:Drivers/CMSIS/Include/cmsis_gcc.h ****  */
 131:Drivers/CMSIS/Include/cmsis_gcc.h **** __STATIC_FORCEINLINE __NO_RETURN void __cmsis_start(void)
 132:Drivers/CMSIS/Include/cmsis_gcc.h **** {
 133:Drivers/CMSIS/Include/cmsis_gcc.h ****   extern void _start(void) __NO_RETURN;
 134:Drivers/CMSIS/Include/cmsis_gcc.h ****   
 135:Drivers/CMSIS/Include/cmsis_gcc.h ****   typedef struct {
 136:Drivers/CMSIS/Include/cmsis_gcc.h ****     uint32_t const* src;
 137:Drivers/CMSIS/Include/cmsis_gcc.h ****     uint32_t* dest;
 138:Drivers/CMSIS/Include/cmsis_gcc.h ****     uint32_t  wlen;
 139:Drivers/CMSIS/Include/cmsis_gcc.h ****   } __copy_table_t;
 140:Drivers/CMSIS/Include/cmsis_gcc.h ****   
 141:Drivers/CMSIS/Include/cmsis_gcc.h ****   typedef struct {
 142:Drivers/CMSIS/Include/cmsis_gcc.h ****     uint32_t* dest;
 143:Drivers/CMSIS/Include/cmsis_gcc.h ****     uint32_t  wlen;
 144:Drivers/CMSIS/Include/cmsis_gcc.h ****   } __zero_table_t;
 145:Drivers/CMSIS/Include/cmsis_gcc.h ****   
 146:Drivers/CMSIS/Include/cmsis_gcc.h ****   extern const __copy_table_t __copy_table_start__;
 147:Drivers/CMSIS/Include/cmsis_gcc.h ****   extern const __copy_table_t __copy_table_end__;
 148:Drivers/CMSIS/Include/cmsis_gcc.h ****   extern const __zero_table_t __zero_table_start__;
 149:Drivers/CMSIS/Include/cmsis_gcc.h ****   extern const __zero_table_t __zero_table_end__;
 150:Drivers/CMSIS/Include/cmsis_gcc.h **** 
 151:Drivers/CMSIS/Include/cmsis_gcc.h ****   for (__copy_table_t const* pTable = &__copy_table_start__; pTable < &__copy_table_end__; ++pTable
 152:Drivers/CMSIS/Include/cmsis_gcc.h ****     for(uint32_t i=0u; i<pTable->wlen; ++i) {
 153:Drivers/CMSIS/Include/cmsis_gcc.h ****       pTable->dest[i] = pTable->src[i];
 154:Drivers/CMSIS/Include/cmsis_gcc.h ****     }
 155:Drivers/CMSIS/Include/cmsis_gcc.h ****   }
 156:Drivers/CMSIS/Include/cmsis_gcc.h ****  
 157:Drivers/CMSIS/Include/cmsis_gcc.h ****   for (__zero_table_t const* pTable = &__zero_table_start__; pTable < &__zero_table_end__; ++pTable
 158:Drivers/CMSIS/Include/cmsis_gcc.h ****     for(uint32_t i=0u; i<pTable->wlen; ++i) {
 159:Drivers/CMSIS/Include/cmsis_gcc.h ****       pTable->dest[i] = 0u;
 160:Drivers/CMSIS/Include/cmsis_gcc.h ****     }
 161:Drivers/CMSIS/Include/cmsis_gcc.h ****   }
 162:Drivers/CMSIS/Include/cmsis_gcc.h ****  
 163:Drivers/CMSIS/Include/cmsis_gcc.h ****   _start();
 164:Drivers/CMSIS/Include/cmsis_gcc.h **** }
 165:Drivers/CMSIS/Include/cmsis_gcc.h ****   
 166:Drivers/CMSIS/Include/cmsis_gcc.h **** #define __PROGRAM_START           __cmsis_start
 167:Drivers/CMSIS/Include/cmsis_gcc.h **** #endif
 168:Drivers/CMSIS/Include/cmsis_gcc.h **** 
 169:Drivers/CMSIS/Include/cmsis_gcc.h **** #ifndef __INITIAL_SP
 170:Drivers/CMSIS/Include/cmsis_gcc.h **** #define __INITIAL_SP              __StackTop
 171:Drivers/CMSIS/Include/cmsis_gcc.h **** #endif
 172:Drivers/CMSIS/Include/cmsis_gcc.h **** 
 173:Drivers/CMSIS/Include/cmsis_gcc.h **** #ifndef __STACK_LIMIT
 174:Drivers/CMSIS/Include/cmsis_gcc.h **** #define __STACK_LIMIT             __StackLimit
 175:Drivers/CMSIS/Include/cmsis_gcc.h **** #endif
 176:Drivers/CMSIS/Include/cmsis_gcc.h **** 
 177:Drivers/CMSIS/Include/cmsis_gcc.h **** #ifndef __VECTOR_TABLE
 178:Drivers/CMSIS/Include/cmsis_gcc.h **** #define __VECTOR_TABLE            __Vectors
 179:Drivers/CMSIS/Include/cmsis_gcc.h **** #endif
 180:Drivers/CMSIS/Include/cmsis_gcc.h **** 
 181:Drivers/CMSIS/Include/cmsis_gcc.h **** #ifndef __VECTOR_TABLE_ATTRIBUTE
ARM GAS  C:\Users\Nathan\AppData\Local\Temp\cc2SCFh1.s 			page 6


 182:Drivers/CMSIS/Include/cmsis_gcc.h **** #define __VECTOR_TABLE_ATTRIBUTE  __attribute((used, section(".vectors")))
 183:Drivers/CMSIS/Include/cmsis_gcc.h **** #endif
 184:Drivers/CMSIS/Include/cmsis_gcc.h **** 
 185:Drivers/CMSIS/Include/cmsis_gcc.h **** /* ###########################  Core Function Access  ########################### */
 186:Drivers/CMSIS/Include/cmsis_gcc.h **** /** \ingroup  CMSIS_Core_FunctionInterface
 187:Drivers/CMSIS/Include/cmsis_gcc.h ****     \defgroup CMSIS_Core_RegAccFunctions CMSIS Core Register Access Functions
 188:Drivers/CMSIS/Include/cmsis_gcc.h ****   @{
 189:Drivers/CMSIS/Include/cmsis_gcc.h ****  */
 190:Drivers/CMSIS/Include/cmsis_gcc.h **** 
 191:Drivers/CMSIS/Include/cmsis_gcc.h **** /**
 192:Drivers/CMSIS/Include/cmsis_gcc.h ****   \brief   Enable IRQ Interrupts
 193:Drivers/CMSIS/Include/cmsis_gcc.h ****   \details Enables IRQ interrupts by clearing the I-bit in the CPSR.
 194:Drivers/CMSIS/Include/cmsis_gcc.h ****            Can only be executed in Privileged modes.
 195:Drivers/CMSIS/Include/cmsis_gcc.h ****  */
 196:Drivers/CMSIS/Include/cmsis_gcc.h **** __STATIC_FORCEINLINE void __enable_irq(void)
 197:Drivers/CMSIS/Include/cmsis_gcc.h **** {
 198:Drivers/CMSIS/Include/cmsis_gcc.h ****   __ASM volatile ("cpsie i" : : : "memory");
 199:Drivers/CMSIS/Include/cmsis_gcc.h **** }
 200:Drivers/CMSIS/Include/cmsis_gcc.h **** 
 201:Drivers/CMSIS/Include/cmsis_gcc.h **** 
 202:Drivers/CMSIS/Include/cmsis_gcc.h **** /**
 203:Drivers/CMSIS/Include/cmsis_gcc.h ****   \brief   Disable IRQ Interrupts
 204:Drivers/CMSIS/Include/cmsis_gcc.h ****   \details Disables IRQ interrupts by setting the I-bit in the CPSR.
 205:Drivers/CMSIS/Include/cmsis_gcc.h ****            Can only be executed in Privileged modes.
 206:Drivers/CMSIS/Include/cmsis_gcc.h ****  */
 207:Drivers/CMSIS/Include/cmsis_gcc.h **** __STATIC_FORCEINLINE void __disable_irq(void)
 208:Drivers/CMSIS/Include/cmsis_gcc.h **** {
 209:Drivers/CMSIS/Include/cmsis_gcc.h ****   __ASM volatile ("cpsid i" : : : "memory");
 210:Drivers/CMSIS/Include/cmsis_gcc.h **** }
 211:Drivers/CMSIS/Include/cmsis_gcc.h **** 
 212:Drivers/CMSIS/Include/cmsis_gcc.h **** 
 213:Drivers/CMSIS/Include/cmsis_gcc.h **** /**
 214:Drivers/CMSIS/Include/cmsis_gcc.h ****   \brief   Get Control Register
 215:Drivers/CMSIS/Include/cmsis_gcc.h ****   \details Returns the content of the Control Register.
 216:Drivers/CMSIS/Include/cmsis_gcc.h ****   \return               Control Register value
 217:Drivers/CMSIS/Include/cmsis_gcc.h ****  */
 218:Drivers/CMSIS/Include/cmsis_gcc.h **** __STATIC_FORCEINLINE uint32_t __get_CONTROL(void)
 219:Drivers/CMSIS/Include/cmsis_gcc.h **** {
 220:Drivers/CMSIS/Include/cmsis_gcc.h ****   uint32_t result;
 221:Drivers/CMSIS/Include/cmsis_gcc.h **** 
 222:Drivers/CMSIS/Include/cmsis_gcc.h ****   __ASM volatile ("MRS %0, control" : "=r" (result) );
 223:Drivers/CMSIS/Include/cmsis_gcc.h ****   return(result);
 224:Drivers/CMSIS/Include/cmsis_gcc.h **** }
 225:Drivers/CMSIS/Include/cmsis_gcc.h **** 
 226:Drivers/CMSIS/Include/cmsis_gcc.h **** 
 227:Drivers/CMSIS/Include/cmsis_gcc.h **** #if (defined (__ARM_FEATURE_CMSE ) && (__ARM_FEATURE_CMSE == 3))
 228:Drivers/CMSIS/Include/cmsis_gcc.h **** /**
 229:Drivers/CMSIS/Include/cmsis_gcc.h ****   \brief   Get Control Register (non-secure)
 230:Drivers/CMSIS/Include/cmsis_gcc.h ****   \details Returns the content of the non-secure Control Register when in secure mode.
 231:Drivers/CMSIS/Include/cmsis_gcc.h ****   \return               non-secure Control Register value
 232:Drivers/CMSIS/Include/cmsis_gcc.h ****  */
 233:Drivers/CMSIS/Include/cmsis_gcc.h **** __STATIC_FORCEINLINE uint32_t __TZ_get_CONTROL_NS(void)
 234:Drivers/CMSIS/Include/cmsis_gcc.h **** {
 235:Drivers/CMSIS/Include/cmsis_gcc.h ****   uint32_t result;
 236:Drivers/CMSIS/Include/cmsis_gcc.h **** 
 237:Drivers/CMSIS/Include/cmsis_gcc.h ****   __ASM volatile ("MRS %0, control_ns" : "=r" (result) );
 238:Drivers/CMSIS/Include/cmsis_gcc.h ****   return(result);
ARM GAS  C:\Users\Nathan\AppData\Local\Temp\cc2SCFh1.s 			page 7


 239:Drivers/CMSIS/Include/cmsis_gcc.h **** }
 240:Drivers/CMSIS/Include/cmsis_gcc.h **** #endif
 241:Drivers/CMSIS/Include/cmsis_gcc.h **** 
 242:Drivers/CMSIS/Include/cmsis_gcc.h **** 
 243:Drivers/CMSIS/Include/cmsis_gcc.h **** /**
 244:Drivers/CMSIS/Include/cmsis_gcc.h ****   \brief   Set Control Register
 245:Drivers/CMSIS/Include/cmsis_gcc.h ****   \details Writes the given value to the Control Register.
 246:Drivers/CMSIS/Include/cmsis_gcc.h ****   \param [in]    control  Control Register value to set
 247:Drivers/CMSIS/Include/cmsis_gcc.h ****  */
 248:Drivers/CMSIS/Include/cmsis_gcc.h **** __STATIC_FORCEINLINE void __set_CONTROL(uint32_t control)
 249:Drivers/CMSIS/Include/cmsis_gcc.h **** {
 250:Drivers/CMSIS/Include/cmsis_gcc.h ****   __ASM volatile ("MSR control, %0" : : "r" (control) : "memory");
 251:Drivers/CMSIS/Include/cmsis_gcc.h **** }
 252:Drivers/CMSIS/Include/cmsis_gcc.h **** 
 253:Drivers/CMSIS/Include/cmsis_gcc.h **** 
 254:Drivers/CMSIS/Include/cmsis_gcc.h **** #if (defined (__ARM_FEATURE_CMSE ) && (__ARM_FEATURE_CMSE == 3))
 255:Drivers/CMSIS/Include/cmsis_gcc.h **** /**
 256:Drivers/CMSIS/Include/cmsis_gcc.h ****   \brief   Set Control Register (non-secure)
 257:Drivers/CMSIS/Include/cmsis_gcc.h ****   \details Writes the given value to the non-secure Control Register when in secure state.
 258:Drivers/CMSIS/Include/cmsis_gcc.h ****   \param [in]    control  Control Register value to set
 259:Drivers/CMSIS/Include/cmsis_gcc.h ****  */
 260:Drivers/CMSIS/Include/cmsis_gcc.h **** __STATIC_FORCEINLINE void __TZ_set_CONTROL_NS(uint32_t control)
 261:Drivers/CMSIS/Include/cmsis_gcc.h **** {
 262:Drivers/CMSIS/Include/cmsis_gcc.h ****   __ASM volatile ("MSR control_ns, %0" : : "r" (control) : "memory");
 263:Drivers/CMSIS/Include/cmsis_gcc.h **** }
 264:Drivers/CMSIS/Include/cmsis_gcc.h **** #endif
 265:Drivers/CMSIS/Include/cmsis_gcc.h **** 
 266:Drivers/CMSIS/Include/cmsis_gcc.h **** 
 267:Drivers/CMSIS/Include/cmsis_gcc.h **** /**
 268:Drivers/CMSIS/Include/cmsis_gcc.h ****   \brief   Get IPSR Register
 269:Drivers/CMSIS/Include/cmsis_gcc.h ****   \details Returns the content of the IPSR Register.
 270:Drivers/CMSIS/Include/cmsis_gcc.h ****   \return               IPSR Register value
 271:Drivers/CMSIS/Include/cmsis_gcc.h ****  */
 272:Drivers/CMSIS/Include/cmsis_gcc.h **** __STATIC_FORCEINLINE uint32_t __get_IPSR(void)
 273:Drivers/CMSIS/Include/cmsis_gcc.h **** {
 274:Drivers/CMSIS/Include/cmsis_gcc.h ****   uint32_t result;
 275:Drivers/CMSIS/Include/cmsis_gcc.h **** 
 276:Drivers/CMSIS/Include/cmsis_gcc.h ****   __ASM volatile ("MRS %0, ipsr" : "=r" (result) );
 277:Drivers/CMSIS/Include/cmsis_gcc.h ****   return(result);
 278:Drivers/CMSIS/Include/cmsis_gcc.h **** }
 279:Drivers/CMSIS/Include/cmsis_gcc.h **** 
 280:Drivers/CMSIS/Include/cmsis_gcc.h **** 
 281:Drivers/CMSIS/Include/cmsis_gcc.h **** /**
 282:Drivers/CMSIS/Include/cmsis_gcc.h ****   \brief   Get APSR Register
 283:Drivers/CMSIS/Include/cmsis_gcc.h ****   \details Returns the content of the APSR Register.
 284:Drivers/CMSIS/Include/cmsis_gcc.h ****   \return               APSR Register value
 285:Drivers/CMSIS/Include/cmsis_gcc.h ****  */
 286:Drivers/CMSIS/Include/cmsis_gcc.h **** __STATIC_FORCEINLINE uint32_t __get_APSR(void)
 287:Drivers/CMSIS/Include/cmsis_gcc.h **** {
 288:Drivers/CMSIS/Include/cmsis_gcc.h ****   uint32_t result;
 289:Drivers/CMSIS/Include/cmsis_gcc.h **** 
 290:Drivers/CMSIS/Include/cmsis_gcc.h ****   __ASM volatile ("MRS %0, apsr" : "=r" (result) );
 291:Drivers/CMSIS/Include/cmsis_gcc.h ****   return(result);
 292:Drivers/CMSIS/Include/cmsis_gcc.h **** }
 293:Drivers/CMSIS/Include/cmsis_gcc.h **** 
 294:Drivers/CMSIS/Include/cmsis_gcc.h **** 
 295:Drivers/CMSIS/Include/cmsis_gcc.h **** /**
ARM GAS  C:\Users\Nathan\AppData\Local\Temp\cc2SCFh1.s 			page 8


 296:Drivers/CMSIS/Include/cmsis_gcc.h ****   \brief   Get xPSR Register
 297:Drivers/CMSIS/Include/cmsis_gcc.h ****   \details Returns the content of the xPSR Register.
 298:Drivers/CMSIS/Include/cmsis_gcc.h ****   \return               xPSR Register value
 299:Drivers/CMSIS/Include/cmsis_gcc.h ****  */
 300:Drivers/CMSIS/Include/cmsis_gcc.h **** __STATIC_FORCEINLINE uint32_t __get_xPSR(void)
 301:Drivers/CMSIS/Include/cmsis_gcc.h **** {
 302:Drivers/CMSIS/Include/cmsis_gcc.h ****   uint32_t result;
 303:Drivers/CMSIS/Include/cmsis_gcc.h **** 
 304:Drivers/CMSIS/Include/cmsis_gcc.h ****   __ASM volatile ("MRS %0, xpsr" : "=r" (result) );
 305:Drivers/CMSIS/Include/cmsis_gcc.h ****   return(result);
 306:Drivers/CMSIS/Include/cmsis_gcc.h **** }
 307:Drivers/CMSIS/Include/cmsis_gcc.h **** 
 308:Drivers/CMSIS/Include/cmsis_gcc.h **** 
 309:Drivers/CMSIS/Include/cmsis_gcc.h **** /**
 310:Drivers/CMSIS/Include/cmsis_gcc.h ****   \brief   Get Process Stack Pointer
 311:Drivers/CMSIS/Include/cmsis_gcc.h ****   \details Returns the current value of the Process Stack Pointer (PSP).
 312:Drivers/CMSIS/Include/cmsis_gcc.h ****   \return               PSP Register value
 313:Drivers/CMSIS/Include/cmsis_gcc.h ****  */
 314:Drivers/CMSIS/Include/cmsis_gcc.h **** __STATIC_FORCEINLINE uint32_t __get_PSP(void)
 315:Drivers/CMSIS/Include/cmsis_gcc.h **** {
 316:Drivers/CMSIS/Include/cmsis_gcc.h ****   uint32_t result;
 317:Drivers/CMSIS/Include/cmsis_gcc.h **** 
 318:Drivers/CMSIS/Include/cmsis_gcc.h ****   __ASM volatile ("MRS %0, psp"  : "=r" (result) );
 319:Drivers/CMSIS/Include/cmsis_gcc.h ****   return(result);
 320:Drivers/CMSIS/Include/cmsis_gcc.h **** }
 321:Drivers/CMSIS/Include/cmsis_gcc.h **** 
 322:Drivers/CMSIS/Include/cmsis_gcc.h **** 
 323:Drivers/CMSIS/Include/cmsis_gcc.h **** #if (defined (__ARM_FEATURE_CMSE ) && (__ARM_FEATURE_CMSE == 3))
 324:Drivers/CMSIS/Include/cmsis_gcc.h **** /**
 325:Drivers/CMSIS/Include/cmsis_gcc.h ****   \brief   Get Process Stack Pointer (non-secure)
 326:Drivers/CMSIS/Include/cmsis_gcc.h ****   \details Returns the current value of the non-secure Process Stack Pointer (PSP) when in secure s
 327:Drivers/CMSIS/Include/cmsis_gcc.h ****   \return               PSP Register value
 328:Drivers/CMSIS/Include/cmsis_gcc.h ****  */
 329:Drivers/CMSIS/Include/cmsis_gcc.h **** __STATIC_FORCEINLINE uint32_t __TZ_get_PSP_NS(void)
 330:Drivers/CMSIS/Include/cmsis_gcc.h **** {
 331:Drivers/CMSIS/Include/cmsis_gcc.h ****   uint32_t result;
 332:Drivers/CMSIS/Include/cmsis_gcc.h **** 
 333:Drivers/CMSIS/Include/cmsis_gcc.h ****   __ASM volatile ("MRS %0, psp_ns"  : "=r" (result) );
 334:Drivers/CMSIS/Include/cmsis_gcc.h ****   return(result);
 335:Drivers/CMSIS/Include/cmsis_gcc.h **** }
 336:Drivers/CMSIS/Include/cmsis_gcc.h **** #endif
 337:Drivers/CMSIS/Include/cmsis_gcc.h **** 
 338:Drivers/CMSIS/Include/cmsis_gcc.h **** 
 339:Drivers/CMSIS/Include/cmsis_gcc.h **** /**
 340:Drivers/CMSIS/Include/cmsis_gcc.h ****   \brief   Set Process Stack Pointer
 341:Drivers/CMSIS/Include/cmsis_gcc.h ****   \details Assigns the given value to the Process Stack Pointer (PSP).
 342:Drivers/CMSIS/Include/cmsis_gcc.h ****   \param [in]    topOfProcStack  Process Stack Pointer value to set
 343:Drivers/CMSIS/Include/cmsis_gcc.h ****  */
 344:Drivers/CMSIS/Include/cmsis_gcc.h **** __STATIC_FORCEINLINE void __set_PSP(uint32_t topOfProcStack)
 345:Drivers/CMSIS/Include/cmsis_gcc.h **** {
 346:Drivers/CMSIS/Include/cmsis_gcc.h ****   __ASM volatile ("MSR psp, %0" : : "r" (topOfProcStack) : );
 347:Drivers/CMSIS/Include/cmsis_gcc.h **** }
 348:Drivers/CMSIS/Include/cmsis_gcc.h **** 
 349:Drivers/CMSIS/Include/cmsis_gcc.h **** 
 350:Drivers/CMSIS/Include/cmsis_gcc.h **** #if (defined (__ARM_FEATURE_CMSE ) && (__ARM_FEATURE_CMSE == 3))
 351:Drivers/CMSIS/Include/cmsis_gcc.h **** /**
 352:Drivers/CMSIS/Include/cmsis_gcc.h ****   \brief   Set Process Stack Pointer (non-secure)
ARM GAS  C:\Users\Nathan\AppData\Local\Temp\cc2SCFh1.s 			page 9


 353:Drivers/CMSIS/Include/cmsis_gcc.h ****   \details Assigns the given value to the non-secure Process Stack Pointer (PSP) when in secure sta
 354:Drivers/CMSIS/Include/cmsis_gcc.h ****   \param [in]    topOfProcStack  Process Stack Pointer value to set
 355:Drivers/CMSIS/Include/cmsis_gcc.h ****  */
 356:Drivers/CMSIS/Include/cmsis_gcc.h **** __STATIC_FORCEINLINE void __TZ_set_PSP_NS(uint32_t topOfProcStack)
 357:Drivers/CMSIS/Include/cmsis_gcc.h **** {
 358:Drivers/CMSIS/Include/cmsis_gcc.h ****   __ASM volatile ("MSR psp_ns, %0" : : "r" (topOfProcStack) : );
 359:Drivers/CMSIS/Include/cmsis_gcc.h **** }
 360:Drivers/CMSIS/Include/cmsis_gcc.h **** #endif
 361:Drivers/CMSIS/Include/cmsis_gcc.h **** 
 362:Drivers/CMSIS/Include/cmsis_gcc.h **** 
 363:Drivers/CMSIS/Include/cmsis_gcc.h **** /**
 364:Drivers/CMSIS/Include/cmsis_gcc.h ****   \brief   Get Main Stack Pointer
 365:Drivers/CMSIS/Include/cmsis_gcc.h ****   \details Returns the current value of the Main Stack Pointer (MSP).
 366:Drivers/CMSIS/Include/cmsis_gcc.h ****   \return               MSP Register value
 367:Drivers/CMSIS/Include/cmsis_gcc.h ****  */
 368:Drivers/CMSIS/Include/cmsis_gcc.h **** __STATIC_FORCEINLINE uint32_t __get_MSP(void)
 369:Drivers/CMSIS/Include/cmsis_gcc.h **** {
 370:Drivers/CMSIS/Include/cmsis_gcc.h ****   uint32_t result;
 371:Drivers/CMSIS/Include/cmsis_gcc.h **** 
 372:Drivers/CMSIS/Include/cmsis_gcc.h ****   __ASM volatile ("MRS %0, msp" : "=r" (result) );
 373:Drivers/CMSIS/Include/cmsis_gcc.h ****   return(result);
 374:Drivers/CMSIS/Include/cmsis_gcc.h **** }
 375:Drivers/CMSIS/Include/cmsis_gcc.h **** 
 376:Drivers/CMSIS/Include/cmsis_gcc.h **** 
 377:Drivers/CMSIS/Include/cmsis_gcc.h **** #if (defined (__ARM_FEATURE_CMSE ) && (__ARM_FEATURE_CMSE == 3))
 378:Drivers/CMSIS/Include/cmsis_gcc.h **** /**
 379:Drivers/CMSIS/Include/cmsis_gcc.h ****   \brief   Get Main Stack Pointer (non-secure)
 380:Drivers/CMSIS/Include/cmsis_gcc.h ****   \details Returns the current value of the non-secure Main Stack Pointer (MSP) when in secure stat
 381:Drivers/CMSIS/Include/cmsis_gcc.h ****   \return               MSP Register value
 382:Drivers/CMSIS/Include/cmsis_gcc.h ****  */
 383:Drivers/CMSIS/Include/cmsis_gcc.h **** __STATIC_FORCEINLINE uint32_t __TZ_get_MSP_NS(void)
 384:Drivers/CMSIS/Include/cmsis_gcc.h **** {
 385:Drivers/CMSIS/Include/cmsis_gcc.h ****   uint32_t result;
 386:Drivers/CMSIS/Include/cmsis_gcc.h **** 
 387:Drivers/CMSIS/Include/cmsis_gcc.h ****   __ASM volatile ("MRS %0, msp_ns" : "=r" (result) );
 388:Drivers/CMSIS/Include/cmsis_gcc.h ****   return(result);
 389:Drivers/CMSIS/Include/cmsis_gcc.h **** }
 390:Drivers/CMSIS/Include/cmsis_gcc.h **** #endif
 391:Drivers/CMSIS/Include/cmsis_gcc.h **** 
 392:Drivers/CMSIS/Include/cmsis_gcc.h **** 
 393:Drivers/CMSIS/Include/cmsis_gcc.h **** /**
 394:Drivers/CMSIS/Include/cmsis_gcc.h ****   \brief   Set Main Stack Pointer
 395:Drivers/CMSIS/Include/cmsis_gcc.h ****   \details Assigns the given value to the Main Stack Pointer (MSP).
 396:Drivers/CMSIS/Include/cmsis_gcc.h ****   \param [in]    topOfMainStack  Main Stack Pointer value to set
 397:Drivers/CMSIS/Include/cmsis_gcc.h ****  */
 398:Drivers/CMSIS/Include/cmsis_gcc.h **** __STATIC_FORCEINLINE void __set_MSP(uint32_t topOfMainStack)
 399:Drivers/CMSIS/Include/cmsis_gcc.h **** {
 400:Drivers/CMSIS/Include/cmsis_gcc.h ****   __ASM volatile ("MSR msp, %0" : : "r" (topOfMainStack) : );
 401:Drivers/CMSIS/Include/cmsis_gcc.h **** }
 402:Drivers/CMSIS/Include/cmsis_gcc.h **** 
 403:Drivers/CMSIS/Include/cmsis_gcc.h **** 
 404:Drivers/CMSIS/Include/cmsis_gcc.h **** #if (defined (__ARM_FEATURE_CMSE ) && (__ARM_FEATURE_CMSE == 3))
 405:Drivers/CMSIS/Include/cmsis_gcc.h **** /**
 406:Drivers/CMSIS/Include/cmsis_gcc.h ****   \brief   Set Main Stack Pointer (non-secure)
 407:Drivers/CMSIS/Include/cmsis_gcc.h ****   \details Assigns the given value to the non-secure Main Stack Pointer (MSP) when in secure state.
 408:Drivers/CMSIS/Include/cmsis_gcc.h ****   \param [in]    topOfMainStack  Main Stack Pointer value to set
 409:Drivers/CMSIS/Include/cmsis_gcc.h ****  */
ARM GAS  C:\Users\Nathan\AppData\Local\Temp\cc2SCFh1.s 			page 10


 410:Drivers/CMSIS/Include/cmsis_gcc.h **** __STATIC_FORCEINLINE void __TZ_set_MSP_NS(uint32_t topOfMainStack)
 411:Drivers/CMSIS/Include/cmsis_gcc.h **** {
 412:Drivers/CMSIS/Include/cmsis_gcc.h ****   __ASM volatile ("MSR msp_ns, %0" : : "r" (topOfMainStack) : );
 413:Drivers/CMSIS/Include/cmsis_gcc.h **** }
 414:Drivers/CMSIS/Include/cmsis_gcc.h **** #endif
 415:Drivers/CMSIS/Include/cmsis_gcc.h **** 
 416:Drivers/CMSIS/Include/cmsis_gcc.h **** 
 417:Drivers/CMSIS/Include/cmsis_gcc.h **** #if (defined (__ARM_FEATURE_CMSE ) && (__ARM_FEATURE_CMSE == 3))
 418:Drivers/CMSIS/Include/cmsis_gcc.h **** /**
 419:Drivers/CMSIS/Include/cmsis_gcc.h ****   \brief   Get Stack Pointer (non-secure)
 420:Drivers/CMSIS/Include/cmsis_gcc.h ****   \details Returns the current value of the non-secure Stack Pointer (SP) when in secure state.
 421:Drivers/CMSIS/Include/cmsis_gcc.h ****   \return               SP Register value
 422:Drivers/CMSIS/Include/cmsis_gcc.h ****  */
 423:Drivers/CMSIS/Include/cmsis_gcc.h **** __STATIC_FORCEINLINE uint32_t __TZ_get_SP_NS(void)
 424:Drivers/CMSIS/Include/cmsis_gcc.h **** {
 425:Drivers/CMSIS/Include/cmsis_gcc.h ****   uint32_t result;
 426:Drivers/CMSIS/Include/cmsis_gcc.h **** 
 427:Drivers/CMSIS/Include/cmsis_gcc.h ****   __ASM volatile ("MRS %0, sp_ns" : "=r" (result) );
 428:Drivers/CMSIS/Include/cmsis_gcc.h ****   return(result);
 429:Drivers/CMSIS/Include/cmsis_gcc.h **** }
 430:Drivers/CMSIS/Include/cmsis_gcc.h **** 
 431:Drivers/CMSIS/Include/cmsis_gcc.h **** 
 432:Drivers/CMSIS/Include/cmsis_gcc.h **** /**
 433:Drivers/CMSIS/Include/cmsis_gcc.h ****   \brief   Set Stack Pointer (non-secure)
 434:Drivers/CMSIS/Include/cmsis_gcc.h ****   \details Assigns the given value to the non-secure Stack Pointer (SP) when in secure state.
 435:Drivers/CMSIS/Include/cmsis_gcc.h ****   \param [in]    topOfStack  Stack Pointer value to set
 436:Drivers/CMSIS/Include/cmsis_gcc.h ****  */
 437:Drivers/CMSIS/Include/cmsis_gcc.h **** __STATIC_FORCEINLINE void __TZ_set_SP_NS(uint32_t topOfStack)
 438:Drivers/CMSIS/Include/cmsis_gcc.h **** {
 439:Drivers/CMSIS/Include/cmsis_gcc.h ****   __ASM volatile ("MSR sp_ns, %0" : : "r" (topOfStack) : );
 440:Drivers/CMSIS/Include/cmsis_gcc.h **** }
 441:Drivers/CMSIS/Include/cmsis_gcc.h **** #endif
 442:Drivers/CMSIS/Include/cmsis_gcc.h **** 
 443:Drivers/CMSIS/Include/cmsis_gcc.h **** 
 444:Drivers/CMSIS/Include/cmsis_gcc.h **** /**
 445:Drivers/CMSIS/Include/cmsis_gcc.h ****   \brief   Get Priority Mask
 446:Drivers/CMSIS/Include/cmsis_gcc.h ****   \details Returns the current state of the priority mask bit from the Priority Mask Register.
 447:Drivers/CMSIS/Include/cmsis_gcc.h ****   \return               Priority Mask value
 448:Drivers/CMSIS/Include/cmsis_gcc.h ****  */
 449:Drivers/CMSIS/Include/cmsis_gcc.h **** __STATIC_FORCEINLINE uint32_t __get_PRIMASK(void)
  67              		.loc 2 449 31 view .LVU10
  68              	.LBB69:
 450:Drivers/CMSIS/Include/cmsis_gcc.h **** {
 451:Drivers/CMSIS/Include/cmsis_gcc.h ****   uint32_t result;
  69              		.loc 2 451 3 view .LVU11
 452:Drivers/CMSIS/Include/cmsis_gcc.h **** 
 453:Drivers/CMSIS/Include/cmsis_gcc.h ****   __ASM volatile ("MRS %0, primask" : "=r" (result) :: "memory");
  70              		.loc 2 453 3 view .LVU12
  71              		.syntax unified
  72              	@ 453 "Drivers/CMSIS/Include/cmsis_gcc.h" 1
  73 0000 EFF31083 		MRS r3, primask
  74              	@ 0 "" 2
  75              	.LVL2:
 454:Drivers/CMSIS/Include/cmsis_gcc.h ****   return(result);
  76              		.loc 2 454 3 view .LVU13
  77              		.loc 2 454 3 is_stmt 0 view .LVU14
  78              		.thumb
ARM GAS  C:\Users\Nathan\AppData\Local\Temp\cc2SCFh1.s 			page 11


  79              		.syntax unified
  80              	.LBE69:
  81              	.LBE68:
  42:Middlewares/ST/STM32_WPAN/utilities/stm_list.c ****   __disable_irq();                  /**< Disable all interrupts by setting PRIMASK bit on Cortex*/
  82              		.loc 1 42 3 is_stmt 1 view .LVU15
  83              	.LBB70:
  84              	.LBI70:
 207:Drivers/CMSIS/Include/cmsis_gcc.h **** {
  85              		.loc 2 207 27 view .LVU16
  86              	.LBB71:
 209:Drivers/CMSIS/Include/cmsis_gcc.h **** }
  87              		.loc 2 209 3 view .LVU17
  88              		.syntax unified
  89              	@ 209 "Drivers/CMSIS/Include/cmsis_gcc.h" 1
  90 0004 72B6     		cpsid i
  91              	@ 0 "" 2
  92              		.thumb
  93              		.syntax unified
  94              	.LBE71:
  95              	.LBE70:
  43:Middlewares/ST/STM32_WPAN/utilities/stm_list.c ****   if(listHead->next == listHead)
  96              		.loc 1 43 3 view .LVU18
  97              		.loc 1 43 14 is_stmt 0 view .LVU19
  98 0006 0268     		ldr	r2, [r0]	@ unaligned
  99              		.loc 1 43 5 view .LVU20
 100 0008 8242     		cmp	r2, r0
 101 000a 03D0     		beq	.L5
  44:Middlewares/ST/STM32_WPAN/utilities/stm_list.c ****   {
  45:Middlewares/ST/STM32_WPAN/utilities/stm_list.c ****     return_value = TRUE;
  46:Middlewares/ST/STM32_WPAN/utilities/stm_list.c ****   }
  47:Middlewares/ST/STM32_WPAN/utilities/stm_list.c ****   else
  48:Middlewares/ST/STM32_WPAN/utilities/stm_list.c ****   {
  49:Middlewares/ST/STM32_WPAN/utilities/stm_list.c ****     return_value = FALSE;
 102              		.loc 1 49 18 view .LVU21
 103 000c 0020     		movs	r0, #0
 104              	.LVL3:
 105              	.L3:
  50:Middlewares/ST/STM32_WPAN/utilities/stm_list.c ****   }
  51:Middlewares/ST/STM32_WPAN/utilities/stm_list.c ****   __set_PRIMASK(primask_bit);     /**< Restore PRIMASK bit*/
 106              		.loc 1 51 3 is_stmt 1 view .LVU22
 107              	.LBB72:
 108              	.LBI72:
 455:Drivers/CMSIS/Include/cmsis_gcc.h **** }
 456:Drivers/CMSIS/Include/cmsis_gcc.h **** 
 457:Drivers/CMSIS/Include/cmsis_gcc.h **** 
 458:Drivers/CMSIS/Include/cmsis_gcc.h **** #if (defined (__ARM_FEATURE_CMSE ) && (__ARM_FEATURE_CMSE == 3))
 459:Drivers/CMSIS/Include/cmsis_gcc.h **** /**
 460:Drivers/CMSIS/Include/cmsis_gcc.h ****   \brief   Get Priority Mask (non-secure)
 461:Drivers/CMSIS/Include/cmsis_gcc.h ****   \details Returns the current state of the non-secure priority mask bit from the Priority Mask Reg
 462:Drivers/CMSIS/Include/cmsis_gcc.h ****   \return               Priority Mask value
 463:Drivers/CMSIS/Include/cmsis_gcc.h ****  */
 464:Drivers/CMSIS/Include/cmsis_gcc.h **** __STATIC_FORCEINLINE uint32_t __TZ_get_PRIMASK_NS(void)
 465:Drivers/CMSIS/Include/cmsis_gcc.h **** {
 466:Drivers/CMSIS/Include/cmsis_gcc.h ****   uint32_t result;
 467:Drivers/CMSIS/Include/cmsis_gcc.h **** 
 468:Drivers/CMSIS/Include/cmsis_gcc.h ****   __ASM volatile ("MRS %0, primask_ns" : "=r" (result) :: "memory");
 469:Drivers/CMSIS/Include/cmsis_gcc.h ****   return(result);
ARM GAS  C:\Users\Nathan\AppData\Local\Temp\cc2SCFh1.s 			page 12


 470:Drivers/CMSIS/Include/cmsis_gcc.h **** }
 471:Drivers/CMSIS/Include/cmsis_gcc.h **** #endif
 472:Drivers/CMSIS/Include/cmsis_gcc.h **** 
 473:Drivers/CMSIS/Include/cmsis_gcc.h **** 
 474:Drivers/CMSIS/Include/cmsis_gcc.h **** /**
 475:Drivers/CMSIS/Include/cmsis_gcc.h ****   \brief   Set Priority Mask
 476:Drivers/CMSIS/Include/cmsis_gcc.h ****   \details Assigns the given value to the Priority Mask Register.
 477:Drivers/CMSIS/Include/cmsis_gcc.h ****   \param [in]    priMask  Priority Mask
 478:Drivers/CMSIS/Include/cmsis_gcc.h ****  */
 479:Drivers/CMSIS/Include/cmsis_gcc.h **** __STATIC_FORCEINLINE void __set_PRIMASK(uint32_t priMask)
 109              		.loc 2 479 27 view .LVU23
 110              	.LBB73:
 480:Drivers/CMSIS/Include/cmsis_gcc.h **** {
 481:Drivers/CMSIS/Include/cmsis_gcc.h ****   __ASM volatile ("MSR primask, %0" : : "r" (priMask) : "memory");
 111              		.loc 2 481 3 view .LVU24
 112              		.syntax unified
 113              	@ 481 "Drivers/CMSIS/Include/cmsis_gcc.h" 1
 114 000e 83F31088 		MSR primask, r3
 115              	@ 0 "" 2
 116              		.thumb
 117              		.syntax unified
 118              	.LBE73:
 119              	.LBE72:
  52:Middlewares/ST/STM32_WPAN/utilities/stm_list.c **** 
  53:Middlewares/ST/STM32_WPAN/utilities/stm_list.c ****   return return_value;
 120              		.loc 1 53 3 view .LVU25
  54:Middlewares/ST/STM32_WPAN/utilities/stm_list.c **** }
 121              		.loc 1 54 1 is_stmt 0 view .LVU26
 122 0012 7047     		bx	lr
 123              	.LVL4:
 124              	.L5:
  45:Middlewares/ST/STM32_WPAN/utilities/stm_list.c ****   }
 125              		.loc 1 45 18 view .LVU27
 126 0014 0120     		movs	r0, #1
 127              	.LVL5:
  45:Middlewares/ST/STM32_WPAN/utilities/stm_list.c ****   }
 128              		.loc 1 45 18 view .LVU28
 129 0016 FAE7     		b	.L3
 130              		.cfi_endproc
 131              	.LFE1416:
 133              		.section	.text.LST_insert_head,"ax",%progbits
 134              		.align	1
 135              		.global	LST_insert_head
 136              		.syntax unified
 137              		.thumb
 138              		.thumb_func
 140              	LST_insert_head:
 141              	.LVL6:
 142              	.LFB1417:
  55:Middlewares/ST/STM32_WPAN/utilities/stm_list.c **** 
  56:Middlewares/ST/STM32_WPAN/utilities/stm_list.c **** void LST_insert_head (tListNode * listHead, tListNode * node)
  57:Middlewares/ST/STM32_WPAN/utilities/stm_list.c **** {
 143              		.loc 1 57 1 is_stmt 1 view -0
 144              		.cfi_startproc
 145              		@ args = 0, pretend = 0, frame = 0
 146              		@ frame_needed = 0, uses_anonymous_args = 0
 147              		@ link register save eliminated.
ARM GAS  C:\Users\Nathan\AppData\Local\Temp\cc2SCFh1.s 			page 13


  58:Middlewares/ST/STM32_WPAN/utilities/stm_list.c ****   uint32_t primask_bit;
 148              		.loc 1 58 3 view .LVU30
  59:Middlewares/ST/STM32_WPAN/utilities/stm_list.c **** 
  60:Middlewares/ST/STM32_WPAN/utilities/stm_list.c ****   primask_bit = __get_PRIMASK();  /**< backup PRIMASK bit */
 149              		.loc 1 60 3 view .LVU31
 150              	.LBB74:
 151              	.LBI74:
 449:Drivers/CMSIS/Include/cmsis_gcc.h **** {
 152              		.loc 2 449 31 view .LVU32
 153              	.LBB75:
 451:Drivers/CMSIS/Include/cmsis_gcc.h **** 
 154              		.loc 2 451 3 view .LVU33
 453:Drivers/CMSIS/Include/cmsis_gcc.h ****   return(result);
 155              		.loc 2 453 3 view .LVU34
 156              		.syntax unified
 157              	@ 453 "Drivers/CMSIS/Include/cmsis_gcc.h" 1
 158 0000 EFF31083 		MRS r3, primask
 159              	@ 0 "" 2
 160              	.LVL7:
 454:Drivers/CMSIS/Include/cmsis_gcc.h **** }
 161              		.loc 2 454 3 view .LVU35
 454:Drivers/CMSIS/Include/cmsis_gcc.h **** }
 162              		.loc 2 454 3 is_stmt 0 view .LVU36
 163              		.thumb
 164              		.syntax unified
 165              	.LBE75:
 166              	.LBE74:
  61:Middlewares/ST/STM32_WPAN/utilities/stm_list.c ****   __disable_irq();                  /**< Disable all interrupts by setting PRIMASK bit on Cortex*/
 167              		.loc 1 61 3 is_stmt 1 view .LVU37
 168              	.LBB76:
 169              	.LBI76:
 207:Drivers/CMSIS/Include/cmsis_gcc.h **** {
 170              		.loc 2 207 27 view .LVU38
 171              	.LBB77:
 209:Drivers/CMSIS/Include/cmsis_gcc.h **** }
 172              		.loc 2 209 3 view .LVU39
 173              		.syntax unified
 174              	@ 209 "Drivers/CMSIS/Include/cmsis_gcc.h" 1
 175 0004 72B6     		cpsid i
 176              	@ 0 "" 2
 177              		.thumb
 178              		.syntax unified
 179              	.LBE77:
 180              	.LBE76:
  62:Middlewares/ST/STM32_WPAN/utilities/stm_list.c **** 
  63:Middlewares/ST/STM32_WPAN/utilities/stm_list.c ****   node->next = listHead->next;
 181              		.loc 1 63 3 view .LVU40
 182              		.loc 1 63 24 is_stmt 0 view .LVU41
 183 0006 0268     		ldr	r2, [r0]	@ unaligned
 184              		.loc 1 63 14 view .LVU42
 185 0008 0A60     		str	r2, [r1]	@ unaligned
  64:Middlewares/ST/STM32_WPAN/utilities/stm_list.c ****   node->prev = listHead;
 186              		.loc 1 64 3 is_stmt 1 view .LVU43
 187              		.loc 1 64 14 is_stmt 0 view .LVU44
 188 000a 4860     		str	r0, [r1, #4]	@ unaligned
  65:Middlewares/ST/STM32_WPAN/utilities/stm_list.c ****   listHead->next = node;
 189              		.loc 1 65 3 is_stmt 1 view .LVU45
ARM GAS  C:\Users\Nathan\AppData\Local\Temp\cc2SCFh1.s 			page 14


 190              		.loc 1 65 18 is_stmt 0 view .LVU46
 191 000c 0160     		str	r1, [r0]	@ unaligned
  66:Middlewares/ST/STM32_WPAN/utilities/stm_list.c ****   (node->next)->prev = node;
 192              		.loc 1 66 3 is_stmt 1 view .LVU47
 193              		.loc 1 66 8 is_stmt 0 view .LVU48
 194 000e 0A68     		ldr	r2, [r1]	@ unaligned
 195              		.loc 1 66 22 view .LVU49
 196 0010 5160     		str	r1, [r2, #4]	@ unaligned
  67:Middlewares/ST/STM32_WPAN/utilities/stm_list.c **** 
  68:Middlewares/ST/STM32_WPAN/utilities/stm_list.c ****   __set_PRIMASK(primask_bit);     /**< Restore PRIMASK bit*/
 197              		.loc 1 68 3 is_stmt 1 view .LVU50
 198              	.LVL8:
 199              	.LBB78:
 200              	.LBI78:
 479:Drivers/CMSIS/Include/cmsis_gcc.h **** {
 201              		.loc 2 479 27 view .LVU51
 202              	.LBB79:
 203              		.loc 2 481 3 view .LVU52
 204              		.syntax unified
 205              	@ 481 "Drivers/CMSIS/Include/cmsis_gcc.h" 1
 206 0012 83F31088 		MSR primask, r3
 207              	@ 0 "" 2
 208              	.LVL9:
 209              		.loc 2 481 3 is_stmt 0 view .LVU53
 210              		.thumb
 211              		.syntax unified
 212              	.LBE79:
 213              	.LBE78:
  69:Middlewares/ST/STM32_WPAN/utilities/stm_list.c **** }
 214              		.loc 1 69 1 view .LVU54
 215 0016 7047     		bx	lr
 216              		.cfi_endproc
 217              	.LFE1417:
 219              		.section	.text.LST_insert_tail,"ax",%progbits
 220              		.align	1
 221              		.global	LST_insert_tail
 222              		.syntax unified
 223              		.thumb
 224              		.thumb_func
 226              	LST_insert_tail:
 227              	.LVL10:
 228              	.LFB1418:
  70:Middlewares/ST/STM32_WPAN/utilities/stm_list.c **** 
  71:Middlewares/ST/STM32_WPAN/utilities/stm_list.c **** 
  72:Middlewares/ST/STM32_WPAN/utilities/stm_list.c **** void LST_insert_tail (tListNode * listHead, tListNode * node)
  73:Middlewares/ST/STM32_WPAN/utilities/stm_list.c **** {
 229              		.loc 1 73 1 is_stmt 1 view -0
 230              		.cfi_startproc
 231              		@ args = 0, pretend = 0, frame = 0
 232              		@ frame_needed = 0, uses_anonymous_args = 0
 233              		@ link register save eliminated.
  74:Middlewares/ST/STM32_WPAN/utilities/stm_list.c ****   uint32_t primask_bit;
 234              		.loc 1 74 3 view .LVU56
  75:Middlewares/ST/STM32_WPAN/utilities/stm_list.c **** 
  76:Middlewares/ST/STM32_WPAN/utilities/stm_list.c ****   primask_bit = __get_PRIMASK();  /**< backup PRIMASK bit */
 235              		.loc 1 76 3 view .LVU57
 236              	.LBB80:
ARM GAS  C:\Users\Nathan\AppData\Local\Temp\cc2SCFh1.s 			page 15


 237              	.LBI80:
 449:Drivers/CMSIS/Include/cmsis_gcc.h **** {
 238              		.loc 2 449 31 view .LVU58
 239              	.LBB81:
 451:Drivers/CMSIS/Include/cmsis_gcc.h **** 
 240              		.loc 2 451 3 view .LVU59
 453:Drivers/CMSIS/Include/cmsis_gcc.h ****   return(result);
 241              		.loc 2 453 3 view .LVU60
 242              		.syntax unified
 243              	@ 453 "Drivers/CMSIS/Include/cmsis_gcc.h" 1
 244 0000 EFF31083 		MRS r3, primask
 245              	@ 0 "" 2
 246              	.LVL11:
 454:Drivers/CMSIS/Include/cmsis_gcc.h **** }
 247              		.loc 2 454 3 view .LVU61
 454:Drivers/CMSIS/Include/cmsis_gcc.h **** }
 248              		.loc 2 454 3 is_stmt 0 view .LVU62
 249              		.thumb
 250              		.syntax unified
 251              	.LBE81:
 252              	.LBE80:
  77:Middlewares/ST/STM32_WPAN/utilities/stm_list.c ****   __disable_irq();                  /**< Disable all interrupts by setting PRIMASK bit on Cortex*/
 253              		.loc 1 77 3 is_stmt 1 view .LVU63
 254              	.LBB82:
 255              	.LBI82:
 207:Drivers/CMSIS/Include/cmsis_gcc.h **** {
 256              		.loc 2 207 27 view .LVU64
 257              	.LBB83:
 209:Drivers/CMSIS/Include/cmsis_gcc.h **** }
 258              		.loc 2 209 3 view .LVU65
 259              		.syntax unified
 260              	@ 209 "Drivers/CMSIS/Include/cmsis_gcc.h" 1
 261 0004 72B6     		cpsid i
 262              	@ 0 "" 2
 263              		.thumb
 264              		.syntax unified
 265              	.LBE83:
 266              	.LBE82:
  78:Middlewares/ST/STM32_WPAN/utilities/stm_list.c **** 
  79:Middlewares/ST/STM32_WPAN/utilities/stm_list.c ****   node->next = listHead;
 267              		.loc 1 79 3 view .LVU66
 268              		.loc 1 79 14 is_stmt 0 view .LVU67
 269 0006 0860     		str	r0, [r1]	@ unaligned
  80:Middlewares/ST/STM32_WPAN/utilities/stm_list.c ****   node->prev = listHead->prev;
 270              		.loc 1 80 3 is_stmt 1 view .LVU68
 271              		.loc 1 80 24 is_stmt 0 view .LVU69
 272 0008 4268     		ldr	r2, [r0, #4]	@ unaligned
 273              		.loc 1 80 14 view .LVU70
 274 000a 4A60     		str	r2, [r1, #4]	@ unaligned
  81:Middlewares/ST/STM32_WPAN/utilities/stm_list.c ****   listHead->prev = node;
 275              		.loc 1 81 3 is_stmt 1 view .LVU71
 276              		.loc 1 81 18 is_stmt 0 view .LVU72
 277 000c 4160     		str	r1, [r0, #4]	@ unaligned
  82:Middlewares/ST/STM32_WPAN/utilities/stm_list.c ****   (node->prev)->next = node;
 278              		.loc 1 82 3 is_stmt 1 view .LVU73
 279              		.loc 1 82 8 is_stmt 0 view .LVU74
 280 000e 4A68     		ldr	r2, [r1, #4]	@ unaligned
ARM GAS  C:\Users\Nathan\AppData\Local\Temp\cc2SCFh1.s 			page 16


 281              		.loc 1 82 22 view .LVU75
 282 0010 1160     		str	r1, [r2]	@ unaligned
  83:Middlewares/ST/STM32_WPAN/utilities/stm_list.c **** 
  84:Middlewares/ST/STM32_WPAN/utilities/stm_list.c ****   __set_PRIMASK(primask_bit);     /**< Restore PRIMASK bit*/
 283              		.loc 1 84 3 is_stmt 1 view .LVU76
 284              	.LVL12:
 285              	.LBB84:
 286              	.LBI84:
 479:Drivers/CMSIS/Include/cmsis_gcc.h **** {
 287              		.loc 2 479 27 view .LVU77
 288              	.LBB85:
 289              		.loc 2 481 3 view .LVU78
 290              		.syntax unified
 291              	@ 481 "Drivers/CMSIS/Include/cmsis_gcc.h" 1
 292 0012 83F31088 		MSR primask, r3
 293              	@ 0 "" 2
 294              	.LVL13:
 295              		.loc 2 481 3 is_stmt 0 view .LVU79
 296              		.thumb
 297              		.syntax unified
 298              	.LBE85:
 299              	.LBE84:
  85:Middlewares/ST/STM32_WPAN/utilities/stm_list.c **** }
 300              		.loc 1 85 1 view .LVU80
 301 0016 7047     		bx	lr
 302              		.cfi_endproc
 303              	.LFE1418:
 305              		.section	.text.LST_remove_node,"ax",%progbits
 306              		.align	1
 307              		.global	LST_remove_node
 308              		.syntax unified
 309              		.thumb
 310              		.thumb_func
 312              	LST_remove_node:
 313              	.LVL14:
 314              	.LFB1419:
  86:Middlewares/ST/STM32_WPAN/utilities/stm_list.c **** 
  87:Middlewares/ST/STM32_WPAN/utilities/stm_list.c **** 
  88:Middlewares/ST/STM32_WPAN/utilities/stm_list.c **** void LST_remove_node (tListNode * node)
  89:Middlewares/ST/STM32_WPAN/utilities/stm_list.c **** {
 315              		.loc 1 89 1 is_stmt 1 view -0
 316              		.cfi_startproc
 317              		@ args = 0, pretend = 0, frame = 0
 318              		@ frame_needed = 0, uses_anonymous_args = 0
 319              		@ link register save eliminated.
  90:Middlewares/ST/STM32_WPAN/utilities/stm_list.c ****   uint32_t primask_bit;
 320              		.loc 1 90 3 view .LVU82
  91:Middlewares/ST/STM32_WPAN/utilities/stm_list.c **** 
  92:Middlewares/ST/STM32_WPAN/utilities/stm_list.c ****   primask_bit = __get_PRIMASK();  /**< backup PRIMASK bit */
 321              		.loc 1 92 3 view .LVU83
 322              	.LBB86:
 323              	.LBI86:
 449:Drivers/CMSIS/Include/cmsis_gcc.h **** {
 324              		.loc 2 449 31 view .LVU84
 325              	.LBB87:
 451:Drivers/CMSIS/Include/cmsis_gcc.h **** 
 326              		.loc 2 451 3 view .LVU85
ARM GAS  C:\Users\Nathan\AppData\Local\Temp\cc2SCFh1.s 			page 17


 453:Drivers/CMSIS/Include/cmsis_gcc.h ****   return(result);
 327              		.loc 2 453 3 view .LVU86
 328              		.syntax unified
 329              	@ 453 "Drivers/CMSIS/Include/cmsis_gcc.h" 1
 330 0000 EFF31083 		MRS r3, primask
 331              	@ 0 "" 2
 332              	.LVL15:
 454:Drivers/CMSIS/Include/cmsis_gcc.h **** }
 333              		.loc 2 454 3 view .LVU87
 454:Drivers/CMSIS/Include/cmsis_gcc.h **** }
 334              		.loc 2 454 3 is_stmt 0 view .LVU88
 335              		.thumb
 336              		.syntax unified
 337              	.LBE87:
 338              	.LBE86:
  93:Middlewares/ST/STM32_WPAN/utilities/stm_list.c ****   __disable_irq();                  /**< Disable all interrupts by setting PRIMASK bit on Cortex*/
 339              		.loc 1 93 3 is_stmt 1 view .LVU89
 340              	.LBB88:
 341              	.LBI88:
 207:Drivers/CMSIS/Include/cmsis_gcc.h **** {
 342              		.loc 2 207 27 view .LVU90
 343              	.LBB89:
 209:Drivers/CMSIS/Include/cmsis_gcc.h **** }
 344              		.loc 2 209 3 view .LVU91
 345              		.syntax unified
 346              	@ 209 "Drivers/CMSIS/Include/cmsis_gcc.h" 1
 347 0004 72B6     		cpsid i
 348              	@ 0 "" 2
 349              		.thumb
 350              		.syntax unified
 351              	.LBE89:
 352              	.LBE88:
  94:Middlewares/ST/STM32_WPAN/utilities/stm_list.c **** 
  95:Middlewares/ST/STM32_WPAN/utilities/stm_list.c ****   (node->prev)->next = node->next;
 353              		.loc 1 95 3 view .LVU92
 354              		.loc 1 95 8 is_stmt 0 view .LVU93
 355 0006 4268     		ldr	r2, [r0, #4]	@ unaligned
 356              		.loc 1 95 28 view .LVU94
 357 0008 0168     		ldr	r1, [r0]	@ unaligned
 358              		.loc 1 95 22 view .LVU95
 359 000a 1160     		str	r1, [r2]	@ unaligned
  96:Middlewares/ST/STM32_WPAN/utilities/stm_list.c ****   (node->next)->prev = node->prev;
 360              		.loc 1 96 3 is_stmt 1 view .LVU96
 361              		.loc 1 96 8 is_stmt 0 view .LVU97
 362 000c 0268     		ldr	r2, [r0]	@ unaligned
 363              		.loc 1 96 28 view .LVU98
 364 000e 4168     		ldr	r1, [r0, #4]	@ unaligned
 365              		.loc 1 96 22 view .LVU99
 366 0010 5160     		str	r1, [r2, #4]	@ unaligned
  97:Middlewares/ST/STM32_WPAN/utilities/stm_list.c **** 
  98:Middlewares/ST/STM32_WPAN/utilities/stm_list.c ****   __set_PRIMASK(primask_bit);     /**< Restore PRIMASK bit*/
 367              		.loc 1 98 3 is_stmt 1 view .LVU100
 368              	.LVL16:
 369              	.LBB90:
 370              	.LBI90:
 479:Drivers/CMSIS/Include/cmsis_gcc.h **** {
 371              		.loc 2 479 27 view .LVU101
ARM GAS  C:\Users\Nathan\AppData\Local\Temp\cc2SCFh1.s 			page 18


 372              	.LBB91:
 373              		.loc 2 481 3 view .LVU102
 374              		.syntax unified
 375              	@ 481 "Drivers/CMSIS/Include/cmsis_gcc.h" 1
 376 0012 83F31088 		MSR primask, r3
 377              	@ 0 "" 2
 378              	.LVL17:
 379              		.loc 2 481 3 is_stmt 0 view .LVU103
 380              		.thumb
 381              		.syntax unified
 382              	.LBE91:
 383              	.LBE90:
  99:Middlewares/ST/STM32_WPAN/utilities/stm_list.c **** }
 384              		.loc 1 99 1 view .LVU104
 385 0016 7047     		bx	lr
 386              		.cfi_endproc
 387              	.LFE1419:
 389              		.section	.text.LST_remove_head,"ax",%progbits
 390              		.align	1
 391              		.global	LST_remove_head
 392              		.syntax unified
 393              		.thumb
 394              		.thumb_func
 396              	LST_remove_head:
 397              	.LVL18:
 398              	.LFB1420:
 100:Middlewares/ST/STM32_WPAN/utilities/stm_list.c **** 
 101:Middlewares/ST/STM32_WPAN/utilities/stm_list.c **** 
 102:Middlewares/ST/STM32_WPAN/utilities/stm_list.c **** void LST_remove_head (tListNode * listHead, tListNode ** node )
 103:Middlewares/ST/STM32_WPAN/utilities/stm_list.c **** {
 399              		.loc 1 103 1 is_stmt 1 view -0
 400              		.cfi_startproc
 401              		@ args = 0, pretend = 0, frame = 0
 402              		@ frame_needed = 0, uses_anonymous_args = 0
 403              		.loc 1 103 1 is_stmt 0 view .LVU106
 404 0000 10B5     		push	{r4, lr}
 405              		.cfi_def_cfa_offset 8
 406              		.cfi_offset 4, -8
 407              		.cfi_offset 14, -4
 104:Middlewares/ST/STM32_WPAN/utilities/stm_list.c ****   uint32_t primask_bit;
 408              		.loc 1 104 3 is_stmt 1 view .LVU107
 105:Middlewares/ST/STM32_WPAN/utilities/stm_list.c **** 
 106:Middlewares/ST/STM32_WPAN/utilities/stm_list.c ****   primask_bit = __get_PRIMASK();  /**< backup PRIMASK bit */
 409              		.loc 1 106 3 view .LVU108
 410              	.LBB92:
 411              	.LBI92:
 449:Drivers/CMSIS/Include/cmsis_gcc.h **** {
 412              		.loc 2 449 31 view .LVU109
 413              	.LBB93:
 451:Drivers/CMSIS/Include/cmsis_gcc.h **** 
 414              		.loc 2 451 3 view .LVU110
 453:Drivers/CMSIS/Include/cmsis_gcc.h ****   return(result);
 415              		.loc 2 453 3 view .LVU111
 416              		.syntax unified
 417              	@ 453 "Drivers/CMSIS/Include/cmsis_gcc.h" 1
 418 0002 EFF31084 		MRS r4, primask
 419              	@ 0 "" 2
ARM GAS  C:\Users\Nathan\AppData\Local\Temp\cc2SCFh1.s 			page 19


 420              	.LVL19:
 454:Drivers/CMSIS/Include/cmsis_gcc.h **** }
 421              		.loc 2 454 3 view .LVU112
 454:Drivers/CMSIS/Include/cmsis_gcc.h **** }
 422              		.loc 2 454 3 is_stmt 0 view .LVU113
 423              		.thumb
 424              		.syntax unified
 425              	.LBE93:
 426              	.LBE92:
 107:Middlewares/ST/STM32_WPAN/utilities/stm_list.c ****   __disable_irq();                  /**< Disable all interrupts by setting PRIMASK bit on Cortex*/
 427              		.loc 1 107 3 is_stmt 1 view .LVU114
 428              	.LBB94:
 429              	.LBI94:
 207:Drivers/CMSIS/Include/cmsis_gcc.h **** {
 430              		.loc 2 207 27 view .LVU115
 431              	.LBB95:
 209:Drivers/CMSIS/Include/cmsis_gcc.h **** }
 432              		.loc 2 209 3 view .LVU116
 433              		.syntax unified
 434              	@ 209 "Drivers/CMSIS/Include/cmsis_gcc.h" 1
 435 0006 72B6     		cpsid i
 436              	@ 0 "" 2
 437              		.thumb
 438              		.syntax unified
 439              	.LBE95:
 440              	.LBE94:
 108:Middlewares/ST/STM32_WPAN/utilities/stm_list.c **** 
 109:Middlewares/ST/STM32_WPAN/utilities/stm_list.c ****   *node = listHead->next;
 441              		.loc 1 109 3 view .LVU117
 442              		.loc 1 109 19 is_stmt 0 view .LVU118
 443 0008 0368     		ldr	r3, [r0]	@ unaligned
 444              		.loc 1 109 9 view .LVU119
 445 000a 0B60     		str	r3, [r1]
 110:Middlewares/ST/STM32_WPAN/utilities/stm_list.c ****   LST_remove_node (listHead->next);
 446              		.loc 1 110 3 is_stmt 1 view .LVU120
 447 000c 0068     		ldr	r0, [r0]	@ unaligned
 448              	.LVL20:
 449              		.loc 1 110 3 is_stmt 0 view .LVU121
 450 000e FFF7FEFF 		bl	LST_remove_node
 451              	.LVL21:
 111:Middlewares/ST/STM32_WPAN/utilities/stm_list.c **** 
 112:Middlewares/ST/STM32_WPAN/utilities/stm_list.c ****   __set_PRIMASK(primask_bit);     /**< Restore PRIMASK bit*/
 452              		.loc 1 112 3 is_stmt 1 view .LVU122
 453              	.LBB96:
 454              	.LBI96:
 479:Drivers/CMSIS/Include/cmsis_gcc.h **** {
 455              		.loc 2 479 27 view .LVU123
 456              	.LBB97:
 457              		.loc 2 481 3 view .LVU124
 458              		.syntax unified
 459              	@ 481 "Drivers/CMSIS/Include/cmsis_gcc.h" 1
 460 0012 84F31088 		MSR primask, r4
 461              	@ 0 "" 2
 462              	.LVL22:
 463              		.loc 2 481 3 is_stmt 0 view .LVU125
 464              		.thumb
 465              		.syntax unified
ARM GAS  C:\Users\Nathan\AppData\Local\Temp\cc2SCFh1.s 			page 20


 466              	.LBE97:
 467              	.LBE96:
 113:Middlewares/ST/STM32_WPAN/utilities/stm_list.c **** }
 468              		.loc 1 113 1 view .LVU126
 469 0016 10BD     		pop	{r4, pc}
 470              		.loc 1 113 1 view .LVU127
 471              		.cfi_endproc
 472              	.LFE1420:
 474              		.section	.text.LST_remove_tail,"ax",%progbits
 475              		.align	1
 476              		.global	LST_remove_tail
 477              		.syntax unified
 478              		.thumb
 479              		.thumb_func
 481              	LST_remove_tail:
 482              	.LVL23:
 483              	.LFB1421:
 114:Middlewares/ST/STM32_WPAN/utilities/stm_list.c **** 
 115:Middlewares/ST/STM32_WPAN/utilities/stm_list.c **** 
 116:Middlewares/ST/STM32_WPAN/utilities/stm_list.c **** void LST_remove_tail (tListNode * listHead, tListNode ** node )
 117:Middlewares/ST/STM32_WPAN/utilities/stm_list.c **** {
 484              		.loc 1 117 1 is_stmt 1 view -0
 485              		.cfi_startproc
 486              		@ args = 0, pretend = 0, frame = 0
 487              		@ frame_needed = 0, uses_anonymous_args = 0
 488              		.loc 1 117 1 is_stmt 0 view .LVU129
 489 0000 10B5     		push	{r4, lr}
 490              		.cfi_def_cfa_offset 8
 491              		.cfi_offset 4, -8
 492              		.cfi_offset 14, -4
 118:Middlewares/ST/STM32_WPAN/utilities/stm_list.c ****   uint32_t primask_bit;
 493              		.loc 1 118 3 is_stmt 1 view .LVU130
 119:Middlewares/ST/STM32_WPAN/utilities/stm_list.c **** 
 120:Middlewares/ST/STM32_WPAN/utilities/stm_list.c ****   primask_bit = __get_PRIMASK();  /**< backup PRIMASK bit */
 494              		.loc 1 120 3 view .LVU131
 495              	.LBB98:
 496              	.LBI98:
 449:Drivers/CMSIS/Include/cmsis_gcc.h **** {
 497              		.loc 2 449 31 view .LVU132
 498              	.LBB99:
 451:Drivers/CMSIS/Include/cmsis_gcc.h **** 
 499              		.loc 2 451 3 view .LVU133
 453:Drivers/CMSIS/Include/cmsis_gcc.h ****   return(result);
 500              		.loc 2 453 3 view .LVU134
 501              		.syntax unified
 502              	@ 453 "Drivers/CMSIS/Include/cmsis_gcc.h" 1
 503 0002 EFF31084 		MRS r4, primask
 504              	@ 0 "" 2
 505              	.LVL24:
 454:Drivers/CMSIS/Include/cmsis_gcc.h **** }
 506              		.loc 2 454 3 view .LVU135
 454:Drivers/CMSIS/Include/cmsis_gcc.h **** }
 507              		.loc 2 454 3 is_stmt 0 view .LVU136
 508              		.thumb
 509              		.syntax unified
 510              	.LBE99:
 511              	.LBE98:
ARM GAS  C:\Users\Nathan\AppData\Local\Temp\cc2SCFh1.s 			page 21


 121:Middlewares/ST/STM32_WPAN/utilities/stm_list.c ****   __disable_irq();                  /**< Disable all interrupts by setting PRIMASK bit on Cortex*/
 512              		.loc 1 121 3 is_stmt 1 view .LVU137
 513              	.LBB100:
 514              	.LBI100:
 207:Drivers/CMSIS/Include/cmsis_gcc.h **** {
 515              		.loc 2 207 27 view .LVU138
 516              	.LBB101:
 209:Drivers/CMSIS/Include/cmsis_gcc.h **** }
 517              		.loc 2 209 3 view .LVU139
 518              		.syntax unified
 519              	@ 209 "Drivers/CMSIS/Include/cmsis_gcc.h" 1
 520 0006 72B6     		cpsid i
 521              	@ 0 "" 2
 522              		.thumb
 523              		.syntax unified
 524              	.LBE101:
 525              	.LBE100:
 122:Middlewares/ST/STM32_WPAN/utilities/stm_list.c **** 
 123:Middlewares/ST/STM32_WPAN/utilities/stm_list.c ****   *node = listHead->prev;
 526              		.loc 1 123 3 view .LVU140
 527              		.loc 1 123 19 is_stmt 0 view .LVU141
 528 0008 4368     		ldr	r3, [r0, #4]	@ unaligned
 529              		.loc 1 123 9 view .LVU142
 530 000a 0B60     		str	r3, [r1]
 124:Middlewares/ST/STM32_WPAN/utilities/stm_list.c ****   LST_remove_node (listHead->prev);
 531              		.loc 1 124 3 is_stmt 1 view .LVU143
 532 000c 4068     		ldr	r0, [r0, #4]	@ unaligned
 533              	.LVL25:
 534              		.loc 1 124 3 is_stmt 0 view .LVU144
 535 000e FFF7FEFF 		bl	LST_remove_node
 536              	.LVL26:
 125:Middlewares/ST/STM32_WPAN/utilities/stm_list.c **** 
 126:Middlewares/ST/STM32_WPAN/utilities/stm_list.c ****   __set_PRIMASK(primask_bit);     /**< Restore PRIMASK bit*/
 537              		.loc 1 126 3 is_stmt 1 view .LVU145
 538              	.LBB102:
 539              	.LBI102:
 479:Drivers/CMSIS/Include/cmsis_gcc.h **** {
 540              		.loc 2 479 27 view .LVU146
 541              	.LBB103:
 542              		.loc 2 481 3 view .LVU147
 543              		.syntax unified
 544              	@ 481 "Drivers/CMSIS/Include/cmsis_gcc.h" 1
 545 0012 84F31088 		MSR primask, r4
 546              	@ 0 "" 2
 547              	.LVL27:
 548              		.loc 2 481 3 is_stmt 0 view .LVU148
 549              		.thumb
 550              		.syntax unified
 551              	.LBE103:
 552              	.LBE102:
 127:Middlewares/ST/STM32_WPAN/utilities/stm_list.c **** }
 553              		.loc 1 127 1 view .LVU149
 554 0016 10BD     		pop	{r4, pc}
 555              		.loc 1 127 1 view .LVU150
 556              		.cfi_endproc
 557              	.LFE1421:
 559              		.section	.text.LST_insert_node_after,"ax",%progbits
ARM GAS  C:\Users\Nathan\AppData\Local\Temp\cc2SCFh1.s 			page 22


 560              		.align	1
 561              		.global	LST_insert_node_after
 562              		.syntax unified
 563              		.thumb
 564              		.thumb_func
 566              	LST_insert_node_after:
 567              	.LVL28:
 568              	.LFB1422:
 128:Middlewares/ST/STM32_WPAN/utilities/stm_list.c **** 
 129:Middlewares/ST/STM32_WPAN/utilities/stm_list.c **** 
 130:Middlewares/ST/STM32_WPAN/utilities/stm_list.c **** void LST_insert_node_after (tListNode * node, tListNode * ref_node)
 131:Middlewares/ST/STM32_WPAN/utilities/stm_list.c **** {
 569              		.loc 1 131 1 is_stmt 1 view -0
 570              		.cfi_startproc
 571              		@ args = 0, pretend = 0, frame = 0
 572              		@ frame_needed = 0, uses_anonymous_args = 0
 573              		@ link register save eliminated.
 132:Middlewares/ST/STM32_WPAN/utilities/stm_list.c ****   uint32_t primask_bit;
 574              		.loc 1 132 3 view .LVU152
 133:Middlewares/ST/STM32_WPAN/utilities/stm_list.c **** 
 134:Middlewares/ST/STM32_WPAN/utilities/stm_list.c ****   primask_bit = __get_PRIMASK();  /**< backup PRIMASK bit */
 575              		.loc 1 134 3 view .LVU153
 576              	.LBB104:
 577              	.LBI104:
 449:Drivers/CMSIS/Include/cmsis_gcc.h **** {
 578              		.loc 2 449 31 view .LVU154
 579              	.LBB105:
 451:Drivers/CMSIS/Include/cmsis_gcc.h **** 
 580              		.loc 2 451 3 view .LVU155
 453:Drivers/CMSIS/Include/cmsis_gcc.h ****   return(result);
 581              		.loc 2 453 3 view .LVU156
 582              		.syntax unified
 583              	@ 453 "Drivers/CMSIS/Include/cmsis_gcc.h" 1
 584 0000 EFF31083 		MRS r3, primask
 585              	@ 0 "" 2
 586              	.LVL29:
 454:Drivers/CMSIS/Include/cmsis_gcc.h **** }
 587              		.loc 2 454 3 view .LVU157
 454:Drivers/CMSIS/Include/cmsis_gcc.h **** }
 588              		.loc 2 454 3 is_stmt 0 view .LVU158
 589              		.thumb
 590              		.syntax unified
 591              	.LBE105:
 592              	.LBE104:
 135:Middlewares/ST/STM32_WPAN/utilities/stm_list.c ****   __disable_irq();                  /**< Disable all interrupts by setting PRIMASK bit on Cortex*/
 593              		.loc 1 135 3 is_stmt 1 view .LVU159
 594              	.LBB106:
 595              	.LBI106:
 207:Drivers/CMSIS/Include/cmsis_gcc.h **** {
 596              		.loc 2 207 27 view .LVU160
 597              	.LBB107:
 209:Drivers/CMSIS/Include/cmsis_gcc.h **** }
 598              		.loc 2 209 3 view .LVU161
 599              		.syntax unified
 600              	@ 209 "Drivers/CMSIS/Include/cmsis_gcc.h" 1
 601 0004 72B6     		cpsid i
 602              	@ 0 "" 2
ARM GAS  C:\Users\Nathan\AppData\Local\Temp\cc2SCFh1.s 			page 23


 603              		.thumb
 604              		.syntax unified
 605              	.LBE107:
 606              	.LBE106:
 136:Middlewares/ST/STM32_WPAN/utilities/stm_list.c **** 
 137:Middlewares/ST/STM32_WPAN/utilities/stm_list.c ****   node->next = ref_node->next;
 607              		.loc 1 137 3 view .LVU162
 608              		.loc 1 137 24 is_stmt 0 view .LVU163
 609 0006 0A68     		ldr	r2, [r1]	@ unaligned
 610              		.loc 1 137 14 view .LVU164
 611 0008 0260     		str	r2, [r0]	@ unaligned
 138:Middlewares/ST/STM32_WPAN/utilities/stm_list.c ****   node->prev = ref_node;
 612              		.loc 1 138 3 is_stmt 1 view .LVU165
 613              		.loc 1 138 14 is_stmt 0 view .LVU166
 614 000a 4160     		str	r1, [r0, #4]	@ unaligned
 139:Middlewares/ST/STM32_WPAN/utilities/stm_list.c ****   ref_node->next = node;
 615              		.loc 1 139 3 is_stmt 1 view .LVU167
 616              		.loc 1 139 18 is_stmt 0 view .LVU168
 617 000c 0860     		str	r0, [r1]	@ unaligned
 140:Middlewares/ST/STM32_WPAN/utilities/stm_list.c ****   (node->next)->prev = node;
 618              		.loc 1 140 3 is_stmt 1 view .LVU169
 619              		.loc 1 140 8 is_stmt 0 view .LVU170
 620 000e 0268     		ldr	r2, [r0]	@ unaligned
 621              		.loc 1 140 22 view .LVU171
 622 0010 5060     		str	r0, [r2, #4]	@ unaligned
 141:Middlewares/ST/STM32_WPAN/utilities/stm_list.c **** 
 142:Middlewares/ST/STM32_WPAN/utilities/stm_list.c ****   __set_PRIMASK(primask_bit);     /**< Restore PRIMASK bit*/
 623              		.loc 1 142 3 is_stmt 1 view .LVU172
 624              	.LVL30:
 625              	.LBB108:
 626              	.LBI108:
 479:Drivers/CMSIS/Include/cmsis_gcc.h **** {
 627              		.loc 2 479 27 view .LVU173
 628              	.LBB109:
 629              		.loc 2 481 3 view .LVU174
 630              		.syntax unified
 631              	@ 481 "Drivers/CMSIS/Include/cmsis_gcc.h" 1
 632 0012 83F31088 		MSR primask, r3
 633              	@ 0 "" 2
 634              	.LVL31:
 635              		.loc 2 481 3 is_stmt 0 view .LVU175
 636              		.thumb
 637              		.syntax unified
 638              	.LBE109:
 639              	.LBE108:
 143:Middlewares/ST/STM32_WPAN/utilities/stm_list.c **** }
 640              		.loc 1 143 1 view .LVU176
 641 0016 7047     		bx	lr
 642              		.cfi_endproc
 643              	.LFE1422:
 645              		.section	.text.LST_insert_node_before,"ax",%progbits
 646              		.align	1
 647              		.global	LST_insert_node_before
 648              		.syntax unified
 649              		.thumb
 650              		.thumb_func
 652              	LST_insert_node_before:
ARM GAS  C:\Users\Nathan\AppData\Local\Temp\cc2SCFh1.s 			page 24


 653              	.LVL32:
 654              	.LFB1423:
 144:Middlewares/ST/STM32_WPAN/utilities/stm_list.c **** 
 145:Middlewares/ST/STM32_WPAN/utilities/stm_list.c **** 
 146:Middlewares/ST/STM32_WPAN/utilities/stm_list.c **** void LST_insert_node_before (tListNode * node, tListNode * ref_node)
 147:Middlewares/ST/STM32_WPAN/utilities/stm_list.c **** {
 655              		.loc 1 147 1 is_stmt 1 view -0
 656              		.cfi_startproc
 657              		@ args = 0, pretend = 0, frame = 0
 658              		@ frame_needed = 0, uses_anonymous_args = 0
 659              		@ link register save eliminated.
 148:Middlewares/ST/STM32_WPAN/utilities/stm_list.c ****   uint32_t primask_bit;
 660              		.loc 1 148 3 view .LVU178
 149:Middlewares/ST/STM32_WPAN/utilities/stm_list.c **** 
 150:Middlewares/ST/STM32_WPAN/utilities/stm_list.c ****   primask_bit = __get_PRIMASK();  /**< backup PRIMASK bit */
 661              		.loc 1 150 3 view .LVU179
 662              	.LBB110:
 663              	.LBI110:
 449:Drivers/CMSIS/Include/cmsis_gcc.h **** {
 664              		.loc 2 449 31 view .LVU180
 665              	.LBB111:
 451:Drivers/CMSIS/Include/cmsis_gcc.h **** 
 666              		.loc 2 451 3 view .LVU181
 453:Drivers/CMSIS/Include/cmsis_gcc.h ****   return(result);
 667              		.loc 2 453 3 view .LVU182
 668              		.syntax unified
 669              	@ 453 "Drivers/CMSIS/Include/cmsis_gcc.h" 1
 670 0000 EFF31083 		MRS r3, primask
 671              	@ 0 "" 2
 672              	.LVL33:
 454:Drivers/CMSIS/Include/cmsis_gcc.h **** }
 673              		.loc 2 454 3 view .LVU183
 454:Drivers/CMSIS/Include/cmsis_gcc.h **** }
 674              		.loc 2 454 3 is_stmt 0 view .LVU184
 675              		.thumb
 676              		.syntax unified
 677              	.LBE111:
 678              	.LBE110:
 151:Middlewares/ST/STM32_WPAN/utilities/stm_list.c ****   __disable_irq();                  /**< Disable all interrupts by setting PRIMASK bit on Cortex*/
 679              		.loc 1 151 3 is_stmt 1 view .LVU185
 680              	.LBB112:
 681              	.LBI112:
 207:Drivers/CMSIS/Include/cmsis_gcc.h **** {
 682              		.loc 2 207 27 view .LVU186
 683              	.LBB113:
 209:Drivers/CMSIS/Include/cmsis_gcc.h **** }
 684              		.loc 2 209 3 view .LVU187
 685              		.syntax unified
 686              	@ 209 "Drivers/CMSIS/Include/cmsis_gcc.h" 1
 687 0004 72B6     		cpsid i
 688              	@ 0 "" 2
 689              		.thumb
 690              		.syntax unified
 691              	.LBE113:
 692              	.LBE112:
 152:Middlewares/ST/STM32_WPAN/utilities/stm_list.c **** 
 153:Middlewares/ST/STM32_WPAN/utilities/stm_list.c ****   node->next = ref_node;
ARM GAS  C:\Users\Nathan\AppData\Local\Temp\cc2SCFh1.s 			page 25


 693              		.loc 1 153 3 view .LVU188
 694              		.loc 1 153 14 is_stmt 0 view .LVU189
 695 0006 0160     		str	r1, [r0]	@ unaligned
 154:Middlewares/ST/STM32_WPAN/utilities/stm_list.c ****   node->prev = ref_node->prev;
 696              		.loc 1 154 3 is_stmt 1 view .LVU190
 697              		.loc 1 154 24 is_stmt 0 view .LVU191
 698 0008 4A68     		ldr	r2, [r1, #4]	@ unaligned
 699              		.loc 1 154 14 view .LVU192
 700 000a 4260     		str	r2, [r0, #4]	@ unaligned
 155:Middlewares/ST/STM32_WPAN/utilities/stm_list.c ****   ref_node->prev = node;
 701              		.loc 1 155 3 is_stmt 1 view .LVU193
 702              		.loc 1 155 18 is_stmt 0 view .LVU194
 703 000c 4860     		str	r0, [r1, #4]	@ unaligned
 156:Middlewares/ST/STM32_WPAN/utilities/stm_list.c ****   (node->prev)->next = node;
 704              		.loc 1 156 3 is_stmt 1 view .LVU195
 705              		.loc 1 156 8 is_stmt 0 view .LVU196
 706 000e 4268     		ldr	r2, [r0, #4]	@ unaligned
 707              		.loc 1 156 22 view .LVU197
 708 0010 1060     		str	r0, [r2]	@ unaligned
 157:Middlewares/ST/STM32_WPAN/utilities/stm_list.c **** 
 158:Middlewares/ST/STM32_WPAN/utilities/stm_list.c ****   __set_PRIMASK(primask_bit);     /**< Restore PRIMASK bit*/
 709              		.loc 1 158 3 is_stmt 1 view .LVU198
 710              	.LVL34:
 711              	.LBB114:
 712              	.LBI114:
 479:Drivers/CMSIS/Include/cmsis_gcc.h **** {
 713              		.loc 2 479 27 view .LVU199
 714              	.LBB115:
 715              		.loc 2 481 3 view .LVU200
 716              		.syntax unified
 717              	@ 481 "Drivers/CMSIS/Include/cmsis_gcc.h" 1
 718 0012 83F31088 		MSR primask, r3
 719              	@ 0 "" 2
 720              	.LVL35:
 721              		.loc 2 481 3 is_stmt 0 view .LVU201
 722              		.thumb
 723              		.syntax unified
 724              	.LBE115:
 725              	.LBE114:
 159:Middlewares/ST/STM32_WPAN/utilities/stm_list.c **** }
 726              		.loc 1 159 1 view .LVU202
 727 0016 7047     		bx	lr
 728              		.cfi_endproc
 729              	.LFE1423:
 731              		.section	.text.LST_get_size,"ax",%progbits
 732              		.align	1
 733              		.global	LST_get_size
 734              		.syntax unified
 735              		.thumb
 736              		.thumb_func
 738              	LST_get_size:
 739              	.LVL36:
 740              	.LFB1424:
 160:Middlewares/ST/STM32_WPAN/utilities/stm_list.c **** 
 161:Middlewares/ST/STM32_WPAN/utilities/stm_list.c **** 
 162:Middlewares/ST/STM32_WPAN/utilities/stm_list.c **** int LST_get_size (tListNode * listHead)
 163:Middlewares/ST/STM32_WPAN/utilities/stm_list.c **** {
ARM GAS  C:\Users\Nathan\AppData\Local\Temp\cc2SCFh1.s 			page 26


 741              		.loc 1 163 1 is_stmt 1 view -0
 742              		.cfi_startproc
 743              		@ args = 0, pretend = 0, frame = 0
 744              		@ frame_needed = 0, uses_anonymous_args = 0
 745              		@ link register save eliminated.
 746              		.loc 1 163 1 is_stmt 0 view .LVU204
 747 0000 0246     		mov	r2, r0
 164:Middlewares/ST/STM32_WPAN/utilities/stm_list.c ****   int size = 0;
 748              		.loc 1 164 3 is_stmt 1 view .LVU205
 749              	.LVL37:
 165:Middlewares/ST/STM32_WPAN/utilities/stm_list.c ****   tListNode * temp;
 750              		.loc 1 165 3 view .LVU206
 166:Middlewares/ST/STM32_WPAN/utilities/stm_list.c ****   uint32_t primask_bit;
 751              		.loc 1 166 3 view .LVU207
 167:Middlewares/ST/STM32_WPAN/utilities/stm_list.c **** 
 168:Middlewares/ST/STM32_WPAN/utilities/stm_list.c ****   primask_bit = __get_PRIMASK();  /**< backup PRIMASK bit */
 752              		.loc 1 168 3 view .LVU208
 753              	.LBB116:
 754              	.LBI116:
 449:Drivers/CMSIS/Include/cmsis_gcc.h **** {
 755              		.loc 2 449 31 view .LVU209
 756              	.LBB117:
 451:Drivers/CMSIS/Include/cmsis_gcc.h **** 
 757              		.loc 2 451 3 view .LVU210
 453:Drivers/CMSIS/Include/cmsis_gcc.h ****   return(result);
 758              		.loc 2 453 3 view .LVU211
 759              		.syntax unified
 760              	@ 453 "Drivers/CMSIS/Include/cmsis_gcc.h" 1
 761 0002 EFF31081 		MRS r1, primask
 762              	@ 0 "" 2
 763              	.LVL38:
 454:Drivers/CMSIS/Include/cmsis_gcc.h **** }
 764              		.loc 2 454 3 view .LVU212
 454:Drivers/CMSIS/Include/cmsis_gcc.h **** }
 765              		.loc 2 454 3 is_stmt 0 view .LVU213
 766              		.thumb
 767              		.syntax unified
 768              	.LBE117:
 769              	.LBE116:
 169:Middlewares/ST/STM32_WPAN/utilities/stm_list.c ****   __disable_irq();                  /**< Disable all interrupts by setting PRIMASK bit on Cortex*/
 770              		.loc 1 169 3 is_stmt 1 view .LVU214
 771              	.LBB118:
 772              	.LBI118:
 207:Drivers/CMSIS/Include/cmsis_gcc.h **** {
 773              		.loc 2 207 27 view .LVU215
 774              	.LBB119:
 209:Drivers/CMSIS/Include/cmsis_gcc.h **** }
 775              		.loc 2 209 3 view .LVU216
 776              		.syntax unified
 777              	@ 209 "Drivers/CMSIS/Include/cmsis_gcc.h" 1
 778 0006 72B6     		cpsid i
 779              	@ 0 "" 2
 780              		.thumb
 781              		.syntax unified
 782              	.LBE119:
 783              	.LBE118:
 170:Middlewares/ST/STM32_WPAN/utilities/stm_list.c **** 
ARM GAS  C:\Users\Nathan\AppData\Local\Temp\cc2SCFh1.s 			page 27


 171:Middlewares/ST/STM32_WPAN/utilities/stm_list.c ****   temp = listHead->next;
 784              		.loc 1 171 3 view .LVU217
 785              		.loc 1 171 8 is_stmt 0 view .LVU218
 786 0008 0368     		ldr	r3, [r0]	@ unaligned
 787              	.LVL39:
 172:Middlewares/ST/STM32_WPAN/utilities/stm_list.c ****   while (temp != listHead)
 788              		.loc 1 172 3 is_stmt 1 view .LVU219
 164:Middlewares/ST/STM32_WPAN/utilities/stm_list.c ****   tListNode * temp;
 789              		.loc 1 164 7 is_stmt 0 view .LVU220
 790 000a 0020     		movs	r0, #0
 791              	.LVL40:
 792              		.loc 1 172 9 view .LVU221
 793 000c 01E0     		b	.L16
 794              	.LVL41:
 795              	.L17:
 173:Middlewares/ST/STM32_WPAN/utilities/stm_list.c ****   {
 174:Middlewares/ST/STM32_WPAN/utilities/stm_list.c ****     size++;
 796              		.loc 1 174 5 is_stmt 1 view .LVU222
 797              		.loc 1 174 9 is_stmt 0 view .LVU223
 798 000e 0130     		adds	r0, r0, #1
 799              	.LVL42:
 175:Middlewares/ST/STM32_WPAN/utilities/stm_list.c ****     temp = temp->next;
 800              		.loc 1 175 5 is_stmt 1 view .LVU224
 801              		.loc 1 175 10 is_stmt 0 view .LVU225
 802 0010 1B68     		ldr	r3, [r3]	@ unaligned
 803              	.LVL43:
 804              	.L16:
 172:Middlewares/ST/STM32_WPAN/utilities/stm_list.c ****   {
 805              		.loc 1 172 15 is_stmt 1 view .LVU226
 806 0012 9342     		cmp	r3, r2
 807 0014 FBD1     		bne	.L17
 176:Middlewares/ST/STM32_WPAN/utilities/stm_list.c ****   }
 177:Middlewares/ST/STM32_WPAN/utilities/stm_list.c **** 
 178:Middlewares/ST/STM32_WPAN/utilities/stm_list.c ****   __set_PRIMASK(primask_bit);     /**< Restore PRIMASK bit*/
 808              		.loc 1 178 3 view .LVU227
 809              	.LBB120:
 810              	.LBI120:
 479:Drivers/CMSIS/Include/cmsis_gcc.h **** {
 811              		.loc 2 479 27 view .LVU228
 812              	.LBB121:
 813              		.loc 2 481 3 view .LVU229
 814              		.syntax unified
 815              	@ 481 "Drivers/CMSIS/Include/cmsis_gcc.h" 1
 816 0016 81F31088 		MSR primask, r1
 817              	@ 0 "" 2
 818              		.thumb
 819              		.syntax unified
 820              	.LBE121:
 821              	.LBE120:
 179:Middlewares/ST/STM32_WPAN/utilities/stm_list.c **** 
 180:Middlewares/ST/STM32_WPAN/utilities/stm_list.c ****   return (size);
 822              		.loc 1 180 3 view .LVU230
 181:Middlewares/ST/STM32_WPAN/utilities/stm_list.c **** }
 823              		.loc 1 181 1 is_stmt 0 view .LVU231
 824 001a 7047     		bx	lr
 825              		.cfi_endproc
 826              	.LFE1424:
ARM GAS  C:\Users\Nathan\AppData\Local\Temp\cc2SCFh1.s 			page 28


 828              		.section	.text.LST_get_next_node,"ax",%progbits
 829              		.align	1
 830              		.global	LST_get_next_node
 831              		.syntax unified
 832              		.thumb
 833              		.thumb_func
 835              	LST_get_next_node:
 836              	.LVL44:
 837              	.LFB1425:
 182:Middlewares/ST/STM32_WPAN/utilities/stm_list.c **** 
 183:Middlewares/ST/STM32_WPAN/utilities/stm_list.c **** void LST_get_next_node (tListNode * ref_node, tListNode ** node)
 184:Middlewares/ST/STM32_WPAN/utilities/stm_list.c **** {
 838              		.loc 1 184 1 is_stmt 1 view -0
 839              		.cfi_startproc
 840              		@ args = 0, pretend = 0, frame = 0
 841              		@ frame_needed = 0, uses_anonymous_args = 0
 842              		@ link register save eliminated.
 185:Middlewares/ST/STM32_WPAN/utilities/stm_list.c ****   uint32_t primask_bit;
 843              		.loc 1 185 3 view .LVU233
 186:Middlewares/ST/STM32_WPAN/utilities/stm_list.c **** 
 187:Middlewares/ST/STM32_WPAN/utilities/stm_list.c ****   primask_bit = __get_PRIMASK();  /**< backup PRIMASK bit */
 844              		.loc 1 187 3 view .LVU234
 845              	.LBB122:
 846              	.LBI122:
 449:Drivers/CMSIS/Include/cmsis_gcc.h **** {
 847              		.loc 2 449 31 view .LVU235
 848              	.LBB123:
 451:Drivers/CMSIS/Include/cmsis_gcc.h **** 
 849              		.loc 2 451 3 view .LVU236
 453:Drivers/CMSIS/Include/cmsis_gcc.h ****   return(result);
 850              		.loc 2 453 3 view .LVU237
 851              		.syntax unified
 852              	@ 453 "Drivers/CMSIS/Include/cmsis_gcc.h" 1
 853 0000 EFF31083 		MRS r3, primask
 854              	@ 0 "" 2
 855              	.LVL45:
 454:Drivers/CMSIS/Include/cmsis_gcc.h **** }
 856              		.loc 2 454 3 view .LVU238
 454:Drivers/CMSIS/Include/cmsis_gcc.h **** }
 857              		.loc 2 454 3 is_stmt 0 view .LVU239
 858              		.thumb
 859              		.syntax unified
 860              	.LBE123:
 861              	.LBE122:
 188:Middlewares/ST/STM32_WPAN/utilities/stm_list.c ****   __disable_irq();                  /**< Disable all interrupts by setting PRIMASK bit on Cortex*/
 862              		.loc 1 188 3 is_stmt 1 view .LVU240
 863              	.LBB124:
 864              	.LBI124:
 207:Drivers/CMSIS/Include/cmsis_gcc.h **** {
 865              		.loc 2 207 27 view .LVU241
 866              	.LBB125:
 209:Drivers/CMSIS/Include/cmsis_gcc.h **** }
 867              		.loc 2 209 3 view .LVU242
 868              		.syntax unified
 869              	@ 209 "Drivers/CMSIS/Include/cmsis_gcc.h" 1
 870 0004 72B6     		cpsid i
 871              	@ 0 "" 2
ARM GAS  C:\Users\Nathan\AppData\Local\Temp\cc2SCFh1.s 			page 29


 872              		.thumb
 873              		.syntax unified
 874              	.LBE125:
 875              	.LBE124:
 189:Middlewares/ST/STM32_WPAN/utilities/stm_list.c **** 
 190:Middlewares/ST/STM32_WPAN/utilities/stm_list.c ****   *node = ref_node->next;
 876              		.loc 1 190 3 view .LVU243
 877              		.loc 1 190 19 is_stmt 0 view .LVU244
 878 0006 0268     		ldr	r2, [r0]	@ unaligned
 879              		.loc 1 190 9 view .LVU245
 880 0008 0A60     		str	r2, [r1]
 191:Middlewares/ST/STM32_WPAN/utilities/stm_list.c **** 
 192:Middlewares/ST/STM32_WPAN/utilities/stm_list.c ****   __set_PRIMASK(primask_bit);     /**< Restore PRIMASK bit*/
 881              		.loc 1 192 3 is_stmt 1 view .LVU246
 882              	.LVL46:
 883              	.LBB126:
 884              	.LBI126:
 479:Drivers/CMSIS/Include/cmsis_gcc.h **** {
 885              		.loc 2 479 27 view .LVU247
 886              	.LBB127:
 887              		.loc 2 481 3 view .LVU248
 888              		.syntax unified
 889              	@ 481 "Drivers/CMSIS/Include/cmsis_gcc.h" 1
 890 000a 83F31088 		MSR primask, r3
 891              	@ 0 "" 2
 892              	.LVL47:
 893              		.loc 2 481 3 is_stmt 0 view .LVU249
 894              		.thumb
 895              		.syntax unified
 896              	.LBE127:
 897              	.LBE126:
 193:Middlewares/ST/STM32_WPAN/utilities/stm_list.c **** }
 898              		.loc 1 193 1 view .LVU250
 899 000e 7047     		bx	lr
 900              		.cfi_endproc
 901              	.LFE1425:
 903              		.section	.text.LST_get_prev_node,"ax",%progbits
 904              		.align	1
 905              		.global	LST_get_prev_node
 906              		.syntax unified
 907              		.thumb
 908              		.thumb_func
 910              	LST_get_prev_node:
 911              	.LVL48:
 912              	.LFB1426:
 194:Middlewares/ST/STM32_WPAN/utilities/stm_list.c **** 
 195:Middlewares/ST/STM32_WPAN/utilities/stm_list.c **** 
 196:Middlewares/ST/STM32_WPAN/utilities/stm_list.c **** void LST_get_prev_node (tListNode * ref_node, tListNode ** node)
 197:Middlewares/ST/STM32_WPAN/utilities/stm_list.c **** {
 913              		.loc 1 197 1 is_stmt 1 view -0
 914              		.cfi_startproc
 915              		@ args = 0, pretend = 0, frame = 0
 916              		@ frame_needed = 0, uses_anonymous_args = 0
 917              		@ link register save eliminated.
 198:Middlewares/ST/STM32_WPAN/utilities/stm_list.c ****   uint32_t primask_bit;
 918              		.loc 1 198 3 view .LVU252
 199:Middlewares/ST/STM32_WPAN/utilities/stm_list.c **** 
ARM GAS  C:\Users\Nathan\AppData\Local\Temp\cc2SCFh1.s 			page 30


 200:Middlewares/ST/STM32_WPAN/utilities/stm_list.c ****   primask_bit = __get_PRIMASK();  /**< backup PRIMASK bit */
 919              		.loc 1 200 3 view .LVU253
 920              	.LBB128:
 921              	.LBI128:
 449:Drivers/CMSIS/Include/cmsis_gcc.h **** {
 922              		.loc 2 449 31 view .LVU254
 923              	.LBB129:
 451:Drivers/CMSIS/Include/cmsis_gcc.h **** 
 924              		.loc 2 451 3 view .LVU255
 453:Drivers/CMSIS/Include/cmsis_gcc.h ****   return(result);
 925              		.loc 2 453 3 view .LVU256
 926              		.syntax unified
 927              	@ 453 "Drivers/CMSIS/Include/cmsis_gcc.h" 1
 928 0000 EFF31083 		MRS r3, primask
 929              	@ 0 "" 2
 930              	.LVL49:
 454:Drivers/CMSIS/Include/cmsis_gcc.h **** }
 931              		.loc 2 454 3 view .LVU257
 454:Drivers/CMSIS/Include/cmsis_gcc.h **** }
 932              		.loc 2 454 3 is_stmt 0 view .LVU258
 933              		.thumb
 934              		.syntax unified
 935              	.LBE129:
 936              	.LBE128:
 201:Middlewares/ST/STM32_WPAN/utilities/stm_list.c ****   __disable_irq();                  /**< Disable all interrupts by setting PRIMASK bit on Cortex*/
 937              		.loc 1 201 3 is_stmt 1 view .LVU259
 938              	.LBB130:
 939              	.LBI130:
 207:Drivers/CMSIS/Include/cmsis_gcc.h **** {
 940              		.loc 2 207 27 view .LVU260
 941              	.LBB131:
 209:Drivers/CMSIS/Include/cmsis_gcc.h **** }
 942              		.loc 2 209 3 view .LVU261
 943              		.syntax unified
 944              	@ 209 "Drivers/CMSIS/Include/cmsis_gcc.h" 1
 945 0004 72B6     		cpsid i
 946              	@ 0 "" 2
 947              		.thumb
 948              		.syntax unified
 949              	.LBE131:
 950              	.LBE130:
 202:Middlewares/ST/STM32_WPAN/utilities/stm_list.c **** 
 203:Middlewares/ST/STM32_WPAN/utilities/stm_list.c ****   *node = ref_node->prev;
 951              		.loc 1 203 3 view .LVU262
 952              		.loc 1 203 19 is_stmt 0 view .LVU263
 953 0006 4268     		ldr	r2, [r0, #4]	@ unaligned
 954              		.loc 1 203 9 view .LVU264
 955 0008 0A60     		str	r2, [r1]
 204:Middlewares/ST/STM32_WPAN/utilities/stm_list.c **** 
 205:Middlewares/ST/STM32_WPAN/utilities/stm_list.c ****   __set_PRIMASK(primask_bit);      /**< Restore PRIMASK bit*/
 956              		.loc 1 205 3 is_stmt 1 view .LVU265
 957              	.LVL50:
 958              	.LBB132:
 959              	.LBI132:
 479:Drivers/CMSIS/Include/cmsis_gcc.h **** {
 960              		.loc 2 479 27 view .LVU266
 961              	.LBB133:
ARM GAS  C:\Users\Nathan\AppData\Local\Temp\cc2SCFh1.s 			page 31


 962              		.loc 2 481 3 view .LVU267
 963              		.syntax unified
 964              	@ 481 "Drivers/CMSIS/Include/cmsis_gcc.h" 1
 965 000a 83F31088 		MSR primask, r3
 966              	@ 0 "" 2
 967              	.LVL51:
 968              		.loc 2 481 3 is_stmt 0 view .LVU268
 969              		.thumb
 970              		.syntax unified
 971              	.LBE133:
 972              	.LBE132:
 206:Middlewares/ST/STM32_WPAN/utilities/stm_list.c **** }
 973              		.loc 1 206 1 view .LVU269
 974 000e 7047     		bx	lr
 975              		.cfi_endproc
 976              	.LFE1426:
 978              		.text
 979              	.Letext0:
 980              		.file 3 "C:/PROGRAM FILES (X86)/ARM GNU TOOLCHAIN ARM-NONE-EABI/13.3 REL1/arm-none-eabi/include/ma
 981              		.file 4 "C:/PROGRAM FILES (X86)/ARM GNU TOOLCHAIN ARM-NONE-EABI/13.3 REL1/arm-none-eabi/include/sy
 982              		.file 5 "Middlewares/ST/STM32_WPAN/utilities/stm_list.h"
ARM GAS  C:\Users\Nathan\AppData\Local\Temp\cc2SCFh1.s 			page 32


DEFINED SYMBOLS
                            *ABS*:00000000 stm_list.c
C:\Users\Nathan\AppData\Local\Temp\cc2SCFh1.s:21     .text.LST_init_head:00000000 $t
C:\Users\Nathan\AppData\Local\Temp\cc2SCFh1.s:27     .text.LST_init_head:00000000 LST_init_head
C:\Users\Nathan\AppData\Local\Temp\cc2SCFh1.s:47     .text.LST_is_empty:00000000 $t
C:\Users\Nathan\AppData\Local\Temp\cc2SCFh1.s:53     .text.LST_is_empty:00000000 LST_is_empty
C:\Users\Nathan\AppData\Local\Temp\cc2SCFh1.s:134    .text.LST_insert_head:00000000 $t
C:\Users\Nathan\AppData\Local\Temp\cc2SCFh1.s:140    .text.LST_insert_head:00000000 LST_insert_head
C:\Users\Nathan\AppData\Local\Temp\cc2SCFh1.s:220    .text.LST_insert_tail:00000000 $t
C:\Users\Nathan\AppData\Local\Temp\cc2SCFh1.s:226    .text.LST_insert_tail:00000000 LST_insert_tail
C:\Users\Nathan\AppData\Local\Temp\cc2SCFh1.s:306    .text.LST_remove_node:00000000 $t
C:\Users\Nathan\AppData\Local\Temp\cc2SCFh1.s:312    .text.LST_remove_node:00000000 LST_remove_node
C:\Users\Nathan\AppData\Local\Temp\cc2SCFh1.s:390    .text.LST_remove_head:00000000 $t
C:\Users\Nathan\AppData\Local\Temp\cc2SCFh1.s:396    .text.LST_remove_head:00000000 LST_remove_head
C:\Users\Nathan\AppData\Local\Temp\cc2SCFh1.s:475    .text.LST_remove_tail:00000000 $t
C:\Users\Nathan\AppData\Local\Temp\cc2SCFh1.s:481    .text.LST_remove_tail:00000000 LST_remove_tail
C:\Users\Nathan\AppData\Local\Temp\cc2SCFh1.s:560    .text.LST_insert_node_after:00000000 $t
C:\Users\Nathan\AppData\Local\Temp\cc2SCFh1.s:566    .text.LST_insert_node_after:00000000 LST_insert_node_after
C:\Users\Nathan\AppData\Local\Temp\cc2SCFh1.s:646    .text.LST_insert_node_before:00000000 $t
C:\Users\Nathan\AppData\Local\Temp\cc2SCFh1.s:652    .text.LST_insert_node_before:00000000 LST_insert_node_before
C:\Users\Nathan\AppData\Local\Temp\cc2SCFh1.s:732    .text.LST_get_size:00000000 $t
C:\Users\Nathan\AppData\Local\Temp\cc2SCFh1.s:738    .text.LST_get_size:00000000 LST_get_size
C:\Users\Nathan\AppData\Local\Temp\cc2SCFh1.s:829    .text.LST_get_next_node:00000000 $t
C:\Users\Nathan\AppData\Local\Temp\cc2SCFh1.s:835    .text.LST_get_next_node:00000000 LST_get_next_node
C:\Users\Nathan\AppData\Local\Temp\cc2SCFh1.s:904    .text.LST_get_prev_node:00000000 $t
C:\Users\Nathan\AppData\Local\Temp\cc2SCFh1.s:910    .text.LST_get_prev_node:00000000 LST_get_prev_node

NO UNDEFINED SYMBOLS
