ARM GAS  C:\Users\Nathan\AppData\Local\Temp\ccQcKdKe.s 			page 1


   1              		.cpu cortex-m4
   2              		.arch armv7e-m
   3              		.fpu fpv4-sp-d16
   4              		.eabi_attribute 27, 1
   5              		.eabi_attribute 28, 1
   6              		.eabi_attribute 20, 1
   7              		.eabi_attribute 21, 1
   8              		.eabi_attribute 23, 3
   9              		.eabi_attribute 24, 1
  10              		.eabi_attribute 25, 1
  11              		.eabi_attribute 26, 1
  12              		.eabi_attribute 30, 1
  13              		.eabi_attribute 34, 1
  14              		.eabi_attribute 18, 4
  15              		.file	"usbd_cdc_acm_if.c"
  16              		.text
  17              	.Ltext0:
  18              		.cfi_sections	.debug_frame
  19              		.file 1 "Middlewares/Third_Party/AL94_USB_Composite/COMPOSITE/App/usbd_cdc_acm_if.c"
  20              		.section	.text.CDC_DeInit,"ax",%progbits
  21              		.align	1
  22              		.syntax unified
  23              		.thumb
  24              		.thumb_func
  26              	CDC_DeInit:
  27              	.LVL0:
  28              	.LFB1417:
   1:Middlewares/Third_Party/AL94_USB_Composite/COMPOSITE/App/usbd_cdc_acm_if.c **** /* USER CODE BEGIN Header */
   2:Middlewares/Third_Party/AL94_USB_Composite/COMPOSITE/App/usbd_cdc_acm_if.c **** /**
   3:Middlewares/Third_Party/AL94_USB_Composite/COMPOSITE/App/usbd_cdc_acm_if.c ****   ******************************************************************************
   4:Middlewares/Third_Party/AL94_USB_Composite/COMPOSITE/App/usbd_cdc_acm_if.c ****   * @file           : usbd_cdc_if.c
   5:Middlewares/Third_Party/AL94_USB_Composite/COMPOSITE/App/usbd_cdc_acm_if.c ****   * @version        : v2.0_Cube
   6:Middlewares/Third_Party/AL94_USB_Composite/COMPOSITE/App/usbd_cdc_acm_if.c ****   * @brief          : Usb device for Virtual Com Port.
   7:Middlewares/Third_Party/AL94_USB_Composite/COMPOSITE/App/usbd_cdc_acm_if.c ****   ******************************************************************************
   8:Middlewares/Third_Party/AL94_USB_Composite/COMPOSITE/App/usbd_cdc_acm_if.c ****   * @attention
   9:Middlewares/Third_Party/AL94_USB_Composite/COMPOSITE/App/usbd_cdc_acm_if.c ****   *
  10:Middlewares/Third_Party/AL94_USB_Composite/COMPOSITE/App/usbd_cdc_acm_if.c ****   * <h2><center>&copy; Copyright (c) 2020 STMicroelectronics.
  11:Middlewares/Third_Party/AL94_USB_Composite/COMPOSITE/App/usbd_cdc_acm_if.c ****   * All rights reserved.</center></h2>
  12:Middlewares/Third_Party/AL94_USB_Composite/COMPOSITE/App/usbd_cdc_acm_if.c ****   *
  13:Middlewares/Third_Party/AL94_USB_Composite/COMPOSITE/App/usbd_cdc_acm_if.c ****   * This software component is licensed by ST under Ultimate Liberty license
  14:Middlewares/Third_Party/AL94_USB_Composite/COMPOSITE/App/usbd_cdc_acm_if.c ****   * SLA0044, the "License"; You may not use this file except in compliance with
  15:Middlewares/Third_Party/AL94_USB_Composite/COMPOSITE/App/usbd_cdc_acm_if.c ****   * the License. You may obtain a copy of the License at:
  16:Middlewares/Third_Party/AL94_USB_Composite/COMPOSITE/App/usbd_cdc_acm_if.c ****   *                             www.st.com/SLA0044
  17:Middlewares/Third_Party/AL94_USB_Composite/COMPOSITE/App/usbd_cdc_acm_if.c ****   *
  18:Middlewares/Third_Party/AL94_USB_Composite/COMPOSITE/App/usbd_cdc_acm_if.c ****   ******************************************************************************
  19:Middlewares/Third_Party/AL94_USB_Composite/COMPOSITE/App/usbd_cdc_acm_if.c ****   */
  20:Middlewares/Third_Party/AL94_USB_Composite/COMPOSITE/App/usbd_cdc_acm_if.c **** /* USER CODE END Header */
  21:Middlewares/Third_Party/AL94_USB_Composite/COMPOSITE/App/usbd_cdc_acm_if.c **** 
  22:Middlewares/Third_Party/AL94_USB_Composite/COMPOSITE/App/usbd_cdc_acm_if.c **** /* Includes ------------------------------------------------------------------*/
  23:Middlewares/Third_Party/AL94_USB_Composite/COMPOSITE/App/usbd_cdc_acm_if.c **** #include "usbd_cdc_acm_if.h"
  24:Middlewares/Third_Party/AL94_USB_Composite/COMPOSITE/App/usbd_cdc_acm_if.c **** 
  25:Middlewares/Third_Party/AL94_USB_Composite/COMPOSITE/App/usbd_cdc_acm_if.c **** /* USER CODE BEGIN INCLUDE */
  26:Middlewares/Third_Party/AL94_USB_Composite/COMPOSITE/App/usbd_cdc_acm_if.c **** //#include "usart.h"
  27:Middlewares/Third_Party/AL94_USB_Composite/COMPOSITE/App/usbd_cdc_acm_if.c **** //#include "tim.h"
  28:Middlewares/Third_Party/AL94_USB_Composite/COMPOSITE/App/usbd_cdc_acm_if.c **** /* USER CODE END INCLUDE */
  29:Middlewares/Third_Party/AL94_USB_Composite/COMPOSITE/App/usbd_cdc_acm_if.c **** 
  30:Middlewares/Third_Party/AL94_USB_Composite/COMPOSITE/App/usbd_cdc_acm_if.c **** /* Private typedef -----------------------------------------------------------*/
ARM GAS  C:\Users\Nathan\AppData\Local\Temp\ccQcKdKe.s 			page 2


  31:Middlewares/Third_Party/AL94_USB_Composite/COMPOSITE/App/usbd_cdc_acm_if.c **** /* Private define ------------------------------------------------------------*/
  32:Middlewares/Third_Party/AL94_USB_Composite/COMPOSITE/App/usbd_cdc_acm_if.c **** /* Private macro -------------------------------------------------------------*/
  33:Middlewares/Third_Party/AL94_USB_Composite/COMPOSITE/App/usbd_cdc_acm_if.c **** 
  34:Middlewares/Third_Party/AL94_USB_Composite/COMPOSITE/App/usbd_cdc_acm_if.c **** /* USER CODE BEGIN PV */
  35:Middlewares/Third_Party/AL94_USB_Composite/COMPOSITE/App/usbd_cdc_acm_if.c **** /* Private variables ---------------------------------------------------------*/
  36:Middlewares/Third_Party/AL94_USB_Composite/COMPOSITE/App/usbd_cdc_acm_if.c **** 
  37:Middlewares/Third_Party/AL94_USB_Composite/COMPOSITE/App/usbd_cdc_acm_if.c **** /* USER CODE END PV */
  38:Middlewares/Third_Party/AL94_USB_Composite/COMPOSITE/App/usbd_cdc_acm_if.c **** 
  39:Middlewares/Third_Party/AL94_USB_Composite/COMPOSITE/App/usbd_cdc_acm_if.c **** /** @addtogroup STM32_USB_OTG_DEVICE_LIBRARY
  40:Middlewares/Third_Party/AL94_USB_Composite/COMPOSITE/App/usbd_cdc_acm_if.c ****   * @brief Usb device library.
  41:Middlewares/Third_Party/AL94_USB_Composite/COMPOSITE/App/usbd_cdc_acm_if.c ****   * @{
  42:Middlewares/Third_Party/AL94_USB_Composite/COMPOSITE/App/usbd_cdc_acm_if.c ****   */
  43:Middlewares/Third_Party/AL94_USB_Composite/COMPOSITE/App/usbd_cdc_acm_if.c **** 
  44:Middlewares/Third_Party/AL94_USB_Composite/COMPOSITE/App/usbd_cdc_acm_if.c **** /** @addtogroup USBD_CDC_IF
  45:Middlewares/Third_Party/AL94_USB_Composite/COMPOSITE/App/usbd_cdc_acm_if.c ****   * @{
  46:Middlewares/Third_Party/AL94_USB_Composite/COMPOSITE/App/usbd_cdc_acm_if.c ****   */
  47:Middlewares/Third_Party/AL94_USB_Composite/COMPOSITE/App/usbd_cdc_acm_if.c **** 
  48:Middlewares/Third_Party/AL94_USB_Composite/COMPOSITE/App/usbd_cdc_acm_if.c **** /** @defgroup USBD_CDC_IF_Private_TypesDefinitions USBD_CDC_IF_Private_TypesDefinitions
  49:Middlewares/Third_Party/AL94_USB_Composite/COMPOSITE/App/usbd_cdc_acm_if.c ****   * @brief Private types.
  50:Middlewares/Third_Party/AL94_USB_Composite/COMPOSITE/App/usbd_cdc_acm_if.c ****   * @{
  51:Middlewares/Third_Party/AL94_USB_Composite/COMPOSITE/App/usbd_cdc_acm_if.c ****   */
  52:Middlewares/Third_Party/AL94_USB_Composite/COMPOSITE/App/usbd_cdc_acm_if.c **** 
  53:Middlewares/Third_Party/AL94_USB_Composite/COMPOSITE/App/usbd_cdc_acm_if.c **** /* USER CODE BEGIN PRIVATE_TYPES */
  54:Middlewares/Third_Party/AL94_USB_Composite/COMPOSITE/App/usbd_cdc_acm_if.c **** 
  55:Middlewares/Third_Party/AL94_USB_Composite/COMPOSITE/App/usbd_cdc_acm_if.c **** /* USER CODE END PRIVATE_TYPES */
  56:Middlewares/Third_Party/AL94_USB_Composite/COMPOSITE/App/usbd_cdc_acm_if.c **** 
  57:Middlewares/Third_Party/AL94_USB_Composite/COMPOSITE/App/usbd_cdc_acm_if.c **** /**
  58:Middlewares/Third_Party/AL94_USB_Composite/COMPOSITE/App/usbd_cdc_acm_if.c ****   * @}
  59:Middlewares/Third_Party/AL94_USB_Composite/COMPOSITE/App/usbd_cdc_acm_if.c ****   */
  60:Middlewares/Third_Party/AL94_USB_Composite/COMPOSITE/App/usbd_cdc_acm_if.c **** 
  61:Middlewares/Third_Party/AL94_USB_Composite/COMPOSITE/App/usbd_cdc_acm_if.c **** /** @defgroup USBD_CDC_IF_Private_Defines USBD_CDC_IF_Private_Defines
  62:Middlewares/Third_Party/AL94_USB_Composite/COMPOSITE/App/usbd_cdc_acm_if.c ****   * @brief Private defines.
  63:Middlewares/Third_Party/AL94_USB_Composite/COMPOSITE/App/usbd_cdc_acm_if.c ****   * @{
  64:Middlewares/Third_Party/AL94_USB_Composite/COMPOSITE/App/usbd_cdc_acm_if.c ****   */
  65:Middlewares/Third_Party/AL94_USB_Composite/COMPOSITE/App/usbd_cdc_acm_if.c **** 
  66:Middlewares/Third_Party/AL94_USB_Composite/COMPOSITE/App/usbd_cdc_acm_if.c **** /* USER CODE BEGIN PRIVATE_DEFINES */
  67:Middlewares/Third_Party/AL94_USB_Composite/COMPOSITE/App/usbd_cdc_acm_if.c **** /* USER CODE END PRIVATE_DEFINES */
  68:Middlewares/Third_Party/AL94_USB_Composite/COMPOSITE/App/usbd_cdc_acm_if.c **** 
  69:Middlewares/Third_Party/AL94_USB_Composite/COMPOSITE/App/usbd_cdc_acm_if.c **** /**
  70:Middlewares/Third_Party/AL94_USB_Composite/COMPOSITE/App/usbd_cdc_acm_if.c ****   * @}
  71:Middlewares/Third_Party/AL94_USB_Composite/COMPOSITE/App/usbd_cdc_acm_if.c ****   */
  72:Middlewares/Third_Party/AL94_USB_Composite/COMPOSITE/App/usbd_cdc_acm_if.c **** 
  73:Middlewares/Third_Party/AL94_USB_Composite/COMPOSITE/App/usbd_cdc_acm_if.c **** /** @defgroup USBD_CDC_IF_Private_Macros USBD_CDC_IF_Private_Macros
  74:Middlewares/Third_Party/AL94_USB_Composite/COMPOSITE/App/usbd_cdc_acm_if.c ****   * @brief Private macros.
  75:Middlewares/Third_Party/AL94_USB_Composite/COMPOSITE/App/usbd_cdc_acm_if.c ****   * @{
  76:Middlewares/Third_Party/AL94_USB_Composite/COMPOSITE/App/usbd_cdc_acm_if.c ****   */
  77:Middlewares/Third_Party/AL94_USB_Composite/COMPOSITE/App/usbd_cdc_acm_if.c **** 
  78:Middlewares/Third_Party/AL94_USB_Composite/COMPOSITE/App/usbd_cdc_acm_if.c **** /* USER CODE BEGIN PRIVATE_MACRO */
  79:Middlewares/Third_Party/AL94_USB_Composite/COMPOSITE/App/usbd_cdc_acm_if.c **** 
  80:Middlewares/Third_Party/AL94_USB_Composite/COMPOSITE/App/usbd_cdc_acm_if.c **** /* USER CODE END PRIVATE_MACRO */
  81:Middlewares/Third_Party/AL94_USB_Composite/COMPOSITE/App/usbd_cdc_acm_if.c **** 
  82:Middlewares/Third_Party/AL94_USB_Composite/COMPOSITE/App/usbd_cdc_acm_if.c **** /**
  83:Middlewares/Third_Party/AL94_USB_Composite/COMPOSITE/App/usbd_cdc_acm_if.c ****   * @}
  84:Middlewares/Third_Party/AL94_USB_Composite/COMPOSITE/App/usbd_cdc_acm_if.c ****   */
  85:Middlewares/Third_Party/AL94_USB_Composite/COMPOSITE/App/usbd_cdc_acm_if.c **** 
  86:Middlewares/Third_Party/AL94_USB_Composite/COMPOSITE/App/usbd_cdc_acm_if.c **** /** @defgroup USBD_CDC_IF_Private_Variables USBD_CDC_IF_Private_Variables
  87:Middlewares/Third_Party/AL94_USB_Composite/COMPOSITE/App/usbd_cdc_acm_if.c ****   * @brief Private variables.
ARM GAS  C:\Users\Nathan\AppData\Local\Temp\ccQcKdKe.s 			page 3


  88:Middlewares/Third_Party/AL94_USB_Composite/COMPOSITE/App/usbd_cdc_acm_if.c ****   * @{
  89:Middlewares/Third_Party/AL94_USB_Composite/COMPOSITE/App/usbd_cdc_acm_if.c ****   */
  90:Middlewares/Third_Party/AL94_USB_Composite/COMPOSITE/App/usbd_cdc_acm_if.c **** 
  91:Middlewares/Third_Party/AL94_USB_Composite/COMPOSITE/App/usbd_cdc_acm_if.c **** /* USER CODE BEGIN PRIVATE_VARIABLES */
  92:Middlewares/Third_Party/AL94_USB_Composite/COMPOSITE/App/usbd_cdc_acm_if.c **** 
  93:Middlewares/Third_Party/AL94_USB_Composite/COMPOSITE/App/usbd_cdc_acm_if.c **** #define APP_RX_DATA_SIZE 128
  94:Middlewares/Third_Party/AL94_USB_Composite/COMPOSITE/App/usbd_cdc_acm_if.c **** #define APP_TX_DATA_SIZE 128
  95:Middlewares/Third_Party/AL94_USB_Composite/COMPOSITE/App/usbd_cdc_acm_if.c **** 
  96:Middlewares/Third_Party/AL94_USB_Composite/COMPOSITE/App/usbd_cdc_acm_if.c **** /** RX buffer for USB */
  97:Middlewares/Third_Party/AL94_USB_Composite/COMPOSITE/App/usbd_cdc_acm_if.c **** uint8_t RX_Buffer[NUMBER_OF_CDC][APP_RX_DATA_SIZE];
  98:Middlewares/Third_Party/AL94_USB_Composite/COMPOSITE/App/usbd_cdc_acm_if.c **** 
  99:Middlewares/Third_Party/AL94_USB_Composite/COMPOSITE/App/usbd_cdc_acm_if.c **** /** TX buffer for USB, RX buffer for UART */
 100:Middlewares/Third_Party/AL94_USB_Composite/COMPOSITE/App/usbd_cdc_acm_if.c **** uint8_t TX_Buffer[NUMBER_OF_CDC][APP_TX_DATA_SIZE];
 101:Middlewares/Third_Party/AL94_USB_Composite/COMPOSITE/App/usbd_cdc_acm_if.c **** 
 102:Middlewares/Third_Party/AL94_USB_Composite/COMPOSITE/App/usbd_cdc_acm_if.c **** USBD_CDC_ACM_LineCodingTypeDef Line_Coding[NUMBER_OF_CDC];
 103:Middlewares/Third_Party/AL94_USB_Composite/COMPOSITE/App/usbd_cdc_acm_if.c **** 
 104:Middlewares/Third_Party/AL94_USB_Composite/COMPOSITE/App/usbd_cdc_acm_if.c **** uint32_t Write_Index[NUMBER_OF_CDC]; /* keep track of received data over UART */
 105:Middlewares/Third_Party/AL94_USB_Composite/COMPOSITE/App/usbd_cdc_acm_if.c **** uint32_t Read_Index[NUMBER_OF_CDC];  /* keep track of sent data to USB */
 106:Middlewares/Third_Party/AL94_USB_Composite/COMPOSITE/App/usbd_cdc_acm_if.c **** 
 107:Middlewares/Third_Party/AL94_USB_Composite/COMPOSITE/App/usbd_cdc_acm_if.c **** /* USER CODE END PRIVATE_VARIABLES */
 108:Middlewares/Third_Party/AL94_USB_Composite/COMPOSITE/App/usbd_cdc_acm_if.c **** 
 109:Middlewares/Third_Party/AL94_USB_Composite/COMPOSITE/App/usbd_cdc_acm_if.c **** /**
 110:Middlewares/Third_Party/AL94_USB_Composite/COMPOSITE/App/usbd_cdc_acm_if.c ****   * @}
 111:Middlewares/Third_Party/AL94_USB_Composite/COMPOSITE/App/usbd_cdc_acm_if.c ****   */
 112:Middlewares/Third_Party/AL94_USB_Composite/COMPOSITE/App/usbd_cdc_acm_if.c **** 
 113:Middlewares/Third_Party/AL94_USB_Composite/COMPOSITE/App/usbd_cdc_acm_if.c **** /** @defgroup USBD_CDC_IF_Exported_Variables USBD_CDC_IF_Exported_Variables
 114:Middlewares/Third_Party/AL94_USB_Composite/COMPOSITE/App/usbd_cdc_acm_if.c ****   * @brief Public variables.
 115:Middlewares/Third_Party/AL94_USB_Composite/COMPOSITE/App/usbd_cdc_acm_if.c ****   * @{
 116:Middlewares/Third_Party/AL94_USB_Composite/COMPOSITE/App/usbd_cdc_acm_if.c ****   */
 117:Middlewares/Third_Party/AL94_USB_Composite/COMPOSITE/App/usbd_cdc_acm_if.c **** 
 118:Middlewares/Third_Party/AL94_USB_Composite/COMPOSITE/App/usbd_cdc_acm_if.c **** extern USBD_HandleTypeDef hUsbDevice;
 119:Middlewares/Third_Party/AL94_USB_Composite/COMPOSITE/App/usbd_cdc_acm_if.c **** 
 120:Middlewares/Third_Party/AL94_USB_Composite/COMPOSITE/App/usbd_cdc_acm_if.c **** /* USER CODE BEGIN EXPORTED_VARIABLES */
 121:Middlewares/Third_Party/AL94_USB_Composite/COMPOSITE/App/usbd_cdc_acm_if.c **** 
 122:Middlewares/Third_Party/AL94_USB_Composite/COMPOSITE/App/usbd_cdc_acm_if.c **** /* USER CODE END EXPORTED_VARIABLES */
 123:Middlewares/Third_Party/AL94_USB_Composite/COMPOSITE/App/usbd_cdc_acm_if.c **** 
 124:Middlewares/Third_Party/AL94_USB_Composite/COMPOSITE/App/usbd_cdc_acm_if.c **** /**
 125:Middlewares/Third_Party/AL94_USB_Composite/COMPOSITE/App/usbd_cdc_acm_if.c ****   * @}
 126:Middlewares/Third_Party/AL94_USB_Composite/COMPOSITE/App/usbd_cdc_acm_if.c ****   */
 127:Middlewares/Third_Party/AL94_USB_Composite/COMPOSITE/App/usbd_cdc_acm_if.c **** 
 128:Middlewares/Third_Party/AL94_USB_Composite/COMPOSITE/App/usbd_cdc_acm_if.c **** /** @defgroup USBD_CDC_IF_Private_FunctionPrototypes USBD_CDC_IF_Private_FunctionPrototypes
 129:Middlewares/Third_Party/AL94_USB_Composite/COMPOSITE/App/usbd_cdc_acm_if.c ****   * @brief Private functions declaration.
 130:Middlewares/Third_Party/AL94_USB_Composite/COMPOSITE/App/usbd_cdc_acm_if.c ****   * @{
 131:Middlewares/Third_Party/AL94_USB_Composite/COMPOSITE/App/usbd_cdc_acm_if.c ****   */
 132:Middlewares/Third_Party/AL94_USB_Composite/COMPOSITE/App/usbd_cdc_acm_if.c **** 
 133:Middlewares/Third_Party/AL94_USB_Composite/COMPOSITE/App/usbd_cdc_acm_if.c **** static int8_t CDC_Init(uint8_t cdc_ch);
 134:Middlewares/Third_Party/AL94_USB_Composite/COMPOSITE/App/usbd_cdc_acm_if.c **** static int8_t CDC_DeInit(uint8_t cdc_ch);
 135:Middlewares/Third_Party/AL94_USB_Composite/COMPOSITE/App/usbd_cdc_acm_if.c **** static int8_t CDC_Control(uint8_t cdc_ch, uint8_t cmd, uint8_t *pbuf, uint16_t length);
 136:Middlewares/Third_Party/AL94_USB_Composite/COMPOSITE/App/usbd_cdc_acm_if.c **** static int8_t CDC_Receive(uint8_t cdc_ch, uint8_t *pbuf, uint32_t *Len);
 137:Middlewares/Third_Party/AL94_USB_Composite/COMPOSITE/App/usbd_cdc_acm_if.c **** static int8_t CDC_TransmitCplt(uint8_t cdc_ch, uint8_t *Buf, uint32_t *Len, uint8_t epnum);
 138:Middlewares/Third_Party/AL94_USB_Composite/COMPOSITE/App/usbd_cdc_acm_if.c **** 
 139:Middlewares/Third_Party/AL94_USB_Composite/COMPOSITE/App/usbd_cdc_acm_if.c **** /* USER CODE BEGIN PRIVATE_FUNCTIONS_DECLARATION */
 140:Middlewares/Third_Party/AL94_USB_Composite/COMPOSITE/App/usbd_cdc_acm_if.c **** //UART_HandleTypeDef *CDC_CH_To_UART_Handle(uint8_t cdc_ch)
 141:Middlewares/Third_Party/AL94_USB_Composite/COMPOSITE/App/usbd_cdc_acm_if.c **** //{
 142:Middlewares/Third_Party/AL94_USB_Composite/COMPOSITE/App/usbd_cdc_acm_if.c **** //  UART_HandleTypeDef *handle = NULL;
 143:Middlewares/Third_Party/AL94_USB_Composite/COMPOSITE/App/usbd_cdc_acm_if.c **** //
 144:Middlewares/Third_Party/AL94_USB_Composite/COMPOSITE/App/usbd_cdc_acm_if.c **** //  if (cdc_ch == 0)
ARM GAS  C:\Users\Nathan\AppData\Local\Temp\ccQcKdKe.s 			page 4


 145:Middlewares/Third_Party/AL94_USB_Composite/COMPOSITE/App/usbd_cdc_acm_if.c **** //  {
 146:Middlewares/Third_Party/AL94_USB_Composite/COMPOSITE/App/usbd_cdc_acm_if.c **** //    handle = &huart1;
 147:Middlewares/Third_Party/AL94_USB_Composite/COMPOSITE/App/usbd_cdc_acm_if.c **** //  }
 148:Middlewares/Third_Party/AL94_USB_Composite/COMPOSITE/App/usbd_cdc_acm_if.c **** //#if (0)
 149:Middlewares/Third_Party/AL94_USB_Composite/COMPOSITE/App/usbd_cdc_acm_if.c **** //  else if (cdc_ch == 1)
 150:Middlewares/Third_Party/AL94_USB_Composite/COMPOSITE/App/usbd_cdc_acm_if.c **** //  {
 151:Middlewares/Third_Party/AL94_USB_Composite/COMPOSITE/App/usbd_cdc_acm_if.c **** //    handle = &huart2;
 152:Middlewares/Third_Party/AL94_USB_Composite/COMPOSITE/App/usbd_cdc_acm_if.c **** //  }
 153:Middlewares/Third_Party/AL94_USB_Composite/COMPOSITE/App/usbd_cdc_acm_if.c **** //  else if (cdc_ch == 2)
 154:Middlewares/Third_Party/AL94_USB_Composite/COMPOSITE/App/usbd_cdc_acm_if.c **** //  {
 155:Middlewares/Third_Party/AL94_USB_Composite/COMPOSITE/App/usbd_cdc_acm_if.c **** //    handle = &huart3;
 156:Middlewares/Third_Party/AL94_USB_Composite/COMPOSITE/App/usbd_cdc_acm_if.c **** //  }
 157:Middlewares/Third_Party/AL94_USB_Composite/COMPOSITE/App/usbd_cdc_acm_if.c **** //#endif
 158:Middlewares/Third_Party/AL94_USB_Composite/COMPOSITE/App/usbd_cdc_acm_if.c **** //  return handle;
 159:Middlewares/Third_Party/AL94_USB_Composite/COMPOSITE/App/usbd_cdc_acm_if.c **** //}
 160:Middlewares/Third_Party/AL94_USB_Composite/COMPOSITE/App/usbd_cdc_acm_if.c **** //
 161:Middlewares/Third_Party/AL94_USB_Composite/COMPOSITE/App/usbd_cdc_acm_if.c **** //uint8_t UART_Handle_TO_CDC_CH(UART_HandleTypeDef *handle)
 162:Middlewares/Third_Party/AL94_USB_Composite/COMPOSITE/App/usbd_cdc_acm_if.c **** //{
 163:Middlewares/Third_Party/AL94_USB_Composite/COMPOSITE/App/usbd_cdc_acm_if.c **** //  uint8_t cdc_ch = 0;
 164:Middlewares/Third_Party/AL94_USB_Composite/COMPOSITE/App/usbd_cdc_acm_if.c **** //
 165:Middlewares/Third_Party/AL94_USB_Composite/COMPOSITE/App/usbd_cdc_acm_if.c **** //  if (handle == &huart1)
 166:Middlewares/Third_Party/AL94_USB_Composite/COMPOSITE/App/usbd_cdc_acm_if.c **** //  {
 167:Middlewares/Third_Party/AL94_USB_Composite/COMPOSITE/App/usbd_cdc_acm_if.c **** //    cdc_ch = 0;
 168:Middlewares/Third_Party/AL94_USB_Composite/COMPOSITE/App/usbd_cdc_acm_if.c **** //  }
 169:Middlewares/Third_Party/AL94_USB_Composite/COMPOSITE/App/usbd_cdc_acm_if.c **** //#if (0)
 170:Middlewares/Third_Party/AL94_USB_Composite/COMPOSITE/App/usbd_cdc_acm_if.c **** //  else if (handle == &huart2)
 171:Middlewares/Third_Party/AL94_USB_Composite/COMPOSITE/App/usbd_cdc_acm_if.c **** //  {
 172:Middlewares/Third_Party/AL94_USB_Composite/COMPOSITE/App/usbd_cdc_acm_if.c **** //    cdc_ch = 1;
 173:Middlewares/Third_Party/AL94_USB_Composite/COMPOSITE/App/usbd_cdc_acm_if.c **** //  }
 174:Middlewares/Third_Party/AL94_USB_Composite/COMPOSITE/App/usbd_cdc_acm_if.c **** //  else if (handle == &huart3)
 175:Middlewares/Third_Party/AL94_USB_Composite/COMPOSITE/App/usbd_cdc_acm_if.c **** //  {
 176:Middlewares/Third_Party/AL94_USB_Composite/COMPOSITE/App/usbd_cdc_acm_if.c **** //    cdc_ch = 2;
 177:Middlewares/Third_Party/AL94_USB_Composite/COMPOSITE/App/usbd_cdc_acm_if.c **** //  }
 178:Middlewares/Third_Party/AL94_USB_Composite/COMPOSITE/App/usbd_cdc_acm_if.c **** //#endif
 179:Middlewares/Third_Party/AL94_USB_Composite/COMPOSITE/App/usbd_cdc_acm_if.c **** //  return cdc_ch;
 180:Middlewares/Third_Party/AL94_USB_Composite/COMPOSITE/App/usbd_cdc_acm_if.c **** //}
 181:Middlewares/Third_Party/AL94_USB_Composite/COMPOSITE/App/usbd_cdc_acm_if.c **** //
 182:Middlewares/Third_Party/AL94_USB_Composite/COMPOSITE/App/usbd_cdc_acm_if.c **** //void Change_UART_Setting(uint8_t cdc_ch)
 183:Middlewares/Third_Party/AL94_USB_Composite/COMPOSITE/App/usbd_cdc_acm_if.c **** //{
 184:Middlewares/Third_Party/AL94_USB_Composite/COMPOSITE/App/usbd_cdc_acm_if.c **** //  UART_HandleTypeDef *handle = CDC_CH_To_UART_Handle(cdc_ch);
 185:Middlewares/Third_Party/AL94_USB_Composite/COMPOSITE/App/usbd_cdc_acm_if.c **** //
 186:Middlewares/Third_Party/AL94_USB_Composite/COMPOSITE/App/usbd_cdc_acm_if.c **** //  if (HAL_UART_DeInit(handle) != HAL_OK)
 187:Middlewares/Third_Party/AL94_USB_Composite/COMPOSITE/App/usbd_cdc_acm_if.c **** //  {
 188:Middlewares/Third_Party/AL94_USB_Composite/COMPOSITE/App/usbd_cdc_acm_if.c **** //    /* Initialization Error */
 189:Middlewares/Third_Party/AL94_USB_Composite/COMPOSITE/App/usbd_cdc_acm_if.c **** //    Error_Handler();
 190:Middlewares/Third_Party/AL94_USB_Composite/COMPOSITE/App/usbd_cdc_acm_if.c **** //  }
 191:Middlewares/Third_Party/AL94_USB_Composite/COMPOSITE/App/usbd_cdc_acm_if.c **** //  /* set the Stop bit */
 192:Middlewares/Third_Party/AL94_USB_Composite/COMPOSITE/App/usbd_cdc_acm_if.c **** //  switch (Line_Coding[cdc_ch].format)
 193:Middlewares/Third_Party/AL94_USB_Composite/COMPOSITE/App/usbd_cdc_acm_if.c **** //  {
 194:Middlewares/Third_Party/AL94_USB_Composite/COMPOSITE/App/usbd_cdc_acm_if.c **** //  case 0:
 195:Middlewares/Third_Party/AL94_USB_Composite/COMPOSITE/App/usbd_cdc_acm_if.c **** //    handle->Init.StopBits = UART_STOPBITS_1;
 196:Middlewares/Third_Party/AL94_USB_Composite/COMPOSITE/App/usbd_cdc_acm_if.c **** //    break;
 197:Middlewares/Third_Party/AL94_USB_Composite/COMPOSITE/App/usbd_cdc_acm_if.c **** //  case 2:
 198:Middlewares/Third_Party/AL94_USB_Composite/COMPOSITE/App/usbd_cdc_acm_if.c **** //    handle->Init.StopBits = UART_STOPBITS_2;
 199:Middlewares/Third_Party/AL94_USB_Composite/COMPOSITE/App/usbd_cdc_acm_if.c **** //    break;
 200:Middlewares/Third_Party/AL94_USB_Composite/COMPOSITE/App/usbd_cdc_acm_if.c **** //  default:
 201:Middlewares/Third_Party/AL94_USB_Composite/COMPOSITE/App/usbd_cdc_acm_if.c **** //    handle->Init.StopBits = UART_STOPBITS_1;
ARM GAS  C:\Users\Nathan\AppData\Local\Temp\ccQcKdKe.s 			page 5


 202:Middlewares/Third_Party/AL94_USB_Composite/COMPOSITE/App/usbd_cdc_acm_if.c **** //    break;
 203:Middlewares/Third_Party/AL94_USB_Composite/COMPOSITE/App/usbd_cdc_acm_if.c **** //  }
 204:Middlewares/Third_Party/AL94_USB_Composite/COMPOSITE/App/usbd_cdc_acm_if.c **** //
 205:Middlewares/Third_Party/AL94_USB_Composite/COMPOSITE/App/usbd_cdc_acm_if.c **** //  /* set the parity bit*/
 206:Middlewares/Third_Party/AL94_USB_Composite/COMPOSITE/App/usbd_cdc_acm_if.c **** //  switch (Line_Coding[cdc_ch].paritytype)
 207:Middlewares/Third_Party/AL94_USB_Composite/COMPOSITE/App/usbd_cdc_acm_if.c **** //  {
 208:Middlewares/Third_Party/AL94_USB_Composite/COMPOSITE/App/usbd_cdc_acm_if.c **** //  case 0:
 209:Middlewares/Third_Party/AL94_USB_Composite/COMPOSITE/App/usbd_cdc_acm_if.c **** //    handle->Init.Parity = UART_PARITY_NONE;
 210:Middlewares/Third_Party/AL94_USB_Composite/COMPOSITE/App/usbd_cdc_acm_if.c **** //    break;
 211:Middlewares/Third_Party/AL94_USB_Composite/COMPOSITE/App/usbd_cdc_acm_if.c **** //  case 1:
 212:Middlewares/Third_Party/AL94_USB_Composite/COMPOSITE/App/usbd_cdc_acm_if.c **** //    handle->Init.Parity = UART_PARITY_ODD;
 213:Middlewares/Third_Party/AL94_USB_Composite/COMPOSITE/App/usbd_cdc_acm_if.c **** //    break;
 214:Middlewares/Third_Party/AL94_USB_Composite/COMPOSITE/App/usbd_cdc_acm_if.c **** //  case 2:
 215:Middlewares/Third_Party/AL94_USB_Composite/COMPOSITE/App/usbd_cdc_acm_if.c **** //    handle->Init.Parity = UART_PARITY_EVEN;
 216:Middlewares/Third_Party/AL94_USB_Composite/COMPOSITE/App/usbd_cdc_acm_if.c **** //    break;
 217:Middlewares/Third_Party/AL94_USB_Composite/COMPOSITE/App/usbd_cdc_acm_if.c **** //  default:
 218:Middlewares/Third_Party/AL94_USB_Composite/COMPOSITE/App/usbd_cdc_acm_if.c **** //    handle->Init.Parity = UART_PARITY_NONE;
 219:Middlewares/Third_Party/AL94_USB_Composite/COMPOSITE/App/usbd_cdc_acm_if.c **** //    break;
 220:Middlewares/Third_Party/AL94_USB_Composite/COMPOSITE/App/usbd_cdc_acm_if.c **** //  }
 221:Middlewares/Third_Party/AL94_USB_Composite/COMPOSITE/App/usbd_cdc_acm_if.c **** //
 222:Middlewares/Third_Party/AL94_USB_Composite/COMPOSITE/App/usbd_cdc_acm_if.c **** //  /*set the data type : only 8bits and 9bits is supported */
 223:Middlewares/Third_Party/AL94_USB_Composite/COMPOSITE/App/usbd_cdc_acm_if.c **** //  switch (Line_Coding[cdc_ch].datatype)
 224:Middlewares/Third_Party/AL94_USB_Composite/COMPOSITE/App/usbd_cdc_acm_if.c **** //  {
 225:Middlewares/Third_Party/AL94_USB_Composite/COMPOSITE/App/usbd_cdc_acm_if.c **** //  case 0x07:
 226:Middlewares/Third_Party/AL94_USB_Composite/COMPOSITE/App/usbd_cdc_acm_if.c **** //    /* With this configuration a parity (Even or Odd) must be set */
 227:Middlewares/Third_Party/AL94_USB_Composite/COMPOSITE/App/usbd_cdc_acm_if.c **** //    handle->Init.WordLength = UART_WORDLENGTH_8B;
 228:Middlewares/Third_Party/AL94_USB_Composite/COMPOSITE/App/usbd_cdc_acm_if.c **** //    break;
 229:Middlewares/Third_Party/AL94_USB_Composite/COMPOSITE/App/usbd_cdc_acm_if.c **** //  case 0x08:
 230:Middlewares/Third_Party/AL94_USB_Composite/COMPOSITE/App/usbd_cdc_acm_if.c **** //    if (handle->Init.Parity == UART_PARITY_NONE)
 231:Middlewares/Third_Party/AL94_USB_Composite/COMPOSITE/App/usbd_cdc_acm_if.c **** //    {
 232:Middlewares/Third_Party/AL94_USB_Composite/COMPOSITE/App/usbd_cdc_acm_if.c **** //      handle->Init.WordLength = UART_WORDLENGTH_8B;
 233:Middlewares/Third_Party/AL94_USB_Composite/COMPOSITE/App/usbd_cdc_acm_if.c **** //    }
 234:Middlewares/Third_Party/AL94_USB_Composite/COMPOSITE/App/usbd_cdc_acm_if.c **** //    else
 235:Middlewares/Third_Party/AL94_USB_Composite/COMPOSITE/App/usbd_cdc_acm_if.c **** //    {
 236:Middlewares/Third_Party/AL94_USB_Composite/COMPOSITE/App/usbd_cdc_acm_if.c **** //      handle->Init.WordLength = UART_WORDLENGTH_9B;
 237:Middlewares/Third_Party/AL94_USB_Composite/COMPOSITE/App/usbd_cdc_acm_if.c **** //    }
 238:Middlewares/Third_Party/AL94_USB_Composite/COMPOSITE/App/usbd_cdc_acm_if.c **** //
 239:Middlewares/Third_Party/AL94_USB_Composite/COMPOSITE/App/usbd_cdc_acm_if.c **** //    break;
 240:Middlewares/Third_Party/AL94_USB_Composite/COMPOSITE/App/usbd_cdc_acm_if.c **** //  default:
 241:Middlewares/Third_Party/AL94_USB_Composite/COMPOSITE/App/usbd_cdc_acm_if.c **** //    handle->Init.WordLength = UART_WORDLENGTH_8B;
 242:Middlewares/Third_Party/AL94_USB_Composite/COMPOSITE/App/usbd_cdc_acm_if.c **** //    break;
 243:Middlewares/Third_Party/AL94_USB_Composite/COMPOSITE/App/usbd_cdc_acm_if.c **** //  }
 244:Middlewares/Third_Party/AL94_USB_Composite/COMPOSITE/App/usbd_cdc_acm_if.c **** //
 245:Middlewares/Third_Party/AL94_USB_Composite/COMPOSITE/App/usbd_cdc_acm_if.c **** //  if (Line_Coding[cdc_ch].bitrate == 0)
 246:Middlewares/Third_Party/AL94_USB_Composite/COMPOSITE/App/usbd_cdc_acm_if.c **** //  {
 247:Middlewares/Third_Party/AL94_USB_Composite/COMPOSITE/App/usbd_cdc_acm_if.c **** //    Line_Coding[cdc_ch].bitrate = 115200;
 248:Middlewares/Third_Party/AL94_USB_Composite/COMPOSITE/App/usbd_cdc_acm_if.c **** //  }
 249:Middlewares/Third_Party/AL94_USB_Composite/COMPOSITE/App/usbd_cdc_acm_if.c **** //
 250:Middlewares/Third_Party/AL94_USB_Composite/COMPOSITE/App/usbd_cdc_acm_if.c **** //  handle->Init.BaudRate = Line_Coding[cdc_ch].bitrate;
 251:Middlewares/Third_Party/AL94_USB_Composite/COMPOSITE/App/usbd_cdc_acm_if.c **** //  handle->Init.HwFlowCtl = UART_HWCONTROL_NONE;
 252:Middlewares/Third_Party/AL94_USB_Composite/COMPOSITE/App/usbd_cdc_acm_if.c **** //  handle->Init.Mode = UART_MODE_TX_RX;
 253:Middlewares/Third_Party/AL94_USB_Composite/COMPOSITE/App/usbd_cdc_acm_if.c **** //  handle->Init.OverSampling = UART_OVERSAMPLING_16;
 254:Middlewares/Third_Party/AL94_USB_Composite/COMPOSITE/App/usbd_cdc_acm_if.c **** //
 255:Middlewares/Third_Party/AL94_USB_Composite/COMPOSITE/App/usbd_cdc_acm_if.c **** //  if (HAL_UART_Init(handle) != HAL_OK)
 256:Middlewares/Third_Party/AL94_USB_Composite/COMPOSITE/App/usbd_cdc_acm_if.c **** //  {
 257:Middlewares/Third_Party/AL94_USB_Composite/COMPOSITE/App/usbd_cdc_acm_if.c **** //    /* Initialization Error */
 258:Middlewares/Third_Party/AL94_USB_Composite/COMPOSITE/App/usbd_cdc_acm_if.c **** //    Error_Handler();
ARM GAS  C:\Users\Nathan\AppData\Local\Temp\ccQcKdKe.s 			page 6


 259:Middlewares/Third_Party/AL94_USB_Composite/COMPOSITE/App/usbd_cdc_acm_if.c **** //  }
 260:Middlewares/Third_Party/AL94_USB_Composite/COMPOSITE/App/usbd_cdc_acm_if.c **** //
 261:Middlewares/Third_Party/AL94_USB_Composite/COMPOSITE/App/usbd_cdc_acm_if.c **** //  /** rx for uart and tx buffer of usb */
 262:Middlewares/Third_Party/AL94_USB_Composite/COMPOSITE/App/usbd_cdc_acm_if.c **** //  if (HAL_UART_Receive_IT(handle, TX_Buffer[cdc_ch], 1) != HAL_OK)
 263:Middlewares/Third_Party/AL94_USB_Composite/COMPOSITE/App/usbd_cdc_acm_if.c **** //  {
 264:Middlewares/Third_Party/AL94_USB_Composite/COMPOSITE/App/usbd_cdc_acm_if.c **** //    /* Transfer error in reception process */
 265:Middlewares/Third_Party/AL94_USB_Composite/COMPOSITE/App/usbd_cdc_acm_if.c **** //    Error_Handler();
 266:Middlewares/Third_Party/AL94_USB_Composite/COMPOSITE/App/usbd_cdc_acm_if.c **** //  }
 267:Middlewares/Third_Party/AL94_USB_Composite/COMPOSITE/App/usbd_cdc_acm_if.c **** //}
 268:Middlewares/Third_Party/AL94_USB_Composite/COMPOSITE/App/usbd_cdc_acm_if.c **** /* USER CODE END PRIVATE_FUNCTIONS_DECLARATION */
 269:Middlewares/Third_Party/AL94_USB_Composite/COMPOSITE/App/usbd_cdc_acm_if.c **** 
 270:Middlewares/Third_Party/AL94_USB_Composite/COMPOSITE/App/usbd_cdc_acm_if.c **** /**
 271:Middlewares/Third_Party/AL94_USB_Composite/COMPOSITE/App/usbd_cdc_acm_if.c ****   * @}
 272:Middlewares/Third_Party/AL94_USB_Composite/COMPOSITE/App/usbd_cdc_acm_if.c ****   */
 273:Middlewares/Third_Party/AL94_USB_Composite/COMPOSITE/App/usbd_cdc_acm_if.c **** 
 274:Middlewares/Third_Party/AL94_USB_Composite/COMPOSITE/App/usbd_cdc_acm_if.c **** USBD_CDC_ACM_ItfTypeDef USBD_CDC_ACM_fops = {CDC_Init,
 275:Middlewares/Third_Party/AL94_USB_Composite/COMPOSITE/App/usbd_cdc_acm_if.c ****                                              CDC_DeInit,
 276:Middlewares/Third_Party/AL94_USB_Composite/COMPOSITE/App/usbd_cdc_acm_if.c ****                                              CDC_Control,
 277:Middlewares/Third_Party/AL94_USB_Composite/COMPOSITE/App/usbd_cdc_acm_if.c ****                                              CDC_Receive,
 278:Middlewares/Third_Party/AL94_USB_Composite/COMPOSITE/App/usbd_cdc_acm_if.c ****                                              CDC_TransmitCplt};
 279:Middlewares/Third_Party/AL94_USB_Composite/COMPOSITE/App/usbd_cdc_acm_if.c **** 
 280:Middlewares/Third_Party/AL94_USB_Composite/COMPOSITE/App/usbd_cdc_acm_if.c **** /* Private functions ---------------------------------------------------------*/
 281:Middlewares/Third_Party/AL94_USB_Composite/COMPOSITE/App/usbd_cdc_acm_if.c **** /**
 282:Middlewares/Third_Party/AL94_USB_Composite/COMPOSITE/App/usbd_cdc_acm_if.c ****   * @brief  Initializes the CDC media low layer over the FS USB IP
 283:Middlewares/Third_Party/AL94_USB_Composite/COMPOSITE/App/usbd_cdc_acm_if.c ****   * @retval USBD_OK if all operations are OK else USBD_FAIL
 284:Middlewares/Third_Party/AL94_USB_Composite/COMPOSITE/App/usbd_cdc_acm_if.c ****   */
 285:Middlewares/Third_Party/AL94_USB_Composite/COMPOSITE/App/usbd_cdc_acm_if.c **** static int8_t CDC_Init(uint8_t cdc_ch)
 286:Middlewares/Third_Party/AL94_USB_Composite/COMPOSITE/App/usbd_cdc_acm_if.c **** {
 287:Middlewares/Third_Party/AL94_USB_Composite/COMPOSITE/App/usbd_cdc_acm_if.c ****   /* USER CODE BEGIN 3 */
 288:Middlewares/Third_Party/AL94_USB_Composite/COMPOSITE/App/usbd_cdc_acm_if.c **** 
 289:Middlewares/Third_Party/AL94_USB_Composite/COMPOSITE/App/usbd_cdc_acm_if.c ****   /* ##-1- Set Application Buffers */
 290:Middlewares/Third_Party/AL94_USB_Composite/COMPOSITE/App/usbd_cdc_acm_if.c ****   USBD_CDC_SetRxBuffer(cdc_ch, &hUsbDevice, RX_Buffer[cdc_ch]);
 291:Middlewares/Third_Party/AL94_USB_Composite/COMPOSITE/App/usbd_cdc_acm_if.c **** 
 292:Middlewares/Third_Party/AL94_USB_Composite/COMPOSITE/App/usbd_cdc_acm_if.c ****   //  /*##-2- Start the TIM Base generation in interrupt mode ####################*/
 293:Middlewares/Third_Party/AL94_USB_Composite/COMPOSITE/App/usbd_cdc_acm_if.c ****   //  /* Start Channel1 */
 294:Middlewares/Third_Party/AL94_USB_Composite/COMPOSITE/App/usbd_cdc_acm_if.c ****   //  if (HAL_TIM_Base_Start_IT(&htim4) != HAL_OK)
 295:Middlewares/Third_Party/AL94_USB_Composite/COMPOSITE/App/usbd_cdc_acm_if.c ****   //  {
 296:Middlewares/Third_Party/AL94_USB_Composite/COMPOSITE/App/usbd_cdc_acm_if.c ****   //    /* Starting Error */
 297:Middlewares/Third_Party/AL94_USB_Composite/COMPOSITE/App/usbd_cdc_acm_if.c ****   //    Error_Handler();
 298:Middlewares/Third_Party/AL94_USB_Composite/COMPOSITE/App/usbd_cdc_acm_if.c ****   //  }
 299:Middlewares/Third_Party/AL94_USB_Composite/COMPOSITE/App/usbd_cdc_acm_if.c **** 
 300:Middlewares/Third_Party/AL94_USB_Composite/COMPOSITE/App/usbd_cdc_acm_if.c ****   return (USBD_OK);
 301:Middlewares/Third_Party/AL94_USB_Composite/COMPOSITE/App/usbd_cdc_acm_if.c ****   /* USER CODE END 3 */
 302:Middlewares/Third_Party/AL94_USB_Composite/COMPOSITE/App/usbd_cdc_acm_if.c **** }
 303:Middlewares/Third_Party/AL94_USB_Composite/COMPOSITE/App/usbd_cdc_acm_if.c **** 
 304:Middlewares/Third_Party/AL94_USB_Composite/COMPOSITE/App/usbd_cdc_acm_if.c **** /**
 305:Middlewares/Third_Party/AL94_USB_Composite/COMPOSITE/App/usbd_cdc_acm_if.c ****   * @brief  DeInitializes the CDC media low layer
 306:Middlewares/Third_Party/AL94_USB_Composite/COMPOSITE/App/usbd_cdc_acm_if.c ****   * @retval USBD_OK if all operations are OK else USBD_FAIL
 307:Middlewares/Third_Party/AL94_USB_Composite/COMPOSITE/App/usbd_cdc_acm_if.c ****   */
 308:Middlewares/Third_Party/AL94_USB_Composite/COMPOSITE/App/usbd_cdc_acm_if.c **** static int8_t CDC_DeInit(uint8_t cdc_ch)
 309:Middlewares/Third_Party/AL94_USB_Composite/COMPOSITE/App/usbd_cdc_acm_if.c **** {
  29              		.loc 1 309 1 view -0
  30              		.cfi_startproc
  31              		@ args = 0, pretend = 0, frame = 0
  32              		@ frame_needed = 0, uses_anonymous_args = 0
  33              		@ link register save eliminated.
 310:Middlewares/Third_Party/AL94_USB_Composite/COMPOSITE/App/usbd_cdc_acm_if.c ****   /* USER CODE BEGIN 4 */
ARM GAS  C:\Users\Nathan\AppData\Local\Temp\ccQcKdKe.s 			page 7


 311:Middlewares/Third_Party/AL94_USB_Composite/COMPOSITE/App/usbd_cdc_acm_if.c ****   /* DeInitialize the UART peripheral */
 312:Middlewares/Third_Party/AL94_USB_Composite/COMPOSITE/App/usbd_cdc_acm_if.c ****   //  if (HAL_UART_DeInit(CDC_CH_To_UART_Handle(cdc_ch)) != HAL_OK)
 313:Middlewares/Third_Party/AL94_USB_Composite/COMPOSITE/App/usbd_cdc_acm_if.c ****   //  {
 314:Middlewares/Third_Party/AL94_USB_Composite/COMPOSITE/App/usbd_cdc_acm_if.c ****   //    /* Initialization Error */
 315:Middlewares/Third_Party/AL94_USB_Composite/COMPOSITE/App/usbd_cdc_acm_if.c ****   //    Error_Handler();
 316:Middlewares/Third_Party/AL94_USB_Composite/COMPOSITE/App/usbd_cdc_acm_if.c ****   //  }
 317:Middlewares/Third_Party/AL94_USB_Composite/COMPOSITE/App/usbd_cdc_acm_if.c ****   return (USBD_OK);
  34              		.loc 1 317 3 view .LVU1
 318:Middlewares/Third_Party/AL94_USB_Composite/COMPOSITE/App/usbd_cdc_acm_if.c ****   /* USER CODE END 4 */
 319:Middlewares/Third_Party/AL94_USB_Composite/COMPOSITE/App/usbd_cdc_acm_if.c **** }
  35              		.loc 1 319 1 is_stmt 0 view .LVU2
  36 0000 0020     		movs	r0, #0
  37              	.LVL1:
  38              		.loc 1 319 1 view .LVU3
  39 0002 7047     		bx	lr
  40              		.cfi_endproc
  41              	.LFE1417:
  43              		.section	.text.CDC_Control,"ax",%progbits
  44              		.align	1
  45              		.syntax unified
  46              		.thumb
  47              		.thumb_func
  49              	CDC_Control:
  50              	.LVL2:
  51              	.LFB1418:
 320:Middlewares/Third_Party/AL94_USB_Composite/COMPOSITE/App/usbd_cdc_acm_if.c **** 
 321:Middlewares/Third_Party/AL94_USB_Composite/COMPOSITE/App/usbd_cdc_acm_if.c **** /**
 322:Middlewares/Third_Party/AL94_USB_Composite/COMPOSITE/App/usbd_cdc_acm_if.c ****   * @brief  Manage the CDC class requests
 323:Middlewares/Third_Party/AL94_USB_Composite/COMPOSITE/App/usbd_cdc_acm_if.c ****   * @param  cmd: Command code
 324:Middlewares/Third_Party/AL94_USB_Composite/COMPOSITE/App/usbd_cdc_acm_if.c ****   * @param  pbuf: Buffer containing command data (request parameters)
 325:Middlewares/Third_Party/AL94_USB_Composite/COMPOSITE/App/usbd_cdc_acm_if.c ****   * @param  length: Number of data to be sent (in bytes)
 326:Middlewares/Third_Party/AL94_USB_Composite/COMPOSITE/App/usbd_cdc_acm_if.c ****   * @retval Result of the operation: USBD_OK if all operations are OK else USBD_FAIL
 327:Middlewares/Third_Party/AL94_USB_Composite/COMPOSITE/App/usbd_cdc_acm_if.c ****   */
 328:Middlewares/Third_Party/AL94_USB_Composite/COMPOSITE/App/usbd_cdc_acm_if.c **** static int8_t CDC_Control(uint8_t cdc_ch, uint8_t cmd, uint8_t *pbuf, uint16_t length)
 329:Middlewares/Third_Party/AL94_USB_Composite/COMPOSITE/App/usbd_cdc_acm_if.c **** {
  52              		.loc 1 329 1 is_stmt 1 view -0
  53              		.cfi_startproc
  54              		@ args = 0, pretend = 0, frame = 0
  55              		@ frame_needed = 0, uses_anonymous_args = 0
  56              		@ link register save eliminated.
 330:Middlewares/Third_Party/AL94_USB_Composite/COMPOSITE/App/usbd_cdc_acm_if.c ****   /* USER CODE BEGIN 5 */
 331:Middlewares/Third_Party/AL94_USB_Composite/COMPOSITE/App/usbd_cdc_acm_if.c ****   switch (cmd)
  57              		.loc 1 331 3 view .LVU5
  58 0000 2029     		cmp	r1, #32
  59 0002 1CD0     		beq	.L3
  60 0004 2129     		cmp	r1, #33
  61 0006 2FD1     		bne	.L5
 332:Middlewares/Third_Party/AL94_USB_Composite/COMPOSITE/App/usbd_cdc_acm_if.c ****   {
 333:Middlewares/Third_Party/AL94_USB_Composite/COMPOSITE/App/usbd_cdc_acm_if.c ****   case CDC_SEND_ENCAPSULATED_COMMAND:
 334:Middlewares/Third_Party/AL94_USB_Composite/COMPOSITE/App/usbd_cdc_acm_if.c **** 
 335:Middlewares/Third_Party/AL94_USB_Composite/COMPOSITE/App/usbd_cdc_acm_if.c ****     break;
 336:Middlewares/Third_Party/AL94_USB_Composite/COMPOSITE/App/usbd_cdc_acm_if.c **** 
 337:Middlewares/Third_Party/AL94_USB_Composite/COMPOSITE/App/usbd_cdc_acm_if.c ****   case CDC_GET_ENCAPSULATED_RESPONSE:
 338:Middlewares/Third_Party/AL94_USB_Composite/COMPOSITE/App/usbd_cdc_acm_if.c **** 
 339:Middlewares/Third_Party/AL94_USB_Composite/COMPOSITE/App/usbd_cdc_acm_if.c ****     break;
 340:Middlewares/Third_Party/AL94_USB_Composite/COMPOSITE/App/usbd_cdc_acm_if.c **** 
 341:Middlewares/Third_Party/AL94_USB_Composite/COMPOSITE/App/usbd_cdc_acm_if.c ****   case CDC_SET_COMM_FEATURE:
ARM GAS  C:\Users\Nathan\AppData\Local\Temp\ccQcKdKe.s 			page 8


 342:Middlewares/Third_Party/AL94_USB_Composite/COMPOSITE/App/usbd_cdc_acm_if.c **** 
 343:Middlewares/Third_Party/AL94_USB_Composite/COMPOSITE/App/usbd_cdc_acm_if.c ****     break;
 344:Middlewares/Third_Party/AL94_USB_Composite/COMPOSITE/App/usbd_cdc_acm_if.c **** 
 345:Middlewares/Third_Party/AL94_USB_Composite/COMPOSITE/App/usbd_cdc_acm_if.c ****   case CDC_GET_COMM_FEATURE:
 346:Middlewares/Third_Party/AL94_USB_Composite/COMPOSITE/App/usbd_cdc_acm_if.c **** 
 347:Middlewares/Third_Party/AL94_USB_Composite/COMPOSITE/App/usbd_cdc_acm_if.c ****     break;
 348:Middlewares/Third_Party/AL94_USB_Composite/COMPOSITE/App/usbd_cdc_acm_if.c **** 
 349:Middlewares/Third_Party/AL94_USB_Composite/COMPOSITE/App/usbd_cdc_acm_if.c ****   case CDC_CLEAR_COMM_FEATURE:
 350:Middlewares/Third_Party/AL94_USB_Composite/COMPOSITE/App/usbd_cdc_acm_if.c **** 
 351:Middlewares/Third_Party/AL94_USB_Composite/COMPOSITE/App/usbd_cdc_acm_if.c ****     break;
 352:Middlewares/Third_Party/AL94_USB_Composite/COMPOSITE/App/usbd_cdc_acm_if.c **** 
 353:Middlewares/Third_Party/AL94_USB_Composite/COMPOSITE/App/usbd_cdc_acm_if.c ****     /*******************************************************************************/
 354:Middlewares/Third_Party/AL94_USB_Composite/COMPOSITE/App/usbd_cdc_acm_if.c ****     /* Line Coding Structure                                                       */
 355:Middlewares/Third_Party/AL94_USB_Composite/COMPOSITE/App/usbd_cdc_acm_if.c ****     /*-----------------------------------------------------------------------------*/
 356:Middlewares/Third_Party/AL94_USB_Composite/COMPOSITE/App/usbd_cdc_acm_if.c ****     /* Offset | Field       | Size | Value  | Description                          */
 357:Middlewares/Third_Party/AL94_USB_Composite/COMPOSITE/App/usbd_cdc_acm_if.c ****     /* 0      | dwDTERate   |   4  | Number |Data terminal rate, in bits per second*/
 358:Middlewares/Third_Party/AL94_USB_Composite/COMPOSITE/App/usbd_cdc_acm_if.c ****     /* 4      | bCharFormat |   1  | Number | Stop bits                            */
 359:Middlewares/Third_Party/AL94_USB_Composite/COMPOSITE/App/usbd_cdc_acm_if.c ****     /*                                        0 - 1 Stop bit                       */
 360:Middlewares/Third_Party/AL94_USB_Composite/COMPOSITE/App/usbd_cdc_acm_if.c ****     /*                                        1 - 1.5 Stop bits                    */
 361:Middlewares/Third_Party/AL94_USB_Composite/COMPOSITE/App/usbd_cdc_acm_if.c ****     /*                                        2 - 2 Stop bits                      */
 362:Middlewares/Third_Party/AL94_USB_Composite/COMPOSITE/App/usbd_cdc_acm_if.c ****     /* 5      | bParityType |  1   | Number | Parity                               */
 363:Middlewares/Third_Party/AL94_USB_Composite/COMPOSITE/App/usbd_cdc_acm_if.c ****     /*                                        0 - None                             */
 364:Middlewares/Third_Party/AL94_USB_Composite/COMPOSITE/App/usbd_cdc_acm_if.c ****     /*                                        1 - Odd                              */
 365:Middlewares/Third_Party/AL94_USB_Composite/COMPOSITE/App/usbd_cdc_acm_if.c ****     /*                                        2 - Even                             */
 366:Middlewares/Third_Party/AL94_USB_Composite/COMPOSITE/App/usbd_cdc_acm_if.c ****     /*                                        3 - Mark                             */
 367:Middlewares/Third_Party/AL94_USB_Composite/COMPOSITE/App/usbd_cdc_acm_if.c ****     /*                                        4 - Space                            */
 368:Middlewares/Third_Party/AL94_USB_Composite/COMPOSITE/App/usbd_cdc_acm_if.c ****     /* 6      | bDataBits  |   1   | Number Data bits (5, 6, 7, 8 or 16).          */
 369:Middlewares/Third_Party/AL94_USB_Composite/COMPOSITE/App/usbd_cdc_acm_if.c ****     /*******************************************************************************/
 370:Middlewares/Third_Party/AL94_USB_Composite/COMPOSITE/App/usbd_cdc_acm_if.c ****   case CDC_SET_LINE_CODING:
 371:Middlewares/Third_Party/AL94_USB_Composite/COMPOSITE/App/usbd_cdc_acm_if.c ****     Line_Coding[cdc_ch].bitrate = (uint32_t)(pbuf[0] | (pbuf[1] << 8) |
 372:Middlewares/Third_Party/AL94_USB_Composite/COMPOSITE/App/usbd_cdc_acm_if.c ****                                              (pbuf[2] << 16) | (pbuf[3] << 24));
 373:Middlewares/Third_Party/AL94_USB_Composite/COMPOSITE/App/usbd_cdc_acm_if.c ****     Line_Coding[cdc_ch].format = pbuf[4];
 374:Middlewares/Third_Party/AL94_USB_Composite/COMPOSITE/App/usbd_cdc_acm_if.c ****     Line_Coding[cdc_ch].paritytype = pbuf[5];
 375:Middlewares/Third_Party/AL94_USB_Composite/COMPOSITE/App/usbd_cdc_acm_if.c ****     Line_Coding[cdc_ch].datatype = pbuf[6];
 376:Middlewares/Third_Party/AL94_USB_Composite/COMPOSITE/App/usbd_cdc_acm_if.c **** 
 377:Middlewares/Third_Party/AL94_USB_Composite/COMPOSITE/App/usbd_cdc_acm_if.c ****     //Change_UART_Setting(cdc_ch);
 378:Middlewares/Third_Party/AL94_USB_Composite/COMPOSITE/App/usbd_cdc_acm_if.c ****     break;
 379:Middlewares/Third_Party/AL94_USB_Composite/COMPOSITE/App/usbd_cdc_acm_if.c **** 
 380:Middlewares/Third_Party/AL94_USB_Composite/COMPOSITE/App/usbd_cdc_acm_if.c ****   case CDC_GET_LINE_CODING:
 381:Middlewares/Third_Party/AL94_USB_Composite/COMPOSITE/App/usbd_cdc_acm_if.c ****     pbuf[0] = (uint8_t)(Line_Coding[cdc_ch].bitrate);
  62              		.loc 1 381 5 view .LVU6
  63              		.loc 1 381 44 is_stmt 0 view .LVU7
  64 0008 184B     		ldr	r3, .L6
  65              	.LVL3:
  66              		.loc 1 381 15 view .LVU8
  67 000a 13F83010 		ldrb	r1, [r3, r0, lsl #3]	@ zero_extendqisi2
  68              	.LVL4:
  69              		.loc 1 381 13 view .LVU9
  70 000e 1170     		strb	r1, [r2]
 382:Middlewares/Third_Party/AL94_USB_Composite/COMPOSITE/App/usbd_cdc_acm_if.c ****     pbuf[1] = (uint8_t)(Line_Coding[cdc_ch].bitrate >> 8);
  71              		.loc 1 382 5 is_stmt 1 view .LVU10
  72              		.loc 1 382 44 is_stmt 0 view .LVU11
  73 0010 53F83010 		ldr	r1, [r3, r0, lsl #3]
  74              		.loc 1 382 15 view .LVU12
  75 0014 C1F30721 		ubfx	r1, r1, #8, #8
  76              		.loc 1 382 13 view .LVU13
  77 0018 5170     		strb	r1, [r2, #1]
ARM GAS  C:\Users\Nathan\AppData\Local\Temp\ccQcKdKe.s 			page 9


 383:Middlewares/Third_Party/AL94_USB_Composite/COMPOSITE/App/usbd_cdc_acm_if.c ****     pbuf[2] = (uint8_t)(Line_Coding[cdc_ch].bitrate >> 16);
  78              		.loc 1 383 5 is_stmt 1 view .LVU14
  79              		.loc 1 383 44 is_stmt 0 view .LVU15
  80 001a 53F83010 		ldr	r1, [r3, r0, lsl #3]
  81              		.loc 1 383 15 view .LVU16
  82 001e C1F30741 		ubfx	r1, r1, #16, #8
  83              		.loc 1 383 13 view .LVU17
  84 0022 9170     		strb	r1, [r2, #2]
 384:Middlewares/Third_Party/AL94_USB_Composite/COMPOSITE/App/usbd_cdc_acm_if.c ****     pbuf[3] = (uint8_t)(Line_Coding[cdc_ch].bitrate >> 24);
  85              		.loc 1 384 5 is_stmt 1 view .LVU18
  86              		.loc 1 384 44 is_stmt 0 view .LVU19
  87 0024 53F83010 		ldr	r1, [r3, r0, lsl #3]
  88              		.loc 1 384 15 view .LVU20
  89 0028 090E     		lsrs	r1, r1, #24
  90              		.loc 1 384 13 view .LVU21
  91 002a D170     		strb	r1, [r2, #3]
 385:Middlewares/Third_Party/AL94_USB_Composite/COMPOSITE/App/usbd_cdc_acm_if.c ****     pbuf[4] = Line_Coding[cdc_ch].format;
  92              		.loc 1 385 5 is_stmt 1 view .LVU22
  93              		.loc 1 385 34 is_stmt 0 view .LVU23
  94 002c 03EBC000 		add	r0, r3, r0, lsl #3
  95              	.LVL5:
  96              		.loc 1 385 34 view .LVU24
  97 0030 0379     		ldrb	r3, [r0, #4]	@ zero_extendqisi2
  98              		.loc 1 385 13 view .LVU25
  99 0032 1371     		strb	r3, [r2, #4]
 386:Middlewares/Third_Party/AL94_USB_Composite/COMPOSITE/App/usbd_cdc_acm_if.c ****     pbuf[5] = Line_Coding[cdc_ch].paritytype;
 100              		.loc 1 386 5 is_stmt 1 view .LVU26
 101              		.loc 1 386 34 is_stmt 0 view .LVU27
 102 0034 4379     		ldrb	r3, [r0, #5]	@ zero_extendqisi2
 103              		.loc 1 386 13 view .LVU28
 104 0036 5371     		strb	r3, [r2, #5]
 387:Middlewares/Third_Party/AL94_USB_Composite/COMPOSITE/App/usbd_cdc_acm_if.c ****     pbuf[6] = Line_Coding[cdc_ch].datatype;
 105              		.loc 1 387 5 is_stmt 1 view .LVU29
 106              		.loc 1 387 34 is_stmt 0 view .LVU30
 107 0038 8379     		ldrb	r3, [r0, #6]	@ zero_extendqisi2
 108              		.loc 1 387 13 view .LVU31
 109 003a 9371     		strb	r3, [r2, #6]
 388:Middlewares/Third_Party/AL94_USB_Composite/COMPOSITE/App/usbd_cdc_acm_if.c ****     break;
 110              		.loc 1 388 5 is_stmt 1 view .LVU32
 111 003c 14E0     		b	.L5
 112              	.LVL6:
 113              	.L3:
 371:Middlewares/Third_Party/AL94_USB_Composite/COMPOSITE/App/usbd_cdc_acm_if.c ****                                              (pbuf[2] << 16) | (pbuf[3] << 24));
 114              		.loc 1 371 5 view .LVU33
 371:Middlewares/Third_Party/AL94_USB_Composite/COMPOSITE/App/usbd_cdc_acm_if.c ****                                              (pbuf[2] << 16) | (pbuf[3] << 24));
 115              		.loc 1 371 50 is_stmt 0 view .LVU34
 116 003e 1378     		ldrb	r3, [r2]	@ zero_extendqisi2
 117              	.LVL7:
 371:Middlewares/Third_Party/AL94_USB_Composite/COMPOSITE/App/usbd_cdc_acm_if.c ****                                              (pbuf[2] << 16) | (pbuf[3] << 24));
 118              		.loc 1 371 61 view .LVU35
 119 0040 5178     		ldrb	r1, [r2, #1]	@ zero_extendqisi2
 120              	.LVL8:
 371:Middlewares/Third_Party/AL94_USB_Composite/COMPOSITE/App/usbd_cdc_acm_if.c ****                                              (pbuf[2] << 16) | (pbuf[3] << 24));
 121              		.loc 1 371 54 view .LVU36
 122 0042 43EA0123 		orr	r3, r3, r1, lsl #8
 372:Middlewares/Third_Party/AL94_USB_Composite/COMPOSITE/App/usbd_cdc_acm_if.c ****     Line_Coding[cdc_ch].format = pbuf[4];
 123              		.loc 1 372 51 view .LVU37
ARM GAS  C:\Users\Nathan\AppData\Local\Temp\ccQcKdKe.s 			page 10


 124 0046 9178     		ldrb	r1, [r2, #2]	@ zero_extendqisi2
 371:Middlewares/Third_Party/AL94_USB_Composite/COMPOSITE/App/usbd_cdc_acm_if.c ****                                              (pbuf[2] << 16) | (pbuf[3] << 24));
 125              		.loc 1 371 71 view .LVU38
 126 0048 43EA0143 		orr	r3, r3, r1, lsl #16
 372:Middlewares/Third_Party/AL94_USB_Composite/COMPOSITE/App/usbd_cdc_acm_if.c ****     Line_Coding[cdc_ch].format = pbuf[4];
 127              		.loc 1 372 69 view .LVU39
 128 004c D178     		ldrb	r1, [r2, #3]	@ zero_extendqisi2
 372:Middlewares/Third_Party/AL94_USB_Composite/COMPOSITE/App/usbd_cdc_acm_if.c ****     Line_Coding[cdc_ch].format = pbuf[4];
 129              		.loc 1 372 62 view .LVU40
 130 004e 43EA0163 		orr	r3, r3, r1, lsl #24
 371:Middlewares/Third_Party/AL94_USB_Composite/COMPOSITE/App/usbd_cdc_acm_if.c ****                                              (pbuf[2] << 16) | (pbuf[3] << 24));
 131              		.loc 1 371 33 view .LVU41
 132 0052 0649     		ldr	r1, .L6
 133 0054 41F83030 		str	r3, [r1, r0, lsl #3]
 373:Middlewares/Third_Party/AL94_USB_Composite/COMPOSITE/App/usbd_cdc_acm_if.c ****     Line_Coding[cdc_ch].paritytype = pbuf[5];
 134              		.loc 1 373 5 is_stmt 1 view .LVU42
 373:Middlewares/Third_Party/AL94_USB_Composite/COMPOSITE/App/usbd_cdc_acm_if.c ****     Line_Coding[cdc_ch].paritytype = pbuf[5];
 135              		.loc 1 373 32 is_stmt 0 view .LVU43
 136 0058 1379     		ldrb	r3, [r2, #4]	@ zero_extendqisi2
 137 005a 01EBC000 		add	r0, r1, r0, lsl #3
 138              	.LVL9:
 373:Middlewares/Third_Party/AL94_USB_Composite/COMPOSITE/App/usbd_cdc_acm_if.c ****     Line_Coding[cdc_ch].paritytype = pbuf[5];
 139              		.loc 1 373 32 view .LVU44
 140 005e 0371     		strb	r3, [r0, #4]
 374:Middlewares/Third_Party/AL94_USB_Composite/COMPOSITE/App/usbd_cdc_acm_if.c ****     Line_Coding[cdc_ch].datatype = pbuf[6];
 141              		.loc 1 374 5 is_stmt 1 view .LVU45
 374:Middlewares/Third_Party/AL94_USB_Composite/COMPOSITE/App/usbd_cdc_acm_if.c ****     Line_Coding[cdc_ch].datatype = pbuf[6];
 142              		.loc 1 374 36 is_stmt 0 view .LVU46
 143 0060 5379     		ldrb	r3, [r2, #5]	@ zero_extendqisi2
 144 0062 4371     		strb	r3, [r0, #5]
 375:Middlewares/Third_Party/AL94_USB_Composite/COMPOSITE/App/usbd_cdc_acm_if.c **** 
 145              		.loc 1 375 5 is_stmt 1 view .LVU47
 375:Middlewares/Third_Party/AL94_USB_Composite/COMPOSITE/App/usbd_cdc_acm_if.c **** 
 146              		.loc 1 375 34 is_stmt 0 view .LVU48
 147 0064 9379     		ldrb	r3, [r2, #6]	@ zero_extendqisi2
 148 0066 8371     		strb	r3, [r0, #6]
 378:Middlewares/Third_Party/AL94_USB_Composite/COMPOSITE/App/usbd_cdc_acm_if.c **** 
 149              		.loc 1 378 5 is_stmt 1 view .LVU49
 150              	.L5:
 389:Middlewares/Third_Party/AL94_USB_Composite/COMPOSITE/App/usbd_cdc_acm_if.c **** 
 390:Middlewares/Third_Party/AL94_USB_Composite/COMPOSITE/App/usbd_cdc_acm_if.c ****   case CDC_SET_CONTROL_LINE_STATE:
 391:Middlewares/Third_Party/AL94_USB_Composite/COMPOSITE/App/usbd_cdc_acm_if.c **** 
 392:Middlewares/Third_Party/AL94_USB_Composite/COMPOSITE/App/usbd_cdc_acm_if.c ****     break;
 393:Middlewares/Third_Party/AL94_USB_Composite/COMPOSITE/App/usbd_cdc_acm_if.c **** 
 394:Middlewares/Third_Party/AL94_USB_Composite/COMPOSITE/App/usbd_cdc_acm_if.c ****   case CDC_SEND_BREAK:
 395:Middlewares/Third_Party/AL94_USB_Composite/COMPOSITE/App/usbd_cdc_acm_if.c **** 
 396:Middlewares/Third_Party/AL94_USB_Composite/COMPOSITE/App/usbd_cdc_acm_if.c ****     break;
 397:Middlewares/Third_Party/AL94_USB_Composite/COMPOSITE/App/usbd_cdc_acm_if.c **** 
 398:Middlewares/Third_Party/AL94_USB_Composite/COMPOSITE/App/usbd_cdc_acm_if.c ****   default:
 399:Middlewares/Third_Party/AL94_USB_Composite/COMPOSITE/App/usbd_cdc_acm_if.c ****     break;
 400:Middlewares/Third_Party/AL94_USB_Composite/COMPOSITE/App/usbd_cdc_acm_if.c ****   }
 401:Middlewares/Third_Party/AL94_USB_Composite/COMPOSITE/App/usbd_cdc_acm_if.c **** 
 402:Middlewares/Third_Party/AL94_USB_Composite/COMPOSITE/App/usbd_cdc_acm_if.c ****   return (USBD_OK);
 151              		.loc 1 402 3 view .LVU50
 403:Middlewares/Third_Party/AL94_USB_Composite/COMPOSITE/App/usbd_cdc_acm_if.c ****   /* USER CODE END 5 */
 404:Middlewares/Third_Party/AL94_USB_Composite/COMPOSITE/App/usbd_cdc_acm_if.c **** }
 152              		.loc 1 404 1 is_stmt 0 view .LVU51
ARM GAS  C:\Users\Nathan\AppData\Local\Temp\ccQcKdKe.s 			page 11


 153 0068 0020     		movs	r0, #0
 154 006a 7047     		bx	lr
 155              	.L7:
 156              		.align	2
 157              	.L6:
 158 006c 00000000 		.word	Line_Coding
 159              		.cfi_endproc
 160              	.LFE1418:
 162              		.section	.text.CDC_TransmitCplt,"ax",%progbits
 163              		.align	1
 164              		.syntax unified
 165              		.thumb
 166              		.thumb_func
 168              	CDC_TransmitCplt:
 169              	.LVL10:
 170              	.LFB1420:
 405:Middlewares/Third_Party/AL94_USB_Composite/COMPOSITE/App/usbd_cdc_acm_if.c **** 
 406:Middlewares/Third_Party/AL94_USB_Composite/COMPOSITE/App/usbd_cdc_acm_if.c **** /**
 407:Middlewares/Third_Party/AL94_USB_Composite/COMPOSITE/App/usbd_cdc_acm_if.c ****   * @brief  Data received over USB OUT endpoint are sent over CDC interface
 408:Middlewares/Third_Party/AL94_USB_Composite/COMPOSITE/App/usbd_cdc_acm_if.c ****   *         through this function.
 409:Middlewares/Third_Party/AL94_USB_Composite/COMPOSITE/App/usbd_cdc_acm_if.c ****   *
 410:Middlewares/Third_Party/AL94_USB_Composite/COMPOSITE/App/usbd_cdc_acm_if.c ****   *         @note
 411:Middlewares/Third_Party/AL94_USB_Composite/COMPOSITE/App/usbd_cdc_acm_if.c ****   *         This function will issue a NAK packet on any OUT packet received on
 412:Middlewares/Third_Party/AL94_USB_Composite/COMPOSITE/App/usbd_cdc_acm_if.c ****   *         USB endpoint until exiting this function. If you exit this function
 413:Middlewares/Third_Party/AL94_USB_Composite/COMPOSITE/App/usbd_cdc_acm_if.c ****   *         before transfer is complete on CDC interface (ie. using DMA controller)
 414:Middlewares/Third_Party/AL94_USB_Composite/COMPOSITE/App/usbd_cdc_acm_if.c ****   *         it will result in receiving more data while previous ones are still
 415:Middlewares/Third_Party/AL94_USB_Composite/COMPOSITE/App/usbd_cdc_acm_if.c ****   *         not sent.
 416:Middlewares/Third_Party/AL94_USB_Composite/COMPOSITE/App/usbd_cdc_acm_if.c ****   *
 417:Middlewares/Third_Party/AL94_USB_Composite/COMPOSITE/App/usbd_cdc_acm_if.c ****   * @param  Buf: Buffer of data to be received
 418:Middlewares/Third_Party/AL94_USB_Composite/COMPOSITE/App/usbd_cdc_acm_if.c ****   * @param  Len: Number of data received (in bytes)
 419:Middlewares/Third_Party/AL94_USB_Composite/COMPOSITE/App/usbd_cdc_acm_if.c ****   * @retval Result of the operation: USBD_OK if all operations are OK else USBD_FAIL
 420:Middlewares/Third_Party/AL94_USB_Composite/COMPOSITE/App/usbd_cdc_acm_if.c ****   */
 421:Middlewares/Third_Party/AL94_USB_Composite/COMPOSITE/App/usbd_cdc_acm_if.c **** static int8_t CDC_Receive(uint8_t cdc_ch, uint8_t *Buf, uint32_t *Len)
 422:Middlewares/Third_Party/AL94_USB_Composite/COMPOSITE/App/usbd_cdc_acm_if.c **** {
 423:Middlewares/Third_Party/AL94_USB_Composite/COMPOSITE/App/usbd_cdc_acm_if.c ****   /* USER CODE BEGIN 6 */
 424:Middlewares/Third_Party/AL94_USB_Composite/COMPOSITE/App/usbd_cdc_acm_if.c ****   //HAL_UART_Transmit_DMA(CDC_CH_To_UART_Handle(cdc_ch), Buf, *Len);
 425:Middlewares/Third_Party/AL94_USB_Composite/COMPOSITE/App/usbd_cdc_acm_if.c ****   CDC_Transmit(cdc_ch, Buf, *Len); // echo back on same channel
 426:Middlewares/Third_Party/AL94_USB_Composite/COMPOSITE/App/usbd_cdc_acm_if.c **** 
 427:Middlewares/Third_Party/AL94_USB_Composite/COMPOSITE/App/usbd_cdc_acm_if.c ****   USBD_CDC_SetRxBuffer(cdc_ch, &hUsbDevice, &Buf[0]);
 428:Middlewares/Third_Party/AL94_USB_Composite/COMPOSITE/App/usbd_cdc_acm_if.c ****   USBD_CDC_ReceivePacket(cdc_ch, &hUsbDevice);
 429:Middlewares/Third_Party/AL94_USB_Composite/COMPOSITE/App/usbd_cdc_acm_if.c ****   return (USBD_OK);
 430:Middlewares/Third_Party/AL94_USB_Composite/COMPOSITE/App/usbd_cdc_acm_if.c ****   /* USER CODE END 6 */
 431:Middlewares/Third_Party/AL94_USB_Composite/COMPOSITE/App/usbd_cdc_acm_if.c **** }
 432:Middlewares/Third_Party/AL94_USB_Composite/COMPOSITE/App/usbd_cdc_acm_if.c **** 
 433:Middlewares/Third_Party/AL94_USB_Composite/COMPOSITE/App/usbd_cdc_acm_if.c **** /**
 434:Middlewares/Third_Party/AL94_USB_Composite/COMPOSITE/App/usbd_cdc_acm_if.c ****   * @brief  CDC_TransmitCplt_FS
 435:Middlewares/Third_Party/AL94_USB_Composite/COMPOSITE/App/usbd_cdc_acm_if.c ****   *         Data transmited callback
 436:Middlewares/Third_Party/AL94_USB_Composite/COMPOSITE/App/usbd_cdc_acm_if.c ****   *
 437:Middlewares/Third_Party/AL94_USB_Composite/COMPOSITE/App/usbd_cdc_acm_if.c ****   *         @note
 438:Middlewares/Third_Party/AL94_USB_Composite/COMPOSITE/App/usbd_cdc_acm_if.c ****   *         This function is IN transfer complete callback used to inform user that
 439:Middlewares/Third_Party/AL94_USB_Composite/COMPOSITE/App/usbd_cdc_acm_if.c ****   *         the submitted Data is successfully sent over USB.
 440:Middlewares/Third_Party/AL94_USB_Composite/COMPOSITE/App/usbd_cdc_acm_if.c ****   *
 441:Middlewares/Third_Party/AL94_USB_Composite/COMPOSITE/App/usbd_cdc_acm_if.c ****   * @param  Buf: Buffer of data to be received
 442:Middlewares/Third_Party/AL94_USB_Composite/COMPOSITE/App/usbd_cdc_acm_if.c ****   * @param  Len: Number of data received (in bytes)
 443:Middlewares/Third_Party/AL94_USB_Composite/COMPOSITE/App/usbd_cdc_acm_if.c ****   * @retval Result of the operation: USBD_OK if all operations are OK else USBD_FAIL
 444:Middlewares/Third_Party/AL94_USB_Composite/COMPOSITE/App/usbd_cdc_acm_if.c ****   */
 445:Middlewares/Third_Party/AL94_USB_Composite/COMPOSITE/App/usbd_cdc_acm_if.c **** static int8_t CDC_TransmitCplt(uint8_t cdc_ch, uint8_t *Buf, uint32_t *Len, uint8_t epnum)
ARM GAS  C:\Users\Nathan\AppData\Local\Temp\ccQcKdKe.s 			page 12


 446:Middlewares/Third_Party/AL94_USB_Composite/COMPOSITE/App/usbd_cdc_acm_if.c **** {
 171              		.loc 1 446 1 is_stmt 1 view -0
 172              		.cfi_startproc
 173              		@ args = 0, pretend = 0, frame = 0
 174              		@ frame_needed = 0, uses_anonymous_args = 0
 175              		@ link register save eliminated.
 447:Middlewares/Third_Party/AL94_USB_Composite/COMPOSITE/App/usbd_cdc_acm_if.c ****   return (USBD_OK);
 176              		.loc 1 447 3 view .LVU53
 448:Middlewares/Third_Party/AL94_USB_Composite/COMPOSITE/App/usbd_cdc_acm_if.c **** }
 177              		.loc 1 448 1 is_stmt 0 view .LVU54
 178 0000 0020     		movs	r0, #0
 179              	.LVL11:
 180              		.loc 1 448 1 view .LVU55
 181 0002 7047     		bx	lr
 182              		.cfi_endproc
 183              	.LFE1420:
 185              		.section	.text.CDC_Init,"ax",%progbits
 186              		.align	1
 187              		.syntax unified
 188              		.thumb
 189              		.thumb_func
 191              	CDC_Init:
 192              	.LVL12:
 193              	.LFB1416:
 286:Middlewares/Third_Party/AL94_USB_Composite/COMPOSITE/App/usbd_cdc_acm_if.c ****   /* USER CODE BEGIN 3 */
 194              		.loc 1 286 1 is_stmt 1 view -0
 195              		.cfi_startproc
 196              		@ args = 0, pretend = 0, frame = 0
 197              		@ frame_needed = 0, uses_anonymous_args = 0
 286:Middlewares/Third_Party/AL94_USB_Composite/COMPOSITE/App/usbd_cdc_acm_if.c ****   /* USER CODE BEGIN 3 */
 198              		.loc 1 286 1 is_stmt 0 view .LVU57
 199 0000 08B5     		push	{r3, lr}
 200              		.cfi_def_cfa_offset 8
 201              		.cfi_offset 3, -8
 202              		.cfi_offset 14, -4
 290:Middlewares/Third_Party/AL94_USB_Composite/COMPOSITE/App/usbd_cdc_acm_if.c **** 
 203              		.loc 1 290 3 is_stmt 1 view .LVU58
 204 0002 044A     		ldr	r2, .L11
 205 0004 02EBC012 		add	r2, r2, r0, lsl #7
 206 0008 0349     		ldr	r1, .L11+4
 207 000a FFF7FEFF 		bl	USBD_CDC_SetRxBuffer
 208              	.LVL13:
 300:Middlewares/Third_Party/AL94_USB_Composite/COMPOSITE/App/usbd_cdc_acm_if.c ****   /* USER CODE END 3 */
 209              		.loc 1 300 3 view .LVU59
 302:Middlewares/Third_Party/AL94_USB_Composite/COMPOSITE/App/usbd_cdc_acm_if.c **** 
 210              		.loc 1 302 1 is_stmt 0 view .LVU60
 211 000e 0020     		movs	r0, #0
 212 0010 08BD     		pop	{r3, pc}
 213              	.L12:
 214 0012 00BF     		.align	2
 215              	.L11:
 216 0014 00000000 		.word	RX_Buffer
 217 0018 00000000 		.word	hUsbDevice
 218              		.cfi_endproc
 219              	.LFE1416:
 221              		.section	.text.CDC_Transmit,"ax",%progbits
 222              		.align	1
ARM GAS  C:\Users\Nathan\AppData\Local\Temp\ccQcKdKe.s 			page 13


 223              		.global	CDC_Transmit
 224              		.syntax unified
 225              		.thumb
 226              		.thumb_func
 228              	CDC_Transmit:
 229              	.LVL14:
 230              	.LFB1421:
 449:Middlewares/Third_Party/AL94_USB_Composite/COMPOSITE/App/usbd_cdc_acm_if.c **** 
 450:Middlewares/Third_Party/AL94_USB_Composite/COMPOSITE/App/usbd_cdc_acm_if.c **** /**
 451:Middlewares/Third_Party/AL94_USB_Composite/COMPOSITE/App/usbd_cdc_acm_if.c ****   * @brief  CDC_Transmit
 452:Middlewares/Third_Party/AL94_USB_Composite/COMPOSITE/App/usbd_cdc_acm_if.c ****   *         Data to send over USB IN endpoint are sent over CDC interface
 453:Middlewares/Third_Party/AL94_USB_Composite/COMPOSITE/App/usbd_cdc_acm_if.c ****   *         through this function.
 454:Middlewares/Third_Party/AL94_USB_Composite/COMPOSITE/App/usbd_cdc_acm_if.c ****   *         @note
 455:Middlewares/Third_Party/AL94_USB_Composite/COMPOSITE/App/usbd_cdc_acm_if.c ****   *
 456:Middlewares/Third_Party/AL94_USB_Composite/COMPOSITE/App/usbd_cdc_acm_if.c ****   *
 457:Middlewares/Third_Party/AL94_USB_Composite/COMPOSITE/App/usbd_cdc_acm_if.c ****   * @param  Buf: Buffer of data to be sent
 458:Middlewares/Third_Party/AL94_USB_Composite/COMPOSITE/App/usbd_cdc_acm_if.c ****   * @param  Len: Number of data to be sent (in bytes)
 459:Middlewares/Third_Party/AL94_USB_Composite/COMPOSITE/App/usbd_cdc_acm_if.c ****   * @retval USBD_OK if all operations are OK else USBD_FAIL or USBD_BUSY
 460:Middlewares/Third_Party/AL94_USB_Composite/COMPOSITE/App/usbd_cdc_acm_if.c ****   */
 461:Middlewares/Third_Party/AL94_USB_Composite/COMPOSITE/App/usbd_cdc_acm_if.c **** uint8_t CDC_Transmit(uint8_t ch, uint8_t *Buf, uint16_t Len)
 462:Middlewares/Third_Party/AL94_USB_Composite/COMPOSITE/App/usbd_cdc_acm_if.c **** {
 231              		.loc 1 462 1 is_stmt 1 view -0
 232              		.cfi_startproc
 233              		@ args = 0, pretend = 0, frame = 0
 234              		@ frame_needed = 0, uses_anonymous_args = 0
 235              		.loc 1 462 1 is_stmt 0 view .LVU62
 236 0000 38B5     		push	{r3, r4, r5, lr}
 237              		.cfi_def_cfa_offset 16
 238              		.cfi_offset 3, -16
 239              		.cfi_offset 4, -12
 240              		.cfi_offset 5, -8
 241              		.cfi_offset 14, -4
 242 0002 0446     		mov	r4, r0
 463:Middlewares/Third_Party/AL94_USB_Composite/COMPOSITE/App/usbd_cdc_acm_if.c ****   uint8_t result = USBD_OK;
 243              		.loc 1 463 3 is_stmt 1 view .LVU63
 244              	.LVL15:
 464:Middlewares/Third_Party/AL94_USB_Composite/COMPOSITE/App/usbd_cdc_acm_if.c ****   /* USER CODE BEGIN 7 */
 465:Middlewares/Third_Party/AL94_USB_Composite/COMPOSITE/App/usbd_cdc_acm_if.c ****   extern USBD_CDC_ACM_HandleTypeDef CDC_ACM_Class_Data[];
 245              		.loc 1 465 3 view .LVU64
 466:Middlewares/Third_Party/AL94_USB_Composite/COMPOSITE/App/usbd_cdc_acm_if.c ****   USBD_CDC_ACM_HandleTypeDef *hcdc = NULL;
 246              		.loc 1 466 3 view .LVU65
 467:Middlewares/Third_Party/AL94_USB_Composite/COMPOSITE/App/usbd_cdc_acm_if.c ****   hcdc = &CDC_ACM_Class_Data[ch];
 247              		.loc 1 467 3 view .LVU66
 468:Middlewares/Third_Party/AL94_USB_Composite/COMPOSITE/App/usbd_cdc_acm_if.c ****   if (hcdc->TxState != 0)
 248              		.loc 1 468 3 view .LVU67
 249              		.loc 1 468 11 is_stmt 0 view .LVU68
 250 0004 0A48     		ldr	r0, .L18
 251              	.LVL16:
 252              		.loc 1 468 11 view .LVU69
 253 0006 4FF40773 		mov	r3, #540
 254 000a 03FB0400 		mla	r0, r3, r4, r0
 255              	.LVL17:
 256              		.loc 1 468 11 view .LVU70
 257 000e D0F81432 		ldr	r3, [r0, #532]
 258              		.loc 1 468 6 view .LVU71
 259 0012 0BB1     		cbz	r3, .L17
 469:Middlewares/Third_Party/AL94_USB_Composite/COMPOSITE/App/usbd_cdc_acm_if.c ****   {
ARM GAS  C:\Users\Nathan\AppData\Local\Temp\ccQcKdKe.s 			page 14


 470:Middlewares/Third_Party/AL94_USB_Composite/COMPOSITE/App/usbd_cdc_acm_if.c ****     return USBD_BUSY;
 260              		.loc 1 470 12 view .LVU72
 261 0014 0120     		movs	r0, #1
 262              	.LVL18:
 263              	.L14:
 471:Middlewares/Third_Party/AL94_USB_Composite/COMPOSITE/App/usbd_cdc_acm_if.c ****   }
 472:Middlewares/Third_Party/AL94_USB_Composite/COMPOSITE/App/usbd_cdc_acm_if.c ****   USBD_CDC_SetTxBuffer(ch, &hUsbDevice, Buf, Len);
 473:Middlewares/Third_Party/AL94_USB_Composite/COMPOSITE/App/usbd_cdc_acm_if.c ****   result = USBD_CDC_TransmitPacket(ch, &hUsbDevice);
 474:Middlewares/Third_Party/AL94_USB_Composite/COMPOSITE/App/usbd_cdc_acm_if.c ****   /* USER CODE END 7 */
 475:Middlewares/Third_Party/AL94_USB_Composite/COMPOSITE/App/usbd_cdc_acm_if.c ****   return result;
 476:Middlewares/Third_Party/AL94_USB_Composite/COMPOSITE/App/usbd_cdc_acm_if.c **** }
 264              		.loc 1 476 1 view .LVU73
 265 0016 38BD     		pop	{r3, r4, r5, pc}
 266              	.LVL19:
 267              	.L17:
 472:Middlewares/Third_Party/AL94_USB_Composite/COMPOSITE/App/usbd_cdc_acm_if.c ****   result = USBD_CDC_TransmitPacket(ch, &hUsbDevice);
 268              		.loc 1 472 3 is_stmt 1 view .LVU74
 269 0018 064D     		ldr	r5, .L18+4
 270 001a 1346     		mov	r3, r2
 271 001c 0A46     		mov	r2, r1
 272              	.LVL20:
 472:Middlewares/Third_Party/AL94_USB_Composite/COMPOSITE/App/usbd_cdc_acm_if.c ****   result = USBD_CDC_TransmitPacket(ch, &hUsbDevice);
 273              		.loc 1 472 3 is_stmt 0 view .LVU75
 274 001e 2946     		mov	r1, r5
 275              	.LVL21:
 472:Middlewares/Third_Party/AL94_USB_Composite/COMPOSITE/App/usbd_cdc_acm_if.c ****   result = USBD_CDC_TransmitPacket(ch, &hUsbDevice);
 276              		.loc 1 472 3 view .LVU76
 277 0020 2046     		mov	r0, r4
 278              	.LVL22:
 472:Middlewares/Third_Party/AL94_USB_Composite/COMPOSITE/App/usbd_cdc_acm_if.c ****   result = USBD_CDC_TransmitPacket(ch, &hUsbDevice);
 279              		.loc 1 472 3 view .LVU77
 280 0022 FFF7FEFF 		bl	USBD_CDC_SetTxBuffer
 281              	.LVL23:
 473:Middlewares/Third_Party/AL94_USB_Composite/COMPOSITE/App/usbd_cdc_acm_if.c ****   /* USER CODE END 7 */
 282              		.loc 1 473 3 is_stmt 1 view .LVU78
 473:Middlewares/Third_Party/AL94_USB_Composite/COMPOSITE/App/usbd_cdc_acm_if.c ****   /* USER CODE END 7 */
 283              		.loc 1 473 12 is_stmt 0 view .LVU79
 284 0026 2946     		mov	r1, r5
 285 0028 2046     		mov	r0, r4
 286 002a FFF7FEFF 		bl	USBD_CDC_TransmitPacket
 287              	.LVL24:
 475:Middlewares/Third_Party/AL94_USB_Composite/COMPOSITE/App/usbd_cdc_acm_if.c **** }
 288              		.loc 1 475 3 is_stmt 1 view .LVU80
 475:Middlewares/Third_Party/AL94_USB_Composite/COMPOSITE/App/usbd_cdc_acm_if.c **** }
 289              		.loc 1 475 10 is_stmt 0 view .LVU81
 290 002e F2E7     		b	.L14
 291              	.L19:
 292              		.align	2
 293              	.L18:
 294 0030 00000000 		.word	CDC_ACM_Class_Data
 295 0034 00000000 		.word	hUsbDevice
 296              		.cfi_endproc
 297              	.LFE1421:
 299              		.section	.text.CDC_Receive,"ax",%progbits
 300              		.align	1
 301              		.syntax unified
 302              		.thumb
ARM GAS  C:\Users\Nathan\AppData\Local\Temp\ccQcKdKe.s 			page 15


 303              		.thumb_func
 305              	CDC_Receive:
 306              	.LVL25:
 307              	.LFB1419:
 422:Middlewares/Third_Party/AL94_USB_Composite/COMPOSITE/App/usbd_cdc_acm_if.c ****   /* USER CODE BEGIN 6 */
 308              		.loc 1 422 1 is_stmt 1 view -0
 309              		.cfi_startproc
 310              		@ args = 0, pretend = 0, frame = 0
 311              		@ frame_needed = 0, uses_anonymous_args = 0
 422:Middlewares/Third_Party/AL94_USB_Composite/COMPOSITE/App/usbd_cdc_acm_if.c ****   /* USER CODE BEGIN 6 */
 312              		.loc 1 422 1 is_stmt 0 view .LVU83
 313 0000 70B5     		push	{r4, r5, r6, lr}
 314              		.cfi_def_cfa_offset 16
 315              		.cfi_offset 4, -16
 316              		.cfi_offset 5, -12
 317              		.cfi_offset 6, -8
 318              		.cfi_offset 14, -4
 319 0002 0446     		mov	r4, r0
 320 0004 0D46     		mov	r5, r1
 425:Middlewares/Third_Party/AL94_USB_Composite/COMPOSITE/App/usbd_cdc_acm_if.c **** 
 321              		.loc 1 425 3 is_stmt 1 view .LVU84
 322 0006 1288     		ldrh	r2, [r2]
 323              	.LVL26:
 425:Middlewares/Third_Party/AL94_USB_Composite/COMPOSITE/App/usbd_cdc_acm_if.c **** 
 324              		.loc 1 425 3 is_stmt 0 view .LVU85
 325 0008 FFF7FEFF 		bl	CDC_Transmit
 326              	.LVL27:
 427:Middlewares/Third_Party/AL94_USB_Composite/COMPOSITE/App/usbd_cdc_acm_if.c ****   USBD_CDC_ReceivePacket(cdc_ch, &hUsbDevice);
 327              		.loc 1 427 3 is_stmt 1 view .LVU86
 328 000c 054E     		ldr	r6, .L22
 329 000e 2A46     		mov	r2, r5
 330 0010 3146     		mov	r1, r6
 331 0012 2046     		mov	r0, r4
 332 0014 FFF7FEFF 		bl	USBD_CDC_SetRxBuffer
 333              	.LVL28:
 428:Middlewares/Third_Party/AL94_USB_Composite/COMPOSITE/App/usbd_cdc_acm_if.c ****   return (USBD_OK);
 334              		.loc 1 428 3 view .LVU87
 335 0018 3146     		mov	r1, r6
 336 001a 2046     		mov	r0, r4
 337 001c FFF7FEFF 		bl	USBD_CDC_ReceivePacket
 338              	.LVL29:
 429:Middlewares/Third_Party/AL94_USB_Composite/COMPOSITE/App/usbd_cdc_acm_if.c ****   /* USER CODE END 6 */
 339              		.loc 1 429 3 view .LVU88
 431:Middlewares/Third_Party/AL94_USB_Composite/COMPOSITE/App/usbd_cdc_acm_if.c **** 
 340              		.loc 1 431 1 is_stmt 0 view .LVU89
 341 0020 0020     		movs	r0, #0
 342 0022 70BD     		pop	{r4, r5, r6, pc}
 343              	.LVL30:
 344              	.L23:
 431:Middlewares/Third_Party/AL94_USB_Composite/COMPOSITE/App/usbd_cdc_acm_if.c **** 
 345              		.loc 1 431 1 view .LVU90
 346              		.align	2
 347              	.L22:
 348 0024 00000000 		.word	hUsbDevice
 349              		.cfi_endproc
 350              	.LFE1419:
 352              		.global	USBD_CDC_ACM_fops
ARM GAS  C:\Users\Nathan\AppData\Local\Temp\ccQcKdKe.s 			page 16


 353              		.section	.data.USBD_CDC_ACM_fops,"aw"
 354              		.align	2
 357              	USBD_CDC_ACM_fops:
 358 0000 00000000 		.word	CDC_Init
 359 0004 00000000 		.word	CDC_DeInit
 360 0008 00000000 		.word	CDC_Control
 361 000c 00000000 		.word	CDC_Receive
 362 0010 00000000 		.word	CDC_TransmitCplt
 363              		.global	Read_Index
 364              		.section	.bss.Read_Index,"aw",%nobits
 365              		.align	2
 368              	Read_Index:
 369 0000 00000000 		.space	4
 370              		.global	Write_Index
 371              		.section	.bss.Write_Index,"aw",%nobits
 372              		.align	2
 375              	Write_Index:
 376 0000 00000000 		.space	4
 377              		.global	Line_Coding
 378              		.section	.bss.Line_Coding,"aw",%nobits
 379              		.align	2
 382              	Line_Coding:
 383 0000 00000000 		.space	8
 383      00000000 
 384              		.global	TX_Buffer
 385              		.section	.bss.TX_Buffer,"aw",%nobits
 386              		.align	2
 389              	TX_Buffer:
 390 0000 00000000 		.space	128
 390      00000000 
 390      00000000 
 390      00000000 
 390      00000000 
 391              		.global	RX_Buffer
 392              		.section	.bss.RX_Buffer,"aw",%nobits
 393              		.align	2
 396              	RX_Buffer:
 397 0000 00000000 		.space	128
 397      00000000 
 397      00000000 
 397      00000000 
 397      00000000 
 398              		.text
 399              	.Letext0:
 400              		.file 2 "C:/PROGRAM FILES (X86)/ARM GNU TOOLCHAIN ARM-NONE-EABI/13.3 REL1/arm-none-eabi/include/ma
 401              		.file 3 "C:/PROGRAM FILES (X86)/ARM GNU TOOLCHAIN ARM-NONE-EABI/13.3 REL1/arm-none-eabi/include/sy
 402              		.file 4 "Middlewares/Third_Party/AL94_USB_Composite/COMPOSITE/Core/Inc/usbd_def.h"
 403              		.file 5 "Core/Inc/app_conf.h"
 404              		.file 6 "Middlewares/Third_Party/AL94_USB_Composite/COMPOSITE/Class/CDC_ACM/Inc/usbd_cdc_acm.h"
 405              		.file 7 "Middlewares/Third_Party/AL94_USB_Composite/COMPOSITE/App/usbd_cdc_acm_if.h"
ARM GAS  C:\Users\Nathan\AppData\Local\Temp\ccQcKdKe.s 			page 17


DEFINED SYMBOLS
                            *ABS*:00000000 usbd_cdc_acm_if.c
C:\Users\Nathan\AppData\Local\Temp\ccQcKdKe.s:21     .text.CDC_DeInit:00000000 $t
C:\Users\Nathan\AppData\Local\Temp\ccQcKdKe.s:26     .text.CDC_DeInit:00000000 CDC_DeInit
C:\Users\Nathan\AppData\Local\Temp\ccQcKdKe.s:44     .text.CDC_Control:00000000 $t
C:\Users\Nathan\AppData\Local\Temp\ccQcKdKe.s:49     .text.CDC_Control:00000000 CDC_Control
C:\Users\Nathan\AppData\Local\Temp\ccQcKdKe.s:158    .text.CDC_Control:0000006c $d
C:\Users\Nathan\AppData\Local\Temp\ccQcKdKe.s:382    .bss.Line_Coding:00000000 Line_Coding
C:\Users\Nathan\AppData\Local\Temp\ccQcKdKe.s:163    .text.CDC_TransmitCplt:00000000 $t
C:\Users\Nathan\AppData\Local\Temp\ccQcKdKe.s:168    .text.CDC_TransmitCplt:00000000 CDC_TransmitCplt
C:\Users\Nathan\AppData\Local\Temp\ccQcKdKe.s:186    .text.CDC_Init:00000000 $t
C:\Users\Nathan\AppData\Local\Temp\ccQcKdKe.s:191    .text.CDC_Init:00000000 CDC_Init
C:\Users\Nathan\AppData\Local\Temp\ccQcKdKe.s:216    .text.CDC_Init:00000014 $d
C:\Users\Nathan\AppData\Local\Temp\ccQcKdKe.s:396    .bss.RX_Buffer:00000000 RX_Buffer
C:\Users\Nathan\AppData\Local\Temp\ccQcKdKe.s:222    .text.CDC_Transmit:00000000 $t
C:\Users\Nathan\AppData\Local\Temp\ccQcKdKe.s:228    .text.CDC_Transmit:00000000 CDC_Transmit
C:\Users\Nathan\AppData\Local\Temp\ccQcKdKe.s:294    .text.CDC_Transmit:00000030 $d
C:\Users\Nathan\AppData\Local\Temp\ccQcKdKe.s:300    .text.CDC_Receive:00000000 $t
C:\Users\Nathan\AppData\Local\Temp\ccQcKdKe.s:305    .text.CDC_Receive:00000000 CDC_Receive
C:\Users\Nathan\AppData\Local\Temp\ccQcKdKe.s:348    .text.CDC_Receive:00000024 $d
C:\Users\Nathan\AppData\Local\Temp\ccQcKdKe.s:357    .data.USBD_CDC_ACM_fops:00000000 USBD_CDC_ACM_fops
C:\Users\Nathan\AppData\Local\Temp\ccQcKdKe.s:354    .data.USBD_CDC_ACM_fops:00000000 $d
C:\Users\Nathan\AppData\Local\Temp\ccQcKdKe.s:368    .bss.Read_Index:00000000 Read_Index
C:\Users\Nathan\AppData\Local\Temp\ccQcKdKe.s:365    .bss.Read_Index:00000000 $d
C:\Users\Nathan\AppData\Local\Temp\ccQcKdKe.s:375    .bss.Write_Index:00000000 Write_Index
C:\Users\Nathan\AppData\Local\Temp\ccQcKdKe.s:372    .bss.Write_Index:00000000 $d
C:\Users\Nathan\AppData\Local\Temp\ccQcKdKe.s:379    .bss.Line_Coding:00000000 $d
C:\Users\Nathan\AppData\Local\Temp\ccQcKdKe.s:389    .bss.TX_Buffer:00000000 TX_Buffer
C:\Users\Nathan\AppData\Local\Temp\ccQcKdKe.s:386    .bss.TX_Buffer:00000000 $d
C:\Users\Nathan\AppData\Local\Temp\ccQcKdKe.s:393    .bss.RX_Buffer:00000000 $d

UNDEFINED SYMBOLS
USBD_CDC_SetRxBuffer
hUsbDevice
USBD_CDC_SetTxBuffer
USBD_CDC_TransmitPacket
CDC_ACM_Class_Data
USBD_CDC_ReceivePacket
