ARM GAS  C:\Users\Nathan\AppData\Local\Temp\cca3T0CM.s 			page 1


   1              		.cpu cortex-m4
   2              		.arch armv7e-m
   3              		.fpu fpv4-sp-d16
   4              		.eabi_attribute 27, 1
   5              		.eabi_attribute 28, 1
   6              		.eabi_attribute 20, 1
   7              		.eabi_attribute 21, 1
   8              		.eabi_attribute 23, 3
   9              		.eabi_attribute 24, 1
  10              		.eabi_attribute 25, 1
  11              		.eabi_attribute 26, 1
  12              		.eabi_attribute 30, 1
  13              		.eabi_attribute 34, 1
  14              		.eabi_attribute 18, 4
  15              		.file	"ble_l2cap_aci.c"
  16              		.text
  17              		.section	.text.aci_l2cap_connection_parameter_update_req,"ax",%progbits
  18              		.align	1
  19              		.global	aci_l2cap_connection_parameter_update_req
  20              		.syntax unified
  21              		.thumb
  22              		.thumb_func
  24              	aci_l2cap_connection_parameter_update_req:
  25              		@ args = 4, pretend = 0, frame = 288
  26              		@ frame_needed = 0, uses_anonymous_args = 0
  27 0000 70B5     		push	{r4, r5, r6, lr}
  28 0002 C8B0     		sub	sp, sp, #288
  29 0004 0DF10706 		add	r6, sp, #7
  30 0008 0025     		movs	r5, #0
  31 000a 8DF80750 		strb	r5, [sp, #7]
  32 000e 02AC     		add	r4, sp, #8
  33 0010 ADF80800 		strh	r0, [sp, #8]	@ movhi
  34 0014 ADF80A10 		strh	r1, [sp, #10]	@ movhi
  35 0018 ADF80C20 		strh	r2, [sp, #12]	@ movhi
  36 001c ADF80E30 		strh	r3, [sp, #14]	@ movhi
  37 0020 BDF83031 		ldrh	r3, [sp, #304]
  38 0024 ADF81030 		strh	r3, [sp, #16]	@ movhi
  39 0028 1822     		movs	r2, #24
  40 002a 2946     		mov	r1, r5
  41 002c 42A8     		add	r0, sp, #264
  42 002e FFF7FEFF 		bl	Osal_MemSet
  43 0032 3F23     		movs	r3, #63
  44 0034 ADF80831 		strh	r3, [sp, #264]	@ movhi
  45 0038 40F28113 		movw	r3, #385
  46 003c ADF80A31 		strh	r3, [sp, #266]	@ movhi
  47 0040 0F23     		movs	r3, #15
  48 0042 4393     		str	r3, [sp, #268]
  49 0044 4494     		str	r4, [sp, #272]
  50 0046 0A23     		movs	r3, #10
  51 0048 4593     		str	r3, [sp, #276]
  52 004a 4696     		str	r6, [sp, #280]
  53 004c 0123     		movs	r3, #1
  54 004e 4793     		str	r3, [sp, #284]
  55 0050 2946     		mov	r1, r5
  56 0052 42A8     		add	r0, sp, #264
  57 0054 FFF7FEFF 		bl	hci_send_req
  58 0058 A842     		cmp	r0, r5
ARM GAS  C:\Users\Nathan\AppData\Local\Temp\cca3T0CM.s 			page 2


  59 005a 03DB     		blt	.L3
  60 005c 9DF80700 		ldrb	r0, [sp, #7]	@ zero_extendqisi2
  61              	.L2:
  62 0060 48B0     		add	sp, sp, #288
  63              		@ sp needed
  64 0062 70BD     		pop	{r4, r5, r6, pc}
  65              	.L3:
  66 0064 FF20     		movs	r0, #255
  67 0066 FBE7     		b	.L2
  69              		.section	.text.aci_l2cap_connection_parameter_update_resp,"ax",%progbits
  70              		.align	1
  71              		.global	aci_l2cap_connection_parameter_update_resp
  72              		.syntax unified
  73              		.thumb
  74              		.thumb_func
  76              	aci_l2cap_connection_parameter_update_resp:
  77              		@ args = 20, pretend = 0, frame = 288
  78              		@ frame_needed = 0, uses_anonymous_args = 0
  79 0000 70B5     		push	{r4, r5, r6, lr}
  80 0002 C8B0     		sub	sp, sp, #288
  81 0004 0DF10706 		add	r6, sp, #7
  82 0008 0025     		movs	r5, #0
  83 000a 8DF80750 		strb	r5, [sp, #7]
  84 000e 02AC     		add	r4, sp, #8
  85 0010 ADF80800 		strh	r0, [sp, #8]	@ movhi
  86 0014 ADF80A10 		strh	r1, [sp, #10]	@ movhi
  87 0018 ADF80C20 		strh	r2, [sp, #12]	@ movhi
  88 001c ADF80E30 		strh	r3, [sp, #14]	@ movhi
  89 0020 BDF83031 		ldrh	r3, [sp, #304]
  90 0024 ADF81030 		strh	r3, [sp, #16]	@ movhi
  91 0028 BDF83431 		ldrh	r3, [sp, #308]
  92 002c ADF81230 		strh	r3, [sp, #18]	@ movhi
  93 0030 BDF83831 		ldrh	r3, [sp, #312]
  94 0034 ADF81430 		strh	r3, [sp, #20]	@ movhi
  95 0038 9DF83C31 		ldrb	r3, [sp, #316]	@ zero_extendqisi2
  96 003c 8DF81630 		strb	r3, [sp, #22]
  97 0040 9DF84031 		ldrb	r3, [sp, #320]	@ zero_extendqisi2
  98 0044 8DF81730 		strb	r3, [sp, #23]
  99 0048 1822     		movs	r2, #24
 100 004a 2946     		mov	r1, r5
 101 004c 42A8     		add	r0, sp, #264
 102 004e FFF7FEFF 		bl	Osal_MemSet
 103 0052 3F23     		movs	r3, #63
 104 0054 ADF80831 		strh	r3, [sp, #264]	@ movhi
 105 0058 4FF4C173 		mov	r3, #386
 106 005c ADF80A31 		strh	r3, [sp, #266]	@ movhi
 107 0060 4494     		str	r4, [sp, #272]
 108 0062 1023     		movs	r3, #16
 109 0064 4593     		str	r3, [sp, #276]
 110 0066 4696     		str	r6, [sp, #280]
 111 0068 0123     		movs	r3, #1
 112 006a 4793     		str	r3, [sp, #284]
 113 006c 2946     		mov	r1, r5
 114 006e 42A8     		add	r0, sp, #264
 115 0070 FFF7FEFF 		bl	hci_send_req
 116 0074 A842     		cmp	r0, r5
 117 0076 03DB     		blt	.L7
ARM GAS  C:\Users\Nathan\AppData\Local\Temp\cca3T0CM.s 			page 3


 118 0078 9DF80700 		ldrb	r0, [sp, #7]	@ zero_extendqisi2
 119              	.L6:
 120 007c 48B0     		add	sp, sp, #288
 121              		@ sp needed
 122 007e 70BD     		pop	{r4, r5, r6, pc}
 123              	.L7:
 124 0080 FF20     		movs	r0, #255
 125 0082 FBE7     		b	.L6
 127              		.section	.text.aci_l2cap_coc_connect,"ax",%progbits
 128              		.align	1
 129              		.global	aci_l2cap_coc_connect
 130              		.syntax unified
 131              		.thumb
 132              		.thumb_func
 134              	aci_l2cap_coc_connect:
 135              		@ args = 8, pretend = 0, frame = 288
 136              		@ frame_needed = 0, uses_anonymous_args = 0
 137 0000 70B5     		push	{r4, r5, r6, lr}
 138 0002 C8B0     		sub	sp, sp, #288
 139 0004 0DF10706 		add	r6, sp, #7
 140 0008 0025     		movs	r5, #0
 141 000a 8DF80750 		strb	r5, [sp, #7]
 142 000e 02AC     		add	r4, sp, #8
 143 0010 ADF80800 		strh	r0, [sp, #8]	@ movhi
 144 0014 ADF80A10 		strh	r1, [sp, #10]	@ movhi
 145 0018 ADF80C20 		strh	r2, [sp, #12]	@ movhi
 146 001c ADF80E30 		strh	r3, [sp, #14]	@ movhi
 147 0020 BDF83031 		ldrh	r3, [sp, #304]
 148 0024 ADF81030 		strh	r3, [sp, #16]	@ movhi
 149 0028 9DF83431 		ldrb	r3, [sp, #308]	@ zero_extendqisi2
 150 002c 8DF81230 		strb	r3, [sp, #18]
 151 0030 1822     		movs	r2, #24
 152 0032 2946     		mov	r1, r5
 153 0034 42A8     		add	r0, sp, #264
 154 0036 FFF7FEFF 		bl	Osal_MemSet
 155 003a 3F23     		movs	r3, #63
 156 003c ADF80831 		strh	r3, [sp, #264]	@ movhi
 157 0040 4FF4C473 		mov	r3, #392
 158 0044 ADF80A31 		strh	r3, [sp, #266]	@ movhi
 159 0048 4494     		str	r4, [sp, #272]
 160 004a 0B23     		movs	r3, #11
 161 004c 4593     		str	r3, [sp, #276]
 162 004e 4696     		str	r6, [sp, #280]
 163 0050 0123     		movs	r3, #1
 164 0052 4793     		str	r3, [sp, #284]
 165 0054 2946     		mov	r1, r5
 166 0056 42A8     		add	r0, sp, #264
 167 0058 FFF7FEFF 		bl	hci_send_req
 168 005c A842     		cmp	r0, r5
 169 005e 03DB     		blt	.L11
 170 0060 9DF80700 		ldrb	r0, [sp, #7]	@ zero_extendqisi2
 171              	.L10:
 172 0064 48B0     		add	sp, sp, #288
 173              		@ sp needed
 174 0066 70BD     		pop	{r4, r5, r6, pc}
 175              	.L11:
 176 0068 FF20     		movs	r0, #255
ARM GAS  C:\Users\Nathan\AppData\Local\Temp\cca3T0CM.s 			page 4


 177 006a FBE7     		b	.L10
 179              		.section	.text.aci_l2cap_coc_connect_confirm,"ax",%progbits
 180              		.align	1
 181              		.global	aci_l2cap_coc_connect_confirm
 182              		.syntax unified
 183              		.thumb
 184              		.thumb_func
 186              	aci_l2cap_coc_connect_confirm:
 187              		@ args = 12, pretend = 0, frame = 536
 188              		@ frame_needed = 0, uses_anonymous_args = 0
 189 0000 2DE9F043 		push	{r4, r5, r6, r7, r8, r9, lr}
 190 0004 ADF5077D 		sub	sp, sp, #540
 191 0008 8046     		mov	r8, r0
 192 000a 0F46     		mov	r7, r1
 193 000c 1646     		mov	r6, r2
 194 000e 1D46     		mov	r5, r3
 195 0010 0DF10409 		add	r9, sp, #4
 196 0014 FC22     		movs	r2, #252
 197 0016 0021     		movs	r1, #0
 198 0018 4846     		mov	r0, r9
 199 001a FFF7FEFF 		bl	Osal_MemSet
 200 001e 40AC     		add	r4, sp, #256
 201 0020 ADF80081 		strh	r8, [sp, #256]	@ movhi
 202 0024 ADF80271 		strh	r7, [sp, #258]	@ movhi
 203 0028 ADF80461 		strh	r6, [sp, #260]	@ movhi
 204 002c ADF80651 		strh	r5, [sp, #262]	@ movhi
 205 0030 BDF83832 		ldrh	r3, [sp, #568]
 206 0034 ADF80831 		strh	r3, [sp, #264]	@ movhi
 207 0038 1822     		movs	r2, #24
 208 003a 0021     		movs	r1, #0
 209 003c 80A8     		add	r0, sp, #512
 210 003e FFF7FEFF 		bl	Osal_MemSet
 211 0042 3F23     		movs	r3, #63
 212 0044 ADF80032 		strh	r3, [sp, #512]	@ movhi
 213 0048 40F28913 		movw	r3, #393
 214 004c ADF80232 		strh	r3, [sp, #514]	@ movhi
 215 0050 8294     		str	r4, [sp, #520]
 216 0052 0A23     		movs	r3, #10
 217 0054 8393     		str	r3, [sp, #524]
 218 0056 CDF81092 		str	r9, [sp, #528]
 219 005a FC23     		movs	r3, #252
 220 005c 8593     		str	r3, [sp, #532]
 221 005e 0021     		movs	r1, #0
 222 0060 80A8     		add	r0, sp, #512
 223 0062 FFF7FEFF 		bl	hci_send_req
 224 0066 0028     		cmp	r0, #0
 225 0068 11DB     		blt	.L15
 226 006a 9DF80440 		ldrb	r4, [sp, #4]	@ zero_extendqisi2
 227 006e 24B1     		cbz	r4, .L17
 228              	.L14:
 229 0070 2046     		mov	r0, r4
 230 0072 0DF5077D 		add	sp, sp, #540
 231              		@ sp needed
 232 0076 BDE8F083 		pop	{r4, r5, r6, r7, r8, r9, pc}
 233              	.L17:
 234 007a 9DF80520 		ldrb	r2, [sp, #5]	@ zero_extendqisi2
 235 007e 8F9B     		ldr	r3, [sp, #572]
ARM GAS  C:\Users\Nathan\AppData\Local\Temp\cca3T0CM.s 			page 5


 236 0080 1A70     		strb	r2, [r3]
 237 0082 0DF10601 		add	r1, sp, #6
 238 0086 9098     		ldr	r0, [sp, #576]
 239 0088 FFF7FEFF 		bl	Osal_MemCpy
 240 008c F0E7     		b	.L14
 241              	.L15:
 242 008e FF24     		movs	r4, #255
 243 0090 EEE7     		b	.L14
 245              		.section	.text.aci_l2cap_coc_reconf,"ax",%progbits
 246              		.align	1
 247              		.global	aci_l2cap_coc_reconf
 248              		.syntax unified
 249              		.thumb
 250              		.thumb_func
 252              	aci_l2cap_coc_reconf:
 253              		@ args = 4, pretend = 0, frame = 288
 254              		@ frame_needed = 0, uses_anonymous_args = 0
 255 0000 F0B5     		push	{r4, r5, r6, r7, lr}
 256 0002 C9B0     		sub	sp, sp, #292
 257 0004 1C46     		mov	r4, r3
 258 0006 0DF10707 		add	r7, sp, #7
 259 000a 0026     		movs	r6, #0
 260 000c 8DF80760 		strb	r6, [sp, #7]
 261 0010 02AD     		add	r5, sp, #8
 262 0012 ADF80800 		strh	r0, [sp, #8]	@ movhi
 263 0016 ADF80A10 		strh	r1, [sp, #10]	@ movhi
 264 001a ADF80C20 		strh	r2, [sp, #12]	@ movhi
 265 001e 8DF80E30 		strb	r3, [sp, #14]
 266 0022 1A46     		mov	r2, r3
 267 0024 4E99     		ldr	r1, [sp, #312]
 268 0026 0DF10F00 		add	r0, sp, #15
 269 002a FFF7FEFF 		bl	Osal_MemCpy
 270 002e 0734     		adds	r4, r4, #7
 271 0030 1822     		movs	r2, #24
 272 0032 3146     		mov	r1, r6
 273 0034 42A8     		add	r0, sp, #264
 274 0036 FFF7FEFF 		bl	Osal_MemSet
 275 003a 3F23     		movs	r3, #63
 276 003c ADF80831 		strh	r3, [sp, #264]	@ movhi
 277 0040 4FF4C573 		mov	r3, #394
 278 0044 ADF80A31 		strh	r3, [sp, #266]	@ movhi
 279 0048 4495     		str	r5, [sp, #272]
 280 004a 4594     		str	r4, [sp, #276]
 281 004c 4697     		str	r7, [sp, #280]
 282 004e 0123     		movs	r3, #1
 283 0050 4793     		str	r3, [sp, #284]
 284 0052 3146     		mov	r1, r6
 285 0054 42A8     		add	r0, sp, #264
 286 0056 FFF7FEFF 		bl	hci_send_req
 287 005a B042     		cmp	r0, r6
 288 005c 03DB     		blt	.L20
 289 005e 9DF80700 		ldrb	r0, [sp, #7]	@ zero_extendqisi2
 290              	.L19:
 291 0062 49B0     		add	sp, sp, #292
 292              		@ sp needed
 293 0064 F0BD     		pop	{r4, r5, r6, r7, pc}
 294              	.L20:
ARM GAS  C:\Users\Nathan\AppData\Local\Temp\cca3T0CM.s 			page 6


 295 0066 FF20     		movs	r0, #255
 296 0068 FBE7     		b	.L19
 298              		.section	.text.aci_l2cap_coc_reconf_confirm,"ax",%progbits
 299              		.align	1
 300              		.global	aci_l2cap_coc_reconf_confirm
 301              		.syntax unified
 302              		.thumb
 303              		.thumb_func
 305              	aci_l2cap_coc_reconf_confirm:
 306              		@ args = 0, pretend = 0, frame = 288
 307              		@ frame_needed = 0, uses_anonymous_args = 0
 308 0000 70B5     		push	{r4, r5, r6, lr}
 309 0002 C8B0     		sub	sp, sp, #288
 310 0004 0DF10706 		add	r6, sp, #7
 311 0008 0024     		movs	r4, #0
 312 000a 8DF80740 		strb	r4, [sp, #7]
 313 000e 02AD     		add	r5, sp, #8
 314 0010 ADF80800 		strh	r0, [sp, #8]	@ movhi
 315 0014 ADF80A10 		strh	r1, [sp, #10]	@ movhi
 316 0018 1822     		movs	r2, #24
 317 001a 2146     		mov	r1, r4
 318 001c 42A8     		add	r0, sp, #264
 319 001e FFF7FEFF 		bl	Osal_MemSet
 320 0022 3F23     		movs	r3, #63
 321 0024 ADF80831 		strh	r3, [sp, #264]	@ movhi
 322 0028 40F28B13 		movw	r3, #395
 323 002c ADF80A31 		strh	r3, [sp, #266]	@ movhi
 324 0030 4495     		str	r5, [sp, #272]
 325 0032 0423     		movs	r3, #4
 326 0034 4593     		str	r3, [sp, #276]
 327 0036 4696     		str	r6, [sp, #280]
 328 0038 0123     		movs	r3, #1
 329 003a 4793     		str	r3, [sp, #284]
 330 003c 2146     		mov	r1, r4
 331 003e 42A8     		add	r0, sp, #264
 332 0040 FFF7FEFF 		bl	hci_send_req
 333 0044 A042     		cmp	r0, r4
 334 0046 03DB     		blt	.L24
 335 0048 9DF80700 		ldrb	r0, [sp, #7]	@ zero_extendqisi2
 336              	.L23:
 337 004c 48B0     		add	sp, sp, #288
 338              		@ sp needed
 339 004e 70BD     		pop	{r4, r5, r6, pc}
 340              	.L24:
 341 0050 FF20     		movs	r0, #255
 342 0052 FBE7     		b	.L23
 344              		.section	.text.aci_l2cap_coc_disconnect,"ax",%progbits
 345              		.align	1
 346              		.global	aci_l2cap_coc_disconnect
 347              		.syntax unified
 348              		.thumb
 349              		.thumb_func
 351              	aci_l2cap_coc_disconnect:
 352              		@ args = 0, pretend = 0, frame = 288
 353              		@ frame_needed = 0, uses_anonymous_args = 0
 354 0000 70B5     		push	{r4, r5, r6, lr}
 355 0002 C8B0     		sub	sp, sp, #288
ARM GAS  C:\Users\Nathan\AppData\Local\Temp\cca3T0CM.s 			page 7


 356 0004 0DF10705 		add	r5, sp, #7
 357 0008 0024     		movs	r4, #0
 358 000a 8DF80740 		strb	r4, [sp, #7]
 359 000e 02AE     		add	r6, sp, #8
 360 0010 8DF80800 		strb	r0, [sp, #8]
 361 0014 1822     		movs	r2, #24
 362 0016 2146     		mov	r1, r4
 363 0018 42A8     		add	r0, sp, #264
 364 001a FFF7FEFF 		bl	Osal_MemSet
 365 001e 3F23     		movs	r3, #63
 366 0020 ADF80831 		strh	r3, [sp, #264]	@ movhi
 367 0024 4FF4C673 		mov	r3, #396
 368 0028 ADF80A31 		strh	r3, [sp, #266]	@ movhi
 369 002c 4496     		str	r6, [sp, #272]
 370 002e 0123     		movs	r3, #1
 371 0030 4593     		str	r3, [sp, #276]
 372 0032 4695     		str	r5, [sp, #280]
 373 0034 4793     		str	r3, [sp, #284]
 374 0036 2146     		mov	r1, r4
 375 0038 42A8     		add	r0, sp, #264
 376 003a FFF7FEFF 		bl	hci_send_req
 377 003e A042     		cmp	r0, r4
 378 0040 03DB     		blt	.L28
 379 0042 9DF80700 		ldrb	r0, [sp, #7]	@ zero_extendqisi2
 380              	.L27:
 381 0046 48B0     		add	sp, sp, #288
 382              		@ sp needed
 383 0048 70BD     		pop	{r4, r5, r6, pc}
 384              	.L28:
 385 004a FF20     		movs	r0, #255
 386 004c FBE7     		b	.L27
 388              		.section	.text.aci_l2cap_coc_flow_control,"ax",%progbits
 389              		.align	1
 390              		.global	aci_l2cap_coc_flow_control
 391              		.syntax unified
 392              		.thumb
 393              		.thumb_func
 395              	aci_l2cap_coc_flow_control:
 396              		@ args = 0, pretend = 0, frame = 288
 397              		@ frame_needed = 0, uses_anonymous_args = 0
 398 0000 70B5     		push	{r4, r5, r6, lr}
 399 0002 C8B0     		sub	sp, sp, #288
 400 0004 0DF10706 		add	r6, sp, #7
 401 0008 0024     		movs	r4, #0
 402 000a 8DF80740 		strb	r4, [sp, #7]
 403 000e 02AD     		add	r5, sp, #8
 404 0010 8DF80800 		strb	r0, [sp, #8]
 405 0014 ADF80910 		strh	r1, [sp, #9]	@ unaligned
 406 0018 1822     		movs	r2, #24
 407 001a 2146     		mov	r1, r4
 408 001c 42A8     		add	r0, sp, #264
 409 001e FFF7FEFF 		bl	Osal_MemSet
 410 0022 3F23     		movs	r3, #63
 411 0024 ADF80831 		strh	r3, [sp, #264]	@ movhi
 412 0028 40F28D13 		movw	r3, #397
 413 002c ADF80A31 		strh	r3, [sp, #266]	@ movhi
 414 0030 4495     		str	r5, [sp, #272]
ARM GAS  C:\Users\Nathan\AppData\Local\Temp\cca3T0CM.s 			page 8


 415 0032 0323     		movs	r3, #3
 416 0034 4593     		str	r3, [sp, #276]
 417 0036 4696     		str	r6, [sp, #280]
 418 0038 0123     		movs	r3, #1
 419 003a 4793     		str	r3, [sp, #284]
 420 003c 2146     		mov	r1, r4
 421 003e 42A8     		add	r0, sp, #264
 422 0040 FFF7FEFF 		bl	hci_send_req
 423 0044 A042     		cmp	r0, r4
 424 0046 03DB     		blt	.L32
 425 0048 9DF80700 		ldrb	r0, [sp, #7]	@ zero_extendqisi2
 426              	.L31:
 427 004c 48B0     		add	sp, sp, #288
 428              		@ sp needed
 429 004e 70BD     		pop	{r4, r5, r6, pc}
 430              	.L32:
 431 0050 FF20     		movs	r0, #255
 432 0052 FBE7     		b	.L31
 434              		.section	.text.aci_l2cap_coc_tx_data,"ax",%progbits
 435              		.align	1
 436              		.global	aci_l2cap_coc_tx_data
 437              		.syntax unified
 438              		.thumb
 439              		.thumb_func
 441              	aci_l2cap_coc_tx_data:
 442              		@ args = 0, pretend = 0, frame = 288
 443              		@ frame_needed = 0, uses_anonymous_args = 0
 444 0000 F0B5     		push	{r4, r5, r6, r7, lr}
 445 0002 C9B0     		sub	sp, sp, #292
 446 0004 0C46     		mov	r4, r1
 447 0006 1146     		mov	r1, r2
 448 0008 0DF10707 		add	r7, sp, #7
 449 000c 0025     		movs	r5, #0
 450 000e 8DF80750 		strb	r5, [sp, #7]
 451 0012 02AE     		add	r6, sp, #8
 452 0014 8DF80800 		strb	r0, [sp, #8]
 453 0018 ADF80940 		strh	r4, [sp, #9]	@ unaligned
 454 001c 2246     		mov	r2, r4
 455 001e 0DF10B00 		add	r0, sp, #11
 456 0022 FFF7FEFF 		bl	Osal_MemCpy
 457 0026 0334     		adds	r4, r4, #3
 458 0028 1822     		movs	r2, #24
 459 002a 2946     		mov	r1, r5
 460 002c 42A8     		add	r0, sp, #264
 461 002e FFF7FEFF 		bl	Osal_MemSet
 462 0032 3F23     		movs	r3, #63
 463 0034 ADF80831 		strh	r3, [sp, #264]	@ movhi
 464 0038 4FF4C773 		mov	r3, #398
 465 003c ADF80A31 		strh	r3, [sp, #266]	@ movhi
 466 0040 4496     		str	r6, [sp, #272]
 467 0042 4594     		str	r4, [sp, #276]
 468 0044 4697     		str	r7, [sp, #280]
 469 0046 0123     		movs	r3, #1
 470 0048 4793     		str	r3, [sp, #284]
 471 004a 2946     		mov	r1, r5
 472 004c 42A8     		add	r0, sp, #264
 473 004e FFF7FEFF 		bl	hci_send_req
ARM GAS  C:\Users\Nathan\AppData\Local\Temp\cca3T0CM.s 			page 9


 474 0052 A842     		cmp	r0, r5
 475 0054 03DB     		blt	.L36
 476 0056 9DF80700 		ldrb	r0, [sp, #7]	@ zero_extendqisi2
 477              	.L35:
 478 005a 49B0     		add	sp, sp, #292
 479              		@ sp needed
 480 005c F0BD     		pop	{r4, r5, r6, r7, pc}
 481              	.L36:
 482 005e FF20     		movs	r0, #255
 483 0060 FBE7     		b	.L35
 485              		.ident	"GCC: (Arm GNU Toolchain 13.3.Rel1 (Build arm-13.24)) 13.3.1 20240614"
ARM GAS  C:\Users\Nathan\AppData\Local\Temp\cca3T0CM.s 			page 10


DEFINED SYMBOLS
                            *ABS*:00000000 ble_l2cap_aci.c
C:\Users\Nathan\AppData\Local\Temp\cca3T0CM.s:18     .text.aci_l2cap_connection_parameter_update_req:00000000 $t
C:\Users\Nathan\AppData\Local\Temp\cca3T0CM.s:24     .text.aci_l2cap_connection_parameter_update_req:00000000 aci_l2cap_connection_parameter_update_req
C:\Users\Nathan\AppData\Local\Temp\cca3T0CM.s:70     .text.aci_l2cap_connection_parameter_update_resp:00000000 $t
C:\Users\Nathan\AppData\Local\Temp\cca3T0CM.s:76     .text.aci_l2cap_connection_parameter_update_resp:00000000 aci_l2cap_connection_parameter_update_resp
C:\Users\Nathan\AppData\Local\Temp\cca3T0CM.s:128    .text.aci_l2cap_coc_connect:00000000 $t
C:\Users\Nathan\AppData\Local\Temp\cca3T0CM.s:134    .text.aci_l2cap_coc_connect:00000000 aci_l2cap_coc_connect
C:\Users\Nathan\AppData\Local\Temp\cca3T0CM.s:180    .text.aci_l2cap_coc_connect_confirm:00000000 $t
C:\Users\Nathan\AppData\Local\Temp\cca3T0CM.s:186    .text.aci_l2cap_coc_connect_confirm:00000000 aci_l2cap_coc_connect_confirm
C:\Users\Nathan\AppData\Local\Temp\cca3T0CM.s:246    .text.aci_l2cap_coc_reconf:00000000 $t
C:\Users\Nathan\AppData\Local\Temp\cca3T0CM.s:252    .text.aci_l2cap_coc_reconf:00000000 aci_l2cap_coc_reconf
C:\Users\Nathan\AppData\Local\Temp\cca3T0CM.s:299    .text.aci_l2cap_coc_reconf_confirm:00000000 $t
C:\Users\Nathan\AppData\Local\Temp\cca3T0CM.s:305    .text.aci_l2cap_coc_reconf_confirm:00000000 aci_l2cap_coc_reconf_confirm
C:\Users\Nathan\AppData\Local\Temp\cca3T0CM.s:345    .text.aci_l2cap_coc_disconnect:00000000 $t
C:\Users\Nathan\AppData\Local\Temp\cca3T0CM.s:351    .text.aci_l2cap_coc_disconnect:00000000 aci_l2cap_coc_disconnect
C:\Users\Nathan\AppData\Local\Temp\cca3T0CM.s:389    .text.aci_l2cap_coc_flow_control:00000000 $t
C:\Users\Nathan\AppData\Local\Temp\cca3T0CM.s:395    .text.aci_l2cap_coc_flow_control:00000000 aci_l2cap_coc_flow_control
C:\Users\Nathan\AppData\Local\Temp\cca3T0CM.s:435    .text.aci_l2cap_coc_tx_data:00000000 $t
C:\Users\Nathan\AppData\Local\Temp\cca3T0CM.s:441    .text.aci_l2cap_coc_tx_data:00000000 aci_l2cap_coc_tx_data

UNDEFINED SYMBOLS
Osal_MemSet
hci_send_req
Osal_MemCpy
