ARM GAS  C:\Users\Nathan\AppData\Local\Temp\cckavs7P.s 			page 1


   1              		.cpu cortex-m4
   2              		.arch armv7e-m
   3              		.fpu fpv4-sp-d16
   4              		.eabi_attribute 27, 1
   5              		.eabi_attribute 28, 1
   6              		.eabi_attribute 20, 1
   7              		.eabi_attribute 21, 1
   8              		.eabi_attribute 23, 3
   9              		.eabi_attribute 24, 1
  10              		.eabi_attribute 25, 1
  11              		.eabi_attribute 26, 1
  12              		.eabi_attribute 30, 1
  13              		.eabi_attribute 34, 1
  14              		.eabi_attribute 18, 4
  15              		.file	"hci_tl_if.c"
  16              		.text
  17              		.section	.text.hci_register_io_bus,"ax",%progbits
  18              		.align	1
  19              		.global	hci_register_io_bus
  20              		.syntax unified
  21              		.thumb
  22              		.thumb_func
  24              	hci_register_io_bus:
  25              		@ args = 0, pretend = 0, frame = 0
  26              		@ frame_needed = 0, uses_anonymous_args = 0
  27              		@ link register save eliminated.
  28 0000 024B     		ldr	r3, .L2
  29 0002 0360     		str	r3, [r0]
  30 0004 024B     		ldr	r3, .L2+4
  31 0006 0361     		str	r3, [r0, #16]
  32 0008 7047     		bx	lr
  33              	.L3:
  34 000a 00BF     		.align	2
  35              	.L2:
  36 000c 00000000 		.word	TL_BLE_Init
  37 0010 00000000 		.word	TL_BLE_SendCmd
  39              		.ident	"GCC: (Arm GNU Toolchain 13.3.Rel1 (Build arm-13.24)) 13.3.1 20240614"
ARM GAS  C:\Users\Nathan\AppData\Local\Temp\cckavs7P.s 			page 2


DEFINED SYMBOLS
                            *ABS*:00000000 hci_tl_if.c
C:\Users\Nathan\AppData\Local\Temp\cckavs7P.s:18     .text.hci_register_io_bus:00000000 $t
C:\Users\Nathan\AppData\Local\Temp\cckavs7P.s:24     .text.hci_register_io_bus:00000000 hci_register_io_bus
C:\Users\Nathan\AppData\Local\Temp\cckavs7P.s:36     .text.hci_register_io_bus:0000000c $d

UNDEFINED SYMBOLS
TL_BLE_Init
TL_BLE_SendCmd
