ARM GAS  C:\Users\Nathan\AppData\Local\Temp\cc0L1SkO.s 			page 1


   1              		.cpu cortex-m4
   2              		.arch armv7e-m
   3              		.fpu fpv4-sp-d16
   4              		.eabi_attribute 27, 1
   5              		.eabi_attribute 28, 1
   6              		.eabi_attribute 20, 1
   7              		.eabi_attribute 21, 1
   8              		.eabi_attribute 23, 3
   9              		.eabi_attribute 24, 1
  10              		.eabi_attribute 25, 1
  11              		.eabi_attribute 26, 1
  12              		.eabi_attribute 30, 1
  13              		.eabi_attribute 34, 1
  14              		.eabi_attribute 18, 4
  15              		.file	"osal.c"
  16              		.text
  17              		.section	.text.Osal_MemCpy,"ax",%progbits
  18              		.align	1
  19              		.global	Osal_MemCpy
  20              		.syntax unified
  21              		.thumb
  22              		.thumb_func
  24              	Osal_MemCpy:
  25              		@ args = 0, pretend = 0, frame = 0
  26              		@ frame_needed = 0, uses_anonymous_args = 0
  27 0000 08B5     		push	{r3, lr}
  28 0002 FFF7FEFF 		bl	memcpy
  29 0006 08BD     		pop	{r3, pc}
  31              		.section	.text.Osal_MemSet,"ax",%progbits
  32              		.align	1
  33              		.global	Osal_MemSet
  34              		.syntax unified
  35              		.thumb
  36              		.thumb_func
  38              	Osal_MemSet:
  39              		@ args = 0, pretend = 0, frame = 0
  40              		@ frame_needed = 0, uses_anonymous_args = 0
  41 0000 08B5     		push	{r3, lr}
  42 0002 FFF7FEFF 		bl	memset
  43 0006 08BD     		pop	{r3, pc}
  45              		.section	.text.Osal_MemCmp,"ax",%progbits
  46              		.align	1
  47              		.global	Osal_MemCmp
  48              		.syntax unified
  49              		.thumb
  50              		.thumb_func
  52              	Osal_MemCmp:
  53              		@ args = 0, pretend = 0, frame = 0
  54              		@ frame_needed = 0, uses_anonymous_args = 0
  55 0000 08B5     		push	{r3, lr}
  56 0002 FFF7FEFF 		bl	memcmp
  57 0006 08BD     		pop	{r3, pc}
  59              		.ident	"GCC: (Arm GNU Toolchain 13.3.Rel1 (Build arm-13.24)) 13.3.1 20240614"
ARM GAS  C:\Users\Nathan\AppData\Local\Temp\cc0L1SkO.s 			page 2


DEFINED SYMBOLS
                            *ABS*:00000000 osal.c
C:\Users\Nathan\AppData\Local\Temp\cc0L1SkO.s:18     .text.Osal_MemCpy:00000000 $t
C:\Users\Nathan\AppData\Local\Temp\cc0L1SkO.s:24     .text.Osal_MemCpy:00000000 Osal_MemCpy
C:\Users\Nathan\AppData\Local\Temp\cc0L1SkO.s:32     .text.Osal_MemSet:00000000 $t
C:\Users\Nathan\AppData\Local\Temp\cc0L1SkO.s:38     .text.Osal_MemSet:00000000 Osal_MemSet
C:\Users\Nathan\AppData\Local\Temp\cc0L1SkO.s:46     .text.Osal_MemCmp:00000000 $t
C:\Users\Nathan\AppData\Local\Temp\cc0L1SkO.s:52     .text.Osal_MemCmp:00000000 Osal_MemCmp

UNDEFINED SYMBOLS
memcpy
memset
memcmp
