ARM GAS  C:\Users\Nathan\AppData\Local\Temp\ccGRdBAc.s 			page 1


   1              		.cpu cortex-m4
   2              		.arch armv7e-m
   3              		.fpu fpv4-sp-d16
   4              		.eabi_attribute 27, 1
   5              		.eabi_attribute 28, 1
   6              		.eabi_attribute 20, 1
   7              		.eabi_attribute 21, 1
   8              		.eabi_attribute 23, 3
   9              		.eabi_attribute 24, 1
  10              		.eabi_attribute 25, 1
  11              		.eabi_attribute 26, 1
  12              		.eabi_attribute 30, 1
  13              		.eabi_attribute 34, 1
  14              		.eabi_attribute 18, 4
  15              		.file	"p2p_server_app.c"
  16              		.text
  17              		.section	.text.P2PS_STM_App_Notification,"ax",%progbits
  18              		.align	1
  19              		.global	P2PS_STM_App_Notification
  20              		.syntax unified
  21              		.thumb
  22              		.thumb_func
  24              	P2PS_STM_App_Notification:
  25              		@ args = 0, pretend = 0, frame = 0
  26              		@ frame_needed = 0, uses_anonymous_args = 0
  27              		@ link register save eliminated.
  28 0000 7047     		bx	lr
  30              		.section	.text.P2PS_APP_Notification,"ax",%progbits
  31              		.align	1
  32              		.global	P2PS_APP_Notification
  33              		.syntax unified
  34              		.thumb
  35              		.thumb_func
  37              	P2PS_APP_Notification:
  38              		@ args = 0, pretend = 0, frame = 0
  39              		@ frame_needed = 0, uses_anonymous_args = 0
  40              		@ link register save eliminated.
  41 0000 7047     		bx	lr
  43              		.section	.text.P2PS_APP_Init,"ax",%progbits
  44              		.align	1
  45              		.global	P2PS_APP_Init
  46              		.syntax unified
  47              		.thumb
  48              		.thumb_func
  50              	P2PS_APP_Init:
  51              		@ args = 0, pretend = 0, frame = 0
  52              		@ frame_needed = 0, uses_anonymous_args = 0
  53              		@ link register save eliminated.
  54 0000 7047     		bx	lr
  56              		.ident	"GCC: (Arm GNU Toolchain 13.3.Rel1 (Build arm-13.24)) 13.3.1 20240614"
ARM GAS  C:\Users\Nathan\AppData\Local\Temp\ccGRdBAc.s 			page 2


DEFINED SYMBOLS
                            *ABS*:00000000 p2p_server_app.c
C:\Users\Nathan\AppData\Local\Temp\ccGRdBAc.s:18     .text.P2PS_STM_App_Notification:00000000 $t
C:\Users\Nathan\AppData\Local\Temp\ccGRdBAc.s:24     .text.P2PS_STM_App_Notification:00000000 P2PS_STM_App_Notification
C:\Users\Nathan\AppData\Local\Temp\ccGRdBAc.s:31     .text.P2PS_APP_Notification:00000000 $t
C:\Users\Nathan\AppData\Local\Temp\ccGRdBAc.s:37     .text.P2PS_APP_Notification:00000000 P2PS_APP_Notification
C:\Users\Nathan\AppData\Local\Temp\ccGRdBAc.s:44     .text.P2PS_APP_Init:00000000 $t
C:\Users\Nathan\AppData\Local\Temp\ccGRdBAc.s:50     .text.P2PS_APP_Init:00000000 P2PS_APP_Init

NO UNDEFINED SYMBOLS
