ARM GAS  C:\Users\Nathan\AppData\Local\Temp\ccVM7wrN.s 			page 1


   1              		.cpu cortex-m4
   2              		.arch armv7e-m
   3              		.fpu fpv4-sp-d16
   4              		.eabi_attribute 27, 1
   5              		.eabi_attribute 28, 1
   6              		.eabi_attribute 20, 1
   7              		.eabi_attribute 21, 1
   8              		.eabi_attribute 23, 3
   9              		.eabi_attribute 24, 1
  10              		.eabi_attribute 25, 1
  11              		.eabi_attribute 26, 1
  12              		.eabi_attribute 30, 1
  13              		.eabi_attribute 34, 1
  14              		.eabi_attribute 18, 4
  15              		.file	"stm32wbxx_hal_i2c_ex.c"
  16              		.text
  17              		.section	.text.HAL_I2CEx_ConfigAnalogFilter,"ax",%progbits
  18              		.align	1
  19              		.global	HAL_I2CEx_ConfigAnalogFilter
  20              		.syntax unified
  21              		.thumb
  22              		.thumb_func
  24              	HAL_I2CEx_ConfigAnalogFilter:
  25              		@ args = 0, pretend = 0, frame = 0
  26              		@ frame_needed = 0, uses_anonymous_args = 0
  27              		@ link register save eliminated.
  28 0000 0346     		mov	r3, r0
  29 0002 90F84120 		ldrb	r2, [r0, #65]	@ zero_extendqisi2
  30 0006 D2B2     		uxtb	r2, r2
  31 0008 202A     		cmp	r2, #32
  32 000a 23D1     		bne	.L3
  33 000c 90F84020 		ldrb	r2, [r0, #64]	@ zero_extendqisi2
  34 0010 012A     		cmp	r2, #1
  35 0012 21D0     		beq	.L4
  36 0014 0122     		movs	r2, #1
  37 0016 80F84020 		strb	r2, [r0, #64]
  38 001a 2422     		movs	r2, #36
  39 001c 80F84120 		strb	r2, [r0, #65]
  40 0020 0068     		ldr	r0, [r0]
  41 0022 0268     		ldr	r2, [r0]
  42 0024 22F00102 		bic	r2, r2, #1
  43 0028 0260     		str	r2, [r0]
  44 002a 1868     		ldr	r0, [r3]
  45 002c 0268     		ldr	r2, [r0]
  46 002e 22F48052 		bic	r2, r2, #4096
  47 0032 0260     		str	r2, [r0]
  48 0034 1868     		ldr	r0, [r3]
  49 0036 0268     		ldr	r2, [r0]
  50 0038 1143     		orrs	r1, r1, r2
  51 003a 0160     		str	r1, [r0]
  52 003c 1968     		ldr	r1, [r3]
  53 003e 0A68     		ldr	r2, [r1]
  54 0040 42F00102 		orr	r2, r2, #1
  55 0044 0A60     		str	r2, [r1]
  56 0046 2022     		movs	r2, #32
  57 0048 83F84120 		strb	r2, [r3, #65]
  58 004c 0020     		movs	r0, #0
ARM GAS  C:\Users\Nathan\AppData\Local\Temp\ccVM7wrN.s 			page 2


  59 004e 83F84000 		strb	r0, [r3, #64]
  60 0052 7047     		bx	lr
  61              	.L3:
  62 0054 0220     		movs	r0, #2
  63 0056 7047     		bx	lr
  64              	.L4:
  65 0058 0220     		movs	r0, #2
  66 005a 7047     		bx	lr
  68              		.section	.text.HAL_I2CEx_ConfigDigitalFilter,"ax",%progbits
  69              		.align	1
  70              		.global	HAL_I2CEx_ConfigDigitalFilter
  71              		.syntax unified
  72              		.thumb
  73              		.thumb_func
  75              	HAL_I2CEx_ConfigDigitalFilter:
  76              		@ args = 0, pretend = 0, frame = 0
  77              		@ frame_needed = 0, uses_anonymous_args = 0
  78              		@ link register save eliminated.
  79 0000 0346     		mov	r3, r0
  80 0002 90F84120 		ldrb	r2, [r0, #65]	@ zero_extendqisi2
  81 0006 D2B2     		uxtb	r2, r2
  82 0008 202A     		cmp	r2, #32
  83 000a 21D1     		bne	.L7
  84 000c 90F84020 		ldrb	r2, [r0, #64]	@ zero_extendqisi2
  85 0010 012A     		cmp	r2, #1
  86 0012 1FD0     		beq	.L8
  87 0014 0122     		movs	r2, #1
  88 0016 80F84020 		strb	r2, [r0, #64]
  89 001a 2422     		movs	r2, #36
  90 001c 80F84120 		strb	r2, [r0, #65]
  91 0020 0068     		ldr	r0, [r0]
  92 0022 0268     		ldr	r2, [r0]
  93 0024 22F00102 		bic	r2, r2, #1
  94 0028 0260     		str	r2, [r0]
  95 002a 1868     		ldr	r0, [r3]
  96 002c 0268     		ldr	r2, [r0]
  97 002e 22F47062 		bic	r2, r2, #3840
  98 0032 42EA0122 		orr	r2, r2, r1, lsl #8
  99 0036 0260     		str	r2, [r0]
 100 0038 1968     		ldr	r1, [r3]
 101 003a 0A68     		ldr	r2, [r1]
 102 003c 42F00102 		orr	r2, r2, #1
 103 0040 0A60     		str	r2, [r1]
 104 0042 2022     		movs	r2, #32
 105 0044 83F84120 		strb	r2, [r3, #65]
 106 0048 0020     		movs	r0, #0
 107 004a 83F84000 		strb	r0, [r3, #64]
 108 004e 7047     		bx	lr
 109              	.L7:
 110 0050 0220     		movs	r0, #2
 111 0052 7047     		bx	lr
 112              	.L8:
 113 0054 0220     		movs	r0, #2
 114 0056 7047     		bx	lr
 116              		.section	.text.HAL_I2CEx_EnableWakeUp,"ax",%progbits
 117              		.align	1
 118              		.global	HAL_I2CEx_EnableWakeUp
ARM GAS  C:\Users\Nathan\AppData\Local\Temp\ccVM7wrN.s 			page 3


 119              		.syntax unified
 120              		.thumb
 121              		.thumb_func
 123              	HAL_I2CEx_EnableWakeUp:
 124              		@ args = 0, pretend = 0, frame = 0
 125              		@ frame_needed = 0, uses_anonymous_args = 0
 126              		@ link register save eliminated.
 127 0000 0346     		mov	r3, r0
 128 0002 90F84120 		ldrb	r2, [r0, #65]	@ zero_extendqisi2
 129 0006 D2B2     		uxtb	r2, r2
 130 0008 202A     		cmp	r2, #32
 131 000a 1FD1     		bne	.L11
 132 000c 90F84020 		ldrb	r2, [r0, #64]	@ zero_extendqisi2
 133 0010 012A     		cmp	r2, #1
 134 0012 1DD0     		beq	.L12
 135 0014 0122     		movs	r2, #1
 136 0016 80F84020 		strb	r2, [r0, #64]
 137 001a 2422     		movs	r2, #36
 138 001c 80F84120 		strb	r2, [r0, #65]
 139 0020 0168     		ldr	r1, [r0]
 140 0022 0A68     		ldr	r2, [r1]
 141 0024 22F00102 		bic	r2, r2, #1
 142 0028 0A60     		str	r2, [r1]
 143 002a 0168     		ldr	r1, [r0]
 144 002c 0A68     		ldr	r2, [r1]
 145 002e 42F48022 		orr	r2, r2, #262144
 146 0032 0A60     		str	r2, [r1]
 147 0034 0168     		ldr	r1, [r0]
 148 0036 0A68     		ldr	r2, [r1]
 149 0038 42F00102 		orr	r2, r2, #1
 150 003c 0A60     		str	r2, [r1]
 151 003e 2022     		movs	r2, #32
 152 0040 80F84120 		strb	r2, [r0, #65]
 153 0044 0020     		movs	r0, #0
 154 0046 83F84000 		strb	r0, [r3, #64]
 155 004a 7047     		bx	lr
 156              	.L11:
 157 004c 0220     		movs	r0, #2
 158 004e 7047     		bx	lr
 159              	.L12:
 160 0050 0220     		movs	r0, #2
 161 0052 7047     		bx	lr
 163              		.section	.text.HAL_I2CEx_DisableWakeUp,"ax",%progbits
 164              		.align	1
 165              		.global	HAL_I2CEx_DisableWakeUp
 166              		.syntax unified
 167              		.thumb
 168              		.thumb_func
 170              	HAL_I2CEx_DisableWakeUp:
 171              		@ args = 0, pretend = 0, frame = 0
 172              		@ frame_needed = 0, uses_anonymous_args = 0
 173              		@ link register save eliminated.
 174 0000 0346     		mov	r3, r0
 175 0002 90F84120 		ldrb	r2, [r0, #65]	@ zero_extendqisi2
 176 0006 D2B2     		uxtb	r2, r2
 177 0008 202A     		cmp	r2, #32
 178 000a 1FD1     		bne	.L15
ARM GAS  C:\Users\Nathan\AppData\Local\Temp\ccVM7wrN.s 			page 4


 179 000c 90F84020 		ldrb	r2, [r0, #64]	@ zero_extendqisi2
 180 0010 012A     		cmp	r2, #1
 181 0012 1DD0     		beq	.L16
 182 0014 0122     		movs	r2, #1
 183 0016 80F84020 		strb	r2, [r0, #64]
 184 001a 2422     		movs	r2, #36
 185 001c 80F84120 		strb	r2, [r0, #65]
 186 0020 0168     		ldr	r1, [r0]
 187 0022 0A68     		ldr	r2, [r1]
 188 0024 22F00102 		bic	r2, r2, #1
 189 0028 0A60     		str	r2, [r1]
 190 002a 0168     		ldr	r1, [r0]
 191 002c 0A68     		ldr	r2, [r1]
 192 002e 22F48022 		bic	r2, r2, #262144
 193 0032 0A60     		str	r2, [r1]
 194 0034 0168     		ldr	r1, [r0]
 195 0036 0A68     		ldr	r2, [r1]
 196 0038 42F00102 		orr	r2, r2, #1
 197 003c 0A60     		str	r2, [r1]
 198 003e 2022     		movs	r2, #32
 199 0040 80F84120 		strb	r2, [r0, #65]
 200 0044 0020     		movs	r0, #0
 201 0046 83F84000 		strb	r0, [r3, #64]
 202 004a 7047     		bx	lr
 203              	.L15:
 204 004c 0220     		movs	r0, #2
 205 004e 7047     		bx	lr
 206              	.L16:
 207 0050 0220     		movs	r0, #2
 208 0052 7047     		bx	lr
 210              		.section	.text.HAL_I2CEx_EnableFastModePlus,"ax",%progbits
 211              		.align	1
 212              		.global	HAL_I2CEx_EnableFastModePlus
 213              		.syntax unified
 214              		.thumb
 215              		.thumb_func
 217              	HAL_I2CEx_EnableFastModePlus:
 218              		@ args = 0, pretend = 0, frame = 0
 219              		@ frame_needed = 0, uses_anonymous_args = 0
 220              		@ link register save eliminated.
 221 0000 024A     		ldr	r2, .L18
 222 0002 5368     		ldr	r3, [r2, #4]
 223 0004 0343     		orrs	r3, r3, r0
 224 0006 5360     		str	r3, [r2, #4]
 225 0008 7047     		bx	lr
 226              	.L19:
 227 000a 00BF     		.align	2
 228              	.L18:
 229 000c 00000140 		.word	1073807360
 231              		.section	.text.HAL_I2CEx_DisableFastModePlus,"ax",%progbits
 232              		.align	1
 233              		.global	HAL_I2CEx_DisableFastModePlus
 234              		.syntax unified
 235              		.thumb
 236              		.thumb_func
 238              	HAL_I2CEx_DisableFastModePlus:
 239              		@ args = 0, pretend = 0, frame = 0
ARM GAS  C:\Users\Nathan\AppData\Local\Temp\ccVM7wrN.s 			page 5


 240              		@ frame_needed = 0, uses_anonymous_args = 0
 241              		@ link register save eliminated.
 242 0000 024A     		ldr	r2, .L21
 243 0002 5368     		ldr	r3, [r2, #4]
 244 0004 23EA0003 		bic	r3, r3, r0
 245 0008 5360     		str	r3, [r2, #4]
 246 000a 7047     		bx	lr
 247              	.L22:
 248              		.align	2
 249              	.L21:
 250 000c 00000140 		.word	1073807360
 252              		.ident	"GCC: (Arm GNU Toolchain 13.3.Rel1 (Build arm-13.24)) 13.3.1 20240614"
ARM GAS  C:\Users\Nathan\AppData\Local\Temp\ccVM7wrN.s 			page 6


DEFINED SYMBOLS
                            *ABS*:00000000 stm32wbxx_hal_i2c_ex.c
C:\Users\Nathan\AppData\Local\Temp\ccVM7wrN.s:18     .text.HAL_I2CEx_ConfigAnalogFilter:00000000 $t
C:\Users\Nathan\AppData\Local\Temp\ccVM7wrN.s:24     .text.HAL_I2CEx_ConfigAnalogFilter:00000000 HAL_I2CEx_ConfigAnalogFilter
C:\Users\Nathan\AppData\Local\Temp\ccVM7wrN.s:69     .text.HAL_I2CEx_ConfigDigitalFilter:00000000 $t
C:\Users\Nathan\AppData\Local\Temp\ccVM7wrN.s:75     .text.HAL_I2CEx_ConfigDigitalFilter:00000000 HAL_I2CEx_ConfigDigitalFilter
C:\Users\Nathan\AppData\Local\Temp\ccVM7wrN.s:117    .text.HAL_I2CEx_EnableWakeUp:00000000 $t
C:\Users\Nathan\AppData\Local\Temp\ccVM7wrN.s:123    .text.HAL_I2CEx_EnableWakeUp:00000000 HAL_I2CEx_EnableWakeUp
C:\Users\Nathan\AppData\Local\Temp\ccVM7wrN.s:164    .text.HAL_I2CEx_DisableWakeUp:00000000 $t
C:\Users\Nathan\AppData\Local\Temp\ccVM7wrN.s:170    .text.HAL_I2CEx_DisableWakeUp:00000000 HAL_I2CEx_DisableWakeUp
C:\Users\Nathan\AppData\Local\Temp\ccVM7wrN.s:211    .text.HAL_I2CEx_EnableFastModePlus:00000000 $t
C:\Users\Nathan\AppData\Local\Temp\ccVM7wrN.s:217    .text.HAL_I2CEx_EnableFastModePlus:00000000 HAL_I2CEx_EnableFastModePlus
C:\Users\Nathan\AppData\Local\Temp\ccVM7wrN.s:229    .text.HAL_I2CEx_EnableFastModePlus:0000000c $d
C:\Users\Nathan\AppData\Local\Temp\ccVM7wrN.s:232    .text.HAL_I2CEx_DisableFastModePlus:00000000 $t
C:\Users\Nathan\AppData\Local\Temp\ccVM7wrN.s:238    .text.HAL_I2CEx_DisableFastModePlus:00000000 HAL_I2CEx_DisableFastModePlus
C:\Users\Nathan\AppData\Local\Temp\ccVM7wrN.s:250    .text.HAL_I2CEx_DisableFastModePlus:0000000c $d

NO UNDEFINED SYMBOLS
