ARM GAS  C:\Users\Nathan\AppData\Local\Temp\ccrn0XIW.s 			page 1


   1              		.cpu cortex-m4
   2              		.arch armv7e-m
   3              		.fpu fpv4-sp-d16
   4              		.eabi_attribute 27, 1
   5              		.eabi_attribute 28, 1
   6              		.eabi_attribute 20, 1
   7              		.eabi_attribute 21, 1
   8              		.eabi_attribute 23, 3
   9              		.eabi_attribute 24, 1
  10              		.eabi_attribute 25, 1
  11              		.eabi_attribute 26, 1
  12              		.eabi_attribute 30, 1
  13              		.eabi_attribute 34, 1
  14              		.eabi_attribute 18, 4
  15              		.file	"stm32wbxx_hal_rcc.c"
  16              		.text
  17              		.section	.text.RCC_SetFlashLatency,"ax",%progbits
  18              		.align	1
  19              		.syntax unified
  20              		.thumb
  21              		.thumb_func
  23              	RCC_SetFlashLatency:
  24              		@ args = 0, pretend = 0, frame = 48
  25              		@ frame_needed = 0, uses_anonymous_args = 0
  26 0000 30B5     		push	{r4, r5, lr}
  27 0002 8DB0     		sub	sp, sp, #52
  28 0004 0546     		mov	r5, r0
  29 0006 8E46     		mov	lr, r1
  30 0008 2B4C     		ldr	r4, .L19
  31 000a 94E80F00 		ldm	r4, {r0, r1, r2, r3}
  32 000e 0DF1300C 		add	ip, sp, #48
  33 0012 0CE90F00 		stmdb	ip, {r0, r1, r2, r3}
  34 0016 05AB     		add	r3, sp, #20
  35 0018 04F11002 		add	r2, r4, #16
  36 001c 07CA     		ldm	r2, {r0, r1, r2}
  37 001e 83E80700 		stm	r3, {r0, r1, r2}
  38 0022 0DF1040C 		add	ip, sp, #4
  39 0026 1C34     		adds	r4, r4, #28
  40 0028 94E80F00 		ldm	r4, {r0, r1, r2, r3}
  41 002c 8CE80F00 		stm	ip, {r0, r1, r2, r3}
  42 0030 BEF5007F 		cmp	lr, #512
  43 0034 07D0     		beq	.L12
  44 0036 0023     		movs	r3, #0
  45 0038 14E0     		b	.L3
  46              	.L16:
  47 003a 0CAA     		add	r2, sp, #48
  48 003c 02EB8303 		add	r3, r2, r3, lsl #2
  49 0040 53F82C5C 		ldr	r5, [r3, #-44]
  50 0044 1EE0     		b	.L5
  51              	.L12:
  52 0046 0023     		movs	r3, #0
  53              	.L2:
  54 0048 032B     		cmp	r3, #3
  55 004a 08D8     		bhi	.L15
  56 004c 0CAA     		add	r2, sp, #48
  57 004e 02EB8302 		add	r2, r2, r3, lsl #2
  58 0052 52F8102C 		ldr	r2, [r2, #-16]
ARM GAS  C:\Users\Nathan\AppData\Local\Temp\ccrn0XIW.s 			page 2


  59 0056 AA42     		cmp	r2, r5
  60 0058 EFD2     		bcs	.L16
  61 005a 0133     		adds	r3, r3, #1
  62 005c F4E7     		b	.L2
  63              	.L15:
  64 005e 0025     		movs	r5, #0
  65 0060 10E0     		b	.L5
  66              	.L7:
  67 0062 0133     		adds	r3, r3, #1
  68              	.L3:
  69 0064 022B     		cmp	r3, #2
  70 0066 0CD8     		bhi	.L17
  71 0068 0CAA     		add	r2, sp, #48
  72 006a 02EB8302 		add	r2, r2, r3, lsl #2
  73 006e 52F81C2C 		ldr	r2, [r2, #-28]
  74 0072 AA42     		cmp	r2, r5
  75 0074 F5D3     		bcc	.L7
  76 0076 0CAA     		add	r2, sp, #48
  77 0078 02EB8303 		add	r3, r2, r3, lsl #2
  78 007c 53F82C5C 		ldr	r5, [r3, #-44]
  79 0080 00E0     		b	.L5
  80              	.L17:
  81 0082 0025     		movs	r5, #0
  82              	.L5:
  83 0084 0D4A     		ldr	r2, .L19+4
  84 0086 1368     		ldr	r3, [r2]
  85 0088 23F00703 		bic	r3, r3, #7
  86 008c 2B43     		orrs	r3, r3, r5
  87 008e 1360     		str	r3, [r2]
  88 0090 FFF7FEFF 		bl	HAL_GetTick
  89 0094 0446     		mov	r4, r0
  90              	.L9:
  91 0096 094B     		ldr	r3, .L19+4
  92 0098 1B68     		ldr	r3, [r3]
  93 009a 03F00703 		and	r3, r3, #7
  94 009e AB42     		cmp	r3, r5
  95 00a0 06D0     		beq	.L18
  96 00a2 FFF7FEFF 		bl	HAL_GetTick
  97 00a6 001B     		subs	r0, r0, r4
  98 00a8 0228     		cmp	r0, #2
  99 00aa F4D9     		bls	.L9
 100 00ac 0320     		movs	r0, #3
 101 00ae 00E0     		b	.L10
 102              	.L18:
 103 00b0 0020     		movs	r0, #0
 104              	.L10:
 105 00b2 0DB0     		add	sp, sp, #52
 106              		@ sp needed
 107 00b4 30BD     		pop	{r4, r5, pc}
 108              	.L20:
 109 00b6 00BF     		.align	2
 110              	.L19:
 111 00b8 00000000 		.word	.LANCHOR0
 112 00bc 00400058 		.word	1476411392
 114              		.section	.text.RCC_SetFlashLatencyFromMSIRange,"ax",%progbits
 115              		.align	1
 116              		.syntax unified
ARM GAS  C:\Users\Nathan\AppData\Local\Temp\ccrn0XIW.s 			page 3


 117              		.thumb
 118              		.thumb_func
 120              	RCC_SetFlashLatencyFromMSIRange:
 121              		@ args = 0, pretend = 0, frame = 0
 122              		@ frame_needed = 0, uses_anonymous_args = 0
 123 0000 10B5     		push	{r4, lr}
 124 0002 B028     		cmp	r0, #176
 125 0004 16D9     		bls	.L22
 126 0006 0E4B     		ldr	r3, .L25
 127 0008 DC6A     		ldr	r4, [r3, #44]
 128              	.L23:
 129 000a 4FF0B043 		mov	r3, #1476395008
 130 000e D3F80831 		ldr	r3, [r3, #264]
 131 0012 03F00F03 		and	r3, r3, #15
 132 0016 0B4A     		ldr	r2, .L25+4
 133 0018 52F82330 		ldr	r3, [r2, r3, lsl #2]
 134 001c B4FBF3F4 		udiv	r4, r4, r3
 135 0020 FFF7FEFF 		bl	HAL_PWREx_GetVoltageRange
 136 0024 0146     		mov	r1, r0
 137 0026 084B     		ldr	r3, .L25+8
 138 0028 A3FB0434 		umull	r3, r4, r3, r4
 139 002c A00C     		lsrs	r0, r4, #18
 140 002e FFF7FEFF 		bl	RCC_SetFlashLatency
 141 0032 10BD     		pop	{r4, pc}
 142              	.L22:
 143 0034 C0F30310 		ubfx	r0, r0, #4, #4
 144 0038 014B     		ldr	r3, .L25
 145 003a 53F82040 		ldr	r4, [r3, r0, lsl #2]
 146 003e E4E7     		b	.L23
 147              	.L26:
 148              		.align	2
 149              	.L25:
 150 0040 00000000 		.word	MSIRangeTable
 151 0044 00000000 		.word	AHBPrescTable
 152 0048 83DE1B43 		.word	1125899907
 154              		.section	.text.HAL_RCC_DeInit,"ax",%progbits
 155              		.align	1
 156              		.global	HAL_RCC_DeInit
 157              		.syntax unified
 158              		.thumb
 159              		.thumb_func
 161              	HAL_RCC_DeInit:
 162              		@ args = 0, pretend = 0, frame = 0
 163              		@ frame_needed = 0, uses_anonymous_args = 0
 164 0000 38B5     		push	{r3, r4, r5, lr}
 165 0002 FFF7FEFF 		bl	HAL_GetTick
 166 0006 0446     		mov	r4, r0
 167 0008 4FF0B043 		mov	r3, #1476395008
 168 000c 1A68     		ldr	r2, [r3]
 169 000e 22F00402 		bic	r2, r2, #4
 170 0012 1A60     		str	r2, [r3]
 171 0014 1A68     		ldr	r2, [r3]
 172 0016 42F00102 		orr	r2, r2, #1
 173 001a 1A60     		str	r2, [r3]
 174              	.L31:
 175 001c 4FF0B043 		mov	r3, #1476395008
 176 0020 1B68     		ldr	r3, [r3]
ARM GAS  C:\Users\Nathan\AppData\Local\Temp\ccrn0XIW.s 			page 4


 177 0022 13F0020F 		tst	r3, #2
 178 0026 25D0     		beq	.L28
 179 0028 4FF0B045 		mov	r5, #1476395008
 180 002c 2B68     		ldr	r3, [r5]
 181 002e 23F0F003 		bic	r3, r3, #240
 182 0032 43F06003 		orr	r3, r3, #96
 183 0036 2B60     		str	r3, [r5]
 184 0038 6B68     		ldr	r3, [r5, #4]
 185 003a 23F47F43 		bic	r3, r3, #65280
 186 003e 6B60     		str	r3, [r5, #4]
 187 0040 6B68     		ldr	r3, [r5, #4]
 188 0042 23F0FE43 		bic	r3, r3, #2130706432
 189 0046 43F08043 		orr	r3, r3, #1073741824
 190 004a 6B60     		str	r3, [r5, #4]
 191 004c FFF7FEFF 		bl	HAL_GetTick
 192 0050 0446     		mov	r4, r0
 193 0052 0023     		movs	r3, #0
 194 0054 AB60     		str	r3, [r5, #8]
 195              	.L29:
 196 0056 4FF0B043 		mov	r3, #1476395008
 197 005a 9B68     		ldr	r3, [r3, #8]
 198 005c 13F00C0F 		tst	r3, #12
 199 0060 0FD0     		beq	.L41
 200 0062 FFF7FEFF 		bl	HAL_GetTick
 201 0066 001B     		subs	r0, r0, r4
 202 0068 41F28833 		movw	r3, #5000
 203 006c 9842     		cmp	r0, r3
 204 006e F2D9     		bls	.L29
 205 0070 0320     		movs	r0, #3
 206              	.L30:
 207 0072 38BD     		pop	{r3, r4, r5, pc}
 208              	.L28:
 209 0074 FFF7FEFF 		bl	HAL_GetTick
 210 0078 001B     		subs	r0, r0, r4
 211 007a 0228     		cmp	r0, #2
 212 007c CED9     		bls	.L31
 213 007e 0320     		movs	r0, #3
 214 0080 F7E7     		b	.L30
 215              	.L41:
 216 0082 4FF0B042 		mov	r2, #1476395008
 217 0086 1168     		ldr	r1, [r2]
 218 0088 1F4B     		ldr	r3, .L42
 219 008a 0B40     		ands	r3, r3, r1
 220 008c 1360     		str	r3, [r2]
 221 008e FFF7FEFF 		bl	HAL_GetTick
 222 0092 0446     		mov	r4, r0
 223              	.L35:
 224 0094 4FF0B043 		mov	r3, #1476395008
 225 0098 1B68     		ldr	r3, [r3]
 226 009a 13F0007F 		tst	r3, #33554432
 227 009e 24D1     		bne	.L33
 228 00a0 4FF0B043 		mov	r3, #1476395008
 229 00a4 194A     		ldr	r2, .L42+4
 230 00a6 DA60     		str	r2, [r3, #12]
 231 00a8 FFF7FEFF 		bl	HAL_GetTick
 232 00ac 0446     		mov	r4, r0
 233              	.L34:
ARM GAS  C:\Users\Nathan\AppData\Local\Temp\ccrn0XIW.s 			page 5


 234 00ae 4FF0B043 		mov	r3, #1476395008
 235 00b2 1B68     		ldr	r3, [r3]
 236 00b4 13F0006F 		tst	r3, #134217728
 237 00b8 1ED1     		bne	.L36
 238 00ba 4FF0B043 		mov	r3, #1476395008
 239 00be 134A     		ldr	r2, .L42+4
 240 00c0 1A61     		str	r2, [r3, #16]
 241 00c2 0022     		movs	r2, #0
 242 00c4 9A61     		str	r2, [r3, #24]
 243 00c6 4FF0FF32 		mov	r2, #-1
 244 00ca 1A62     		str	r2, [r3, #32]
 245 00cc 4FF44032 		mov	r2, #196608
 246 00d0 C3F80821 		str	r2, [r3, #264]
 247 00d4 0E4B     		ldr	r3, .L42+8
 248 00d6 0F4A     		ldr	r2, .L42+12
 249 00d8 1A60     		str	r2, [r3]
 250 00da 0F4B     		ldr	r3, .L42+16
 251 00dc 1868     		ldr	r0, [r3]
 252 00de FFF7FEFF 		bl	HAL_InitTick
 253 00e2 0028     		cmp	r0, #0
 254 00e4 C5D0     		beq	.L30
 255 00e6 0120     		movs	r0, #1
 256 00e8 C3E7     		b	.L30
 257              	.L33:
 258 00ea FFF7FEFF 		bl	HAL_GetTick
 259 00ee 001B     		subs	r0, r0, r4
 260 00f0 0228     		cmp	r0, #2
 261 00f2 CFD9     		bls	.L35
 262 00f4 0320     		movs	r0, #3
 263 00f6 BCE7     		b	.L30
 264              	.L36:
 265 00f8 FFF7FEFF 		bl	HAL_GetTick
 266 00fc 001B     		subs	r0, r0, r4
 267 00fe 0228     		cmp	r0, #2
 268 0100 D5D9     		bls	.L34
 269 0102 0320     		movs	r0, #3
 270 0104 B5E7     		b	.L30
 271              	.L43:
 272 0106 00BF     		.align	2
 273              	.L42:
 274 0108 FFF4EEFA 		.word	-85003009
 275 010c 00010422 		.word	570687744
 276 0110 00000000 		.word	SystemCoreClock
 277 0114 00093D00 		.word	4000000
 278 0118 00000000 		.word	uwTickPrio
 280              		.section	.text.HAL_RCC_MCOConfig,"ax",%progbits
 281              		.align	1
 282              		.global	HAL_RCC_MCOConfig
 283              		.syntax unified
 284              		.thumb
 285              		.thumb_func
 287              	HAL_RCC_MCOConfig:
 288              		@ args = 0, pretend = 0, frame = 24
 289              		@ frame_needed = 0, uses_anonymous_args = 0
 290 0000 70B5     		push	{r4, r5, r6, lr}
 291 0002 86B0     		sub	sp, sp, #24
 292 0004 0C46     		mov	r4, r1
ARM GAS  C:\Users\Nathan\AppData\Local\Temp\ccrn0XIW.s 			page 6


 293 0006 1546     		mov	r5, r2
 294 0008 0223     		movs	r3, #2
 295 000a 0293     		str	r3, [sp, #8]
 296 000c 0323     		movs	r3, #3
 297 000e 0493     		str	r3, [sp, #16]
 298 0010 0023     		movs	r3, #0
 299 0012 0393     		str	r3, [sp, #12]
 300 0014 00F08056 		and	r6, r0, #268435456
 301 0018 C0F3034C 		ubfx	ip, r0, #16, #4
 302 001c 0CF5901E 		add	lr, ip, #1179648
 303 0020 4FF0B041 		mov	r1, #1476395008
 304 0024 CB6C     		ldr	r3, [r1, #76]
 305 0026 0122     		movs	r2, #1
 306 0028 02FA0CF2 		lsl	r2, r2, ip
 307 002c 1343     		orrs	r3, r3, r2
 308 002e CB64     		str	r3, [r1, #76]
 309 0030 83B2     		uxth	r3, r0
 310 0032 0193     		str	r3, [sp, #4]
 311 0034 C0F30750 		ubfx	r0, r0, #20, #8
 312 0038 0590     		str	r0, [sp, #20]
 313 003a 01A9     		add	r1, sp, #4
 314 003c 4FEA8E20 		lsl	r0, lr, #10
 315 0040 FFF7FEFF 		bl	HAL_GPIO_Init
 316 0044 4EB9     		cbnz	r6, .L45
 317 0046 4FF0B042 		mov	r2, #1476395008
 318 004a 9368     		ldr	r3, [r2, #8]
 319 004c 23F0FE43 		bic	r3, r3, #2130706432
 320 0050 2543     		orrs	r5, r5, r4
 321 0052 1D43     		orrs	r5, r5, r3
 322 0054 9560     		str	r5, [r2, #8]
 323              	.L44:
 324 0056 06B0     		add	sp, sp, #24
 325              		@ sp needed
 326 0058 70BD     		pop	{r4, r5, r6, pc}
 327              	.L45:
 328 005a 4FF0B042 		mov	r2, #1476395008
 329 005e 9368     		ldr	r3, [r2, #8]
 330 0060 23F0FE43 		bic	r3, r3, #2130706432
 331 0064 2C43     		orrs	r4, r4, r5
 332 0066 1C43     		orrs	r4, r4, r3
 333 0068 9460     		str	r4, [r2, #8]
 334 006a F4E7     		b	.L44
 336              		.section	.text.HAL_RCC_GetSysClockFreq,"ax",%progbits
 337              		.align	1
 338              		.global	HAL_RCC_GetSysClockFreq
 339              		.syntax unified
 340              		.thumb
 341              		.thumb_func
 343              	HAL_RCC_GetSysClockFreq:
 344              		@ args = 0, pretend = 0, frame = 0
 345              		@ frame_needed = 0, uses_anonymous_args = 0
 346              		@ link register save eliminated.
 347 0000 4FF0B043 		mov	r3, #1476395008
 348 0004 9B68     		ldr	r3, [r3, #8]
 349 0006 13F00C03 		ands	r3, r3, #12
 350 000a 0DD1     		bne	.L49
 351 000c 4FF0B043 		mov	r3, #1476395008
ARM GAS  C:\Users\Nathan\AppData\Local\Temp\ccrn0XIW.s 			page 7


 352 0010 1B68     		ldr	r3, [r3]
 353 0012 03F0F003 		and	r3, r3, #240
 354 0016 B02B     		cmp	r3, #176
 355 0018 04D8     		bhi	.L62
 356              	.L50:
 357 001a 1B09     		lsrs	r3, r3, #4
 358 001c 254A     		ldr	r2, .L65
 359 001e 52F82300 		ldr	r0, [r2, r3, lsl #2]
 360 0022 7047     		bx	lr
 361              	.L62:
 362 0024 B023     		movs	r3, #176
 363 0026 F8E7     		b	.L50
 364              	.L49:
 365 0028 042B     		cmp	r3, #4
 366 002a 3ED0     		beq	.L57
 367 002c 082B     		cmp	r3, #8
 368 002e 10D0     		beq	.L63
 369 0030 4FF0B043 		mov	r3, #1476395008
 370 0034 DB68     		ldr	r3, [r3, #12]
 371 0036 03F00303 		and	r3, r3, #3
 372 003a 022B     		cmp	r3, #2
 373 003c 31D0     		beq	.L59
 374 003e 032B     		cmp	r3, #3
 375 0040 0FD1     		bne	.L54
 376 0042 4FF0B043 		mov	r3, #1476395008
 377 0046 1B68     		ldr	r3, [r3]
 378 0048 13F4801F 		tst	r3, #1048576
 379 004c 2BD1     		bne	.L60
 380 004e 1A48     		ldr	r0, .L65+4
 381 0050 12E0     		b	.L53
 382              	.L63:
 383 0052 4FF0B043 		mov	r3, #1476395008
 384 0056 1B68     		ldr	r3, [r3]
 385 0058 13F4801F 		tst	r3, #1048576
 386 005c 27D0     		beq	.L58
 387 005e 1748     		ldr	r0, .L65+8
 388 0060 7047     		bx	lr
 389              	.L54:
 390 0062 4FF0B043 		mov	r3, #1476395008
 391 0066 1B68     		ldr	r3, [r3]
 392 0068 03F0F003 		and	r3, r3, #240
 393 006c B02B     		cmp	r3, #176
 394 006e 16D8     		bhi	.L64
 395              	.L55:
 396 0070 1B09     		lsrs	r3, r3, #4
 397 0072 104A     		ldr	r2, .L65
 398 0074 52F82300 		ldr	r0, [r2, r3, lsl #2]
 399              	.L53:
 400 0078 4FF0B042 		mov	r2, #1476395008
 401 007c D368     		ldr	r3, [r2, #12]
 402 007e C3F30623 		ubfx	r3, r3, #8, #7
 403 0082 03FB00F0 		mul	r0, r3, r0
 404 0086 D368     		ldr	r3, [r2, #12]
 405 0088 C3F30213 		ubfx	r3, r3, #4, #3
 406 008c 0133     		adds	r3, r3, #1
 407 008e B0FBF3F0 		udiv	r0, r0, r3
 408 0092 D368     		ldr	r3, [r2, #12]
ARM GAS  C:\Users\Nathan\AppData\Local\Temp\ccrn0XIW.s 			page 8


 409 0094 5B0F     		lsrs	r3, r3, #29
 410 0096 0133     		adds	r3, r3, #1
 411 0098 B0FBF3F0 		udiv	r0, r0, r3
 412 009c 7047     		bx	lr
 413              	.L64:
 414 009e B023     		movs	r3, #176
 415 00a0 E6E7     		b	.L55
 416              	.L59:
 417 00a2 0648     		ldr	r0, .L65+8
 418 00a4 E8E7     		b	.L53
 419              	.L60:
 420 00a6 0548     		ldr	r0, .L65+8
 421 00a8 E6E7     		b	.L53
 422              	.L57:
 423 00aa 0448     		ldr	r0, .L65+8
 424 00ac 7047     		bx	lr
 425              	.L58:
 426 00ae 0248     		ldr	r0, .L65+4
 427 00b0 7047     		bx	lr
 428              	.L66:
 429 00b2 00BF     		.align	2
 430              	.L65:
 431 00b4 00000000 		.word	MSIRangeTable
 432 00b8 0048E801 		.word	32000000
 433 00bc 0024F400 		.word	16000000
 435              		.section	.text.HAL_RCC_GetHCLKFreq,"ax",%progbits
 436              		.align	1
 437              		.global	HAL_RCC_GetHCLKFreq
 438              		.syntax unified
 439              		.thumb
 440              		.thumb_func
 442              	HAL_RCC_GetHCLKFreq:
 443              		@ args = 0, pretend = 0, frame = 0
 444              		@ frame_needed = 0, uses_anonymous_args = 0
 445 0000 08B5     		push	{r3, lr}
 446 0002 FFF7FEFF 		bl	HAL_RCC_GetSysClockFreq
 447 0006 4FF0B043 		mov	r3, #1476395008
 448 000a 9B68     		ldr	r3, [r3, #8]
 449 000c C3F30313 		ubfx	r3, r3, #4, #4
 450 0010 024A     		ldr	r2, .L69
 451 0012 52F82330 		ldr	r3, [r2, r3, lsl #2]
 452 0016 B0FBF3F0 		udiv	r0, r0, r3
 453 001a 08BD     		pop	{r3, pc}
 454              	.L70:
 455              		.align	2
 456              	.L69:
 457 001c 00000000 		.word	AHBPrescTable
 459              		.section	.text.HAL_RCC_OscConfig,"ax",%progbits
 460              		.align	1
 461              		.global	HAL_RCC_OscConfig
 462              		.syntax unified
 463              		.thumb
 464              		.thumb_func
 466              	HAL_RCC_OscConfig:
 467              		@ args = 0, pretend = 0, frame = 0
 468              		@ frame_needed = 0, uses_anonymous_args = 0
 469 0000 0028     		cmp	r0, #0
ARM GAS  C:\Users\Nathan\AppData\Local\Temp\ccrn0XIW.s 			page 9


 470 0002 00F07283 		beq	.L137
 471 0006 38B5     		push	{r3, r4, r5, lr}
 472 0008 0446     		mov	r4, r0
 473 000a 0368     		ldr	r3, [r0]
 474 000c 13F0200F 		tst	r3, #32
 475 0010 2DD0     		beq	.L73
 476 0012 4FF0B042 		mov	r2, #1476395008
 477 0016 9368     		ldr	r3, [r2, #8]
 478 0018 D268     		ldr	r2, [r2, #12]
 479 001a 02F00302 		and	r2, r2, #3
 480 001e 13F00C03 		ands	r3, r3, #12
 481 0022 58D0     		beq	.L74
 482 0024 0C2B     		cmp	r3, #12
 483 0026 54D0     		beq	.L176
 484              	.L75:
 485 0028 E369     		ldr	r3, [r4, #28]
 486 002a 002B     		cmp	r3, #0
 487 002c 00F0A080 		beq	.L79
 488 0030 4FF0B042 		mov	r2, #1476395008
 489 0034 1368     		ldr	r3, [r2]
 490 0036 43F00103 		orr	r3, r3, #1
 491 003a 1360     		str	r3, [r2]
 492 003c FFF7FEFF 		bl	HAL_GetTick
 493 0040 0546     		mov	r5, r0
 494              	.L81:
 495 0042 4FF0B043 		mov	r3, #1476395008
 496 0046 1B68     		ldr	r3, [r3]
 497 0048 13F0020F 		tst	r3, #2
 498 004c 00F08880 		beq	.L80
 499 0050 636A     		ldr	r3, [r4, #36]
 500 0052 4FF0B042 		mov	r2, #1476395008
 501 0056 1168     		ldr	r1, [r2]
 502 0058 21F0F001 		bic	r1, r1, #240
 503 005c 0B43     		orrs	r3, r3, r1
 504 005e 1360     		str	r3, [r2]
 505 0060 216A     		ldr	r1, [r4, #32]
 506 0062 5368     		ldr	r3, [r2, #4]
 507 0064 23F47F43 		bic	r3, r3, #65280
 508 0068 43EA0123 		orr	r3, r3, r1, lsl #8
 509 006c 5360     		str	r3, [r2, #4]
 510              	.L73:
 511 006e 2368     		ldr	r3, [r4]
 512 0070 13F0010F 		tst	r3, #1
 513 0074 00F09A80 		beq	.L83
 514 0078 4FF0B042 		mov	r2, #1476395008
 515 007c 9368     		ldr	r3, [r2, #8]
 516 007e 03F00C03 		and	r3, r3, #12
 517 0082 D268     		ldr	r2, [r2, #12]
 518 0084 02F00302 		and	r2, r2, #3
 519 0088 082B     		cmp	r3, #8
 520 008a 00F08B80 		beq	.L84
 521 008e 0C2B     		cmp	r3, #12
 522 0090 00F08580 		beq	.L177
 523              	.L85:
 524 0094 6368     		ldr	r3, [r4, #4]
 525 0096 B3F5803F 		cmp	r3, #65536
 526 009a 00F0B080 		beq	.L178
ARM GAS  C:\Users\Nathan\AppData\Local\Temp\ccrn0XIW.s 			page 10


 527 009e 4FF0B042 		mov	r2, #1476395008
 528 00a2 1368     		ldr	r3, [r2]
 529 00a4 23F48033 		bic	r3, r3, #65536
 530 00a8 1360     		str	r3, [r2]
 531              	.L87:
 532 00aa 6368     		ldr	r3, [r4, #4]
 533 00ac 002B     		cmp	r3, #0
 534 00ae 00F0AD80 		beq	.L88
 535 00b2 FFF7FEFF 		bl	HAL_GetTick
 536 00b6 0546     		mov	r5, r0
 537              	.L89:
 538 00b8 4FF0B043 		mov	r3, #1476395008
 539 00bc 1B68     		ldr	r3, [r3]
 540 00be 13F4003F 		tst	r3, #131072
 541 00c2 73D1     		bne	.L83
 542 00c4 FFF7FEFF 		bl	HAL_GetTick
 543 00c8 401B     		subs	r0, r0, r5
 544 00ca 6428     		cmp	r0, #100
 545 00cc F4D9     		bls	.L89
 546 00ce 0320     		movs	r0, #3
 547 00d0 16E3     		b	.L72
 548              	.L176:
 549 00d2 012A     		cmp	r2, #1
 550 00d4 A8D1     		bne	.L75
 551              	.L74:
 552 00d6 E369     		ldr	r3, [r4, #28]
 553 00d8 002B     		cmp	r3, #0
 554 00da 00F00883 		beq	.L138
 555 00de 606A     		ldr	r0, [r4, #36]
 556 00e0 4FF0B043 		mov	r3, #1476395008
 557 00e4 1B68     		ldr	r3, [r3]
 558 00e6 03F0F003 		and	r3, r3, #240
 559 00ea B02B     		cmp	r3, #176
 560 00ec 21D8     		bhi	.L179
 561              	.L76:
 562 00ee 9842     		cmp	r0, r3
 563 00f0 21D9     		bls	.L77
 564 00f2 FFF7FEFF 		bl	RCC_SetFlashLatencyFromMSIRange
 565 00f6 0028     		cmp	r0, #0
 566 00f8 40F0FB82 		bne	.L140
 567 00fc 636A     		ldr	r3, [r4, #36]
 568 00fe 4FF0B042 		mov	r2, #1476395008
 569 0102 1168     		ldr	r1, [r2]
 570 0104 21F0F001 		bic	r1, r1, #240
 571 0108 0B43     		orrs	r3, r3, r1
 572 010a 1360     		str	r3, [r2]
 573 010c 216A     		ldr	r1, [r4, #32]
 574 010e 5368     		ldr	r3, [r2, #4]
 575 0110 23F47F43 		bic	r3, r3, #65280
 576 0114 43EA0123 		orr	r3, r3, r1, lsl #8
 577 0118 5360     		str	r3, [r2, #4]
 578              	.L78:
 579 011a FFF7FEFF 		bl	HAL_RCC_GetHCLKFreq
 580 011e BF4B     		ldr	r3, .L193
 581 0120 1860     		str	r0, [r3]
 582 0122 BF4B     		ldr	r3, .L193+4
 583 0124 1868     		ldr	r0, [r3]
ARM GAS  C:\Users\Nathan\AppData\Local\Temp\ccrn0XIW.s 			page 11


 584 0126 FFF7FEFF 		bl	HAL_InitTick
 585 012a 0028     		cmp	r0, #0
 586 012c 9FD0     		beq	.L73
 587 012e 0120     		movs	r0, #1
 588 0130 E6E2     		b	.L72
 589              	.L179:
 590 0132 B023     		movs	r3, #176
 591 0134 DBE7     		b	.L76
 592              	.L77:
 593 0136 4FF0B042 		mov	r2, #1476395008
 594 013a 1368     		ldr	r3, [r2]
 595 013c 23F0F003 		bic	r3, r3, #240
 596 0140 1843     		orrs	r0, r0, r3
 597 0142 1060     		str	r0, [r2]
 598 0144 216A     		ldr	r1, [r4, #32]
 599 0146 5368     		ldr	r3, [r2, #4]
 600 0148 23F47F43 		bic	r3, r3, #65280
 601 014c 43EA0123 		orr	r3, r3, r1, lsl #8
 602 0150 5360     		str	r3, [r2, #4]
 603 0152 606A     		ldr	r0, [r4, #36]
 604 0154 FFF7FEFF 		bl	RCC_SetFlashLatencyFromMSIRange
 605 0158 0028     		cmp	r0, #0
 606 015a DED0     		beq	.L78
 607 015c 0120     		movs	r0, #1
 608 015e CFE2     		b	.L72
 609              	.L80:
 610 0160 FFF7FEFF 		bl	HAL_GetTick
 611 0164 401B     		subs	r0, r0, r5
 612 0166 0228     		cmp	r0, #2
 613 0168 7FF66BAF 		bls	.L81
 614 016c 0320     		movs	r0, #3
 615 016e C7E2     		b	.L72
 616              	.L79:
 617 0170 4FF0B042 		mov	r2, #1476395008
 618 0174 1368     		ldr	r3, [r2]
 619 0176 23F00103 		bic	r3, r3, #1
 620 017a 1360     		str	r3, [r2]
 621 017c FFF7FEFF 		bl	HAL_GetTick
 622 0180 0546     		mov	r5, r0
 623              	.L82:
 624 0182 4FF0B043 		mov	r3, #1476395008
 625 0186 1B68     		ldr	r3, [r3]
 626 0188 13F0020F 		tst	r3, #2
 627 018c 3FF46FAF 		beq	.L73
 628 0190 FFF7FEFF 		bl	HAL_GetTick
 629 0194 401B     		subs	r0, r0, r5
 630 0196 0228     		cmp	r0, #2
 631 0198 F3D9     		bls	.L82
 632 019a 0320     		movs	r0, #3
 633 019c B0E2     		b	.L72
 634              	.L177:
 635 019e 032A     		cmp	r2, #3
 636 01a0 7FF478AF 		bne	.L85
 637              	.L84:
 638 01a4 6368     		ldr	r3, [r4, #4]
 639 01a6 002B     		cmp	r3, #0
 640 01a8 00F0A582 		beq	.L180
ARM GAS  C:\Users\Nathan\AppData\Local\Temp\ccrn0XIW.s 			page 12


 641              	.L83:
 642 01ac 2368     		ldr	r3, [r4]
 643 01ae 13F0020F 		tst	r3, #2
 644 01b2 54D0     		beq	.L91
 645 01b4 4FF0B042 		mov	r2, #1476395008
 646 01b8 9368     		ldr	r3, [r2, #8]
 647 01ba 03F00C03 		and	r3, r3, #12
 648 01be D268     		ldr	r2, [r2, #12]
 649 01c0 02F00302 		and	r2, r2, #3
 650 01c4 042B     		cmp	r3, #4
 651 01c6 33D0     		beq	.L92
 652 01c8 0C2B     		cmp	r3, #12
 653 01ca 2FD0     		beq	.L181
 654              	.L93:
 655 01cc E368     		ldr	r3, [r4, #12]
 656 01ce 002B     		cmp	r3, #0
 657 01d0 71D0     		beq	.L94
 658 01d2 4FF0B042 		mov	r2, #1476395008
 659 01d6 1368     		ldr	r3, [r2]
 660 01d8 43F48073 		orr	r3, r3, #256
 661 01dc 1360     		str	r3, [r2]
 662 01de FFF7FEFF 		bl	HAL_GetTick
 663 01e2 0546     		mov	r5, r0
 664              	.L96:
 665 01e4 4FF0B043 		mov	r3, #1476395008
 666 01e8 1B68     		ldr	r3, [r3]
 667 01ea 13F4806F 		tst	r3, #1024
 668 01ee 2DD1     		bne	.L95
 669 01f0 FFF7FEFF 		bl	HAL_GetTick
 670 01f4 401B     		subs	r0, r0, r5
 671 01f6 0228     		cmp	r0, #2
 672 01f8 F4D9     		bls	.L96
 673 01fa 0320     		movs	r0, #3
 674 01fc 80E2     		b	.L72
 675              	.L178:
 676 01fe 4FF0B042 		mov	r2, #1476395008
 677 0202 1368     		ldr	r3, [r2]
 678 0204 43F48033 		orr	r3, r3, #65536
 679 0208 1360     		str	r3, [r2]
 680 020a 4EE7     		b	.L87
 681              	.L88:
 682 020c FFF7FEFF 		bl	HAL_GetTick
 683 0210 0546     		mov	r5, r0
 684              	.L90:
 685 0212 4FF0B043 		mov	r3, #1476395008
 686 0216 1B68     		ldr	r3, [r3]
 687 0218 13F4003F 		tst	r3, #131072
 688 021c C6D0     		beq	.L83
 689 021e FFF7FEFF 		bl	HAL_GetTick
 690 0222 401B     		subs	r0, r0, r5
 691 0224 6428     		cmp	r0, #100
 692 0226 F4D9     		bls	.L90
 693 0228 0320     		movs	r0, #3
 694 022a 69E2     		b	.L72
 695              	.L181:
 696 022c 022A     		cmp	r2, #2
 697 022e CDD1     		bne	.L93
ARM GAS  C:\Users\Nathan\AppData\Local\Temp\ccrn0XIW.s 			page 13


 698              	.L92:
 699 0230 E368     		ldr	r3, [r4, #12]
 700 0232 002B     		cmp	r3, #0
 701 0234 00F06182 		beq	.L148
 702 0238 2169     		ldr	r1, [r4, #16]
 703 023a 4FF0B042 		mov	r2, #1476395008
 704 023e 5368     		ldr	r3, [r2, #4]
 705 0240 23F0FE43 		bic	r3, r3, #2130706432
 706 0244 43EA0163 		orr	r3, r3, r1, lsl #24
 707 0248 5360     		str	r3, [r2, #4]
 708 024a 08E0     		b	.L91
 709              	.L95:
 710 024c 2169     		ldr	r1, [r4, #16]
 711 024e 4FF0B042 		mov	r2, #1476395008
 712 0252 5368     		ldr	r3, [r2, #4]
 713 0254 23F0FE43 		bic	r3, r3, #2130706432
 714 0258 43EA0163 		orr	r3, r3, r1, lsl #24
 715 025c 5360     		str	r3, [r2, #4]
 716              	.L91:
 717 025e 2368     		ldr	r3, [r4]
 718 0260 13F0180F 		tst	r3, #24
 719 0264 00F0DE80 		beq	.L98
 720 0268 6269     		ldr	r2, [r4, #20]
 721 026a 002A     		cmp	r2, #0
 722 026c 00F0A380 		beq	.L99
 723 0270 13F0100F 		tst	r3, #16
 724 0274 70D0     		beq	.L100
 725 0276 4FF0B043 		mov	r3, #1476395008
 726 027a D3F89430 		ldr	r3, [r3, #148]
 727 027e 13F0020F 		tst	r3, #2
 728 0282 2ED1     		bne	.L101
 729 0284 4FF0B042 		mov	r2, #1476395008
 730 0288 D2F89430 		ldr	r3, [r2, #148]
 731 028c 43F00103 		orr	r3, r3, #1
 732 0290 C2F89430 		str	r3, [r2, #148]
 733 0294 FFF7FEFF 		bl	HAL_GetTick
 734 0298 0546     		mov	r5, r0
 735              	.L102:
 736 029a 4FF0B043 		mov	r3, #1476395008
 737 029e D3F89430 		ldr	r3, [r3, #148]
 738 02a2 13F0020F 		tst	r3, #2
 739 02a6 1CD1     		bne	.L101
 740 02a8 FFF7FEFF 		bl	HAL_GetTick
 741 02ac 401B     		subs	r0, r0, r5
 742 02ae 0228     		cmp	r0, #2
 743 02b0 F3D9     		bls	.L102
 744 02b2 0320     		movs	r0, #3
 745 02b4 24E2     		b	.L72
 746              	.L94:
 747 02b6 4FF0B042 		mov	r2, #1476395008
 748 02ba 1368     		ldr	r3, [r2]
 749 02bc 23F48073 		bic	r3, r3, #256
 750 02c0 1360     		str	r3, [r2]
 751 02c2 FFF7FEFF 		bl	HAL_GetTick
 752 02c6 0546     		mov	r5, r0
 753              	.L97:
 754 02c8 4FF0B043 		mov	r3, #1476395008
ARM GAS  C:\Users\Nathan\AppData\Local\Temp\ccrn0XIW.s 			page 14


 755 02cc 1B68     		ldr	r3, [r3]
 756 02ce 13F4806F 		tst	r3, #1024
 757 02d2 C4D0     		beq	.L91
 758 02d4 FFF7FEFF 		bl	HAL_GetTick
 759 02d8 401B     		subs	r0, r0, r5
 760 02da 0228     		cmp	r0, #2
 761 02dc F4D9     		bls	.L97
 762 02de 0320     		movs	r0, #3
 763 02e0 0EE2     		b	.L72
 764              	.L101:
 765 02e2 4FF0B042 		mov	r2, #1476395008
 766 02e6 D2F89430 		ldr	r3, [r2, #148]
 767 02ea 43F00403 		orr	r3, r3, #4
 768 02ee C2F89430 		str	r3, [r2, #148]
 769 02f2 FFF7FEFF 		bl	HAL_GetTick
 770 02f6 0546     		mov	r5, r0
 771              	.L104:
 772 02f8 4FF0B043 		mov	r3, #1476395008
 773 02fc D3F89430 		ldr	r3, [r3, #148]
 774 0300 13F0080F 		tst	r3, #8
 775 0304 06D1     		bne	.L103
 776 0306 FFF7FEFF 		bl	HAL_GetTick
 777 030a 401B     		subs	r0, r0, r5
 778 030c 0328     		cmp	r0, #3
 779 030e F3D9     		bls	.L104
 780 0310 0320     		movs	r0, #3
 781 0312 F5E1     		b	.L72
 782              	.L103:
 783 0314 A169     		ldr	r1, [r4, #24]
 784 0316 4FF0B042 		mov	r2, #1476395008
 785 031a D2F89430 		ldr	r3, [r2, #148]
 786 031e 23F47063 		bic	r3, r3, #3840
 787 0322 43EA0123 		orr	r3, r3, r1, lsl #8
 788 0326 C2F89430 		str	r3, [r2, #148]
 789 032a D2F89430 		ldr	r3, [r2, #148]
 790 032e 23F00103 		bic	r3, r3, #1
 791 0332 C2F89430 		str	r3, [r2, #148]
 792 0336 FFF7FEFF 		bl	HAL_GetTick
 793 033a 0546     		mov	r5, r0
 794              	.L105:
 795 033c 4FF0B043 		mov	r3, #1476395008
 796 0340 D3F89430 		ldr	r3, [r3, #148]
 797 0344 13F0020F 		tst	r3, #2
 798 0348 6CD0     		beq	.L98
 799 034a FFF7FEFF 		bl	HAL_GetTick
 800 034e 401B     		subs	r0, r0, r5
 801 0350 0228     		cmp	r0, #2
 802 0352 F3D9     		bls	.L105
 803 0354 0320     		movs	r0, #3
 804 0356 D3E1     		b	.L72
 805              	.L100:
 806 0358 4FF0B042 		mov	r2, #1476395008
 807 035c D2F89430 		ldr	r3, [r2, #148]
 808 0360 43F00103 		orr	r3, r3, #1
 809 0364 C2F89430 		str	r3, [r2, #148]
 810 0368 FFF7FEFF 		bl	HAL_GetTick
 811 036c 0546     		mov	r5, r0
ARM GAS  C:\Users\Nathan\AppData\Local\Temp\ccrn0XIW.s 			page 15


 812              	.L107:
 813 036e 4FF0B043 		mov	r3, #1476395008
 814 0372 D3F89430 		ldr	r3, [r3, #148]
 815 0376 13F0020F 		tst	r3, #2
 816 037a 06D1     		bne	.L106
 817 037c FFF7FEFF 		bl	HAL_GetTick
 818 0380 401B     		subs	r0, r0, r5
 819 0382 0228     		cmp	r0, #2
 820 0384 F3D9     		bls	.L107
 821 0386 0320     		movs	r0, #3
 822 0388 BAE1     		b	.L72
 823              	.L106:
 824 038a 4FF0B042 		mov	r2, #1476395008
 825 038e D2F89430 		ldr	r3, [r2, #148]
 826 0392 23F00403 		bic	r3, r3, #4
 827 0396 C2F89430 		str	r3, [r2, #148]
 828              	.L108:
 829 039a 4FF0B043 		mov	r3, #1476395008
 830 039e D3F89430 		ldr	r3, [r3, #148]
 831 03a2 13F0080F 		tst	r3, #8
 832 03a6 3DD0     		beq	.L98
 833 03a8 FFF7FEFF 		bl	HAL_GetTick
 834 03ac 401B     		subs	r0, r0, r5
 835 03ae 0328     		cmp	r0, #3
 836 03b0 F3D9     		bls	.L108
 837 03b2 0320     		movs	r0, #3
 838 03b4 A4E1     		b	.L72
 839              	.L99:
 840 03b6 4FF0B042 		mov	r2, #1476395008
 841 03ba D2F89430 		ldr	r3, [r2, #148]
 842 03be 23F00403 		bic	r3, r3, #4
 843 03c2 C2F89430 		str	r3, [r2, #148]
 844 03c6 FFF7FEFF 		bl	HAL_GetTick
 845 03ca 0546     		mov	r5, r0
 846              	.L111:
 847 03cc 4FF0B043 		mov	r3, #1476395008
 848 03d0 D3F89430 		ldr	r3, [r3, #148]
 849 03d4 13F0080F 		tst	r3, #8
 850 03d8 18D1     		bne	.L109
 851 03da 4FF0B042 		mov	r2, #1476395008
 852 03de D2F89430 		ldr	r3, [r2, #148]
 853 03e2 23F00103 		bic	r3, r3, #1
 854 03e6 C2F89430 		str	r3, [r2, #148]
 855 03ea FFF7FEFF 		bl	HAL_GetTick
 856 03ee 0546     		mov	r5, r0
 857              	.L110:
 858 03f0 4FF0B043 		mov	r3, #1476395008
 859 03f4 D3F89430 		ldr	r3, [r3, #148]
 860 03f8 13F0020F 		tst	r3, #2
 861 03fc 12D0     		beq	.L98
 862 03fe FFF7FEFF 		bl	HAL_GetTick
 863 0402 401B     		subs	r0, r0, r5
 864 0404 0228     		cmp	r0, #2
 865 0406 F3D9     		bls	.L110
 866 0408 0320     		movs	r0, #3
 867 040a 79E1     		b	.L72
 868              	.L109:
ARM GAS  C:\Users\Nathan\AppData\Local\Temp\ccrn0XIW.s 			page 16


 869 040c FFF7FEFF 		bl	HAL_GetTick
 870 0410 401B     		subs	r0, r0, r5
 871 0412 0328     		cmp	r0, #3
 872 0414 DAD9     		bls	.L111
 873 0416 0320     		movs	r0, #3
 874 0418 72E1     		b	.L72
 875              	.L194:
 876 041a 00BF     		.align	2
 877              	.L193:
 878 041c 00000000 		.word	SystemCoreClock
 879 0420 00000000 		.word	uwTickPrio
 880              	.L98:
 881 0424 2368     		ldr	r3, [r4]
 882 0426 13F0040F 		tst	r3, #4
 883 042a 68D0     		beq	.L112
 884 042c B74B     		ldr	r3, .L195
 885 042e 1B68     		ldr	r3, [r3]
 886 0430 13F4807F 		tst	r3, #256
 887 0434 27D0     		beq	.L182
 888              	.L113:
 889 0436 A368     		ldr	r3, [r4, #8]
 890 0438 012B     		cmp	r3, #1
 891 043a 35D0     		beq	.L183
 892 043c 052B     		cmp	r3, #5
 893 043e 3CD0     		beq	.L184
 894 0440 4FF0B043 		mov	r3, #1476395008
 895 0444 D3F89020 		ldr	r2, [r3, #144]
 896 0448 22F00102 		bic	r2, r2, #1
 897 044c C3F89020 		str	r2, [r3, #144]
 898 0450 D3F89020 		ldr	r2, [r3, #144]
 899 0454 22F00402 		bic	r2, r2, #4
 900 0458 C3F89020 		str	r2, [r3, #144]
 901              	.L117:
 902 045c A368     		ldr	r3, [r4, #8]
 903 045e DBB3     		cbz	r3, .L119
 904 0460 FFF7FEFF 		bl	HAL_GetTick
 905 0464 0546     		mov	r5, r0
 906              	.L120:
 907 0466 4FF0B043 		mov	r3, #1476395008
 908 046a D3F89030 		ldr	r3, [r3, #144]
 909 046e 13F0020F 		tst	r3, #2
 910 0472 44D1     		bne	.L112
 911 0474 FFF7FEFF 		bl	HAL_GetTick
 912 0478 401B     		subs	r0, r0, r5
 913 047a 41F28833 		movw	r3, #5000
 914 047e 9842     		cmp	r0, r3
 915 0480 F1D9     		bls	.L120
 916 0482 0320     		movs	r0, #3
 917 0484 3CE1     		b	.L72
 918              	.L182:
 919 0486 FFF7FEFF 		bl	HAL_PWR_EnableBkUpAccess
 920 048a FFF7FEFF 		bl	HAL_GetTick
 921 048e 0546     		mov	r5, r0
 922              	.L114:
 923 0490 9E4B     		ldr	r3, .L195
 924 0492 1B68     		ldr	r3, [r3]
 925 0494 13F4807F 		tst	r3, #256
ARM GAS  C:\Users\Nathan\AppData\Local\Temp\ccrn0XIW.s 			page 17


 926 0498 CDD1     		bne	.L113
 927 049a FFF7FEFF 		bl	HAL_GetTick
 928 049e 401B     		subs	r0, r0, r5
 929 04a0 0228     		cmp	r0, #2
 930 04a2 F5D9     		bls	.L114
 931 04a4 0320     		movs	r0, #3
 932 04a6 2BE1     		b	.L72
 933              	.L183:
 934 04a8 4FF0B042 		mov	r2, #1476395008
 935 04ac D2F89030 		ldr	r3, [r2, #144]
 936 04b0 43F00103 		orr	r3, r3, #1
 937 04b4 C2F89030 		str	r3, [r2, #144]
 938 04b8 D0E7     		b	.L117
 939              	.L184:
 940 04ba 4FF0B043 		mov	r3, #1476395008
 941 04be D3F89020 		ldr	r2, [r3, #144]
 942 04c2 42F00402 		orr	r2, r2, #4
 943 04c6 C3F89020 		str	r2, [r3, #144]
 944 04ca D3F89020 		ldr	r2, [r3, #144]
 945 04ce 42F00102 		orr	r2, r2, #1
 946 04d2 C3F89020 		str	r2, [r3, #144]
 947 04d6 C1E7     		b	.L117
 948              	.L119:
 949 04d8 FFF7FEFF 		bl	HAL_GetTick
 950 04dc 0546     		mov	r5, r0
 951              	.L121:
 952 04de 4FF0B043 		mov	r3, #1476395008
 953 04e2 D3F89030 		ldr	r3, [r3, #144]
 954 04e6 13F0020F 		tst	r3, #2
 955 04ea 08D0     		beq	.L112
 956 04ec FFF7FEFF 		bl	HAL_GetTick
 957 04f0 401B     		subs	r0, r0, r5
 958 04f2 41F28833 		movw	r3, #5000
 959 04f6 9842     		cmp	r0, r3
 960 04f8 F1D9     		bls	.L121
 961 04fa 0320     		movs	r0, #3
 962 04fc 00E1     		b	.L72
 963              	.L112:
 964 04fe 2368     		ldr	r3, [r4]
 965 0500 13F0400F 		tst	r3, #64
 966 0504 33D0     		beq	.L122
 967 0506 A36A     		ldr	r3, [r4, #40]
 968 0508 C3B1     		cbz	r3, .L123
 969 050a 4FF0B042 		mov	r2, #1476395008
 970 050e D2F89830 		ldr	r3, [r2, #152]
 971 0512 43F00103 		orr	r3, r3, #1
 972 0516 C2F89830 		str	r3, [r2, #152]
 973 051a FFF7FEFF 		bl	HAL_GetTick
 974 051e 0546     		mov	r5, r0
 975              	.L124:
 976 0520 4FF0B043 		mov	r3, #1476395008
 977 0524 D3F89830 		ldr	r3, [r3, #152]
 978 0528 13F0020F 		tst	r3, #2
 979 052c 1FD1     		bne	.L122
 980 052e FFF7FEFF 		bl	HAL_GetTick
 981 0532 401B     		subs	r0, r0, r5
 982 0534 0228     		cmp	r0, #2
ARM GAS  C:\Users\Nathan\AppData\Local\Temp\ccrn0XIW.s 			page 18


 983 0536 F3D9     		bls	.L124
 984 0538 0320     		movs	r0, #3
 985 053a E1E0     		b	.L72
 986              	.L123:
 987 053c 4FF0B042 		mov	r2, #1476395008
 988 0540 D2F89830 		ldr	r3, [r2, #152]
 989 0544 23F00103 		bic	r3, r3, #1
 990 0548 C2F89830 		str	r3, [r2, #152]
 991 054c FFF7FEFF 		bl	HAL_GetTick
 992 0550 0546     		mov	r5, r0
 993              	.L125:
 994 0552 4FF0B043 		mov	r3, #1476395008
 995 0556 D3F89830 		ldr	r3, [r3, #152]
 996 055a 13F0020F 		tst	r3, #2
 997 055e 06D0     		beq	.L122
 998 0560 FFF7FEFF 		bl	HAL_GetTick
 999 0564 401B     		subs	r0, r0, r5
 1000 0566 0228     		cmp	r0, #2
 1001 0568 F3D9     		bls	.L125
 1002 056a 0320     		movs	r0, #3
 1003 056c C8E0     		b	.L72
 1004              	.L122:
 1005 056e E36A     		ldr	r3, [r4, #44]
 1006 0570 002B     		cmp	r3, #0
 1007 0572 00F0C480 		beq	.L163
 1008 0576 4FF0B042 		mov	r2, #1476395008
 1009 057a 9168     		ldr	r1, [r2, #8]
 1010 057c 01F00C01 		and	r1, r1, #12
 1011 0580 D268     		ldr	r2, [r2, #12]
 1012 0582 022B     		cmp	r3, #2
 1013 0584 19D0     		beq	.L185
 1014 0586 0C29     		cmp	r1, #12
 1015 0588 00F0BD80 		beq	.L170
 1016 058c 4FF0B042 		mov	r2, #1476395008
 1017 0590 1368     		ldr	r3, [r2]
 1018 0592 23F08073 		bic	r3, r3, #16777216
 1019 0596 1360     		str	r3, [r2]
 1020 0598 FFF7FEFF 		bl	HAL_GetTick
 1021 059c 0446     		mov	r4, r0
 1022              	.L135:
 1023 059e 4FF0B043 		mov	r3, #1476395008
 1024 05a2 1B68     		ldr	r3, [r3]
 1025 05a4 13F0007F 		tst	r3, #33554432
 1026 05a8 00F09780 		beq	.L186
 1027 05ac FFF7FEFF 		bl	HAL_GetTick
 1028 05b0 001B     		subs	r0, r0, r4
 1029 05b2 0228     		cmp	r0, #2
 1030 05b4 F3D9     		bls	.L135
 1031 05b6 0320     		movs	r0, #3
 1032 05b8 A2E0     		b	.L72
 1033              	.L185:
 1034 05ba 02F00303 		and	r3, r2, #3
 1035 05be 206B     		ldr	r0, [r4, #48]
 1036 05c0 8342     		cmp	r3, r0
 1037 05c2 0AD0     		beq	.L187
 1038              	.L127:
 1039 05c4 0C29     		cmp	r1, #12
ARM GAS  C:\Users\Nathan\AppData\Local\Temp\ccrn0XIW.s 			page 19


 1040 05c6 00F09C80 		beq	.L164
 1041 05ca 4FF0B043 		mov	r3, #1476395008
 1042 05ce 1B68     		ldr	r3, [r3]
 1043 05d0 13F0806F 		tst	r3, #67108864
 1044 05d4 22D0     		beq	.L188
 1045 05d6 0120     		movs	r0, #1
 1046 05d8 92E0     		b	.L72
 1047              	.L187:
 1048 05da 02F07003 		and	r3, r2, #112
 1049 05de 606B     		ldr	r0, [r4, #52]
 1050 05e0 8342     		cmp	r3, r0
 1051 05e2 EFD1     		bne	.L127
 1052 05e4 C2F30623 		ubfx	r3, r2, #8, #7
 1053 05e8 A06B     		ldr	r0, [r4, #56]
 1054 05ea 8342     		cmp	r3, r0
 1055 05ec EAD1     		bne	.L127
 1056 05ee 02F47813 		and	r3, r2, #4063232
 1057 05f2 E06B     		ldr	r0, [r4, #60]
 1058 05f4 8342     		cmp	r3, r0
 1059 05f6 E5D1     		bne	.L127
 1060 05f8 02F06063 		and	r3, r2, #234881024
 1061 05fc 206C     		ldr	r0, [r4, #64]
 1062 05fe 8342     		cmp	r3, r0
 1063 0600 E0D1     		bne	.L127
 1064 0602 02F06042 		and	r2, r2, #-536870912
 1065 0606 636C     		ldr	r3, [r4, #68]
 1066 0608 9A42     		cmp	r2, r3
 1067 060a DBD1     		bne	.L127
 1068 060c 4FF0B043 		mov	r3, #1476395008
 1069 0610 1B68     		ldr	r3, [r3]
 1070 0612 13F0007F 		tst	r3, #33554432
 1071 0616 44D0     		beq	.L189
 1072 0618 0020     		movs	r0, #0
 1073 061a 71E0     		b	.L72
 1074              	.L188:
 1075 061c 4FF0B042 		mov	r2, #1476395008
 1076 0620 1368     		ldr	r3, [r2]
 1077 0622 23F08073 		bic	r3, r3, #16777216
 1078 0626 1360     		str	r3, [r2]
 1079 0628 FFF7FEFF 		bl	HAL_GetTick
 1080 062c 0546     		mov	r5, r0
 1081              	.L129:
 1082 062e 4FF0B043 		mov	r3, #1476395008
 1083 0632 1B68     		ldr	r3, [r3]
 1084 0634 13F0007F 		tst	r3, #33554432
 1085 0638 06D0     		beq	.L190
 1086 063a FFF7FEFF 		bl	HAL_GetTick
 1087 063e 401B     		subs	r0, r0, r5
 1088 0640 0228     		cmp	r0, #2
 1089 0642 F4D9     		bls	.L129
 1090 0644 0320     		movs	r0, #3
 1091 0646 5BE0     		b	.L72
 1092              	.L190:
 1093 0648 4FF0B042 		mov	r2, #1476395008
 1094 064c D368     		ldr	r3, [r2, #12]
 1095 064e 3049     		ldr	r1, .L195+4
 1096 0650 1940     		ands	r1, r1, r3
ARM GAS  C:\Users\Nathan\AppData\Local\Temp\ccrn0XIW.s 			page 20


 1097 0652 236B     		ldr	r3, [r4, #48]
 1098 0654 606B     		ldr	r0, [r4, #52]
 1099 0656 0343     		orrs	r3, r3, r0
 1100 0658 A06B     		ldr	r0, [r4, #56]
 1101 065a 43EA0023 		orr	r3, r3, r0, lsl #8
 1102 065e E06B     		ldr	r0, [r4, #60]
 1103 0660 0343     		orrs	r3, r3, r0
 1104 0662 206C     		ldr	r0, [r4, #64]
 1105 0664 0343     		orrs	r3, r3, r0
 1106 0666 606C     		ldr	r0, [r4, #68]
 1107 0668 0343     		orrs	r3, r3, r0
 1108 066a 1943     		orrs	r1, r1, r3
 1109 066c D160     		str	r1, [r2, #12]
 1110 066e 1368     		ldr	r3, [r2]
 1111 0670 43F08073 		orr	r3, r3, #16777216
 1112 0674 1360     		str	r3, [r2]
 1113 0676 D368     		ldr	r3, [r2, #12]
 1114 0678 43F08053 		orr	r3, r3, #268435456
 1115 067c D360     		str	r3, [r2, #12]
 1116 067e FFF7FEFF 		bl	HAL_GetTick
 1117 0682 0446     		mov	r4, r0
 1118              	.L131:
 1119 0684 4FF0B043 		mov	r3, #1476395008
 1120 0688 1B68     		ldr	r3, [r3]
 1121 068a 13F0007F 		tst	r3, #33554432
 1122 068e 06D1     		bne	.L191
 1123 0690 FFF7FEFF 		bl	HAL_GetTick
 1124 0694 001B     		subs	r0, r0, r4
 1125 0696 0228     		cmp	r0, #2
 1126 0698 F4D9     		bls	.L131
 1127 069a 0320     		movs	r0, #3
 1128 069c 30E0     		b	.L72
 1129              	.L191:
 1130 069e 0020     		movs	r0, #0
 1131 06a0 2EE0     		b	.L72
 1132              	.L189:
 1133 06a2 4FF0B043 		mov	r3, #1476395008
 1134 06a6 1A68     		ldr	r2, [r3]
 1135 06a8 42F08072 		orr	r2, r2, #16777216
 1136 06ac 1A60     		str	r2, [r3]
 1137 06ae DA68     		ldr	r2, [r3, #12]
 1138 06b0 42F08052 		orr	r2, r2, #268435456
 1139 06b4 DA60     		str	r2, [r3, #12]
 1140 06b6 FFF7FEFF 		bl	HAL_GetTick
 1141 06ba 0446     		mov	r4, r0
 1142              	.L133:
 1143 06bc 4FF0B043 		mov	r3, #1476395008
 1144 06c0 1B68     		ldr	r3, [r3]
 1145 06c2 13F0007F 		tst	r3, #33554432
 1146 06c6 06D1     		bne	.L192
 1147 06c8 FFF7FEFF 		bl	HAL_GetTick
 1148 06cc 031B     		subs	r3, r0, r4
 1149 06ce 022B     		cmp	r3, #2
 1150 06d0 F4D9     		bls	.L133
 1151 06d2 0320     		movs	r0, #3
 1152 06d4 14E0     		b	.L72
 1153              	.L192:
ARM GAS  C:\Users\Nathan\AppData\Local\Temp\ccrn0XIW.s 			page 21


 1154 06d6 0020     		movs	r0, #0
 1155 06d8 12E0     		b	.L72
 1156              	.L186:
 1157 06da 4FF0B042 		mov	r2, #1476395008
 1158 06de D168     		ldr	r1, [r2, #12]
 1159 06e0 0C4B     		ldr	r3, .L195+8
 1160 06e2 0B40     		ands	r3, r3, r1
 1161 06e4 D360     		str	r3, [r2, #12]
 1162 06e6 0020     		movs	r0, #0
 1163 06e8 0AE0     		b	.L72
 1164              	.L137:
 1165 06ea 0120     		movs	r0, #1
 1166 06ec 7047     		bx	lr
 1167              	.L138:
 1168 06ee 0120     		movs	r0, #1
 1169 06f0 06E0     		b	.L72
 1170              	.L140:
 1171 06f2 0120     		movs	r0, #1
 1172 06f4 04E0     		b	.L72
 1173              	.L180:
 1174 06f6 0120     		movs	r0, #1
 1175 06f8 02E0     		b	.L72
 1176              	.L148:
 1177 06fa 0120     		movs	r0, #1
 1178 06fc 00E0     		b	.L72
 1179              	.L163:
 1180 06fe 0020     		movs	r0, #0
 1181              	.L72:
 1182 0700 38BD     		pop	{r3, r4, r5, pc}
 1183              	.L164:
 1184 0702 0120     		movs	r0, #1
 1185 0704 FCE7     		b	.L72
 1186              	.L170:
 1187 0706 0120     		movs	r0, #1
 1188 0708 FAE7     		b	.L72
 1189              	.L196:
 1190 070a 00BF     		.align	2
 1191              	.L195:
 1192 070c 00040058 		.word	1476396032
 1193 0710 8C80C111 		.word	297894028
 1194 0714 FCFFFEEE 		.word	-285278212
 1196              		.section	.text.HAL_RCC_ClockConfig,"ax",%progbits
 1197              		.align	1
 1198              		.global	HAL_RCC_ClockConfig
 1199              		.syntax unified
 1200              		.thumb
 1201              		.thumb_func
 1203              	HAL_RCC_ClockConfig:
 1204              		@ args = 0, pretend = 0, frame = 0
 1205              		@ frame_needed = 0, uses_anonymous_args = 0
 1206 0000 0028     		cmp	r0, #0
 1207 0002 00F02781 		beq	.L222
 1208 0006 70B5     		push	{r4, r5, r6, lr}
 1209 0008 0C46     		mov	r4, r1
 1210 000a 0546     		mov	r5, r0
 1211 000c 934B     		ldr	r3, .L244
 1212 000e 1B68     		ldr	r3, [r3]
ARM GAS  C:\Users\Nathan\AppData\Local\Temp\ccrn0XIW.s 			page 22


 1213 0010 03F00703 		and	r3, r3, #7
 1214 0014 8B42     		cmp	r3, r1
 1215 0016 2DD3     		bcc	.L236
 1216              	.L199:
 1217 0018 2B68     		ldr	r3, [r5]
 1218 001a 13F0020F 		tst	r3, #2
 1219 001e 3FD1     		bne	.L237
 1220              	.L202:
 1221 0020 2B68     		ldr	r3, [r5]
 1222 0022 13F0200F 		tst	r3, #32
 1223 0026 53D1     		bne	.L238
 1224              	.L204:
 1225 0028 2B68     		ldr	r3, [r5]
 1226 002a 13F0400F 		tst	r3, #64
 1227 002e 6AD1     		bne	.L239
 1228              	.L206:
 1229 0030 2B68     		ldr	r3, [r5]
 1230 0032 13F0040F 		tst	r3, #4
 1231 0036 40F08380 		bne	.L240
 1232              	.L208:
 1233 003a 2B68     		ldr	r3, [r5]
 1234 003c 13F0080F 		tst	r3, #8
 1235 0040 40F09780 		bne	.L241
 1236              	.L210:
 1237 0044 2B68     		ldr	r3, [r5]
 1238 0046 13F0010F 		tst	r3, #1
 1239 004a 00F0DE80 		beq	.L212
 1240 004e 6B68     		ldr	r3, [r5, #4]
 1241 0050 022B     		cmp	r3, #2
 1242 0052 00F0A880 		beq	.L242
 1243 0056 032B     		cmp	r3, #3
 1244 0058 00F0AD80 		beq	.L243
 1245 005c 002B     		cmp	r3, #0
 1246 005e 40F0B280 		bne	.L216
 1247 0062 4FF0B042 		mov	r2, #1476395008
 1248 0066 1268     		ldr	r2, [r2]
 1249 0068 12F0020F 		tst	r2, #2
 1250 006c 40F0B180 		bne	.L214
 1251 0070 0120     		movs	r0, #1
 1252 0072 EEE0     		b	.L198
 1253              	.L236:
 1254 0074 794A     		ldr	r2, .L244
 1255 0076 1368     		ldr	r3, [r2]
 1256 0078 23F00703 		bic	r3, r3, #7
 1257 007c 0B43     		orrs	r3, r3, r1
 1258 007e 1360     		str	r3, [r2]
 1259 0080 FFF7FEFF 		bl	HAL_GetTick
 1260 0084 0646     		mov	r6, r0
 1261              	.L200:
 1262 0086 754B     		ldr	r3, .L244
 1263 0088 1B68     		ldr	r3, [r3]
 1264 008a 03F00703 		and	r3, r3, #7
 1265 008e A342     		cmp	r3, r4
 1266 0090 C2D0     		beq	.L199
 1267 0092 FFF7FEFF 		bl	HAL_GetTick
 1268 0096 801B     		subs	r0, r0, r6
 1269 0098 0228     		cmp	r0, #2
ARM GAS  C:\Users\Nathan\AppData\Local\Temp\ccrn0XIW.s 			page 23


 1270 009a F4D9     		bls	.L200
 1271 009c 0320     		movs	r0, #3
 1272 009e D8E0     		b	.L198
 1273              	.L237:
 1274 00a0 AB68     		ldr	r3, [r5, #8]
 1275 00a2 4FF0B041 		mov	r1, #1476395008
 1276 00a6 8A68     		ldr	r2, [r1, #8]
 1277 00a8 22F0F002 		bic	r2, r2, #240
 1278 00ac 1343     		orrs	r3, r3, r2
 1279 00ae 8B60     		str	r3, [r1, #8]
 1280 00b0 FFF7FEFF 		bl	HAL_GetTick
 1281 00b4 0646     		mov	r6, r0
 1282              	.L203:
 1283 00b6 4FF0B043 		mov	r3, #1476395008
 1284 00ba 9B68     		ldr	r3, [r3, #8]
 1285 00bc 13F4803F 		tst	r3, #65536
 1286 00c0 AED1     		bne	.L202
 1287 00c2 FFF7FEFF 		bl	HAL_GetTick
 1288 00c6 801B     		subs	r0, r0, r6
 1289 00c8 0228     		cmp	r0, #2
 1290 00ca F4D9     		bls	.L203
 1291 00cc 0320     		movs	r0, #3
 1292 00ce C0E0     		b	.L198
 1293              	.L238:
 1294 00d0 6B69     		ldr	r3, [r5, #20]
 1295 00d2 4FF0B041 		mov	r1, #1476395008
 1296 00d6 D1F80821 		ldr	r2, [r1, #264]
 1297 00da 22F0F002 		bic	r2, r2, #240
 1298 00de 1343     		orrs	r3, r3, r2
 1299 00e0 C1F80831 		str	r3, [r1, #264]
 1300 00e4 FFF7FEFF 		bl	HAL_GetTick
 1301 00e8 0646     		mov	r6, r0
 1302              	.L205:
 1303 00ea 4FF0B043 		mov	r3, #1476395008
 1304 00ee D3F80831 		ldr	r3, [r3, #264]
 1305 00f2 13F4003F 		tst	r3, #131072
 1306 00f6 97D1     		bne	.L204
 1307 00f8 FFF7FEFF 		bl	HAL_GetTick
 1308 00fc 801B     		subs	r0, r0, r6
 1309 00fe 0228     		cmp	r0, #2
 1310 0100 F3D9     		bls	.L205
 1311 0102 0320     		movs	r0, #3
 1312 0104 A5E0     		b	.L198
 1313              	.L239:
 1314 0106 A969     		ldr	r1, [r5, #24]
 1315 0108 4FF0B042 		mov	r2, #1476395008
 1316 010c D2F80831 		ldr	r3, [r2, #264]
 1317 0110 23F00F03 		bic	r3, r3, #15
 1318 0114 43EA1113 		orr	r3, r3, r1, lsr #4
 1319 0118 C2F80831 		str	r3, [r2, #264]
 1320 011c FFF7FEFF 		bl	HAL_GetTick
 1321 0120 0646     		mov	r6, r0
 1322              	.L207:
 1323 0122 4FF0B043 		mov	r3, #1476395008
 1324 0126 D3F80831 		ldr	r3, [r3, #264]
 1325 012a 13F4803F 		tst	r3, #65536
 1326 012e 7FF47FAF 		bne	.L206
ARM GAS  C:\Users\Nathan\AppData\Local\Temp\ccrn0XIW.s 			page 24


 1327 0132 FFF7FEFF 		bl	HAL_GetTick
 1328 0136 801B     		subs	r0, r0, r6
 1329 0138 0228     		cmp	r0, #2
 1330 013a F2D9     		bls	.L207
 1331 013c 0320     		movs	r0, #3
 1332 013e 88E0     		b	.L198
 1333              	.L240:
 1334 0140 EB68     		ldr	r3, [r5, #12]
 1335 0142 4FF0B041 		mov	r1, #1476395008
 1336 0146 8A68     		ldr	r2, [r1, #8]
 1337 0148 22F4E062 		bic	r2, r2, #1792
 1338 014c 1343     		orrs	r3, r3, r2
 1339 014e 8B60     		str	r3, [r1, #8]
 1340 0150 FFF7FEFF 		bl	HAL_GetTick
 1341 0154 0646     		mov	r6, r0
 1342              	.L209:
 1343 0156 4FF0B043 		mov	r3, #1476395008
 1344 015a 9B68     		ldr	r3, [r3, #8]
 1345 015c 13F4003F 		tst	r3, #131072
 1346 0160 7FF46BAF 		bne	.L208
 1347 0164 FFF7FEFF 		bl	HAL_GetTick
 1348 0168 801B     		subs	r0, r0, r6
 1349 016a 0228     		cmp	r0, #2
 1350 016c F3D9     		bls	.L209
 1351 016e 0320     		movs	r0, #3
 1352 0170 6FE0     		b	.L198
 1353              	.L241:
 1354 0172 2969     		ldr	r1, [r5, #16]
 1355 0174 4FF0B042 		mov	r2, #1476395008
 1356 0178 9368     		ldr	r3, [r2, #8]
 1357 017a 23F46053 		bic	r3, r3, #14336
 1358 017e 43EAC103 		orr	r3, r3, r1, lsl #3
 1359 0182 9360     		str	r3, [r2, #8]
 1360 0184 FFF7FEFF 		bl	HAL_GetTick
 1361 0188 0646     		mov	r6, r0
 1362              	.L211:
 1363 018a 4FF0B043 		mov	r3, #1476395008
 1364 018e 9B68     		ldr	r3, [r3, #8]
 1365 0190 13F4802F 		tst	r3, #262144
 1366 0194 7FF456AF 		bne	.L210
 1367 0198 FFF7FEFF 		bl	HAL_GetTick
 1368 019c 801B     		subs	r0, r0, r6
 1369 019e 0228     		cmp	r0, #2
 1370 01a0 F3D9     		bls	.L211
 1371 01a2 0320     		movs	r0, #3
 1372 01a4 55E0     		b	.L198
 1373              	.L242:
 1374 01a6 4FF0B042 		mov	r2, #1476395008
 1375 01aa 1268     		ldr	r2, [r2]
 1376 01ac 12F4003F 		tst	r2, #131072
 1377 01b0 0FD1     		bne	.L214
 1378 01b2 0120     		movs	r0, #1
 1379 01b4 4DE0     		b	.L198
 1380              	.L243:
 1381 01b6 4FF0B042 		mov	r2, #1476395008
 1382 01ba 1268     		ldr	r2, [r2]
 1383 01bc 12F0007F 		tst	r2, #33554432
ARM GAS  C:\Users\Nathan\AppData\Local\Temp\ccrn0XIW.s 			page 25


 1384 01c0 07D1     		bne	.L214
 1385 01c2 0120     		movs	r0, #1
 1386 01c4 45E0     		b	.L198
 1387              	.L216:
 1388 01c6 4FF0B042 		mov	r2, #1476395008
 1389 01ca 1268     		ldr	r2, [r2]
 1390 01cc 12F4806F 		tst	r2, #1024
 1391 01d0 42D0     		beq	.L229
 1392              	.L214:
 1393 01d2 4FF0B041 		mov	r1, #1476395008
 1394 01d6 8A68     		ldr	r2, [r1, #8]
 1395 01d8 22F00302 		bic	r2, r2, #3
 1396 01dc 1343     		orrs	r3, r3, r2
 1397 01de 8B60     		str	r3, [r1, #8]
 1398 01e0 FFF7FEFF 		bl	HAL_GetTick
 1399 01e4 0646     		mov	r6, r0
 1400              	.L217:
 1401 01e6 4FF0B043 		mov	r3, #1476395008
 1402 01ea 9B68     		ldr	r3, [r3, #8]
 1403 01ec 03F00C03 		and	r3, r3, #12
 1404 01f0 6A68     		ldr	r2, [r5, #4]
 1405 01f2 B3EB820F 		cmp	r3, r2, lsl #2
 1406 01f6 08D0     		beq	.L212
 1407 01f8 FFF7FEFF 		bl	HAL_GetTick
 1408 01fc 801B     		subs	r0, r0, r6
 1409 01fe 41F28833 		movw	r3, #5000
 1410 0202 9842     		cmp	r0, r3
 1411 0204 EFD9     		bls	.L217
 1412 0206 0320     		movs	r0, #3
 1413 0208 23E0     		b	.L198
 1414              	.L212:
 1415 020a 144B     		ldr	r3, .L244
 1416 020c 1B68     		ldr	r3, [r3]
 1417 020e 03F00703 		and	r3, r3, #7
 1418 0212 A342     		cmp	r3, r4
 1419 0214 15D9     		bls	.L219
 1420 0216 114A     		ldr	r2, .L244
 1421 0218 1368     		ldr	r3, [r2]
 1422 021a 23F00703 		bic	r3, r3, #7
 1423 021e 2343     		orrs	r3, r3, r4
 1424 0220 1360     		str	r3, [r2]
 1425 0222 FFF7FEFF 		bl	HAL_GetTick
 1426 0226 0546     		mov	r5, r0
 1427              	.L220:
 1428 0228 0C4B     		ldr	r3, .L244
 1429 022a 1B68     		ldr	r3, [r3]
 1430 022c 03F00703 		and	r3, r3, #7
 1431 0230 A342     		cmp	r3, r4
 1432 0232 06D0     		beq	.L219
 1433 0234 FFF7FEFF 		bl	HAL_GetTick
 1434 0238 401B     		subs	r0, r0, r5
 1435 023a 0228     		cmp	r0, #2
 1436 023c F4D9     		bls	.L220
 1437 023e 0320     		movs	r0, #3
 1438 0240 07E0     		b	.L198
 1439              	.L219:
 1440 0242 FFF7FEFF 		bl	HAL_RCC_GetHCLKFreq
ARM GAS  C:\Users\Nathan\AppData\Local\Temp\ccrn0XIW.s 			page 26


 1441 0246 064B     		ldr	r3, .L244+4
 1442 0248 1860     		str	r0, [r3]
 1443 024a FFF7FEFF 		bl	HAL_GetTickPrio
 1444 024e FFF7FEFF 		bl	HAL_InitTick
 1445              	.L198:
 1446 0252 70BD     		pop	{r4, r5, r6, pc}
 1447              	.L222:
 1448 0254 0120     		movs	r0, #1
 1449 0256 7047     		bx	lr
 1450              	.L229:
 1451 0258 0120     		movs	r0, #1
 1452 025a FAE7     		b	.L198
 1453              	.L245:
 1454              		.align	2
 1455              	.L244:
 1456 025c 00400058 		.word	1476411392
 1457 0260 00000000 		.word	SystemCoreClock
 1459              		.section	.text.HAL_RCC_GetHCLK2Freq,"ax",%progbits
 1460              		.align	1
 1461              		.global	HAL_RCC_GetHCLK2Freq
 1462              		.syntax unified
 1463              		.thumb
 1464              		.thumb_func
 1466              	HAL_RCC_GetHCLK2Freq:
 1467              		@ args = 0, pretend = 0, frame = 0
 1468              		@ frame_needed = 0, uses_anonymous_args = 0
 1469 0000 08B5     		push	{r3, lr}
 1470 0002 FFF7FEFF 		bl	HAL_RCC_GetSysClockFreq
 1471 0006 4FF0B043 		mov	r3, #1476395008
 1472 000a D3F80831 		ldr	r3, [r3, #264]
 1473 000e C3F30313 		ubfx	r3, r3, #4, #4
 1474 0012 034A     		ldr	r2, .L248
 1475 0014 52F82330 		ldr	r3, [r2, r3, lsl #2]
 1476 0018 B0FBF3F0 		udiv	r0, r0, r3
 1477 001c 08BD     		pop	{r3, pc}
 1478              	.L249:
 1479 001e 00BF     		.align	2
 1480              	.L248:
 1481 0020 00000000 		.word	AHBPrescTable
 1483              		.section	.text.HAL_RCC_GetHCLK4Freq,"ax",%progbits
 1484              		.align	1
 1485              		.global	HAL_RCC_GetHCLK4Freq
 1486              		.syntax unified
 1487              		.thumb
 1488              		.thumb_func
 1490              	HAL_RCC_GetHCLK4Freq:
 1491              		@ args = 0, pretend = 0, frame = 0
 1492              		@ frame_needed = 0, uses_anonymous_args = 0
 1493 0000 08B5     		push	{r3, lr}
 1494 0002 FFF7FEFF 		bl	HAL_RCC_GetSysClockFreq
 1495 0006 4FF0B043 		mov	r3, #1476395008
 1496 000a D3F80831 		ldr	r3, [r3, #264]
 1497 000e 03F00F03 		and	r3, r3, #15
 1498 0012 034A     		ldr	r2, .L252
 1499 0014 52F82330 		ldr	r3, [r2, r3, lsl #2]
 1500 0018 B0FBF3F0 		udiv	r0, r0, r3
 1501 001c 08BD     		pop	{r3, pc}
ARM GAS  C:\Users\Nathan\AppData\Local\Temp\ccrn0XIW.s 			page 27


 1502              	.L253:
 1503 001e 00BF     		.align	2
 1504              	.L252:
 1505 0020 00000000 		.word	AHBPrescTable
 1507              		.section	.text.HAL_RCC_GetPCLK1Freq,"ax",%progbits
 1508              		.align	1
 1509              		.global	HAL_RCC_GetPCLK1Freq
 1510              		.syntax unified
 1511              		.thumb
 1512              		.thumb_func
 1514              	HAL_RCC_GetPCLK1Freq:
 1515              		@ args = 0, pretend = 0, frame = 0
 1516              		@ frame_needed = 0, uses_anonymous_args = 0
 1517 0000 08B5     		push	{r3, lr}
 1518 0002 FFF7FEFF 		bl	HAL_RCC_GetHCLKFreq
 1519 0006 4FF0B043 		mov	r3, #1476395008
 1520 000a 9B68     		ldr	r3, [r3, #8]
 1521 000c C3F30223 		ubfx	r3, r3, #8, #3
 1522 0010 034A     		ldr	r2, .L256
 1523 0012 52F82330 		ldr	r3, [r2, r3, lsl #2]
 1524 0016 03F01F03 		and	r3, r3, #31
 1525 001a D840     		lsrs	r0, r0, r3
 1526 001c 08BD     		pop	{r3, pc}
 1527              	.L257:
 1528 001e 00BF     		.align	2
 1529              	.L256:
 1530 0020 00000000 		.word	APBPrescTable
 1532              		.section	.text.HAL_RCC_GetPCLK2Freq,"ax",%progbits
 1533              		.align	1
 1534              		.global	HAL_RCC_GetPCLK2Freq
 1535              		.syntax unified
 1536              		.thumb
 1537              		.thumb_func
 1539              	HAL_RCC_GetPCLK2Freq:
 1540              		@ args = 0, pretend = 0, frame = 0
 1541              		@ frame_needed = 0, uses_anonymous_args = 0
 1542 0000 08B5     		push	{r3, lr}
 1543 0002 FFF7FEFF 		bl	HAL_RCC_GetHCLKFreq
 1544 0006 4FF0B043 		mov	r3, #1476395008
 1545 000a 9B68     		ldr	r3, [r3, #8]
 1546 000c C3F3C223 		ubfx	r3, r3, #11, #3
 1547 0010 034A     		ldr	r2, .L260
 1548 0012 52F82330 		ldr	r3, [r2, r3, lsl #2]
 1549 0016 03F01F03 		and	r3, r3, #31
 1550 001a D840     		lsrs	r0, r0, r3
 1551 001c 08BD     		pop	{r3, pc}
 1552              	.L261:
 1553 001e 00BF     		.align	2
 1554              	.L260:
 1555 0020 00000000 		.word	APBPrescTable
 1557              		.section	.text.HAL_RCC_GetOscConfig,"ax",%progbits
 1558              		.align	1
 1559              		.global	HAL_RCC_GetOscConfig
 1560              		.syntax unified
 1561              		.thumb
 1562              		.thumb_func
 1564              	HAL_RCC_GetOscConfig:
ARM GAS  C:\Users\Nathan\AppData\Local\Temp\ccrn0XIW.s 			page 28


 1565              		@ args = 0, pretend = 0, frame = 0
 1566              		@ frame_needed = 0, uses_anonymous_args = 0
 1567              		@ link register save eliminated.
 1568 0000 30B4     		push	{r4, r5}
 1569 0002 3F23     		movs	r3, #63
 1570 0004 0360     		str	r3, [r0]
 1571 0006 7F23     		movs	r3, #127
 1572 0008 0360     		str	r3, [r0]
 1573 000a 4FF0B041 		mov	r1, #1476395008
 1574 000e 0B68     		ldr	r3, [r1]
 1575 0010 4C68     		ldr	r4, [r1, #4]
 1576 0012 CA68     		ldr	r2, [r1, #12]
 1577 0014 03F48035 		and	r5, r3, #65536
 1578 0018 4560     		str	r5, [r0, #4]
 1579 001a 03F00105 		and	r5, r3, #1
 1580 001e C561     		str	r5, [r0, #28]
 1581 0020 C4F30725 		ubfx	r5, r4, #8, #8
 1582 0024 0562     		str	r5, [r0, #32]
 1583 0026 03F0F005 		and	r5, r3, #240
 1584 002a 4562     		str	r5, [r0, #36]
 1585 002c 03F48075 		and	r5, r3, #256
 1586 0030 C560     		str	r5, [r0, #12]
 1587 0032 C4F30664 		ubfx	r4, r4, #24, #7
 1588 0036 0461     		str	r4, [r0, #16]
 1589 0038 C3F30063 		ubfx	r3, r3, #24, #1
 1590 003c 0133     		adds	r3, r3, #1
 1591 003e C362     		str	r3, [r0, #44]
 1592 0040 02F00303 		and	r3, r2, #3
 1593 0044 0363     		str	r3, [r0, #48]
 1594 0046 02F07003 		and	r3, r2, #112
 1595 004a 4363     		str	r3, [r0, #52]
 1596 004c C2F30623 		ubfx	r3, r2, #8, #7
 1597 0050 8363     		str	r3, [r0, #56]
 1598 0052 02F47813 		and	r3, r2, #4063232
 1599 0056 C363     		str	r3, [r0, #60]
 1600 0058 02F06063 		and	r3, r2, #234881024
 1601 005c 0364     		str	r3, [r0, #64]
 1602 005e 02F06042 		and	r2, r2, #-536870912
 1603 0062 4264     		str	r2, [r0, #68]
 1604 0064 D1F89030 		ldr	r3, [r1, #144]
 1605 0068 03F00503 		and	r3, r3, #5
 1606 006c 8360     		str	r3, [r0, #8]
 1607 006e D1F89430 		ldr	r3, [r1, #148]
 1608 0072 13F00503 		ands	r3, r3, #5
 1609 0076 00D0     		beq	.L263
 1610 0078 0523     		movs	r3, #5
 1611              	.L263:
 1612 007a 4361     		str	r3, [r0, #20]
 1613 007c 4FF0B043 		mov	r3, #1476395008
 1614 0080 D3F89830 		ldr	r3, [r3, #152]
 1615 0084 03F00103 		and	r3, r3, #1
 1616 0088 8362     		str	r3, [r0, #40]
 1617 008a 30BC     		pop	{r4, r5}
 1618 008c 7047     		bx	lr
 1620              		.section	.text.HAL_RCC_GetClockConfig,"ax",%progbits
 1621              		.align	1
 1622              		.global	HAL_RCC_GetClockConfig
ARM GAS  C:\Users\Nathan\AppData\Local\Temp\ccrn0XIW.s 			page 29


 1623              		.syntax unified
 1624              		.thumb
 1625              		.thumb_func
 1627              	HAL_RCC_GetClockConfig:
 1628              		@ args = 0, pretend = 0, frame = 0
 1629              		@ frame_needed = 0, uses_anonymous_args = 0
 1630              		@ link register save eliminated.
 1631 0000 6F23     		movs	r3, #111
 1632 0002 0360     		str	r3, [r0]
 1633 0004 4FF0B043 		mov	r3, #1476395008
 1634 0008 9A68     		ldr	r2, [r3, #8]
 1635 000a 02F00C02 		and	r2, r2, #12
 1636 000e 4260     		str	r2, [r0, #4]
 1637 0010 9A68     		ldr	r2, [r3, #8]
 1638 0012 02F0F002 		and	r2, r2, #240
 1639 0016 8260     		str	r2, [r0, #8]
 1640 0018 9A68     		ldr	r2, [r3, #8]
 1641 001a 02F4E062 		and	r2, r2, #1792
 1642 001e C260     		str	r2, [r0, #12]
 1643 0020 9A68     		ldr	r2, [r3, #8]
 1644 0022 02F46052 		and	r2, r2, #14336
 1645 0026 0261     		str	r2, [r0, #16]
 1646 0028 D3F80821 		ldr	r2, [r3, #264]
 1647 002c 02F0F002 		and	r2, r2, #240
 1648 0030 4261     		str	r2, [r0, #20]
 1649 0032 D3F80831 		ldr	r3, [r3, #264]
 1650 0036 1B01     		lsls	r3, r3, #4
 1651 0038 DBB2     		uxtb	r3, r3
 1652 003a 8361     		str	r3, [r0, #24]
 1653 003c 024B     		ldr	r3, .L266
 1654 003e 1B68     		ldr	r3, [r3]
 1655 0040 03F00703 		and	r3, r3, #7
 1656 0044 0B60     		str	r3, [r1]
 1657 0046 7047     		bx	lr
 1658              	.L267:
 1659              		.align	2
 1660              	.L266:
 1661 0048 00400058 		.word	1476411392
 1663              		.section	.text.HAL_RCC_EnableCSS,"ax",%progbits
 1664              		.align	1
 1665              		.global	HAL_RCC_EnableCSS
 1666              		.syntax unified
 1667              		.thumb
 1668              		.thumb_func
 1670              	HAL_RCC_EnableCSS:
 1671              		@ args = 0, pretend = 0, frame = 0
 1672              		@ frame_needed = 0, uses_anonymous_args = 0
 1673              		@ link register save eliminated.
 1674 0000 4FF0B042 		mov	r2, #1476395008
 1675 0004 1368     		ldr	r3, [r2]
 1676 0006 43F40023 		orr	r3, r3, #524288
 1677 000a 1360     		str	r3, [r2]
 1678 000c 7047     		bx	lr
 1680              		.section	.text.HAL_RCC_CSSCallback,"ax",%progbits
 1681              		.align	1
 1682              		.weak	HAL_RCC_CSSCallback
 1683              		.syntax unified
ARM GAS  C:\Users\Nathan\AppData\Local\Temp\ccrn0XIW.s 			page 30


 1684              		.thumb
 1685              		.thumb_func
 1687              	HAL_RCC_CSSCallback:
 1688              		@ args = 0, pretend = 0, frame = 0
 1689              		@ frame_needed = 0, uses_anonymous_args = 0
 1690              		@ link register save eliminated.
 1691 0000 7047     		bx	lr
 1693              		.section	.text.HAL_RCC_NMI_IRQHandler,"ax",%progbits
 1694              		.align	1
 1695              		.global	HAL_RCC_NMI_IRQHandler
 1696              		.syntax unified
 1697              		.thumb
 1698              		.thumb_func
 1700              	HAL_RCC_NMI_IRQHandler:
 1701              		@ args = 0, pretend = 0, frame = 0
 1702              		@ frame_needed = 0, uses_anonymous_args = 0
 1703 0000 08B5     		push	{r3, lr}
 1704 0002 4FF0B043 		mov	r3, #1476395008
 1705 0006 DB69     		ldr	r3, [r3, #28]
 1706 0008 13F4807F 		tst	r3, #256
 1707 000c 00D1     		bne	.L273
 1708              	.L270:
 1709 000e 08BD     		pop	{r3, pc}
 1710              	.L273:
 1711 0010 FFF7FEFF 		bl	HAL_RCC_CSSCallback
 1712 0014 4FF0B043 		mov	r3, #1476395008
 1713 0018 4FF48072 		mov	r2, #256
 1714 001c 1A62     		str	r2, [r3, #32]
 1715 001e F6E7     		b	.L270
 1717              		.section	.text.HAL_RCC_GetResetSource,"ax",%progbits
 1718              		.align	1
 1719              		.global	HAL_RCC_GetResetSource
 1720              		.syntax unified
 1721              		.thumb
 1722              		.thumb_func
 1724              	HAL_RCC_GetResetSource:
 1725              		@ args = 0, pretend = 0, frame = 0
 1726              		@ frame_needed = 0, uses_anonymous_args = 0
 1727              		@ link register save eliminated.
 1728 0000 4FF0B043 		mov	r3, #1476395008
 1729 0004 D3F89400 		ldr	r0, [r3, #148]
 1730 0008 D3F89420 		ldr	r2, [r3, #148]
 1731 000c 42F40002 		orr	r2, r2, #8388608
 1732 0010 C3F89420 		str	r2, [r3, #148]
 1733 0014 00F07E40 		and	r0, r0, #-33554432
 1734 0018 7047     		bx	lr
 1736              		.section	.rodata
 1737              		.align	2
 1738              		.set	.LANCHOR0,. + 0
 1739              	.LC0:
 1740 0000 12000000 		.word	18
 1741 0004 24000000 		.word	36
 1742 0008 36000000 		.word	54
 1743 000c 40000000 		.word	64
 1744              	.LC1:
 1745 0010 06000000 		.word	6
 1746 0014 0C000000 		.word	12
ARM GAS  C:\Users\Nathan\AppData\Local\Temp\ccrn0XIW.s 			page 31


 1747 0018 10000000 		.word	16
 1748              	.LC2:
 1749 001c 00000000 		.word	0
 1750 0020 01000000 		.word	1
 1751 0024 02000000 		.word	2
 1752 0028 03000000 		.word	3
 1753              		.ident	"GCC: (Arm GNU Toolchain 13.3.Rel1 (Build arm-13.24)) 13.3.1 20240614"
ARM GAS  C:\Users\Nathan\AppData\Local\Temp\ccrn0XIW.s 			page 32


DEFINED SYMBOLS
                            *ABS*:00000000 stm32wbxx_hal_rcc.c
C:\Users\Nathan\AppData\Local\Temp\ccrn0XIW.s:18     .text.RCC_SetFlashLatency:00000000 $t
C:\Users\Nathan\AppData\Local\Temp\ccrn0XIW.s:23     .text.RCC_SetFlashLatency:00000000 RCC_SetFlashLatency
C:\Users\Nathan\AppData\Local\Temp\ccrn0XIW.s:111    .text.RCC_SetFlashLatency:000000b8 $d
C:\Users\Nathan\AppData\Local\Temp\ccrn0XIW.s:115    .text.RCC_SetFlashLatencyFromMSIRange:00000000 $t
C:\Users\Nathan\AppData\Local\Temp\ccrn0XIW.s:120    .text.RCC_SetFlashLatencyFromMSIRange:00000000 RCC_SetFlashLatencyFromMSIRange
C:\Users\Nathan\AppData\Local\Temp\ccrn0XIW.s:150    .text.RCC_SetFlashLatencyFromMSIRange:00000040 $d
C:\Users\Nathan\AppData\Local\Temp\ccrn0XIW.s:155    .text.HAL_RCC_DeInit:00000000 $t
C:\Users\Nathan\AppData\Local\Temp\ccrn0XIW.s:161    .text.HAL_RCC_DeInit:00000000 HAL_RCC_DeInit
C:\Users\Nathan\AppData\Local\Temp\ccrn0XIW.s:274    .text.HAL_RCC_DeInit:00000108 $d
C:\Users\Nathan\AppData\Local\Temp\ccrn0XIW.s:281    .text.HAL_RCC_MCOConfig:00000000 $t
C:\Users\Nathan\AppData\Local\Temp\ccrn0XIW.s:287    .text.HAL_RCC_MCOConfig:00000000 HAL_RCC_MCOConfig
C:\Users\Nathan\AppData\Local\Temp\ccrn0XIW.s:337    .text.HAL_RCC_GetSysClockFreq:00000000 $t
C:\Users\Nathan\AppData\Local\Temp\ccrn0XIW.s:343    .text.HAL_RCC_GetSysClockFreq:00000000 HAL_RCC_GetSysClockFreq
C:\Users\Nathan\AppData\Local\Temp\ccrn0XIW.s:431    .text.HAL_RCC_GetSysClockFreq:000000b4 $d
C:\Users\Nathan\AppData\Local\Temp\ccrn0XIW.s:436    .text.HAL_RCC_GetHCLKFreq:00000000 $t
C:\Users\Nathan\AppData\Local\Temp\ccrn0XIW.s:442    .text.HAL_RCC_GetHCLKFreq:00000000 HAL_RCC_GetHCLKFreq
C:\Users\Nathan\AppData\Local\Temp\ccrn0XIW.s:457    .text.HAL_RCC_GetHCLKFreq:0000001c $d
C:\Users\Nathan\AppData\Local\Temp\ccrn0XIW.s:460    .text.HAL_RCC_OscConfig:00000000 $t
C:\Users\Nathan\AppData\Local\Temp\ccrn0XIW.s:466    .text.HAL_RCC_OscConfig:00000000 HAL_RCC_OscConfig
C:\Users\Nathan\AppData\Local\Temp\ccrn0XIW.s:878    .text.HAL_RCC_OscConfig:0000041c $d
C:\Users\Nathan\AppData\Local\Temp\ccrn0XIW.s:881    .text.HAL_RCC_OscConfig:00000424 $t
C:\Users\Nathan\AppData\Local\Temp\ccrn0XIW.s:1192   .text.HAL_RCC_OscConfig:0000070c $d
C:\Users\Nathan\AppData\Local\Temp\ccrn0XIW.s:1197   .text.HAL_RCC_ClockConfig:00000000 $t
C:\Users\Nathan\AppData\Local\Temp\ccrn0XIW.s:1203   .text.HAL_RCC_ClockConfig:00000000 HAL_RCC_ClockConfig
C:\Users\Nathan\AppData\Local\Temp\ccrn0XIW.s:1456   .text.HAL_RCC_ClockConfig:0000025c $d
C:\Users\Nathan\AppData\Local\Temp\ccrn0XIW.s:1460   .text.HAL_RCC_GetHCLK2Freq:00000000 $t
C:\Users\Nathan\AppData\Local\Temp\ccrn0XIW.s:1466   .text.HAL_RCC_GetHCLK2Freq:00000000 HAL_RCC_GetHCLK2Freq
C:\Users\Nathan\AppData\Local\Temp\ccrn0XIW.s:1481   .text.HAL_RCC_GetHCLK2Freq:00000020 $d
C:\Users\Nathan\AppData\Local\Temp\ccrn0XIW.s:1484   .text.HAL_RCC_GetHCLK4Freq:00000000 $t
C:\Users\Nathan\AppData\Local\Temp\ccrn0XIW.s:1490   .text.HAL_RCC_GetHCLK4Freq:00000000 HAL_RCC_GetHCLK4Freq
C:\Users\Nathan\AppData\Local\Temp\ccrn0XIW.s:1505   .text.HAL_RCC_GetHCLK4Freq:00000020 $d
C:\Users\Nathan\AppData\Local\Temp\ccrn0XIW.s:1508   .text.HAL_RCC_GetPCLK1Freq:00000000 $t
C:\Users\Nathan\AppData\Local\Temp\ccrn0XIW.s:1514   .text.HAL_RCC_GetPCLK1Freq:00000000 HAL_RCC_GetPCLK1Freq
C:\Users\Nathan\AppData\Local\Temp\ccrn0XIW.s:1530   .text.HAL_RCC_GetPCLK1Freq:00000020 $d
C:\Users\Nathan\AppData\Local\Temp\ccrn0XIW.s:1533   .text.HAL_RCC_GetPCLK2Freq:00000000 $t
C:\Users\Nathan\AppData\Local\Temp\ccrn0XIW.s:1539   .text.HAL_RCC_GetPCLK2Freq:00000000 HAL_RCC_GetPCLK2Freq
C:\Users\Nathan\AppData\Local\Temp\ccrn0XIW.s:1555   .text.HAL_RCC_GetPCLK2Freq:00000020 $d
C:\Users\Nathan\AppData\Local\Temp\ccrn0XIW.s:1558   .text.HAL_RCC_GetOscConfig:00000000 $t
C:\Users\Nathan\AppData\Local\Temp\ccrn0XIW.s:1564   .text.HAL_RCC_GetOscConfig:00000000 HAL_RCC_GetOscConfig
C:\Users\Nathan\AppData\Local\Temp\ccrn0XIW.s:1621   .text.HAL_RCC_GetClockConfig:00000000 $t
C:\Users\Nathan\AppData\Local\Temp\ccrn0XIW.s:1627   .text.HAL_RCC_GetClockConfig:00000000 HAL_RCC_GetClockConfig
C:\Users\Nathan\AppData\Local\Temp\ccrn0XIW.s:1661   .text.HAL_RCC_GetClockConfig:00000048 $d
C:\Users\Nathan\AppData\Local\Temp\ccrn0XIW.s:1664   .text.HAL_RCC_EnableCSS:00000000 $t
C:\Users\Nathan\AppData\Local\Temp\ccrn0XIW.s:1670   .text.HAL_RCC_EnableCSS:00000000 HAL_RCC_EnableCSS
C:\Users\Nathan\AppData\Local\Temp\ccrn0XIW.s:1681   .text.HAL_RCC_CSSCallback:00000000 $t
C:\Users\Nathan\AppData\Local\Temp\ccrn0XIW.s:1687   .text.HAL_RCC_CSSCallback:00000000 HAL_RCC_CSSCallback
C:\Users\Nathan\AppData\Local\Temp\ccrn0XIW.s:1694   .text.HAL_RCC_NMI_IRQHandler:00000000 $t
C:\Users\Nathan\AppData\Local\Temp\ccrn0XIW.s:1700   .text.HAL_RCC_NMI_IRQHandler:00000000 HAL_RCC_NMI_IRQHandler
C:\Users\Nathan\AppData\Local\Temp\ccrn0XIW.s:1718   .text.HAL_RCC_GetResetSource:00000000 $t
C:\Users\Nathan\AppData\Local\Temp\ccrn0XIW.s:1724   .text.HAL_RCC_GetResetSource:00000000 HAL_RCC_GetResetSource
C:\Users\Nathan\AppData\Local\Temp\ccrn0XIW.s:1737   .rodata:00000000 $d

UNDEFINED SYMBOLS
HAL_GetTick
HAL_PWREx_GetVoltageRange
ARM GAS  C:\Users\Nathan\AppData\Local\Temp\ccrn0XIW.s 			page 33


MSIRangeTable
AHBPrescTable
HAL_InitTick
SystemCoreClock
uwTickPrio
HAL_GPIO_Init
HAL_PWR_EnableBkUpAccess
HAL_GetTickPrio
APBPrescTable
