ARM GAS  C:\Users\Nathan\AppData\Local\Temp\ccBUFQFk.s 			page 1


   1              		.cpu cortex-m4
   2              		.arch armv7e-m
   3              		.fpu fpv4-sp-d16
   4              		.eabi_attribute 27, 1
   5              		.eabi_attribute 28, 1
   6              		.eabi_attribute 20, 1
   7              		.eabi_attribute 21, 1
   8              		.eabi_attribute 23, 3
   9              		.eabi_attribute 24, 1
  10              		.eabi_attribute 25, 1
  11              		.eabi_attribute 26, 1
  12              		.eabi_attribute 30, 1
  13              		.eabi_attribute 34, 1
  14              		.eabi_attribute 18, 4
  15              		.file	"stm32_seq.c"
  16              		.text
  17              		.section	.text.UTIL_SEQ_Init,"ax",%progbits
  18              		.align	1
  19              		.global	UTIL_SEQ_Init
  20              		.syntax unified
  21              		.thumb
  22              		.thumb_func
  24              	UTIL_SEQ_Init:
  25              		@ args = 0, pretend = 0, frame = 0
  26              		@ frame_needed = 0, uses_anonymous_args = 0
  27 0000 10B5     		push	{r4, lr}
  28 0002 0024     		movs	r4, #0
  29 0004 0E4B     		ldr	r3, .L5
  30 0006 1C60     		str	r4, [r3]
  31 0008 4FF0FF33 		mov	r3, #-1
  32 000c 0D4A     		ldr	r2, .L5+4
  33 000e 1360     		str	r3, [r2]
  34 0010 0D4A     		ldr	r2, .L5+8
  35 0012 1360     		str	r3, [r2]
  36 0014 0D4B     		ldr	r3, .L5+12
  37 0016 1C60     		str	r4, [r3]
  38 0018 0D4B     		ldr	r3, .L5+16
  39 001a 1C60     		str	r4, [r3]
  40 001c 0D4B     		ldr	r3, .L5+20
  41 001e 1C60     		str	r4, [r3]
  42 0020 8022     		movs	r2, #128
  43 0022 2146     		mov	r1, r4
  44 0024 0C48     		ldr	r0, .L5+24
  45 0026 FFF7FEFF 		bl	memset
  46              	.L2:
  47 002a 04B1     		cbz	r4, .L3
  48 002c 10BD     		pop	{r4, pc}
  49              	.L3:
  50 002e 0B4B     		ldr	r3, .L5+28
  51 0030 0022     		movs	r2, #0
  52 0032 43F83420 		str	r2, [r3, r4, lsl #3]
  53 0036 03EBC403 		add	r3, r3, r4, lsl #3
  54 003a 5A60     		str	r2, [r3, #4]
  55 003c 0134     		adds	r4, r4, #1
  56 003e F4E7     		b	.L2
  57              	.L6:
  58              		.align	2
ARM GAS  C:\Users\Nathan\AppData\Local\Temp\ccBUFQFk.s 			page 2


  59              	.L5:
  60 0040 00000000 		.word	TaskSet
  61 0044 00000000 		.word	TaskMask
  62 0048 00000000 		.word	SuperMask
  63 004c 00000000 		.word	EvtSet
  64 0050 00000000 		.word	EvtWaited
  65 0054 00000000 		.word	CurrentTaskIdx
  66 0058 00000000 		.word	TaskCb
  67 005c 00000000 		.word	TaskPrio
  69              		.section	.text.UTIL_SEQ_DeInit,"ax",%progbits
  70              		.align	1
  71              		.global	UTIL_SEQ_DeInit
  72              		.syntax unified
  73              		.thumb
  74              		.thumb_func
  76              	UTIL_SEQ_DeInit:
  77              		@ args = 0, pretend = 0, frame = 0
  78              		@ frame_needed = 0, uses_anonymous_args = 0
  79              		@ link register save eliminated.
  80 0000 7047     		bx	lr
  82              		.section	.text.UTIL_SEQ_SetTask,"ax",%progbits
  83              		.align	1
  84              		.global	UTIL_SEQ_SetTask
  85              		.syntax unified
  86              		.thumb
  87              		.thumb_func
  89              	UTIL_SEQ_SetTask:
  90              		@ args = 0, pretend = 0, frame = 0
  91              		@ frame_needed = 0, uses_anonymous_args = 0
  92              		@ link register save eliminated.
  93              		.syntax unified
  94              	@ 453 "Drivers/CMSIS/Include/cmsis_gcc.h" 1
  95 0000 EFF3108C 		MRS ip, primask
  96              	@ 0 "" 2
  97              	@ 209 "Drivers/CMSIS/Include/cmsis_gcc.h" 1
  98 0004 72B6     		cpsid i
  99              	@ 0 "" 2
 100              		.thumb
 101              		.syntax unified
 102 0006 064A     		ldr	r2, .L9
 103 0008 1368     		ldr	r3, [r2]
 104 000a 0343     		orrs	r3, r3, r0
 105 000c 1360     		str	r3, [r2]
 106 000e 054A     		ldr	r2, .L9+4
 107 0010 52F83130 		ldr	r3, [r2, r1, lsl #3]
 108 0014 0343     		orrs	r3, r3, r0
 109 0016 42F83130 		str	r3, [r2, r1, lsl #3]
 110              		.syntax unified
 111              	@ 481 "Drivers/CMSIS/Include/cmsis_gcc.h" 1
 112 001a 8CF31088 		MSR primask, ip
 113              	@ 0 "" 2
 114              		.thumb
 115              		.syntax unified
 116 001e 7047     		bx	lr
 117              	.L10:
 118              		.align	2
 119              	.L9:
ARM GAS  C:\Users\Nathan\AppData\Local\Temp\ccBUFQFk.s 			page 3


 120 0020 00000000 		.word	TaskSet
 121 0024 00000000 		.word	TaskPrio
 123              		.section	.text.UTIL_SEQ_IsSchedulableTask,"ax",%progbits
 124              		.align	1
 125              		.global	UTIL_SEQ_IsSchedulableTask
 126              		.syntax unified
 127              		.thumb
 128              		.thumb_func
 130              	UTIL_SEQ_IsSchedulableTask:
 131              		@ args = 0, pretend = 0, frame = 0
 132              		@ frame_needed = 0, uses_anonymous_args = 0
 133              		@ link register save eliminated.
 134              		.syntax unified
 135              	@ 453 "Drivers/CMSIS/Include/cmsis_gcc.h" 1
 136 0000 EFF31082 		MRS r2, primask
 137              	@ 0 "" 2
 138              	@ 209 "Drivers/CMSIS/Include/cmsis_gcc.h" 1
 139 0004 72B6     		cpsid i
 140              	@ 0 "" 2
 141              		.thumb
 142              		.syntax unified
 143 0006 084B     		ldr	r3, .L15
 144 0008 1968     		ldr	r1, [r3]
 145 000a 084B     		ldr	r3, .L15+4
 146 000c 1B68     		ldr	r3, [r3]
 147 000e 0B40     		ands	r3, r3, r1
 148 0010 0749     		ldr	r1, .L15+8
 149 0012 0968     		ldr	r1, [r1]
 150 0014 0B40     		ands	r3, r3, r1
 151 0016 9843     		bics	r0, r0, r3
 152 0018 03D0     		beq	.L14
 153 001a 0020     		movs	r0, #0
 154              	.L12:
 155              		.syntax unified
 156              	@ 481 "Drivers/CMSIS/Include/cmsis_gcc.h" 1
 157 001c 82F31088 		MSR primask, r2
 158              	@ 0 "" 2
 159              		.thumb
 160              		.syntax unified
 161 0020 7047     		bx	lr
 162              	.L14:
 163 0022 0120     		movs	r0, #1
 164 0024 FAE7     		b	.L12
 165              	.L16:
 166 0026 00BF     		.align	2
 167              	.L15:
 168 0028 00000000 		.word	TaskSet
 169 002c 00000000 		.word	TaskMask
 170 0030 00000000 		.word	SuperMask
 172              		.section	.text.UTIL_SEQ_PauseTask,"ax",%progbits
 173              		.align	1
 174              		.global	UTIL_SEQ_PauseTask
 175              		.syntax unified
 176              		.thumb
 177              		.thumb_func
 179              	UTIL_SEQ_PauseTask:
 180              		@ args = 0, pretend = 0, frame = 0
ARM GAS  C:\Users\Nathan\AppData\Local\Temp\ccBUFQFk.s 			page 4


 181              		@ frame_needed = 0, uses_anonymous_args = 0
 182              		@ link register save eliminated.
 183              		.syntax unified
 184              	@ 453 "Drivers/CMSIS/Include/cmsis_gcc.h" 1
 185 0000 EFF31081 		MRS r1, primask
 186              	@ 0 "" 2
 187              	@ 209 "Drivers/CMSIS/Include/cmsis_gcc.h" 1
 188 0004 72B6     		cpsid i
 189              	@ 0 "" 2
 190              		.thumb
 191              		.syntax unified
 192 0006 044A     		ldr	r2, .L18
 193 0008 1368     		ldr	r3, [r2]
 194 000a 23EA0000 		bic	r0, r3, r0
 195 000e 1060     		str	r0, [r2]
 196              		.syntax unified
 197              	@ 481 "Drivers/CMSIS/Include/cmsis_gcc.h" 1
 198 0010 81F31088 		MSR primask, r1
 199              	@ 0 "" 2
 200              		.thumb
 201              		.syntax unified
 202 0014 7047     		bx	lr
 203              	.L19:
 204 0016 00BF     		.align	2
 205              	.L18:
 206 0018 00000000 		.word	TaskMask
 208              		.section	.text.UTIL_SEQ_IsPauseTask,"ax",%progbits
 209              		.align	1
 210              		.global	UTIL_SEQ_IsPauseTask
 211              		.syntax unified
 212              		.thumb
 213              		.thumb_func
 215              	UTIL_SEQ_IsPauseTask:
 216              		@ args = 0, pretend = 0, frame = 0
 217              		@ frame_needed = 0, uses_anonymous_args = 0
 218              		@ link register save eliminated.
 219              		.syntax unified
 220              	@ 453 "Drivers/CMSIS/Include/cmsis_gcc.h" 1
 221 0000 EFF31083 		MRS r3, primask
 222              	@ 0 "" 2
 223              	@ 209 "Drivers/CMSIS/Include/cmsis_gcc.h" 1
 224 0004 72B6     		cpsid i
 225              	@ 0 "" 2
 226              		.thumb
 227              		.syntax unified
 228 0006 044A     		ldr	r2, .L21
 229 0008 1268     		ldr	r2, [r2]
 230 000a 9043     		bics	r0, r0, r2
 231 000c 14BF     		ite	ne
 232 000e 0120     		movne	r0, #1
 233 0010 0020     		moveq	r0, #0
 234              		.syntax unified
 235              	@ 481 "Drivers/CMSIS/Include/cmsis_gcc.h" 1
 236 0012 83F31088 		MSR primask, r3
 237              	@ 0 "" 2
 238              		.thumb
 239              		.syntax unified
ARM GAS  C:\Users\Nathan\AppData\Local\Temp\ccBUFQFk.s 			page 5


 240 0016 7047     		bx	lr
 241              	.L22:
 242              		.align	2
 243              	.L21:
 244 0018 00000000 		.word	TaskMask
 246              		.section	.text.UTIL_SEQ_ResumeTask,"ax",%progbits
 247              		.align	1
 248              		.global	UTIL_SEQ_ResumeTask
 249              		.syntax unified
 250              		.thumb
 251              		.thumb_func
 253              	UTIL_SEQ_ResumeTask:
 254              		@ args = 0, pretend = 0, frame = 0
 255              		@ frame_needed = 0, uses_anonymous_args = 0
 256              		@ link register save eliminated.
 257              		.syntax unified
 258              	@ 453 "Drivers/CMSIS/Include/cmsis_gcc.h" 1
 259 0000 EFF31081 		MRS r1, primask
 260              	@ 0 "" 2
 261              	@ 209 "Drivers/CMSIS/Include/cmsis_gcc.h" 1
 262 0004 72B6     		cpsid i
 263              	@ 0 "" 2
 264              		.thumb
 265              		.syntax unified
 266 0006 034A     		ldr	r2, .L24
 267 0008 1368     		ldr	r3, [r2]
 268 000a 1843     		orrs	r0, r0, r3
 269 000c 1060     		str	r0, [r2]
 270              		.syntax unified
 271              	@ 481 "Drivers/CMSIS/Include/cmsis_gcc.h" 1
 272 000e 81F31088 		MSR primask, r1
 273              	@ 0 "" 2
 274              		.thumb
 275              		.syntax unified
 276 0012 7047     		bx	lr
 277              	.L25:
 278              		.align	2
 279              	.L24:
 280 0014 00000000 		.word	TaskMask
 282              		.section	.text.UTIL_SEQ_SetEvt,"ax",%progbits
 283              		.align	1
 284              		.global	UTIL_SEQ_SetEvt
 285              		.syntax unified
 286              		.thumb
 287              		.thumb_func
 289              	UTIL_SEQ_SetEvt:
 290              		@ args = 0, pretend = 0, frame = 0
 291              		@ frame_needed = 0, uses_anonymous_args = 0
 292              		@ link register save eliminated.
 293              		.syntax unified
 294              	@ 453 "Drivers/CMSIS/Include/cmsis_gcc.h" 1
 295 0000 EFF31081 		MRS r1, primask
 296              	@ 0 "" 2
 297              	@ 209 "Drivers/CMSIS/Include/cmsis_gcc.h" 1
 298 0004 72B6     		cpsid i
 299              	@ 0 "" 2
 300              		.thumb
ARM GAS  C:\Users\Nathan\AppData\Local\Temp\ccBUFQFk.s 			page 6


 301              		.syntax unified
 302 0006 034A     		ldr	r2, .L27
 303 0008 1368     		ldr	r3, [r2]
 304 000a 1843     		orrs	r0, r0, r3
 305 000c 1060     		str	r0, [r2]
 306              		.syntax unified
 307              	@ 481 "Drivers/CMSIS/Include/cmsis_gcc.h" 1
 308 000e 81F31088 		MSR primask, r1
 309              	@ 0 "" 2
 310              		.thumb
 311              		.syntax unified
 312 0012 7047     		bx	lr
 313              	.L28:
 314              		.align	2
 315              	.L27:
 316 0014 00000000 		.word	EvtSet
 318              		.section	.text.UTIL_SEQ_ClrEvt,"ax",%progbits
 319              		.align	1
 320              		.global	UTIL_SEQ_ClrEvt
 321              		.syntax unified
 322              		.thumb
 323              		.thumb_func
 325              	UTIL_SEQ_ClrEvt:
 326              		@ args = 0, pretend = 0, frame = 0
 327              		@ frame_needed = 0, uses_anonymous_args = 0
 328              		@ link register save eliminated.
 329              		.syntax unified
 330              	@ 453 "Drivers/CMSIS/Include/cmsis_gcc.h" 1
 331 0000 EFF31081 		MRS r1, primask
 332              	@ 0 "" 2
 333              	@ 209 "Drivers/CMSIS/Include/cmsis_gcc.h" 1
 334 0004 72B6     		cpsid i
 335              	@ 0 "" 2
 336              		.thumb
 337              		.syntax unified
 338 0006 044A     		ldr	r2, .L30
 339 0008 1368     		ldr	r3, [r2]
 340 000a 23EA0000 		bic	r0, r3, r0
 341 000e 1060     		str	r0, [r2]
 342              		.syntax unified
 343              	@ 481 "Drivers/CMSIS/Include/cmsis_gcc.h" 1
 344 0010 81F31088 		MSR primask, r1
 345              	@ 0 "" 2
 346              		.thumb
 347              		.syntax unified
 348 0014 7047     		bx	lr
 349              	.L31:
 350 0016 00BF     		.align	2
 351              	.L30:
 352 0018 00000000 		.word	EvtSet
 354              		.section	.text.UTIL_SEQ_IsEvtPend,"ax",%progbits
 355              		.align	1
 356              		.global	UTIL_SEQ_IsEvtPend
 357              		.syntax unified
 358              		.thumb
 359              		.thumb_func
 361              	UTIL_SEQ_IsEvtPend:
ARM GAS  C:\Users\Nathan\AppData\Local\Temp\ccBUFQFk.s 			page 7


 362              		@ args = 0, pretend = 0, frame = 0
 363              		@ frame_needed = 0, uses_anonymous_args = 0
 364              		@ link register save eliminated.
 365 0000 024B     		ldr	r3, .L33
 366 0002 1B68     		ldr	r3, [r3]
 367 0004 024A     		ldr	r2, .L33+4
 368 0006 1068     		ldr	r0, [r2]
 369 0008 1840     		ands	r0, r0, r3
 370 000a 7047     		bx	lr
 371              	.L34:
 372              		.align	2
 373              	.L33:
 374 000c 00000000 		.word	EvtWaited
 375 0010 00000000 		.word	EvtSet
 377              		.section	.text.UTIL_SEQ_Idle,"ax",%progbits
 378              		.align	1
 379              		.weak	UTIL_SEQ_Idle
 380              		.syntax unified
 381              		.thumb
 382              		.thumb_func
 384              	UTIL_SEQ_Idle:
 385              		@ args = 0, pretend = 0, frame = 0
 386              		@ frame_needed = 0, uses_anonymous_args = 0
 387              		@ link register save eliminated.
 388 0000 7047     		bx	lr
 390              		.section	.text.UTIL_SEQ_PreIdle,"ax",%progbits
 391              		.align	1
 392              		.weak	UTIL_SEQ_PreIdle
 393              		.syntax unified
 394              		.thumb
 395              		.thumb_func
 397              	UTIL_SEQ_PreIdle:
 398              		@ args = 0, pretend = 0, frame = 0
 399              		@ frame_needed = 0, uses_anonymous_args = 0
 400              		@ link register save eliminated.
 401 0000 7047     		bx	lr
 403              		.section	.text.UTIL_SEQ_PostIdle,"ax",%progbits
 404              		.align	1
 405              		.weak	UTIL_SEQ_PostIdle
 406              		.syntax unified
 407              		.thumb
 408              		.thumb_func
 410              	UTIL_SEQ_PostIdle:
 411              		@ args = 0, pretend = 0, frame = 0
 412              		@ frame_needed = 0, uses_anonymous_args = 0
 413              		@ link register save eliminated.
 414 0000 7047     		bx	lr
 416              		.section	.text.SEQ_BitPosition,"ax",%progbits
 417              		.align	1
 418              		.global	SEQ_BitPosition
 419              		.syntax unified
 420              		.thumb
 421              		.thumb_func
 423              	SEQ_BitPosition:
 424              		@ args = 0, pretend = 0, frame = 0
 425              		@ frame_needed = 0, uses_anonymous_args = 0
 426              		@ link register save eliminated.
ARM GAS  C:\Users\Nathan\AppData\Local\Temp\ccBUFQFk.s 			page 8


 427 0000 28B1     		cbz	r0, .L40
 428 0002 B0FA80F0 		clz	r0, r0
 429              	.L39:
 430 0006 C0F11F00 		rsb	r0, r0, #31
 431 000a C0B2     		uxtb	r0, r0
 432 000c 7047     		bx	lr
 433              	.L40:
 434 000e 2020     		movs	r0, #32
 435 0010 F9E7     		b	.L39
 437              		.section	.text.UTIL_SEQ_Run,"ax",%progbits
 438              		.align	1
 439              		.global	UTIL_SEQ_Run
 440              		.syntax unified
 441              		.thumb
 442              		.thumb_func
 444              	UTIL_SEQ_Run:
 445              		@ args = 0, pretend = 0, frame = 0
 446              		@ frame_needed = 0, uses_anonymous_args = 0
 447 0000 70B5     		push	{r4, r5, r6, lr}
 448 0002 424B     		ldr	r3, .L52
 449 0004 1C68     		ldr	r4, [r3]
 450 0006 2040     		ands	r0, r0, r4
 451 0008 1860     		str	r0, [r3]
 452 000a 414B     		ldr	r3, .L52+4
 453 000c 1A68     		ldr	r2, [r3]
 454 000e 414B     		ldr	r3, .L52+8
 455 0010 1B68     		ldr	r3, [r3]
 456 0012 4149     		ldr	r1, .L52+12
 457 0014 0868     		ldr	r0, [r1]
 458 0016 4149     		ldr	r1, .L52+16
 459 0018 0968     		ldr	r1, [r1]
 460 001a 2FE0     		b	.L42
 461              	.L43:
 462 001c 0133     		adds	r3, r3, #1
 463 001e 34E0     		b	.L48
 464              	.L44:
 465 0020 3F4D     		ldr	r5, .L52+20
 466 0022 05EBC305 		add	r5, r5, r3, lsl #3
 467 0026 6868     		ldr	r0, [r5, #4]
 468 0028 1040     		ands	r0, r0, r2
 469 002a FFF7FEFF 		bl	SEQ_BitPosition
 470 002e 3D4E     		ldr	r6, .L52+24
 471 0030 3060     		str	r0, [r6]
 472 0032 6A68     		ldr	r2, [r5, #4]
 473 0034 0123     		movs	r3, #1
 474 0036 03FA00F0 		lsl	r0, r3, r0
 475 003a 22EA0002 		bic	r2, r2, r0
 476 003e 6A60     		str	r2, [r5, #4]
 477              		.syntax unified
 478              	@ 453 "Drivers/CMSIS/Include/cmsis_gcc.h" 1
 479 0040 EFF31081 		MRS r1, primask
 480              	@ 0 "" 2
 481              	@ 209 "Drivers/CMSIS/Include/cmsis_gcc.h" 1
 482 0044 72B6     		cpsid i
 483              	@ 0 "" 2
 484              		.thumb
 485              		.syntax unified
ARM GAS  C:\Users\Nathan\AppData\Local\Temp\ccBUFQFk.s 			page 9


 486 0046 3268     		ldr	r2, [r6]
 487 0048 03FA02F2 		lsl	r2, r3, r2
 488 004c D643     		mvns	r6, r2
 489 004e 304D     		ldr	r5, .L52+4
 490 0050 2868     		ldr	r0, [r5]
 491 0052 20EA0202 		bic	r2, r0, r2
 492 0056 2A60     		str	r2, [r5]
 493              	.L45:
 494 0058 002B     		cmp	r3, #0
 495 005a 2DD1     		bne	.L46
 496              		.syntax unified
 497              	@ 481 "Drivers/CMSIS/Include/cmsis_gcc.h" 1
 498 005c 81F31088 		MSR primask, r1
 499              	@ 0 "" 2
 500              		.thumb
 501              		.syntax unified
 502 0060 304B     		ldr	r3, .L52+24
 503 0062 1A68     		ldr	r2, [r3]
 504 0064 304B     		ldr	r3, .L52+28
 505 0066 53F82230 		ldr	r3, [r3, r2, lsl #2]
 506 006a 9847     		blx	r3
 507 006c 284B     		ldr	r3, .L52+4
 508 006e 1A68     		ldr	r2, [r3]
 509 0070 284B     		ldr	r3, .L52+8
 510 0072 1B68     		ldr	r3, [r3]
 511 0074 2849     		ldr	r1, .L52+12
 512 0076 0868     		ldr	r0, [r1]
 513 0078 2849     		ldr	r1, .L52+16
 514 007a 0968     		ldr	r1, [r1]
 515              	.L42:
 516 007c 0240     		ands	r2, r2, r0
 517 007e 234D     		ldr	r5, .L52
 518 0080 2D68     		ldr	r5, [r5]
 519 0082 2A42     		tst	r2, r5
 520 0084 20D0     		beq	.L47
 521 0086 0B40     		ands	r3, r3, r1
 522 0088 1ED1     		bne	.L47
 523              	.L48:
 524 008a 254A     		ldr	r2, .L52+20
 525 008c 52F83320 		ldr	r2, [r2, r3, lsl #3]
 526 0090 0240     		ands	r2, r2, r0
 527 0092 2A42     		tst	r2, r5
 528 0094 C2D0     		beq	.L43
 529 0096 2249     		ldr	r1, .L52+20
 530 0098 51F83320 		ldr	r2, [r1, r3, lsl #3]
 531 009c 0240     		ands	r2, r2, r0
 532 009e 2A40     		ands	r2, r2, r5
 533 00a0 01EBC301 		add	r1, r1, r3, lsl #3
 534 00a4 4968     		ldr	r1, [r1, #4]
 535 00a6 1142     		tst	r1, r2
 536 00a8 BAD1     		bne	.L44
 537 00aa 1D49     		ldr	r1, .L52+20
 538 00ac 01EBC301 		add	r1, r1, r3, lsl #3
 539 00b0 4FF0FF30 		mov	r0, #-1
 540 00b4 4860     		str	r0, [r1, #4]
 541 00b6 B3E7     		b	.L44
 542              	.L46:
ARM GAS  C:\Users\Nathan\AppData\Local\Temp\ccBUFQFk.s 			page 10


 543 00b8 013B     		subs	r3, r3, #1
 544 00ba 1948     		ldr	r0, .L52+20
 545 00bc 50F83320 		ldr	r2, [r0, r3, lsl #3]
 546 00c0 3240     		ands	r2, r2, r6
 547 00c2 40F83320 		str	r2, [r0, r3, lsl #3]
 548 00c6 C7E7     		b	.L45
 549              	.L47:
 550 00c8 164B     		ldr	r3, .L52+24
 551 00ca 4FF0FF32 		mov	r2, #-1
 552 00ce 1A60     		str	r2, [r3]
 553 00d0 FFF7FEFF 		bl	UTIL_SEQ_PreIdle
 554              		.syntax unified
 555              	@ 453 "Drivers/CMSIS/Include/cmsis_gcc.h" 1
 556 00d4 EFF31085 		MRS r5, primask
 557              	@ 0 "" 2
 558              	@ 209 "Drivers/CMSIS/Include/cmsis_gcc.h" 1
 559 00d8 72B6     		cpsid i
 560              	@ 0 "" 2
 561              		.thumb
 562              		.syntax unified
 563 00da 0D4B     		ldr	r3, .L52+4
 564 00dc 1B68     		ldr	r3, [r3]
 565 00de 0D4A     		ldr	r2, .L52+8
 566 00e0 1168     		ldr	r1, [r2]
 567 00e2 0D4A     		ldr	r2, .L52+12
 568 00e4 1268     		ldr	r2, [r2]
 569 00e6 1340     		ands	r3, r3, r2
 570 00e8 084A     		ldr	r2, .L52
 571 00ea 1268     		ldr	r2, [r2]
 572 00ec 1342     		tst	r3, r2
 573 00ee 03D1     		bne	.L49
 574 00f0 0A4B     		ldr	r3, .L52+16
 575 00f2 1B68     		ldr	r3, [r3]
 576 00f4 0B42     		tst	r3, r1
 577 00f6 06D0     		beq	.L51
 578              	.L49:
 579              		.syntax unified
 580              	@ 481 "Drivers/CMSIS/Include/cmsis_gcc.h" 1
 581 00f8 85F31088 		MSR primask, r5
 582              	@ 0 "" 2
 583              		.thumb
 584              		.syntax unified
 585 00fc FFF7FEFF 		bl	UTIL_SEQ_PostIdle
 586 0100 024B     		ldr	r3, .L52
 587 0102 1C60     		str	r4, [r3]
 588 0104 70BD     		pop	{r4, r5, r6, pc}
 589              	.L51:
 590 0106 FFF7FEFF 		bl	UTIL_SEQ_Idle
 591 010a F5E7     		b	.L49
 592              	.L53:
 593              		.align	2
 594              	.L52:
 595 010c 00000000 		.word	SuperMask
 596 0110 00000000 		.word	TaskSet
 597 0114 00000000 		.word	EvtSet
 598 0118 00000000 		.word	TaskMask
 599 011c 00000000 		.word	EvtWaited
ARM GAS  C:\Users\Nathan\AppData\Local\Temp\ccBUFQFk.s 			page 11


 600 0120 00000000 		.word	TaskPrio
 601 0124 00000000 		.word	CurrentTaskIdx
 602 0128 00000000 		.word	TaskCb
 604              		.section	.text.UTIL_SEQ_EvtIdle,"ax",%progbits
 605              		.align	1
 606              		.weak	UTIL_SEQ_EvtIdle
 607              		.syntax unified
 608              		.thumb
 609              		.thumb_func
 611              	UTIL_SEQ_EvtIdle:
 612              		@ args = 0, pretend = 0, frame = 0
 613              		@ frame_needed = 0, uses_anonymous_args = 0
 614 0000 08B5     		push	{r3, lr}
 615 0002 C043     		mvns	r0, r0
 616 0004 FFF7FEFF 		bl	UTIL_SEQ_Run
 617 0008 08BD     		pop	{r3, pc}
 619              		.section	.text.UTIL_SEQ_WaitEvt,"ax",%progbits
 620              		.align	1
 621              		.global	UTIL_SEQ_WaitEvt
 622              		.syntax unified
 623              		.thumb
 624              		.thumb_func
 626              	UTIL_SEQ_WaitEvt:
 627              		@ args = 0, pretend = 0, frame = 0
 628              		@ frame_needed = 0, uses_anonymous_args = 0
 629 0000 F8B5     		push	{r3, r4, r5, r6, r7, lr}
 630 0002 0446     		mov	r4, r0
 631 0004 114B     		ldr	r3, .L62
 632 0006 1E68     		ldr	r6, [r3]
 633 0008 B6F1FF3F 		cmp	r6, #-1
 634 000c 05D0     		beq	.L60
 635 000e 0125     		movs	r5, #1
 636 0010 B540     		lsls	r5, r5, r6
 637              	.L57:
 638 0012 0F4B     		ldr	r3, .L62+4
 639 0014 1F68     		ldr	r7, [r3]
 640 0016 1C60     		str	r4, [r3]
 641 0018 05E0     		b	.L58
 642              	.L60:
 643 001a 0025     		movs	r5, #0
 644 001c F9E7     		b	.L57
 645              	.L59:
 646 001e 2146     		mov	r1, r4
 647 0020 2846     		mov	r0, r5
 648 0022 FFF7FEFF 		bl	UTIL_SEQ_EvtIdle
 649              	.L58:
 650 0026 0B4B     		ldr	r3, .L62+8
 651 0028 1B68     		ldr	r3, [r3]
 652 002a 2342     		tst	r3, r4
 653 002c F7D0     		beq	.L59
 654 002e 074B     		ldr	r3, .L62
 655 0030 1E60     		str	r6, [r3]
 656              		.syntax unified
 657              	@ 453 "Drivers/CMSIS/Include/cmsis_gcc.h" 1
 658 0032 EFF31081 		MRS r1, primask
 659              	@ 0 "" 2
 660              	@ 209 "Drivers/CMSIS/Include/cmsis_gcc.h" 1
ARM GAS  C:\Users\Nathan\AppData\Local\Temp\ccBUFQFk.s 			page 12


 661 0036 72B6     		cpsid i
 662              	@ 0 "" 2
 663              		.thumb
 664              		.syntax unified
 665 0038 064A     		ldr	r2, .L62+8
 666 003a 1368     		ldr	r3, [r2]
 667 003c 23EA0403 		bic	r3, r3, r4
 668 0040 1360     		str	r3, [r2]
 669              		.syntax unified
 670              	@ 481 "Drivers/CMSIS/Include/cmsis_gcc.h" 1
 671 0042 81F31088 		MSR primask, r1
 672              	@ 0 "" 2
 673              		.thumb
 674              		.syntax unified
 675 0046 024B     		ldr	r3, .L62+4
 676 0048 1F60     		str	r7, [r3]
 677 004a F8BD     		pop	{r3, r4, r5, r6, r7, pc}
 678              	.L63:
 679              		.align	2
 680              	.L62:
 681 004c 00000000 		.word	CurrentTaskIdx
 682 0050 00000000 		.word	EvtWaited
 683 0054 00000000 		.word	EvtSet
 685              		.section	.text.UTIL_SEQ_RegTask,"ax",%progbits
 686              		.align	1
 687              		.global	UTIL_SEQ_RegTask
 688              		.syntax unified
 689              		.thumb
 690              		.thumb_func
 692              	UTIL_SEQ_RegTask:
 693              		@ args = 0, pretend = 0, frame = 0
 694              		@ frame_needed = 0, uses_anonymous_args = 0
 695 0000 38B5     		push	{r3, r4, r5, lr}
 696 0002 1446     		mov	r4, r2
 697              		.syntax unified
 698              	@ 453 "Drivers/CMSIS/Include/cmsis_gcc.h" 1
 699 0004 EFF31085 		MRS r5, primask
 700              	@ 0 "" 2
 701              	@ 209 "Drivers/CMSIS/Include/cmsis_gcc.h" 1
 702 0008 72B6     		cpsid i
 703              	@ 0 "" 2
 704              		.thumb
 705              		.syntax unified
 706 000a FFF7FEFF 		bl	SEQ_BitPosition
 707 000e 034B     		ldr	r3, .L66
 708 0010 43F82040 		str	r4, [r3, r0, lsl #2]
 709              		.syntax unified
 710              	@ 481 "Drivers/CMSIS/Include/cmsis_gcc.h" 1
 711 0014 85F31088 		MSR primask, r5
 712              	@ 0 "" 2
 713              		.thumb
 714              		.syntax unified
 715 0018 38BD     		pop	{r3, r4, r5, pc}
 716              	.L67:
 717 001a 00BF     		.align	2
 718              	.L66:
 719 001c 00000000 		.word	TaskCb
ARM GAS  C:\Users\Nathan\AppData\Local\Temp\ccBUFQFk.s 			page 13


 721              		.section	.bss.TaskPrio,"aw",%nobits
 722              		.align	2
 725              	TaskPrio:
 726 0000 00000000 		.space	8
 726      00000000 
 727              		.section	.bss.TaskCb,"aw",%nobits
 728              		.align	2
 731              	TaskCb:
 732 0000 00000000 		.space	128
 732      00000000 
 732      00000000 
 732      00000000 
 732      00000000 
 733              		.section	.bss.CurrentTaskIdx,"aw",%nobits
 734              		.align	2
 737              	CurrentTaskIdx:
 738 0000 00000000 		.space	4
 739              		.section	.bss.EvtWaited,"aw",%nobits
 740              		.align	2
 743              	EvtWaited:
 744 0000 00000000 		.space	4
 745              		.section	.bss.EvtSet,"aw",%nobits
 746              		.align	2
 749              	EvtSet:
 750 0000 00000000 		.space	4
 751              		.section	.data.SuperMask,"aw"
 752              		.align	2
 755              	SuperMask:
 756 0000 FFFFFFFF 		.word	-1
 757              		.section	.data.TaskMask,"aw"
 758              		.align	2
 761              	TaskMask:
 762 0000 FFFFFFFF 		.word	-1
 763              		.section	.bss.TaskSet,"aw",%nobits
 764              		.align	2
 767              	TaskSet:
 768 0000 00000000 		.space	4
 769              		.ident	"GCC: (Arm GNU Toolchain 13.3.Rel1 (Build arm-13.24)) 13.3.1 20240614"
ARM GAS  C:\Users\Nathan\AppData\Local\Temp\ccBUFQFk.s 			page 14


DEFINED SYMBOLS
                            *ABS*:00000000 stm32_seq.c
C:\Users\Nathan\AppData\Local\Temp\ccBUFQFk.s:18     .text.UTIL_SEQ_Init:00000000 $t
C:\Users\Nathan\AppData\Local\Temp\ccBUFQFk.s:24     .text.UTIL_SEQ_Init:00000000 UTIL_SEQ_Init
C:\Users\Nathan\AppData\Local\Temp\ccBUFQFk.s:60     .text.UTIL_SEQ_Init:00000040 $d
C:\Users\Nathan\AppData\Local\Temp\ccBUFQFk.s:767    .bss.TaskSet:00000000 TaskSet
C:\Users\Nathan\AppData\Local\Temp\ccBUFQFk.s:761    .data.TaskMask:00000000 TaskMask
C:\Users\Nathan\AppData\Local\Temp\ccBUFQFk.s:755    .data.SuperMask:00000000 SuperMask
C:\Users\Nathan\AppData\Local\Temp\ccBUFQFk.s:749    .bss.EvtSet:00000000 EvtSet
C:\Users\Nathan\AppData\Local\Temp\ccBUFQFk.s:743    .bss.EvtWaited:00000000 EvtWaited
C:\Users\Nathan\AppData\Local\Temp\ccBUFQFk.s:737    .bss.CurrentTaskIdx:00000000 CurrentTaskIdx
C:\Users\Nathan\AppData\Local\Temp\ccBUFQFk.s:731    .bss.TaskCb:00000000 TaskCb
C:\Users\Nathan\AppData\Local\Temp\ccBUFQFk.s:725    .bss.TaskPrio:00000000 TaskPrio
C:\Users\Nathan\AppData\Local\Temp\ccBUFQFk.s:70     .text.UTIL_SEQ_DeInit:00000000 $t
C:\Users\Nathan\AppData\Local\Temp\ccBUFQFk.s:76     .text.UTIL_SEQ_DeInit:00000000 UTIL_SEQ_DeInit
C:\Users\Nathan\AppData\Local\Temp\ccBUFQFk.s:83     .text.UTIL_SEQ_SetTask:00000000 $t
C:\Users\Nathan\AppData\Local\Temp\ccBUFQFk.s:89     .text.UTIL_SEQ_SetTask:00000000 UTIL_SEQ_SetTask
C:\Users\Nathan\AppData\Local\Temp\ccBUFQFk.s:120    .text.UTIL_SEQ_SetTask:00000020 $d
C:\Users\Nathan\AppData\Local\Temp\ccBUFQFk.s:124    .text.UTIL_SEQ_IsSchedulableTask:00000000 $t
C:\Users\Nathan\AppData\Local\Temp\ccBUFQFk.s:130    .text.UTIL_SEQ_IsSchedulableTask:00000000 UTIL_SEQ_IsSchedulableTask
C:\Users\Nathan\AppData\Local\Temp\ccBUFQFk.s:168    .text.UTIL_SEQ_IsSchedulableTask:00000028 $d
C:\Users\Nathan\AppData\Local\Temp\ccBUFQFk.s:173    .text.UTIL_SEQ_PauseTask:00000000 $t
C:\Users\Nathan\AppData\Local\Temp\ccBUFQFk.s:179    .text.UTIL_SEQ_PauseTask:00000000 UTIL_SEQ_PauseTask
C:\Users\Nathan\AppData\Local\Temp\ccBUFQFk.s:206    .text.UTIL_SEQ_PauseTask:00000018 $d
C:\Users\Nathan\AppData\Local\Temp\ccBUFQFk.s:209    .text.UTIL_SEQ_IsPauseTask:00000000 $t
C:\Users\Nathan\AppData\Local\Temp\ccBUFQFk.s:215    .text.UTIL_SEQ_IsPauseTask:00000000 UTIL_SEQ_IsPauseTask
C:\Users\Nathan\AppData\Local\Temp\ccBUFQFk.s:244    .text.UTIL_SEQ_IsPauseTask:00000018 $d
C:\Users\Nathan\AppData\Local\Temp\ccBUFQFk.s:247    .text.UTIL_SEQ_ResumeTask:00000000 $t
C:\Users\Nathan\AppData\Local\Temp\ccBUFQFk.s:253    .text.UTIL_SEQ_ResumeTask:00000000 UTIL_SEQ_ResumeTask
C:\Users\Nathan\AppData\Local\Temp\ccBUFQFk.s:280    .text.UTIL_SEQ_ResumeTask:00000014 $d
C:\Users\Nathan\AppData\Local\Temp\ccBUFQFk.s:283    .text.UTIL_SEQ_SetEvt:00000000 $t
C:\Users\Nathan\AppData\Local\Temp\ccBUFQFk.s:289    .text.UTIL_SEQ_SetEvt:00000000 UTIL_SEQ_SetEvt
C:\Users\Nathan\AppData\Local\Temp\ccBUFQFk.s:316    .text.UTIL_SEQ_SetEvt:00000014 $d
C:\Users\Nathan\AppData\Local\Temp\ccBUFQFk.s:319    .text.UTIL_SEQ_ClrEvt:00000000 $t
C:\Users\Nathan\AppData\Local\Temp\ccBUFQFk.s:325    .text.UTIL_SEQ_ClrEvt:00000000 UTIL_SEQ_ClrEvt
C:\Users\Nathan\AppData\Local\Temp\ccBUFQFk.s:352    .text.UTIL_SEQ_ClrEvt:00000018 $d
C:\Users\Nathan\AppData\Local\Temp\ccBUFQFk.s:355    .text.UTIL_SEQ_IsEvtPend:00000000 $t
C:\Users\Nathan\AppData\Local\Temp\ccBUFQFk.s:361    .text.UTIL_SEQ_IsEvtPend:00000000 UTIL_SEQ_IsEvtPend
C:\Users\Nathan\AppData\Local\Temp\ccBUFQFk.s:374    .text.UTIL_SEQ_IsEvtPend:0000000c $d
C:\Users\Nathan\AppData\Local\Temp\ccBUFQFk.s:378    .text.UTIL_SEQ_Idle:00000000 $t
C:\Users\Nathan\AppData\Local\Temp\ccBUFQFk.s:384    .text.UTIL_SEQ_Idle:00000000 UTIL_SEQ_Idle
C:\Users\Nathan\AppData\Local\Temp\ccBUFQFk.s:391    .text.UTIL_SEQ_PreIdle:00000000 $t
C:\Users\Nathan\AppData\Local\Temp\ccBUFQFk.s:397    .text.UTIL_SEQ_PreIdle:00000000 UTIL_SEQ_PreIdle
C:\Users\Nathan\AppData\Local\Temp\ccBUFQFk.s:404    .text.UTIL_SEQ_PostIdle:00000000 $t
C:\Users\Nathan\AppData\Local\Temp\ccBUFQFk.s:410    .text.UTIL_SEQ_PostIdle:00000000 UTIL_SEQ_PostIdle
C:\Users\Nathan\AppData\Local\Temp\ccBUFQFk.s:417    .text.SEQ_BitPosition:00000000 $t
C:\Users\Nathan\AppData\Local\Temp\ccBUFQFk.s:423    .text.SEQ_BitPosition:00000000 SEQ_BitPosition
C:\Users\Nathan\AppData\Local\Temp\ccBUFQFk.s:438    .text.UTIL_SEQ_Run:00000000 $t
C:\Users\Nathan\AppData\Local\Temp\ccBUFQFk.s:444    .text.UTIL_SEQ_Run:00000000 UTIL_SEQ_Run
C:\Users\Nathan\AppData\Local\Temp\ccBUFQFk.s:595    .text.UTIL_SEQ_Run:0000010c $d
C:\Users\Nathan\AppData\Local\Temp\ccBUFQFk.s:605    .text.UTIL_SEQ_EvtIdle:00000000 $t
C:\Users\Nathan\AppData\Local\Temp\ccBUFQFk.s:611    .text.UTIL_SEQ_EvtIdle:00000000 UTIL_SEQ_EvtIdle
C:\Users\Nathan\AppData\Local\Temp\ccBUFQFk.s:620    .text.UTIL_SEQ_WaitEvt:00000000 $t
C:\Users\Nathan\AppData\Local\Temp\ccBUFQFk.s:626    .text.UTIL_SEQ_WaitEvt:00000000 UTIL_SEQ_WaitEvt
C:\Users\Nathan\AppData\Local\Temp\ccBUFQFk.s:681    .text.UTIL_SEQ_WaitEvt:0000004c $d
C:\Users\Nathan\AppData\Local\Temp\ccBUFQFk.s:686    .text.UTIL_SEQ_RegTask:00000000 $t
C:\Users\Nathan\AppData\Local\Temp\ccBUFQFk.s:692    .text.UTIL_SEQ_RegTask:00000000 UTIL_SEQ_RegTask
ARM GAS  C:\Users\Nathan\AppData\Local\Temp\ccBUFQFk.s 			page 15


C:\Users\Nathan\AppData\Local\Temp\ccBUFQFk.s:719    .text.UTIL_SEQ_RegTask:0000001c $d
C:\Users\Nathan\AppData\Local\Temp\ccBUFQFk.s:722    .bss.TaskPrio:00000000 $d
C:\Users\Nathan\AppData\Local\Temp\ccBUFQFk.s:728    .bss.TaskCb:00000000 $d
C:\Users\Nathan\AppData\Local\Temp\ccBUFQFk.s:734    .bss.CurrentTaskIdx:00000000 $d
C:\Users\Nathan\AppData\Local\Temp\ccBUFQFk.s:740    .bss.EvtWaited:00000000 $d
C:\Users\Nathan\AppData\Local\Temp\ccBUFQFk.s:746    .bss.EvtSet:00000000 $d
C:\Users\Nathan\AppData\Local\Temp\ccBUFQFk.s:752    .data.SuperMask:00000000 $d
C:\Users\Nathan\AppData\Local\Temp\ccBUFQFk.s:758    .data.TaskMask:00000000 $d
C:\Users\Nathan\AppData\Local\Temp\ccBUFQFk.s:764    .bss.TaskSet:00000000 $d

UNDEFINED SYMBOLS
memset
