ARM GAS  C:\Users\Nathan\AppData\Local\Temp\ccov89Aq.s 			page 1


   1              		.cpu cortex-m4
   2              		.arch armv7e-m
   3              		.fpu fpv4-sp-d16
   4              		.eabi_attribute 27, 1
   5              		.eabi_attribute 28, 1
   6              		.eabi_attribute 20, 1
   7              		.eabi_attribute 21, 1
   8              		.eabi_attribute 23, 3
   9              		.eabi_attribute 24, 1
  10              		.eabi_attribute 25, 1
  11              		.eabi_attribute 26, 1
  12              		.eabi_attribute 30, 1
  13              		.eabi_attribute 34, 1
  14              		.eabi_attribute 18, 4
  15              		.file	"system_stm32wbxx.c"
  16              		.text
  17              		.section	.text.SystemInit,"ax",%progbits
  18              		.align	1
  19              		.global	SystemInit
  20              		.syntax unified
  21              		.thumb
  22              		.thumb_func
  24              	SystemInit:
  25              		@ args = 0, pretend = 0, frame = 0
  26              		@ frame_needed = 0, uses_anonymous_args = 0
  27              		@ link register save eliminated.
  28 0000 164A     		ldr	r2, .L2
  29 0002 D2F88830 		ldr	r3, [r2, #136]
  30 0006 43F47003 		orr	r3, r3, #15728640
  31 000a C2F88830 		str	r3, [r2, #136]
  32 000e 4FF0B043 		mov	r3, #1476395008
  33 0012 1A68     		ldr	r2, [r3]
  34 0014 42F00102 		orr	r2, r2, #1
  35 0018 1A60     		str	r2, [r3]
  36 001a 4FF4E022 		mov	r2, #458752
  37 001e 9A60     		str	r2, [r3, #8]
  38 0020 1968     		ldr	r1, [r3]
  39 0022 A2F1A262 		sub	r2, r2, #84934656
  40 0026 A2F20512 		subw	r2, r2, #261
  41 002a 0A40     		ands	r2, r2, r1
  42 002c 1A60     		str	r2, [r3]
  43 002e D3F89420 		ldr	r2, [r3, #148]
  44 0032 22F00502 		bic	r2, r2, #5
  45 0036 C3F89420 		str	r2, [r3, #148]
  46 003a D3F89820 		ldr	r2, [r3, #152]
  47 003e 22F00102 		bic	r2, r2, #1
  48 0042 C3F89820 		str	r2, [r3, #152]
  49 0046 064A     		ldr	r2, .L2+4
  50 0048 DA60     		str	r2, [r3, #12]
  51 004a 1A61     		str	r2, [r3, #16]
  52 004c 1A68     		ldr	r2, [r3]
  53 004e 22F48022 		bic	r2, r2, #262144
  54 0052 1A60     		str	r2, [r3]
  55 0054 0022     		movs	r2, #0
  56 0056 9A61     		str	r2, [r3, #24]
  57 0058 7047     		bx	lr
  58              	.L3:
ARM GAS  C:\Users\Nathan\AppData\Local\Temp\ccov89Aq.s 			page 2


  59 005a 00BF     		.align	2
  60              	.L2:
  61 005c 00ED00E0 		.word	-536810240
  62 0060 00100422 		.word	570691584
  64              		.section	.text.SystemCoreClockUpdate,"ax",%progbits
  65              		.align	1
  66              		.global	SystemCoreClockUpdate
  67              		.syntax unified
  68              		.thumb
  69              		.thumb_func
  71              	SystemCoreClockUpdate:
  72              		@ args = 0, pretend = 0, frame = 0
  73              		@ frame_needed = 0, uses_anonymous_args = 0
  74              		@ link register save eliminated.
  75 0000 4FF0B042 		mov	r2, #1476395008
  76 0004 1368     		ldr	r3, [r2]
  77 0006 C3F30313 		ubfx	r3, r3, #4, #4
  78 000a 2949     		ldr	r1, .L17
  79 000c 51F82310 		ldr	r1, [r1, r3, lsl #2]
  80 0010 9368     		ldr	r3, [r2, #8]
  81 0012 03F00C03 		and	r3, r3, #12
  82 0016 0C2B     		cmp	r3, #12
  83 0018 46D8     		bhi	.L5
  84 001a DFE803F0 		tbb	[pc, r3]
  85              	.L7:
  86 001e 07       		.byte	(.L10-.L7)/2
  87 001f 45       		.byte	(.L5-.L7)/2
  88 0020 45       		.byte	(.L5-.L7)/2
  89 0021 45       		.byte	(.L5-.L7)/2
  90 0022 17       		.byte	(.L9-.L7)/2
  91 0023 45       		.byte	(.L5-.L7)/2
  92 0024 45       		.byte	(.L5-.L7)/2
  93 0025 45       		.byte	(.L5-.L7)/2
  94 0026 1B       		.byte	(.L8-.L7)/2
  95 0027 45       		.byte	(.L5-.L7)/2
  96 0028 45       		.byte	(.L5-.L7)/2
  97 0029 45       		.byte	(.L5-.L7)/2
  98 002a 1F       		.byte	(.L6-.L7)/2
  99 002b 00       		.p2align 1
 100              	.L10:
 101 002c 214B     		ldr	r3, .L17+4
 102 002e 1960     		str	r1, [r3]
 103              	.L11:
 104 0030 4FF0B043 		mov	r3, #1476395008
 105 0034 9B68     		ldr	r3, [r3, #8]
 106 0036 C3F30313 		ubfx	r3, r3, #4, #4
 107 003a 1F4A     		ldr	r2, .L17+8
 108 003c 52F82310 		ldr	r1, [r2, r3, lsl #2]
 109 0040 1C4A     		ldr	r2, .L17+4
 110 0042 1368     		ldr	r3, [r2]
 111 0044 B3FBF1F3 		udiv	r3, r3, r1
 112 0048 1360     		str	r3, [r2]
 113 004a 7047     		bx	lr
 114              	.L9:
 115 004c 194B     		ldr	r3, .L17+4
 116 004e 1B4A     		ldr	r2, .L17+12
 117 0050 1A60     		str	r2, [r3]
ARM GAS  C:\Users\Nathan\AppData\Local\Temp\ccov89Aq.s 			page 3


 118 0052 EDE7     		b	.L11
 119              	.L8:
 120 0054 174B     		ldr	r3, .L17+4
 121 0056 1A4A     		ldr	r2, .L17+16
 122 0058 1A60     		str	r2, [r3]
 123 005a E9E7     		b	.L11
 124              	.L6:
 125 005c 4FF0B043 		mov	r3, #1476395008
 126 0060 DA68     		ldr	r2, [r3, #12]
 127 0062 02F00302 		and	r2, r2, #3
 128 0066 DB68     		ldr	r3, [r3, #12]
 129 0068 C3F30213 		ubfx	r3, r3, #4, #3
 130 006c 0133     		adds	r3, r3, #1
 131 006e 022A     		cmp	r2, #2
 132 0070 12D0     		beq	.L15
 133 0072 032A     		cmp	r2, #3
 134 0074 14D0     		beq	.L16
 135 0076 B1FBF3F2 		udiv	r2, r1, r3
 136              	.L13:
 137 007a 4FF0B041 		mov	r1, #1476395008
 138 007e CB68     		ldr	r3, [r1, #12]
 139 0080 C3F30623 		ubfx	r3, r3, #8, #7
 140 0084 02FB03F3 		mul	r3, r2, r3
 141 0088 CA68     		ldr	r2, [r1, #12]
 142 008a 520F     		lsrs	r2, r2, #29
 143 008c 0132     		adds	r2, r2, #1
 144 008e B3FBF2F3 		udiv	r3, r3, r2
 145 0092 084A     		ldr	r2, .L17+4
 146 0094 1360     		str	r3, [r2]
 147 0096 CBE7     		b	.L11
 148              	.L15:
 149 0098 084A     		ldr	r2, .L17+12
 150 009a B2FBF3F2 		udiv	r2, r2, r3
 151 009e ECE7     		b	.L13
 152              	.L16:
 153 00a0 074A     		ldr	r2, .L17+16
 154 00a2 B2FBF3F2 		udiv	r2, r2, r3
 155 00a6 E8E7     		b	.L13
 156              	.L5:
 157 00a8 024B     		ldr	r3, .L17+4
 158 00aa 1960     		str	r1, [r3]
 159 00ac C0E7     		b	.L11
 160              	.L18:
 161 00ae 00BF     		.align	2
 162              	.L17:
 163 00b0 00000000 		.word	MSIRangeTable
 164 00b4 00000000 		.word	SystemCoreClock
 165 00b8 00000000 		.word	AHBPrescTable
 166 00bc 0024F400 		.word	16000000
 167 00c0 0048E801 		.word	32000000
 169              		.global	SmpsPrescalerTable
 170              		.section	.rodata.SmpsPrescalerTable,"a"
 171              		.align	2
 174              	SmpsPrescalerTable:
 175 0000 01000000 		.word	1
 176 0004 03000000 		.word	3
 177 0008 02000000 		.word	2
ARM GAS  C:\Users\Nathan\AppData\Local\Temp\ccov89Aq.s 			page 4


 178 000c 02000000 		.word	2
 179 0010 01000000 		.word	1
 180 0014 02000000 		.word	2
 181 0018 02000000 		.word	2
 182 001c 06000000 		.word	6
 183 0020 04000000 		.word	4
 184 0024 03000000 		.word	3
 185 0028 02000000 		.word	2
 186 002c 04000000 		.word	4
 187 0030 04000000 		.word	4
 188 0034 0C000000 		.word	12
 189 0038 08000000 		.word	8
 190 003c 06000000 		.word	6
 191 0040 04000000 		.word	4
 192 0044 08000000 		.word	8
 193 0048 04000000 		.word	4
 194 004c 0C000000 		.word	12
 195 0050 08000000 		.word	8
 196 0054 06000000 		.word	6
 197 0058 04000000 		.word	4
 198 005c 08000000 		.word	8
 199              		.global	MSIRangeTable
 200              		.section	.rodata.MSIRangeTable,"a"
 201              		.align	2
 204              	MSIRangeTable:
 205 0000 A0860100 		.word	100000
 206 0004 400D0300 		.word	200000
 207 0008 801A0600 		.word	400000
 208 000c 00350C00 		.word	800000
 209 0010 40420F00 		.word	1000000
 210 0014 80841E00 		.word	2000000
 211 0018 00093D00 		.word	4000000
 212 001c 00127A00 		.word	8000000
 213 0020 0024F400 		.word	16000000
 214 0024 00366E01 		.word	24000000
 215 0028 0048E801 		.word	32000000
 216 002c 006CDC02 		.word	48000000
 217 0030 00000000 		.word	0
 218 0034 00000000 		.word	0
 219 0038 00000000 		.word	0
 220 003c 00000000 		.word	0
 221              		.global	APBPrescTable
 222              		.section	.rodata.APBPrescTable,"a"
 223              		.align	2
 226              	APBPrescTable:
 227 0000 00000000 		.word	0
 228 0004 00000000 		.word	0
 229 0008 00000000 		.word	0
 230 000c 00000000 		.word	0
 231 0010 01000000 		.word	1
 232 0014 02000000 		.word	2
 233 0018 03000000 		.word	3
 234 001c 04000000 		.word	4
 235              		.global	AHBPrescTable
 236              		.section	.rodata.AHBPrescTable,"a"
 237              		.align	2
 240              	AHBPrescTable:
ARM GAS  C:\Users\Nathan\AppData\Local\Temp\ccov89Aq.s 			page 5


 241 0000 01000000 		.word	1
 242 0004 03000000 		.word	3
 243 0008 05000000 		.word	5
 244 000c 01000000 		.word	1
 245 0010 01000000 		.word	1
 246 0014 06000000 		.word	6
 247 0018 0A000000 		.word	10
 248 001c 20000000 		.word	32
 249 0020 02000000 		.word	2
 250 0024 04000000 		.word	4
 251 0028 08000000 		.word	8
 252 002c 10000000 		.word	16
 253 0030 40000000 		.word	64
 254 0034 80000000 		.word	128
 255 0038 00010000 		.word	256
 256 003c 00020000 		.word	512
 257              		.global	SystemCoreClock
 258              		.section	.data.SystemCoreClock,"aw"
 259              		.align	2
 262              	SystemCoreClock:
 263 0000 00093D00 		.word	4000000
 264              		.ident	"GCC: (Arm GNU Toolchain 13.3.Rel1 (Build arm-13.24)) 13.3.1 20240614"
ARM GAS  C:\Users\Nathan\AppData\Local\Temp\ccov89Aq.s 			page 6


DEFINED SYMBOLS
                            *ABS*:00000000 system_stm32wbxx.c
C:\Users\Nathan\AppData\Local\Temp\ccov89Aq.s:18     .text.SystemInit:00000000 $t
C:\Users\Nathan\AppData\Local\Temp\ccov89Aq.s:24     .text.SystemInit:00000000 SystemInit
C:\Users\Nathan\AppData\Local\Temp\ccov89Aq.s:61     .text.SystemInit:0000005c $d
C:\Users\Nathan\AppData\Local\Temp\ccov89Aq.s:65     .text.SystemCoreClockUpdate:00000000 $t
C:\Users\Nathan\AppData\Local\Temp\ccov89Aq.s:71     .text.SystemCoreClockUpdate:00000000 SystemCoreClockUpdate
C:\Users\Nathan\AppData\Local\Temp\ccov89Aq.s:86     .text.SystemCoreClockUpdate:0000001e $d
C:\Users\Nathan\AppData\Local\Temp\ccov89Aq.s:163    .text.SystemCoreClockUpdate:000000b0 $d
C:\Users\Nathan\AppData\Local\Temp\ccov89Aq.s:204    .rodata.MSIRangeTable:00000000 MSIRangeTable
C:\Users\Nathan\AppData\Local\Temp\ccov89Aq.s:262    .data.SystemCoreClock:00000000 SystemCoreClock
C:\Users\Nathan\AppData\Local\Temp\ccov89Aq.s:240    .rodata.AHBPrescTable:00000000 AHBPrescTable
C:\Users\Nathan\AppData\Local\Temp\ccov89Aq.s:174    .rodata.SmpsPrescalerTable:00000000 SmpsPrescalerTable
C:\Users\Nathan\AppData\Local\Temp\ccov89Aq.s:171    .rodata.SmpsPrescalerTable:00000000 $d
C:\Users\Nathan\AppData\Local\Temp\ccov89Aq.s:201    .rodata.MSIRangeTable:00000000 $d
C:\Users\Nathan\AppData\Local\Temp\ccov89Aq.s:226    .rodata.APBPrescTable:00000000 APBPrescTable
C:\Users\Nathan\AppData\Local\Temp\ccov89Aq.s:223    .rodata.APBPrescTable:00000000 $d
C:\Users\Nathan\AppData\Local\Temp\ccov89Aq.s:237    .rodata.AHBPrescTable:00000000 $d
C:\Users\Nathan\AppData\Local\Temp\ccov89Aq.s:259    .data.SystemCoreClock:00000000 $d
C:\Users\Nathan\AppData\Local\Temp\ccov89Aq.s:99     .text.SystemCoreClockUpdate:0000002b $d
C:\Users\Nathan\AppData\Local\Temp\ccov89Aq.s:99     .text.SystemCoreClockUpdate:0000002c $t

NO UNDEFINED SYMBOLS
