ARM GAS  C:\Users\Nathan\AppData\Local\Temp\ccU9PR3O.s 			page 1


   1              		.cpu cortex-m4
   2              		.arch armv7e-m
   3              		.fpu fpv4-sp-d16
   4              		.eabi_attribute 27, 1
   5              		.eabi_attribute 28, 1
   6              		.eabi_attribute 20, 1
   7              		.eabi_attribute 21, 1
   8              		.eabi_attribute 23, 3
   9              		.eabi_attribute 24, 1
  10              		.eabi_attribute 25, 1
  11              		.eabi_attribute 26, 1
  12              		.eabi_attribute 30, 1
  13              		.eabi_attribute 34, 1
  14              		.eabi_attribute 18, 4
  15              		.file	"usbd_ctlreq.c"
  16              		.text
  17              		.section	.text.USBD_GetLen,"ax",%progbits
  18              		.align	1
  19              		.syntax unified
  20              		.thumb
  21              		.thumb_func
  23              	USBD_GetLen:
  24              		@ args = 0, pretend = 0, frame = 0
  25              		@ frame_needed = 0, uses_anonymous_args = 0
  26              		@ link register save eliminated.
  27 0000 0346     		mov	r3, r0
  28 0002 0020     		movs	r0, #0
  29 0004 02E0     		b	.L2
  30              	.L3:
  31 0006 0130     		adds	r0, r0, #1
  32 0008 C0B2     		uxtb	r0, r0
  33 000a 0133     		adds	r3, r3, #1
  34              	.L2:
  35 000c 1A78     		ldrb	r2, [r3]	@ zero_extendqisi2
  36 000e 002A     		cmp	r2, #0
  37 0010 F9D1     		bne	.L3
  38 0012 7047     		bx	lr
  40              		.section	.text.USBD_ParseSetupRequest,"ax",%progbits
  41              		.align	1
  42              		.global	USBD_ParseSetupRequest
  43              		.syntax unified
  44              		.thumb
  45              		.thumb_func
  47              	USBD_ParseSetupRequest:
  48              		@ args = 0, pretend = 0, frame = 0
  49              		@ frame_needed = 0, uses_anonymous_args = 0
  50              		@ link register save eliminated.
  51 0000 0B78     		ldrb	r3, [r1]	@ zero_extendqisi2
  52 0002 0370     		strb	r3, [r0]
  53 0004 4B78     		ldrb	r3, [r1, #1]	@ zero_extendqisi2
  54 0006 4370     		strb	r3, [r0, #1]
  55 0008 8B78     		ldrb	r3, [r1, #2]	@ zero_extendqisi2
  56 000a CA78     		ldrb	r2, [r1, #3]	@ zero_extendqisi2
  57 000c 43EA0223 		orr	r3, r3, r2, lsl #8
  58 0010 4380     		strh	r3, [r0, #2]	@ movhi
  59 0012 0B79     		ldrb	r3, [r1, #4]	@ zero_extendqisi2
  60 0014 4A79     		ldrb	r2, [r1, #5]	@ zero_extendqisi2
ARM GAS  C:\Users\Nathan\AppData\Local\Temp\ccU9PR3O.s 			page 2


  61 0016 43EA0223 		orr	r3, r3, r2, lsl #8
  62 001a 8380     		strh	r3, [r0, #4]	@ movhi
  63 001c 8B79     		ldrb	r3, [r1, #6]	@ zero_extendqisi2
  64 001e CA79     		ldrb	r2, [r1, #7]	@ zero_extendqisi2
  65 0020 43EA0223 		orr	r3, r3, r2, lsl #8
  66 0024 C380     		strh	r3, [r0, #6]	@ movhi
  67 0026 7047     		bx	lr
  69              		.section	.text.USBD_CtlError,"ax",%progbits
  70              		.align	1
  71              		.global	USBD_CtlError
  72              		.syntax unified
  73              		.thumb
  74              		.thumb_func
  76              	USBD_CtlError:
  77              		@ args = 0, pretend = 0, frame = 0
  78              		@ frame_needed = 0, uses_anonymous_args = 0
  79 0000 10B5     		push	{r4, lr}
  80 0002 0446     		mov	r4, r0
  81 0004 8021     		movs	r1, #128
  82 0006 FFF7FEFF 		bl	USBD_LL_StallEP
  83 000a 0021     		movs	r1, #0
  84 000c 2046     		mov	r0, r4
  85 000e FFF7FEFF 		bl	USBD_LL_StallEP
  86 0012 10BD     		pop	{r4, pc}
  88              		.section	.text.USBD_GetDescriptor,"ax",%progbits
  89              		.align	1
  90              		.syntax unified
  91              		.thumb
  92              		.thumb_func
  94              	USBD_GetDescriptor:
  95              		@ args = 0, pretend = 0, frame = 8
  96              		@ frame_needed = 0, uses_anonymous_args = 0
  97 0000 30B5     		push	{r4, r5, lr}
  98 0002 83B0     		sub	sp, sp, #12
  99 0004 0446     		mov	r4, r0
 100 0006 0D46     		mov	r5, r1
 101 0008 0023     		movs	r3, #0
 102 000a ADF80630 		strh	r3, [sp, #6]	@ movhi
 103 000e 4A88     		ldrh	r2, [r1, #2]
 104 0010 130A     		lsrs	r3, r2, #8
 105 0012 013B     		subs	r3, r3, #1
 106 0014 0E2B     		cmp	r3, #14
 107 0016 00F2BC80 		bhi	.L8
 108 001a DFE803F0 		tbb	[pc, r3]
 109              	.L10:
 110 001e 15       		.byte	(.L15-.L10)/2
 111 001f 30       		.byte	(.L14-.L10)/2
 112 0020 44       		.byte	(.L13-.L10)/2
 113 0021 BA       		.byte	(.L8-.L10)/2
 114 0022 BA       		.byte	(.L8-.L10)/2
 115 0023 9E       		.byte	(.L12-.L10)/2
 116 0024 AB       		.byte	(.L11-.L10)/2
 117 0025 BA       		.byte	(.L8-.L10)/2
 118 0026 BA       		.byte	(.L8-.L10)/2
 119 0027 BA       		.byte	(.L8-.L10)/2
 120 0028 BA       		.byte	(.L8-.L10)/2
 121 0029 BA       		.byte	(.L8-.L10)/2
ARM GAS  C:\Users\Nathan\AppData\Local\Temp\ccU9PR3O.s 			page 3


 122 002a BA       		.byte	(.L8-.L10)/2
 123 002b BA       		.byte	(.L8-.L10)/2
 124 002c 08       		.byte	(.L9-.L10)/2
 125 002d 00       		.p2align 1
 126              	.L9:
 127 002e D0F8B432 		ldr	r3, [r0, #692]
 128 0032 DB69     		ldr	r3, [r3, #28]
 129 0034 23B1     		cbz	r3, .L16
 130 0036 0DF10601 		add	r1, sp, #6
 131 003a 007C     		ldrb	r0, [r0, #16]	@ zero_extendqisi2
 132 003c 9847     		blx	r3
 133 003e 0AE0     		b	.L17
 134              	.L16:
 135 0040 2946     		mov	r1, r5
 136 0042 FFF7FEFF 		bl	USBD_CtlError
 137 0046 18E0     		b	.L7
 138              	.L15:
 139 0048 D0F8B432 		ldr	r3, [r0, #692]
 140 004c 1B68     		ldr	r3, [r3]
 141 004e 0DF10601 		add	r1, sp, #6
 142 0052 007C     		ldrb	r0, [r0, #16]	@ zero_extendqisi2
 143 0054 9847     		blx	r3
 144              	.L17:
 145 0056 EA88     		ldrh	r2, [r5, #6]
 146 0058 002A     		cmp	r2, #0
 147 005a 00F0A380 		beq	.L37
 148 005e BDF80630 		ldrh	r3, [sp, #6]
 149 0062 002B     		cmp	r3, #0
 150 0064 00F09980 		beq	.L38
 151 0068 9A42     		cmp	r2, r3
 152 006a 28BF     		it	cs
 153 006c 1A46     		movcs	r2, r3
 154 006e ADF80620 		strh	r2, [sp, #6]	@ movhi
 155 0072 0146     		mov	r1, r0
 156 0074 2046     		mov	r0, r4
 157 0076 FFF7FEFF 		bl	USBD_CtlSendData
 158              	.L7:
 159 007a 03B0     		add	sp, sp, #12
 160              		@ sp needed
 161 007c 30BD     		pop	{r4, r5, pc}
 162              	.L14:
 163 007e 037C     		ldrb	r3, [r0, #16]	@ zero_extendqisi2
 164 0080 43B9     		cbnz	r3, .L19
 165 0082 D0F8B832 		ldr	r3, [r0, #696]
 166 0086 9B6A     		ldr	r3, [r3, #40]
 167 0088 0DF10600 		add	r0, sp, #6
 168 008c 9847     		blx	r3
 169 008e 0223     		movs	r3, #2
 170 0090 4370     		strb	r3, [r0, #1]
 171 0092 E0E7     		b	.L17
 172              	.L19:
 173 0094 D0F8B832 		ldr	r3, [r0, #696]
 174 0098 DB6A     		ldr	r3, [r3, #44]
 175 009a 0DF10600 		add	r0, sp, #6
 176 009e 9847     		blx	r3
 177 00a0 0223     		movs	r3, #2
 178 00a2 4370     		strb	r3, [r0, #1]
ARM GAS  C:\Users\Nathan\AppData\Local\Temp\ccU9PR3O.s 			page 4


 179 00a4 D7E7     		b	.L17
 180              	.L13:
 181 00a6 D2B2     		uxtb	r2, r2
 182 00a8 052A     		cmp	r2, #5
 183 00aa 52D8     		bhi	.L20
 184 00ac DFE802F0 		tbb	[pc, r2]
 185              	.L22:
 186 00b0 03       		.byte	(.L27-.L22)/2
 187 00b1 10       		.byte	(.L26-.L22)/2
 188 00b2 1D       		.byte	(.L25-.L22)/2
 189 00b3 2A       		.byte	(.L24-.L22)/2
 190 00b4 37       		.byte	(.L23-.L22)/2
 191 00b5 44       		.byte	(.L21-.L22)/2
 192              		.p2align 1
 193              	.L27:
 194 00b6 D0F8B432 		ldr	r3, [r0, #692]
 195 00ba 5B68     		ldr	r3, [r3, #4]
 196 00bc 23B1     		cbz	r3, .L28
 197 00be 0DF10601 		add	r1, sp, #6
 198 00c2 007C     		ldrb	r0, [r0, #16]	@ zero_extendqisi2
 199 00c4 9847     		blx	r3
 200 00c6 C6E7     		b	.L17
 201              	.L28:
 202 00c8 2946     		mov	r1, r5
 203 00ca FFF7FEFF 		bl	USBD_CtlError
 204 00ce D4E7     		b	.L7
 205              	.L26:
 206 00d0 D0F8B432 		ldr	r3, [r0, #692]
 207 00d4 9B68     		ldr	r3, [r3, #8]
 208 00d6 23B1     		cbz	r3, .L29
 209 00d8 0DF10601 		add	r1, sp, #6
 210 00dc 007C     		ldrb	r0, [r0, #16]	@ zero_extendqisi2
 211 00de 9847     		blx	r3
 212 00e0 B9E7     		b	.L17
 213              	.L29:
 214 00e2 2946     		mov	r1, r5
 215 00e4 FFF7FEFF 		bl	USBD_CtlError
 216 00e8 C7E7     		b	.L7
 217              	.L25:
 218 00ea D0F8B432 		ldr	r3, [r0, #692]
 219 00ee DB68     		ldr	r3, [r3, #12]
 220 00f0 23B1     		cbz	r3, .L30
 221 00f2 0DF10601 		add	r1, sp, #6
 222 00f6 007C     		ldrb	r0, [r0, #16]	@ zero_extendqisi2
 223 00f8 9847     		blx	r3
 224 00fa ACE7     		b	.L17
 225              	.L30:
 226 00fc 2946     		mov	r1, r5
 227 00fe FFF7FEFF 		bl	USBD_CtlError
 228 0102 BAE7     		b	.L7
 229              	.L24:
 230 0104 D0F8B432 		ldr	r3, [r0, #692]
 231 0108 1B69     		ldr	r3, [r3, #16]
 232 010a 23B1     		cbz	r3, .L31
 233 010c 0DF10601 		add	r1, sp, #6
 234 0110 007C     		ldrb	r0, [r0, #16]	@ zero_extendqisi2
 235 0112 9847     		blx	r3
ARM GAS  C:\Users\Nathan\AppData\Local\Temp\ccU9PR3O.s 			page 5


 236 0114 9FE7     		b	.L17
 237              	.L31:
 238 0116 2946     		mov	r1, r5
 239 0118 FFF7FEFF 		bl	USBD_CtlError
 240 011c ADE7     		b	.L7
 241              	.L23:
 242 011e D0F8B432 		ldr	r3, [r0, #692]
 243 0122 5B69     		ldr	r3, [r3, #20]
 244 0124 23B1     		cbz	r3, .L32
 245 0126 0DF10601 		add	r1, sp, #6
 246 012a 007C     		ldrb	r0, [r0, #16]	@ zero_extendqisi2
 247 012c 9847     		blx	r3
 248 012e 92E7     		b	.L17
 249              	.L32:
 250 0130 2946     		mov	r1, r5
 251 0132 FFF7FEFF 		bl	USBD_CtlError
 252 0136 A0E7     		b	.L7
 253              	.L21:
 254 0138 D0F8B432 		ldr	r3, [r0, #692]
 255 013c 9B69     		ldr	r3, [r3, #24]
 256 013e 23B1     		cbz	r3, .L33
 257 0140 0DF10601 		add	r1, sp, #6
 258 0144 007C     		ldrb	r0, [r0, #16]	@ zero_extendqisi2
 259 0146 9847     		blx	r3
 260 0148 85E7     		b	.L17
 261              	.L33:
 262 014a 2946     		mov	r1, r5
 263 014c FFF7FEFF 		bl	USBD_CtlError
 264 0150 93E7     		b	.L7
 265              	.L20:
 266 0152 2946     		mov	r1, r5
 267 0154 FFF7FEFF 		bl	USBD_CtlError
 268 0158 8FE7     		b	.L7
 269              	.L12:
 270 015a 037C     		ldrb	r3, [r0, #16]	@ zero_extendqisi2
 271 015c 33B9     		cbnz	r3, .L34
 272 015e D0F8B832 		ldr	r3, [r0, #696]
 273 0162 5B6B     		ldr	r3, [r3, #52]
 274 0164 0DF10600 		add	r0, sp, #6
 275 0168 9847     		blx	r3
 276 016a 74E7     		b	.L17
 277              	.L34:
 278 016c 2946     		mov	r1, r5
 279 016e FFF7FEFF 		bl	USBD_CtlError
 280 0172 82E7     		b	.L7
 281              	.L11:
 282 0174 037C     		ldrb	r3, [r0, #16]	@ zero_extendqisi2
 283 0176 43B9     		cbnz	r3, .L35
 284 0178 D0F8B832 		ldr	r3, [r0, #696]
 285 017c 1B6B     		ldr	r3, [r3, #48]
 286 017e 0DF10600 		add	r0, sp, #6
 287 0182 9847     		blx	r3
 288 0184 0723     		movs	r3, #7
 289 0186 4370     		strb	r3, [r0, #1]
 290 0188 65E7     		b	.L17
 291              	.L35:
 292 018a 2946     		mov	r1, r5
ARM GAS  C:\Users\Nathan\AppData\Local\Temp\ccU9PR3O.s 			page 6


 293 018c FFF7FEFF 		bl	USBD_CtlError
 294 0190 73E7     		b	.L7
 295              	.L8:
 296 0192 2946     		mov	r1, r5
 297 0194 FFF7FEFF 		bl	USBD_CtlError
 298 0198 6FE7     		b	.L7
 299              	.L38:
 300 019a 2946     		mov	r1, r5
 301 019c 2046     		mov	r0, r4
 302 019e FFF7FEFF 		bl	USBD_CtlError
 303 01a2 6AE7     		b	.L7
 304              	.L37:
 305 01a4 2046     		mov	r0, r4
 306 01a6 FFF7FEFF 		bl	USBD_CtlSendStatus
 307 01aa 66E7     		b	.L7
 309              		.section	.text.USBD_SetAddress,"ax",%progbits
 310              		.align	1
 311              		.syntax unified
 312              		.thumb
 313              		.thumb_func
 315              	USBD_SetAddress:
 316              		@ args = 0, pretend = 0, frame = 0
 317              		@ frame_needed = 0, uses_anonymous_args = 0
 318 0000 38B5     		push	{r3, r4, r5, lr}
 319 0002 0446     		mov	r4, r0
 320 0004 8B88     		ldrh	r3, [r1, #4]
 321 0006 FBB9     		cbnz	r3, .L42
 322 0008 CB88     		ldrh	r3, [r1, #6]
 323 000a EBB9     		cbnz	r3, .L42
 324 000c 4B88     		ldrh	r3, [r1, #2]
 325 000e 7F2B     		cmp	r3, #127
 326 0010 1AD8     		bhi	.L42
 327 0012 03F07F05 		and	r5, r3, #127
 328 0016 90F89C32 		ldrb	r3, [r0, #668]	@ zero_extendqisi2
 329 001a DBB2     		uxtb	r3, r3
 330 001c 032B     		cmp	r3, #3
 331 001e 0CD0     		beq	.L47
 332 0020 80F89E52 		strb	r5, [r0, #670]
 333 0024 2946     		mov	r1, r5
 334 0026 FFF7FEFF 		bl	USBD_LL_SetUSBAddress
 335 002a 2046     		mov	r0, r4
 336 002c FFF7FEFF 		bl	USBD_CtlSendStatus
 337 0030 35B1     		cbz	r5, .L45
 338 0032 0223     		movs	r3, #2
 339 0034 84F89C32 		strb	r3, [r4, #668]
 340 0038 09E0     		b	.L41
 341              	.L47:
 342 003a FFF7FEFF 		bl	USBD_CtlError
 343 003e 06E0     		b	.L41
 344              	.L45:
 345 0040 0123     		movs	r3, #1
 346 0042 84F89C32 		strb	r3, [r4, #668]
 347 0046 02E0     		b	.L41
 348              	.L42:
 349 0048 2046     		mov	r0, r4
 350 004a FFF7FEFF 		bl	USBD_CtlError
 351              	.L41:
ARM GAS  C:\Users\Nathan\AppData\Local\Temp\ccU9PR3O.s 			page 7


 352 004e 38BD     		pop	{r3, r4, r5, pc}
 354              		.section	.text.USBD_SetConfig,"ax",%progbits
 355              		.align	1
 356              		.syntax unified
 357              		.thumb
 358              		.thumb_func
 360              	USBD_SetConfig:
 361              		@ args = 0, pretend = 0, frame = 0
 362              		@ frame_needed = 0, uses_anonymous_args = 0
 363 0000 70B5     		push	{r4, r5, r6, lr}
 364 0002 0446     		mov	r4, r0
 365 0004 0E46     		mov	r6, r1
 366 0006 8D78     		ldrb	r5, [r1, #2]	@ zero_extendqisi2
 367 0008 2F4B     		ldr	r3, .L63
 368 000a 1D70     		strb	r5, [r3]
 369 000c 012D     		cmp	r5, #1
 370 000e 10D8     		bhi	.L61
 371 0010 90F89C32 		ldrb	r3, [r0, #668]	@ zero_extendqisi2
 372 0014 DBB2     		uxtb	r3, r3
 373 0016 022B     		cmp	r3, #2
 374 0018 0FD0     		beq	.L51
 375 001a 032B     		cmp	r3, #3
 376 001c 26D0     		beq	.L52
 377 001e FFF7FEFF 		bl	USBD_CtlError
 378 0022 294B     		ldr	r3, .L63
 379 0024 1978     		ldrb	r1, [r3]	@ zero_extendqisi2
 380 0026 2046     		mov	r0, r4
 381 0028 FFF7FEFF 		bl	USBD_ClrClassConfig
 382 002c 0325     		movs	r5, #3
 383              	.L50:
 384 002e 2846     		mov	r0, r5
 385 0030 70BD     		pop	{r4, r5, r6, pc}
 386              	.L61:
 387 0032 FFF7FEFF 		bl	USBD_CtlError
 388 0036 0325     		movs	r5, #3
 389 0038 F9E7     		b	.L50
 390              	.L51:
 391 003a A5B1     		cbz	r5, .L54
 392 003c 4560     		str	r5, [r0, #4]
 393 003e 2946     		mov	r1, r5
 394 0040 FFF7FEFF 		bl	USBD_SetClassConfig
 395 0044 0546     		mov	r5, r0
 396 0046 38B1     		cbz	r0, .L55
 397 0048 3146     		mov	r1, r6
 398 004a 2046     		mov	r0, r4
 399 004c FFF7FEFF 		bl	USBD_CtlError
 400 0050 0223     		movs	r3, #2
 401 0052 84F89C32 		strb	r3, [r4, #668]
 402 0056 EAE7     		b	.L50
 403              	.L55:
 404 0058 2046     		mov	r0, r4
 405 005a FFF7FEFF 		bl	USBD_CtlSendStatus
 406 005e 0323     		movs	r3, #3
 407 0060 84F89C32 		strb	r3, [r4, #668]
 408 0064 E3E7     		b	.L50
 409              	.L54:
 410 0066 FFF7FEFF 		bl	USBD_CtlSendStatus
ARM GAS  C:\Users\Nathan\AppData\Local\Temp\ccU9PR3O.s 			page 8


 411 006a E0E7     		b	.L50
 412              	.L52:
 413 006c CDB1     		cbz	r5, .L62
 414 006e 4168     		ldr	r1, [r0, #4]
 415 0070 8D42     		cmp	r5, r1
 416 0072 25D0     		beq	.L57
 417 0074 C9B2     		uxtb	r1, r1
 418 0076 FFF7FEFF 		bl	USBD_ClrClassConfig
 419 007a 134B     		ldr	r3, .L63
 420 007c 1978     		ldrb	r1, [r3]	@ zero_extendqisi2
 421 007e 6160     		str	r1, [r4, #4]
 422 0080 2046     		mov	r0, r4
 423 0082 FFF7FEFF 		bl	USBD_SetClassConfig
 424 0086 0546     		mov	r5, r0
 425 0088 B0B1     		cbz	r0, .L58
 426 008a 3146     		mov	r1, r6
 427 008c 2046     		mov	r0, r4
 428 008e FFF7FEFF 		bl	USBD_CtlError
 429 0092 2179     		ldrb	r1, [r4, #4]	@ zero_extendqisi2
 430 0094 2046     		mov	r0, r4
 431 0096 FFF7FEFF 		bl	USBD_ClrClassConfig
 432 009a 0223     		movs	r3, #2
 433 009c 84F89C32 		strb	r3, [r4, #668]
 434 00a0 C5E7     		b	.L50
 435              	.L62:
 436 00a2 0223     		movs	r3, #2
 437 00a4 80F89C32 		strb	r3, [r0, #668]
 438 00a8 4560     		str	r5, [r0, #4]
 439 00aa 2946     		mov	r1, r5
 440 00ac FFF7FEFF 		bl	USBD_ClrClassConfig
 441 00b0 2046     		mov	r0, r4
 442 00b2 FFF7FEFF 		bl	USBD_CtlSendStatus
 443 00b6 BAE7     		b	.L50
 444              	.L58:
 445 00b8 2046     		mov	r0, r4
 446 00ba FFF7FEFF 		bl	USBD_CtlSendStatus
 447 00be B6E7     		b	.L50
 448              	.L57:
 449 00c0 FFF7FEFF 		bl	USBD_CtlSendStatus
 450 00c4 0025     		movs	r5, #0
 451 00c6 B2E7     		b	.L50
 452              	.L64:
 453              		.align	2
 454              	.L63:
 455 00c8 00000000 		.word	cfgidx.0
 457              		.section	.text.USBD_GetConfig,"ax",%progbits
 458              		.align	1
 459              		.syntax unified
 460              		.thumb
 461              		.thumb_func
 463              	USBD_GetConfig:
 464              		@ args = 0, pretend = 0, frame = 0
 465              		@ frame_needed = 0, uses_anonymous_args = 0
 466 0000 08B5     		push	{r3, lr}
 467 0002 CB88     		ldrh	r3, [r1, #6]
 468 0004 012B     		cmp	r3, #1
 469 0006 0BD1     		bne	.L73
ARM GAS  C:\Users\Nathan\AppData\Local\Temp\ccU9PR3O.s 			page 9


 470 0008 90F89C32 		ldrb	r3, [r0, #668]	@ zero_extendqisi2
 471 000c DBB2     		uxtb	r3, r3
 472 000e 022B     		cmp	r3, #2
 473 0010 09D9     		bls	.L74
 474 0012 032B     		cmp	r3, #3
 475 0014 11D1     		bne	.L70
 476 0016 0122     		movs	r2, #1
 477 0018 011D     		adds	r1, r0, #4
 478 001a FFF7FEFF 		bl	USBD_CtlSendData
 479 001e 01E0     		b	.L65
 480              	.L73:
 481 0020 FFF7FEFF 		bl	USBD_CtlError
 482              	.L65:
 483 0024 08BD     		pop	{r3, pc}
 484              	.L74:
 485 0026 5BB2     		sxtb	r3, r3
 486 0028 3BB1     		cbz	r3, .L70
 487 002a 0146     		mov	r1, r0
 488 002c 0023     		movs	r3, #0
 489 002e 41F8083F 		str	r3, [r1, #8]!
 490 0032 0122     		movs	r2, #1
 491 0034 FFF7FEFF 		bl	USBD_CtlSendData
 492 0038 F4E7     		b	.L65
 493              	.L70:
 494 003a FFF7FEFF 		bl	USBD_CtlError
 495 003e F1E7     		b	.L65
 497              		.section	.text.USBD_GetStatus,"ax",%progbits
 498              		.align	1
 499              		.syntax unified
 500              		.thumb
 501              		.thumb_func
 503              	USBD_GetStatus:
 504              		@ args = 0, pretend = 0, frame = 0
 505              		@ frame_needed = 0, uses_anonymous_args = 0
 506 0000 08B5     		push	{r3, lr}
 507 0002 90F89C32 		ldrb	r3, [r0, #668]	@ zero_extendqisi2
 508 0006 013B     		subs	r3, r3, #1
 509 0008 022B     		cmp	r3, #2
 510 000a 12D8     		bhi	.L76
 511 000c CB88     		ldrh	r3, [r1, #6]
 512 000e 022B     		cmp	r3, #2
 513 0010 0CD1     		bne	.L81
 514 0012 0123     		movs	r3, #1
 515 0014 C360     		str	r3, [r0, #12]
 516 0016 D0F8A432 		ldr	r3, [r0, #676]
 517 001a 0BB1     		cbz	r3, .L79
 518 001c 0323     		movs	r3, #3
 519 001e C360     		str	r3, [r0, #12]
 520              	.L79:
 521 0020 0222     		movs	r2, #2
 522 0022 00F10C01 		add	r1, r0, #12
 523 0026 FFF7FEFF 		bl	USBD_CtlSendData
 524              	.L75:
 525 002a 08BD     		pop	{r3, pc}
 526              	.L81:
 527 002c FFF7FEFF 		bl	USBD_CtlError
 528 0030 FBE7     		b	.L75
ARM GAS  C:\Users\Nathan\AppData\Local\Temp\ccU9PR3O.s 			page 10


 529              	.L76:
 530 0032 FFF7FEFF 		bl	USBD_CtlError
 531 0036 F8E7     		b	.L75
 533              		.section	.text.USBD_SetFeature,"ax",%progbits
 534              		.align	1
 535              		.syntax unified
 536              		.thumb
 537              		.thumb_func
 539              	USBD_SetFeature:
 540              		@ args = 0, pretend = 0, frame = 0
 541              		@ frame_needed = 0, uses_anonymous_args = 0
 542 0000 08B5     		push	{r3, lr}
 543 0002 4B88     		ldrh	r3, [r1, #2]
 544 0004 012B     		cmp	r3, #1
 545 0006 04D0     		beq	.L87
 546 0008 022B     		cmp	r3, #2
 547 000a 07D0     		beq	.L88
 548 000c FFF7FEFF 		bl	USBD_CtlError
 549              	.L82:
 550 0010 08BD     		pop	{r3, pc}
 551              	.L87:
 552 0012 C0F8A432 		str	r3, [r0, #676]
 553 0016 FFF7FEFF 		bl	USBD_CtlSendStatus
 554 001a F9E7     		b	.L82
 555              	.L88:
 556 001c 8B88     		ldrh	r3, [r1, #4]
 557 001e 1B0A     		lsrs	r3, r3, #8
 558 0020 80F8A032 		strb	r3, [r0, #672]
 559 0024 FFF7FEFF 		bl	USBD_CtlSendStatus
 560 0028 F2E7     		b	.L82
 562              		.section	.text.USBD_ClrFeature,"ax",%progbits
 563              		.align	1
 564              		.syntax unified
 565              		.thumb
 566              		.thumb_func
 568              	USBD_ClrFeature:
 569              		@ args = 0, pretend = 0, frame = 0
 570              		@ frame_needed = 0, uses_anonymous_args = 0
 571 0000 08B5     		push	{r3, lr}
 572 0002 90F89C32 		ldrb	r3, [r0, #668]	@ zero_extendqisi2
 573 0006 013B     		subs	r3, r3, #1
 574 0008 022B     		cmp	r3, #2
 575 000a 09D8     		bhi	.L90
 576 000c 4B88     		ldrh	r3, [r1, #2]
 577 000e 012B     		cmp	r3, #1
 578 0010 00D0     		beq	.L93
 579              	.L89:
 580 0012 08BD     		pop	{r3, pc}
 581              	.L93:
 582 0014 0023     		movs	r3, #0
 583 0016 C0F8A432 		str	r3, [r0, #676]
 584 001a FFF7FEFF 		bl	USBD_CtlSendStatus
 585 001e F8E7     		b	.L89
 586              	.L90:
 587 0020 FFF7FEFF 		bl	USBD_CtlError
 588 0024 F5E7     		b	.L89
 590              		.section	.text.USBD_StdDevReq,"ax",%progbits
ARM GAS  C:\Users\Nathan\AppData\Local\Temp\ccU9PR3O.s 			page 11


 591              		.align	1
 592              		.global	USBD_StdDevReq
 593              		.syntax unified
 594              		.thumb
 595              		.thumb_func
 597              	USBD_StdDevReq:
 598              		@ args = 0, pretend = 0, frame = 0
 599              		@ frame_needed = 0, uses_anonymous_args = 0
 600 0000 38B5     		push	{r3, r4, r5, lr}
 601 0002 0C78     		ldrb	r4, [r1]	@ zero_extendqisi2
 602 0004 04F06004 		and	r4, r4, #96
 603 0008 202C     		cmp	r4, #32
 604 000a 06D0     		beq	.L95
 605 000c 402C     		cmp	r4, #64
 606 000e 04D0     		beq	.L95
 607 0010 6CB1     		cbz	r4, .L96
 608 0012 FFF7FEFF 		bl	USBD_CtlError
 609 0016 0024     		movs	r4, #0
 610 0018 07E0     		b	.L98
 611              	.L95:
 612 001a D0F8D432 		ldr	r3, [r0, #724]
 613 001e AE33     		adds	r3, r3, #174
 614 0020 50F82330 		ldr	r3, [r0, r3, lsl #2]
 615 0024 9B68     		ldr	r3, [r3, #8]
 616 0026 9847     		blx	r3
 617 0028 0446     		mov	r4, r0
 618              	.L98:
 619 002a 2046     		mov	r0, r4
 620 002c 38BD     		pop	{r3, r4, r5, pc}
 621              	.L96:
 622 002e 4D78     		ldrb	r5, [r1, #1]	@ zero_extendqisi2
 623 0030 092D     		cmp	r5, #9
 624 0032 1DD8     		bhi	.L99
 625 0034 DFE805F0 		tbb	[pc, r5]
 626              	.L101:
 627 0038 12       		.byte	(.L107-.L101)/2
 628 0039 19       		.byte	(.L106-.L101)/2
 629 003a 1C       		.byte	(.L99-.L101)/2
 630 003b 16       		.byte	(.L105-.L101)/2
 631 003c 1C       		.byte	(.L99-.L101)/2
 632 003d 08       		.byte	(.L104-.L101)/2
 633 003e 05       		.byte	(.L103-.L101)/2
 634 003f 1C       		.byte	(.L99-.L101)/2
 635 0040 0F       		.byte	(.L102-.L101)/2
 636 0041 0B       		.byte	(.L100-.L101)/2
 637              		.p2align 1
 638              	.L103:
 639 0042 FFF7FEFF 		bl	USBD_GetDescriptor
 640 0046 F0E7     		b	.L98
 641              	.L104:
 642 0048 FFF7FEFF 		bl	USBD_SetAddress
 643 004c EDE7     		b	.L98
 644              	.L100:
 645 004e FFF7FEFF 		bl	USBD_SetConfig
 646 0052 0446     		mov	r4, r0
 647 0054 E9E7     		b	.L98
 648              	.L102:
ARM GAS  C:\Users\Nathan\AppData\Local\Temp\ccU9PR3O.s 			page 12


 649 0056 FFF7FEFF 		bl	USBD_GetConfig
 650 005a E6E7     		b	.L98
 651              	.L107:
 652 005c FFF7FEFF 		bl	USBD_GetStatus
 653 0060 2C46     		mov	r4, r5
 654 0062 E2E7     		b	.L98
 655              	.L105:
 656 0064 FFF7FEFF 		bl	USBD_SetFeature
 657 0068 DFE7     		b	.L98
 658              	.L106:
 659 006a FFF7FEFF 		bl	USBD_ClrFeature
 660 006e DCE7     		b	.L98
 661              	.L99:
 662 0070 FFF7FEFF 		bl	USBD_CtlError
 663 0074 D9E7     		b	.L98
 665              		.section	.text.USBD_StdItfReq,"ax",%progbits
 666              		.align	1
 667              		.global	USBD_StdItfReq
 668              		.syntax unified
 669              		.thumb
 670              		.thumb_func
 672              	USBD_StdItfReq:
 673              		@ args = 0, pretend = 0, frame = 0
 674              		@ frame_needed = 0, uses_anonymous_args = 0
 675 0000 70B5     		push	{r4, r5, r6, lr}
 676 0002 0546     		mov	r5, r0
 677 0004 0C46     		mov	r4, r1
 678 0006 0B78     		ldrb	r3, [r1]	@ zero_extendqisi2
 679 0008 03F06003 		and	r3, r3, #96
 680 000c 202B     		cmp	r3, #32
 681 000e 07D0     		beq	.L111
 682 0010 402B     		cmp	r3, #64
 683 0012 05D0     		beq	.L111
 684 0014 23B1     		cbz	r3, .L111
 685 0016 FFF7FEFF 		bl	USBD_CtlError
 686 001a 0026     		movs	r6, #0
 687              	.L116:
 688 001c 3046     		mov	r0, r6
 689 001e 70BD     		pop	{r4, r5, r6, pc}
 690              	.L111:
 691 0020 95F89C32 		ldrb	r3, [r5, #668]	@ zero_extendqisi2
 692 0024 013B     		subs	r3, r3, #1
 693 0026 022B     		cmp	r3, #2
 694 0028 26D8     		bhi	.L113
 695 002a 2179     		ldrb	r1, [r4, #4]	@ zero_extendqisi2
 696 002c 0129     		cmp	r1, #1
 697 002e 05D9     		bls	.L120
 698 0030 2146     		mov	r1, r4
 699 0032 2846     		mov	r0, r5
 700 0034 FFF7FEFF 		bl	USBD_CtlError
 701 0038 0026     		movs	r6, #0
 702 003a EFE7     		b	.L116
 703              	.L120:
 704 003c 2846     		mov	r0, r5
 705 003e FFF7FEFF 		bl	USBD_CoreFindIF
 706 0042 68B9     		cbnz	r0, .L117
 707 0044 00F1AE02 		add	r2, r0, #174
ARM GAS  C:\Users\Nathan\AppData\Local\Temp\ccU9PR3O.s 			page 13


 708 0048 55F82220 		ldr	r2, [r5, r2, lsl #2]
 709 004c 9168     		ldr	r1, [r2, #8]
 710 004e 89B1     		cbz	r1, .L118
 711 0050 C5F8D402 		str	r0, [r5, #724]
 712 0054 9368     		ldr	r3, [r2, #8]
 713 0056 2146     		mov	r1, r4
 714 0058 2846     		mov	r0, r5
 715 005a 9847     		blx	r3
 716 005c 0646     		mov	r6, r0
 717 005e 00E0     		b	.L115
 718              	.L117:
 719 0060 0326     		movs	r6, #3
 720              	.L115:
 721 0062 E388     		ldrh	r3, [r4, #6]
 722 0064 002B     		cmp	r3, #0
 723 0066 D9D1     		bne	.L116
 724 0068 002E     		cmp	r6, #0
 725 006a D7D1     		bne	.L116
 726 006c 2846     		mov	r0, r5
 727 006e FFF7FEFF 		bl	USBD_CtlSendStatus
 728 0072 D3E7     		b	.L116
 729              	.L118:
 730 0074 0326     		movs	r6, #3
 731 0076 F4E7     		b	.L115
 732              	.L113:
 733 0078 2146     		mov	r1, r4
 734 007a 2846     		mov	r0, r5
 735 007c FFF7FEFF 		bl	USBD_CtlError
 736 0080 0026     		movs	r6, #0
 737 0082 CBE7     		b	.L116
 739              		.section	.text.USBD_StdEPReq,"ax",%progbits
 740              		.align	1
 741              		.global	USBD_StdEPReq
 742              		.syntax unified
 743              		.thumb
 744              		.thumb_func
 746              	USBD_StdEPReq:
 747              		@ args = 0, pretend = 0, frame = 0
 748              		@ frame_needed = 0, uses_anonymous_args = 0
 749 0000 2DE9F041 		push	{r4, r5, r6, r7, r8, lr}
 750 0004 0646     		mov	r6, r0
 751 0006 0D46     		mov	r5, r1
 752 0008 8B88     		ldrh	r3, [r1, #4]
 753 000a DFB2     		uxtb	r7, r3
 754 000c 0C78     		ldrb	r4, [r1]	@ zero_extendqisi2
 755 000e 04F06004 		and	r4, r4, #96
 756 0012 202C     		cmp	r4, #32
 757 0014 08D0     		beq	.L122
 758 0016 402C     		cmp	r4, #64
 759 0018 06D0     		beq	.L122
 760 001a DCB1     		cbz	r4, .L123
 761 001c FFF7FEFF 		bl	USBD_CtlError
 762 0020 0024     		movs	r4, #0
 763              	.L125:
 764 0022 2046     		mov	r0, r4
 765 0024 BDE8F081 		pop	{r4, r5, r6, r7, r8, pc}
 766              	.L122:
ARM GAS  C:\Users\Nathan\AppData\Local\Temp\ccU9PR3O.s 			page 14


 767 0028 3946     		mov	r1, r7
 768 002a 3046     		mov	r0, r6
 769 002c FFF7FEFF 		bl	USBD_CoreFindEP
 770 0030 0446     		mov	r4, r0
 771 0032 0028     		cmp	r0, #0
 772 0034 40F0F880 		bne	.L154
 773 0038 C6F8D402 		str	r0, [r6, #724]
 774 003c 00F1AE03 		add	r3, r0, #174
 775 0040 56F82330 		ldr	r3, [r6, r3, lsl #2]
 776 0044 9B68     		ldr	r3, [r3, #8]
 777 0046 002B     		cmp	r3, #0
 778 0048 EBD0     		beq	.L125
 779 004a 2946     		mov	r1, r5
 780 004c 3046     		mov	r0, r6
 781 004e 9847     		blx	r3
 782 0050 0446     		mov	r4, r0
 783 0052 E6E7     		b	.L125
 784              	.L123:
 785 0054 91F80180 		ldrb	r8, [r1, #1]	@ zero_extendqisi2
 786 0058 B8F1010F 		cmp	r8, #1
 787 005c 31D0     		beq	.L126
 788 005e B8F1030F 		cmp	r8, #3
 789 0062 05D0     		beq	.L127
 790 0064 B8F1000F 		cmp	r8, #0
 791 0068 67D0     		beq	.L128
 792 006a FFF7FEFF 		bl	USBD_CtlError
 793 006e D8E7     		b	.L125
 794              	.L127:
 795 0070 90F89C32 		ldrb	r3, [r0, #668]	@ zero_extendqisi2
 796 0074 DBB2     		uxtb	r3, r3
 797 0076 022B     		cmp	r3, #2
 798 0078 04D0     		beq	.L130
 799 007a 032B     		cmp	r3, #3
 800 007c 12D0     		beq	.L131
 801 007e FFF7FEFF 		bl	USBD_CtlError
 802 0082 CEE7     		b	.L125
 803              	.L130:
 804 0084 0FB1     		cbz	r7, .L133
 805 0086 802F     		cmp	r7, #128
 806 0088 04D1     		bne	.L162
 807              	.L133:
 808 008a 2946     		mov	r1, r5
 809 008c 3046     		mov	r0, r6
 810 008e FFF7FEFF 		bl	USBD_CtlError
 811 0092 C6E7     		b	.L125
 812              	.L162:
 813 0094 3946     		mov	r1, r7
 814 0096 FFF7FEFF 		bl	USBD_LL_StallEP
 815 009a 8021     		movs	r1, #128
 816 009c 3046     		mov	r0, r6
 817 009e FFF7FEFF 		bl	USBD_LL_StallEP
 818 00a2 BEE7     		b	.L125
 819              	.L131:
 820 00a4 4B88     		ldrh	r3, [r1, #2]
 821 00a6 23B9     		cbnz	r3, .L134
 822 00a8 1FB1     		cbz	r7, .L134
 823 00aa 802F     		cmp	r7, #128
ARM GAS  C:\Users\Nathan\AppData\Local\Temp\ccU9PR3O.s 			page 15


 824 00ac 01D0     		beq	.L134
 825 00ae CB88     		ldrh	r3, [r1, #6]
 826 00b0 1BB1     		cbz	r3, .L163
 827              	.L134:
 828 00b2 3046     		mov	r0, r6
 829 00b4 FFF7FEFF 		bl	USBD_CtlSendStatus
 830 00b8 B3E7     		b	.L125
 831              	.L163:
 832 00ba 3946     		mov	r1, r7
 833 00bc FFF7FEFF 		bl	USBD_LL_StallEP
 834 00c0 F7E7     		b	.L134
 835              	.L126:
 836 00c2 90F89C32 		ldrb	r3, [r0, #668]	@ zero_extendqisi2
 837 00c6 DBB2     		uxtb	r3, r3
 838 00c8 022B     		cmp	r3, #2
 839 00ca 04D0     		beq	.L135
 840 00cc 032B     		cmp	r3, #3
 841 00ce 12D0     		beq	.L136
 842 00d0 FFF7FEFF 		bl	USBD_CtlError
 843 00d4 A5E7     		b	.L125
 844              	.L135:
 845 00d6 0FB1     		cbz	r7, .L138
 846 00d8 802F     		cmp	r7, #128
 847 00da 04D1     		bne	.L164
 848              	.L138:
 849 00dc 2946     		mov	r1, r5
 850 00de 3046     		mov	r0, r6
 851 00e0 FFF7FEFF 		bl	USBD_CtlError
 852 00e4 9DE7     		b	.L125
 853              	.L164:
 854 00e6 3946     		mov	r1, r7
 855 00e8 FFF7FEFF 		bl	USBD_LL_StallEP
 856 00ec 8021     		movs	r1, #128
 857 00ee 3046     		mov	r0, r6
 858 00f0 FFF7FEFF 		bl	USBD_LL_StallEP
 859 00f4 95E7     		b	.L125
 860              	.L136:
 861 00f6 4B88     		ldrh	r3, [r1, #2]
 862 00f8 002B     		cmp	r3, #0
 863 00fa 92D1     		bne	.L125
 864 00fc 17F07F0F 		tst	r7, #127
 865 0100 17D1     		bne	.L165
 866              	.L139:
 867 0102 3046     		mov	r0, r6
 868 0104 FFF7FEFF 		bl	USBD_CtlSendStatus
 869 0108 3946     		mov	r1, r7
 870 010a 3046     		mov	r0, r6
 871 010c FFF7FEFF 		bl	USBD_CoreFindEP
 872 0110 0028     		cmp	r0, #0
 873 0112 86D1     		bne	.L125
 874 0114 C6F8D402 		str	r0, [r6, #724]
 875 0118 00F1AE02 		add	r2, r0, #174
 876 011c 56F82220 		ldr	r2, [r6, r2, lsl #2]
 877 0120 9268     		ldr	r2, [r2, #8]
 878 0122 002A     		cmp	r2, #0
 879 0124 00F08280 		beq	.L155
 880 0128 2946     		mov	r1, r5
ARM GAS  C:\Users\Nathan\AppData\Local\Temp\ccU9PR3O.s 			page 16


 881 012a 3046     		mov	r0, r6
 882 012c 9047     		blx	r2
 883 012e 0446     		mov	r4, r0
 884 0130 77E7     		b	.L125
 885              	.L165:
 886 0132 3946     		mov	r1, r7
 887 0134 FFF7FEFF 		bl	USBD_LL_ClearStallEP
 888 0138 E3E7     		b	.L139
 889              	.L128:
 890 013a 90F89C22 		ldrb	r2, [r0, #668]	@ zero_extendqisi2
 891 013e D2B2     		uxtb	r2, r2
 892 0140 022A     		cmp	r2, #2
 893 0142 05D0     		beq	.L140
 894 0144 032A     		cmp	r2, #3
 895 0146 27D0     		beq	.L141
 896 0148 FFF7FEFF 		bl	USBD_CtlError
 897 014c 4446     		mov	r4, r8
 898 014e 68E7     		b	.L125
 899              	.L140:
 900 0150 0FB1     		cbz	r7, .L143
 901 0152 802F     		cmp	r7, #128
 902 0154 13D1     		bne	.L166
 903              	.L143:
 904 0156 13F0800F 		tst	r3, #128
 905 015a 14D1     		bne	.L167
 906 015c 07F07F07 		and	r7, r7, #127
 907 0160 07EB8707 		add	r7, r7, r7, lsl #2
 908 0164 B900     		lsls	r1, r7, #2
 909 0166 01F5A871 		add	r1, r1, #336
 910 016a 3144     		add	r1, r1, r6
 911 016c 0431     		adds	r1, r1, #4
 912              	.L145:
 913 016e 0023     		movs	r3, #0
 914 0170 0B60     		str	r3, [r1]
 915 0172 0222     		movs	r2, #2
 916 0174 3046     		mov	r0, r6
 917 0176 FFF7FEFF 		bl	USBD_CtlSendData
 918 017a 4446     		mov	r4, r8
 919 017c 51E7     		b	.L125
 920              	.L166:
 921 017e FFF7FEFF 		bl	USBD_CtlError
 922 0182 4446     		mov	r4, r8
 923 0184 4DE7     		b	.L125
 924              	.L167:
 925 0186 07F07F07 		and	r7, r7, #127
 926 018a 07EB8707 		add	r7, r7, r7, lsl #2
 927 018e B900     		lsls	r1, r7, #2
 928 0190 1031     		adds	r1, r1, #16
 929 0192 3144     		add	r1, r1, r6
 930 0194 0431     		adds	r1, r1, #4
 931 0196 EAE7     		b	.L145
 932              	.L141:
 933 0198 5BB2     		sxtb	r3, r3
 934 019a 002B     		cmp	r3, #0
 935 019c 1FDB     		blt	.L168
 936 019e 07F00F02 		and	r2, r7, #15
 937 01a2 02EB8202 		add	r2, r2, r2, lsl #2
ARM GAS  C:\Users\Nathan\AppData\Local\Temp\ccU9PR3O.s 			page 17


 938 01a6 00EB8202 		add	r2, r0, r2, lsl #2
 939 01aa B2F86421 		ldrh	r2, [r2, #356]
 940 01ae 1AB3     		cbz	r2, .L169
 941              	.L147:
 942 01b0 002B     		cmp	r3, #0
 943 01b2 25DB     		blt	.L170
 944 01b4 07F07F03 		and	r3, r7, #127
 945 01b8 03EB8303 		add	r3, r3, r3, lsl #2
 946 01bc 9C00     		lsls	r4, r3, #2
 947 01be 04F5A874 		add	r4, r4, #336
 948 01c2 3444     		add	r4, r4, r6
 949 01c4 0434     		adds	r4, r4, #4
 950              	.L149:
 951 01c6 0FB1     		cbz	r7, .L150
 952 01c8 802F     		cmp	r7, #128
 953 01ca 22D1     		bne	.L151
 954              	.L150:
 955 01cc 0023     		movs	r3, #0
 956 01ce 2360     		str	r3, [r4]
 957              	.L152:
 958 01d0 0222     		movs	r2, #2
 959 01d2 2146     		mov	r1, r4
 960 01d4 3046     		mov	r0, r6
 961 01d6 FFF7FEFF 		bl	USBD_CtlSendData
 962 01da 4446     		mov	r4, r8
 963 01dc 21E7     		b	.L125
 964              	.L168:
 965 01de 07F00F02 		and	r2, r7, #15
 966 01e2 02EB8202 		add	r2, r2, r2, lsl #2
 967 01e6 00EB8202 		add	r2, r0, r2, lsl #2
 968 01ea 928C     		ldrh	r2, [r2, #36]
 969 01ec 002A     		cmp	r2, #0
 970 01ee DFD1     		bne	.L147
 971 01f0 FFF7FEFF 		bl	USBD_CtlError
 972 01f4 4446     		mov	r4, r8
 973 01f6 14E7     		b	.L125
 974              	.L169:
 975 01f8 FFF7FEFF 		bl	USBD_CtlError
 976 01fc 4446     		mov	r4, r8
 977 01fe 10E7     		b	.L125
 978              	.L170:
 979 0200 07F07F03 		and	r3, r7, #127
 980 0204 03EB8303 		add	r3, r3, r3, lsl #2
 981 0208 9C00     		lsls	r4, r3, #2
 982 020a 1034     		adds	r4, r4, #16
 983 020c 3444     		add	r4, r4, r6
 984 020e 0434     		adds	r4, r4, #4
 985 0210 D9E7     		b	.L149
 986              	.L151:
 987 0212 3946     		mov	r1, r7
 988 0214 3046     		mov	r0, r6
 989 0216 FFF7FEFF 		bl	USBD_LL_IsStallEP
 990 021a 10B1     		cbz	r0, .L153
 991 021c 0123     		movs	r3, #1
 992 021e 2360     		str	r3, [r4]
 993 0220 D6E7     		b	.L152
 994              	.L153:
ARM GAS  C:\Users\Nathan\AppData\Local\Temp\ccU9PR3O.s 			page 18


 995 0222 0023     		movs	r3, #0
 996 0224 2360     		str	r3, [r4]
 997 0226 D3E7     		b	.L152
 998              	.L154:
 999 0228 0024     		movs	r4, #0
 1000 022a FAE6     		b	.L125
 1001              	.L155:
 1002 022c 0446     		mov	r4, r0
 1003 022e F8E6     		b	.L125
 1005              		.section	.text.USBD_GetString,"ax",%progbits
 1006              		.align	1
 1007              		.global	USBD_GetString
 1008              		.syntax unified
 1009              		.thumb
 1010              		.thumb_func
 1012              	USBD_GetString:
 1013              		@ args = 0, pretend = 0, frame = 0
 1014              		@ frame_needed = 0, uses_anonymous_args = 0
 1015 0000 00B3     		cbz	r0, .L178
 1016 0002 70B5     		push	{r4, r5, r6, lr}
 1017 0004 0D46     		mov	r5, r1
 1018 0006 1646     		mov	r6, r2
 1019 0008 0446     		mov	r4, r0
 1020 000a FFF7FEFF 		bl	USBD_GetLen
 1021 000e 0130     		adds	r0, r0, #1
 1022 0010 4300     		lsls	r3, r0, #1
 1023 0012 B3F5007F 		cmp	r3, #512
 1024 0016 06D8     		bhi	.L176
 1025 0018 9BB2     		uxth	r3, r3
 1026              	.L173:
 1027 001a 3380     		strh	r3, [r6]	@ movhi
 1028 001c 2B70     		strb	r3, [r5]
 1029 001e 0323     		movs	r3, #3
 1030 0020 6B70     		strb	r3, [r5, #1]
 1031 0022 0223     		movs	r3, #2
 1032 0024 0AE0     		b	.L174
 1033              	.L176:
 1034 0026 4FF40073 		mov	r3, #512
 1035 002a F6E7     		b	.L173
 1036              	.L175:
 1037 002c EA54     		strb	r2, [r5, r3]
 1038 002e 0134     		adds	r4, r4, #1
 1039 0030 5A1C     		adds	r2, r3, #1
 1040 0032 D2B2     		uxtb	r2, r2
 1041 0034 0021     		movs	r1, #0
 1042 0036 A954     		strb	r1, [r5, r2]
 1043 0038 0233     		adds	r3, r3, #2
 1044 003a DBB2     		uxtb	r3, r3
 1045              	.L174:
 1046 003c 2278     		ldrb	r2, [r4]	@ zero_extendqisi2
 1047 003e 002A     		cmp	r2, #0
 1048 0040 F4D1     		bne	.L175
 1049 0042 70BD     		pop	{r4, r5, r6, pc}
 1050              	.L178:
 1051 0044 7047     		bx	lr
 1053              		.section	.bss.cfgidx.0,"aw",%nobits
 1056              	cfgidx.0:
ARM GAS  C:\Users\Nathan\AppData\Local\Temp\ccU9PR3O.s 			page 19


 1057 0000 00       		.space	1
 1058              		.ident	"GCC: (Arm GNU Toolchain 13.3.Rel1 (Build arm-13.24)) 13.3.1 20240614"
ARM GAS  C:\Users\Nathan\AppData\Local\Temp\ccU9PR3O.s 			page 20


DEFINED SYMBOLS
                            *ABS*:00000000 usbd_ctlreq.c
C:\Users\Nathan\AppData\Local\Temp\ccU9PR3O.s:18     .text.USBD_GetLen:00000000 $t
C:\Users\Nathan\AppData\Local\Temp\ccU9PR3O.s:23     .text.USBD_GetLen:00000000 USBD_GetLen
C:\Users\Nathan\AppData\Local\Temp\ccU9PR3O.s:41     .text.USBD_ParseSetupRequest:00000000 $t
C:\Users\Nathan\AppData\Local\Temp\ccU9PR3O.s:47     .text.USBD_ParseSetupRequest:00000000 USBD_ParseSetupRequest
C:\Users\Nathan\AppData\Local\Temp\ccU9PR3O.s:70     .text.USBD_CtlError:00000000 $t
C:\Users\Nathan\AppData\Local\Temp\ccU9PR3O.s:76     .text.USBD_CtlError:00000000 USBD_CtlError
C:\Users\Nathan\AppData\Local\Temp\ccU9PR3O.s:89     .text.USBD_GetDescriptor:00000000 $t
C:\Users\Nathan\AppData\Local\Temp\ccU9PR3O.s:94     .text.USBD_GetDescriptor:00000000 USBD_GetDescriptor
C:\Users\Nathan\AppData\Local\Temp\ccU9PR3O.s:110    .text.USBD_GetDescriptor:0000001e $d
C:\Users\Nathan\AppData\Local\Temp\ccU9PR3O.s:186    .text.USBD_GetDescriptor:000000b0 $d
C:\Users\Nathan\AppData\Local\Temp\ccU9PR3O.s:192    .text.USBD_GetDescriptor:000000b6 $t
C:\Users\Nathan\AppData\Local\Temp\ccU9PR3O.s:310    .text.USBD_SetAddress:00000000 $t
C:\Users\Nathan\AppData\Local\Temp\ccU9PR3O.s:315    .text.USBD_SetAddress:00000000 USBD_SetAddress
C:\Users\Nathan\AppData\Local\Temp\ccU9PR3O.s:355    .text.USBD_SetConfig:00000000 $t
C:\Users\Nathan\AppData\Local\Temp\ccU9PR3O.s:360    .text.USBD_SetConfig:00000000 USBD_SetConfig
C:\Users\Nathan\AppData\Local\Temp\ccU9PR3O.s:455    .text.USBD_SetConfig:000000c8 $d
C:\Users\Nathan\AppData\Local\Temp\ccU9PR3O.s:1056   .bss.cfgidx.0:00000000 cfgidx.0
C:\Users\Nathan\AppData\Local\Temp\ccU9PR3O.s:458    .text.USBD_GetConfig:00000000 $t
C:\Users\Nathan\AppData\Local\Temp\ccU9PR3O.s:463    .text.USBD_GetConfig:00000000 USBD_GetConfig
C:\Users\Nathan\AppData\Local\Temp\ccU9PR3O.s:498    .text.USBD_GetStatus:00000000 $t
C:\Users\Nathan\AppData\Local\Temp\ccU9PR3O.s:503    .text.USBD_GetStatus:00000000 USBD_GetStatus
C:\Users\Nathan\AppData\Local\Temp\ccU9PR3O.s:534    .text.USBD_SetFeature:00000000 $t
C:\Users\Nathan\AppData\Local\Temp\ccU9PR3O.s:539    .text.USBD_SetFeature:00000000 USBD_SetFeature
C:\Users\Nathan\AppData\Local\Temp\ccU9PR3O.s:563    .text.USBD_ClrFeature:00000000 $t
C:\Users\Nathan\AppData\Local\Temp\ccU9PR3O.s:568    .text.USBD_ClrFeature:00000000 USBD_ClrFeature
C:\Users\Nathan\AppData\Local\Temp\ccU9PR3O.s:591    .text.USBD_StdDevReq:00000000 $t
C:\Users\Nathan\AppData\Local\Temp\ccU9PR3O.s:597    .text.USBD_StdDevReq:00000000 USBD_StdDevReq
C:\Users\Nathan\AppData\Local\Temp\ccU9PR3O.s:627    .text.USBD_StdDevReq:00000038 $d
C:\Users\Nathan\AppData\Local\Temp\ccU9PR3O.s:637    .text.USBD_StdDevReq:00000042 $t
C:\Users\Nathan\AppData\Local\Temp\ccU9PR3O.s:666    .text.USBD_StdItfReq:00000000 $t
C:\Users\Nathan\AppData\Local\Temp\ccU9PR3O.s:672    .text.USBD_StdItfReq:00000000 USBD_StdItfReq
C:\Users\Nathan\AppData\Local\Temp\ccU9PR3O.s:740    .text.USBD_StdEPReq:00000000 $t
C:\Users\Nathan\AppData\Local\Temp\ccU9PR3O.s:746    .text.USBD_StdEPReq:00000000 USBD_StdEPReq
C:\Users\Nathan\AppData\Local\Temp\ccU9PR3O.s:1006   .text.USBD_GetString:00000000 $t
C:\Users\Nathan\AppData\Local\Temp\ccU9PR3O.s:1012   .text.USBD_GetString:00000000 USBD_GetString
C:\Users\Nathan\AppData\Local\Temp\ccU9PR3O.s:1057   .bss.cfgidx.0:00000000 $d
C:\Users\Nathan\AppData\Local\Temp\ccU9PR3O.s:125    .text.USBD_GetDescriptor:0000002d $d
C:\Users\Nathan\AppData\Local\Temp\ccU9PR3O.s:125    .text.USBD_GetDescriptor:0000002e $t

UNDEFINED SYMBOLS
USBD_LL_StallEP
USBD_CtlSendData
USBD_CtlSendStatus
USBD_LL_SetUSBAddress
USBD_ClrClassConfig
USBD_SetClassConfig
USBD_CoreFindIF
USBD_CoreFindEP
USBD_LL_ClearStallEP
USBD_LL_IsStallEP
