ARM GAS  C:\Users\Nathan\AppData\Local\Temp\ccKq6AIA.s 			page 1


   1              		.cpu cortex-m4
   2              		.arch armv7e-m
   3              		.fpu fpv4-sp-d16
   4              		.eabi_attribute 27, 1
   5              		.eabi_attribute 28, 1
   6              		.eabi_attribute 20, 1
   7              		.eabi_attribute 21, 1
   8              		.eabi_attribute 23, 3
   9              		.eabi_attribute 24, 1
  10              		.eabi_attribute 25, 1
  11              		.eabi_attribute 26, 1
  12              		.eabi_attribute 30, 1
  13              		.eabi_attribute 34, 1
  14              		.eabi_attribute 18, 4
  15              		.file	"usbd_core.c"
  16              		.text
  17              		.section	.text.USBD_Init,"ax",%progbits
  18              		.align	1
  19              		.global	USBD_Init
  20              		.syntax unified
  21              		.thumb
  22              		.thumb_func
  24              	USBD_Init:
  25              		@ args = 0, pretend = 0, frame = 0
  26              		@ frame_needed = 0, uses_anonymous_args = 0
  27 0000 98B1     		cbz	r0, .L4
  28 0002 08B5     		push	{r3, lr}
  29 0004 0346     		mov	r3, r0
  30 0006 0020     		movs	r0, #0
  31 0008 C3F8B802 		str	r0, [r3, #696]
  32 000c C3F8C402 		str	r0, [r3, #708]
  33 0010 C3F8D002 		str	r0, [r3, #720]
  34 0014 09B1     		cbz	r1, .L3
  35 0016 C3F8B412 		str	r1, [r3, #692]
  36              	.L3:
  37 001a 0121     		movs	r1, #1
  38 001c 83F89C12 		strb	r1, [r3, #668]
  39 0020 1A70     		strb	r2, [r3]
  40 0022 1846     		mov	r0, r3
  41 0024 FFF7FEFF 		bl	USBD_LL_Init
  42 0028 08BD     		pop	{r3, pc}
  43              	.L4:
  44 002a 0320     		movs	r0, #3
  45 002c 7047     		bx	lr
  47              		.section	.text.USBD_DeInit,"ax",%progbits
  48              		.align	1
  49              		.global	USBD_DeInit
  50              		.syntax unified
  51              		.thumb
  52              		.thumb_func
  54              	USBD_DeInit:
  55              		@ args = 0, pretend = 0, frame = 0
  56              		@ frame_needed = 0, uses_anonymous_args = 0
  57 0000 10B5     		push	{r4, lr}
  58 0002 0446     		mov	r4, r0
  59 0004 FFF7FEFF 		bl	USBD_LL_Stop
  60 0008 0123     		movs	r3, #1
ARM GAS  C:\Users\Nathan\AppData\Local\Temp\ccKq6AIA.s 			page 2


  61 000a 84F89C32 		strb	r3, [r4, #668]
  62 000e D4F8B832 		ldr	r3, [r4, #696]
  63 0012 1BB1     		cbz	r3, .L10
  64 0014 5B68     		ldr	r3, [r3, #4]
  65 0016 2179     		ldrb	r1, [r4, #4]	@ zero_extendqisi2
  66 0018 2046     		mov	r0, r4
  67 001a 9847     		blx	r3
  68              	.L10:
  69 001c 0023     		movs	r3, #0
  70 001e C4F8C432 		str	r3, [r4, #708]
  71 0022 C4F8B432 		str	r3, [r4, #692]
  72 0026 C4F8D032 		str	r3, [r4, #720]
  73 002a 2046     		mov	r0, r4
  74 002c FFF7FEFF 		bl	USBD_LL_DeInit
  75 0030 10BD     		pop	{r4, pc}
  77              		.section	.text.USBD_RegisterClass,"ax",%progbits
  78              		.align	1
  79              		.global	USBD_RegisterClass
  80              		.syntax unified
  81              		.thumb
  82              		.thumb_func
  84              	USBD_RegisterClass:
  85              		@ args = 0, pretend = 0, frame = 8
  86              		@ frame_needed = 0, uses_anonymous_args = 0
  87 0000 10B5     		push	{r4, lr}
  88 0002 82B0     		sub	sp, sp, #8
  89 0004 0023     		movs	r3, #0
  90 0006 ADF80630 		strh	r3, [sp, #6]	@ movhi
  91 000a B9B1     		cbz	r1, .L15
  92 000c 0446     		mov	r4, r0
  93 000e C0F8B812 		str	r1, [r0, #696]
  94 0012 D0F8D422 		ldr	r2, [r0, #724]
  95 0016 CB6A     		ldr	r3, [r1, #44]
  96 0018 43B1     		cbz	r3, .L14
  97 001a AE32     		adds	r2, r2, #174
  98 001c 50F82230 		ldr	r3, [r0, r2, lsl #2]
  99 0020 DB6A     		ldr	r3, [r3, #44]
 100 0022 0DF10600 		add	r0, sp, #6
 101 0026 9847     		blx	r3
 102 0028 C4F8D002 		str	r0, [r4, #720]
 103              	.L14:
 104 002c D4F8D832 		ldr	r3, [r4, #728]
 105 0030 0133     		adds	r3, r3, #1
 106 0032 C4F8D832 		str	r3, [r4, #728]
 107 0036 0020     		movs	r0, #0
 108              	.L13:
 109 0038 02B0     		add	sp, sp, #8
 110              		@ sp needed
 111 003a 10BD     		pop	{r4, pc}
 112              	.L15:
 113 003c 0320     		movs	r0, #3
 114 003e FBE7     		b	.L13
 116              		.section	.text.USBD_Start,"ax",%progbits
 117              		.align	1
 118              		.global	USBD_Start
 119              		.syntax unified
 120              		.thumb
ARM GAS  C:\Users\Nathan\AppData\Local\Temp\ccKq6AIA.s 			page 3


 121              		.thumb_func
 123              	USBD_Start:
 124              		@ args = 0, pretend = 0, frame = 0
 125              		@ frame_needed = 0, uses_anonymous_args = 0
 126 0000 08B5     		push	{r3, lr}
 127 0002 FFF7FEFF 		bl	USBD_LL_Start
 128 0006 08BD     		pop	{r3, pc}
 130              		.section	.text.USBD_Stop,"ax",%progbits
 131              		.align	1
 132              		.global	USBD_Stop
 133              		.syntax unified
 134              		.thumb
 135              		.thumb_func
 137              	USBD_Stop:
 138              		@ args = 0, pretend = 0, frame = 0
 139              		@ frame_needed = 0, uses_anonymous_args = 0
 140 0000 10B5     		push	{r4, lr}
 141 0002 0446     		mov	r4, r0
 142 0004 FFF7FEFF 		bl	USBD_LL_Stop
 143 0008 D4F8B832 		ldr	r3, [r4, #696]
 144 000c 1BB1     		cbz	r3, .L20
 145 000e 5B68     		ldr	r3, [r3, #4]
 146 0010 2179     		ldrb	r1, [r4, #4]	@ zero_extendqisi2
 147 0012 2046     		mov	r0, r4
 148 0014 9847     		blx	r3
 149              	.L20:
 150 0016 0020     		movs	r0, #0
 151 0018 10BD     		pop	{r4, pc}
 153              		.section	.text.USBD_RunTestMode,"ax",%progbits
 154              		.align	1
 155              		.global	USBD_RunTestMode
 156              		.syntax unified
 157              		.thumb
 158              		.thumb_func
 160              	USBD_RunTestMode:
 161              		@ args = 0, pretend = 0, frame = 0
 162              		@ frame_needed = 0, uses_anonymous_args = 0
 163              		@ link register save eliminated.
 164 0000 0020     		movs	r0, #0
 165 0002 7047     		bx	lr
 167              		.section	.text.USBD_SetClassConfig,"ax",%progbits
 168              		.align	1
 169              		.global	USBD_SetClassConfig
 170              		.syntax unified
 171              		.thumb
 172              		.thumb_func
 174              	USBD_SetClassConfig:
 175              		@ args = 0, pretend = 0, frame = 0
 176              		@ frame_needed = 0, uses_anonymous_args = 0
 177 0000 08B5     		push	{r3, lr}
 178 0002 D0F8B832 		ldr	r3, [r0, #696]
 179 0006 13B1     		cbz	r3, .L25
 180 0008 1B68     		ldr	r3, [r3]
 181 000a 9847     		blx	r3
 182              	.L24:
 183 000c 08BD     		pop	{r3, pc}
 184              	.L25:
ARM GAS  C:\Users\Nathan\AppData\Local\Temp\ccKq6AIA.s 			page 4


 185 000e 0020     		movs	r0, #0
 186 0010 FCE7     		b	.L24
 188              		.section	.text.USBD_ClrClassConfig,"ax",%progbits
 189              		.align	1
 190              		.global	USBD_ClrClassConfig
 191              		.syntax unified
 192              		.thumb
 193              		.thumb_func
 195              	USBD_ClrClassConfig:
 196              		@ args = 0, pretend = 0, frame = 0
 197              		@ frame_needed = 0, uses_anonymous_args = 0
 198 0000 08B5     		push	{r3, lr}
 199 0002 D0F8B832 		ldr	r3, [r0, #696]
 200 0006 5B68     		ldr	r3, [r3, #4]
 201 0008 9847     		blx	r3
 202 000a 00B9     		cbnz	r0, .L31
 203              	.L28:
 204 000c 08BD     		pop	{r3, pc}
 205              	.L31:
 206 000e 0320     		movs	r0, #3
 207 0010 FCE7     		b	.L28
 209              		.section	.text.USBD_LL_SetupStage,"ax",%progbits
 210              		.align	1
 211              		.global	USBD_LL_SetupStage
 212              		.syntax unified
 213              		.thumb
 214              		.thumb_func
 216              	USBD_LL_SetupStage:
 217              		@ args = 0, pretend = 0, frame = 0
 218              		@ frame_needed = 0, uses_anonymous_args = 0
 219 0000 38B5     		push	{r3, r4, r5, lr}
 220 0002 0446     		mov	r4, r0
 221 0004 00F2AA25 		addw	r5, r0, #682
 222 0008 2846     		mov	r0, r5
 223 000a FFF7FEFF 		bl	USBD_ParseSetupRequest
 224 000e 0123     		movs	r3, #1
 225 0010 C4F89432 		str	r3, [r4, #660]
 226 0014 B4F8B032 		ldrh	r3, [r4, #688]
 227 0018 C4F89832 		str	r3, [r4, #664]
 228 001c 94F8AA12 		ldrb	r1, [r4, #682]	@ zero_extendqisi2
 229 0020 01F01F03 		and	r3, r1, #31
 230 0024 012B     		cmp	r3, #1
 231 0026 07D0     		beq	.L33
 232 0028 022B     		cmp	r3, #2
 233 002a 0AD0     		beq	.L34
 234 002c 73B9     		cbnz	r3, .L35
 235 002e 2946     		mov	r1, r5
 236 0030 2046     		mov	r0, r4
 237 0032 FFF7FEFF 		bl	USBD_StdDevReq
 238              	.L36:
 239 0036 38BD     		pop	{r3, r4, r5, pc}
 240              	.L33:
 241 0038 2946     		mov	r1, r5
 242 003a 2046     		mov	r0, r4
 243 003c FFF7FEFF 		bl	USBD_StdItfReq
 244 0040 F9E7     		b	.L36
 245              	.L34:
ARM GAS  C:\Users\Nathan\AppData\Local\Temp\ccKq6AIA.s 			page 5


 246 0042 2946     		mov	r1, r5
 247 0044 2046     		mov	r0, r4
 248 0046 FFF7FEFF 		bl	USBD_StdEPReq
 249 004a F4E7     		b	.L36
 250              	.L35:
 251 004c 01F08001 		and	r1, r1, #128
 252 0050 2046     		mov	r0, r4
 253 0052 FFF7FEFF 		bl	USBD_LL_StallEP
 254 0056 EEE7     		b	.L36
 256              		.section	.text.USBD_LL_Reset,"ax",%progbits
 257              		.align	1
 258              		.global	USBD_LL_Reset
 259              		.syntax unified
 260              		.thumb
 261              		.thumb_func
 263              	USBD_LL_Reset:
 264              		@ args = 0, pretend = 0, frame = 0
 265              		@ frame_needed = 0, uses_anonymous_args = 0
 266 0000 F8B5     		push	{r3, r4, r5, r6, r7, lr}
 267 0002 0446     		mov	r4, r0
 268 0004 0123     		movs	r3, #1
 269 0006 80F89C32 		strb	r3, [r0, #668]
 270 000a 0023     		movs	r3, #0
 271 000c C0F89432 		str	r3, [r0, #660]
 272 0010 4360     		str	r3, [r0, #4]
 273 0012 C0F8A432 		str	r3, [r0, #676]
 274 0016 80F8A032 		strb	r3, [r0, #672]
 275 001a D0F8B832 		ldr	r3, [r0, #696]
 276 001e DBB1     		cbz	r3, .L40
 277 0020 5B68     		ldr	r3, [r3, #4]
 278 0022 DBB1     		cbz	r3, .L41
 279 0024 0021     		movs	r1, #0
 280 0026 9847     		blx	r3
 281 0028 0746     		mov	r7, r0
 282 002a C8B9     		cbnz	r0, .L44
 283              	.L39:
 284 002c 4023     		movs	r3, #64
 285 002e 0022     		movs	r2, #0
 286 0030 1146     		mov	r1, r2
 287 0032 2046     		mov	r0, r4
 288 0034 FFF7FEFF 		bl	USBD_LL_OpenEP
 289 0038 0126     		movs	r6, #1
 290 003a A4F86461 		strh	r6, [r4, #356]	@ movhi
 291 003e 4025     		movs	r5, #64
 292 0040 C4F86051 		str	r5, [r4, #352]
 293 0044 2B46     		mov	r3, r5
 294 0046 0022     		movs	r2, #0
 295 0048 8021     		movs	r1, #128
 296 004a 2046     		mov	r0, r4
 297 004c FFF7FEFF 		bl	USBD_LL_OpenEP
 298 0050 A684     		strh	r6, [r4, #36]	@ movhi
 299 0052 2562     		str	r5, [r4, #32]
 300 0054 3846     		mov	r0, r7
 301 0056 F8BD     		pop	{r3, r4, r5, r6, r7, pc}
 302              	.L40:
 303 0058 0027     		movs	r7, #0
 304 005a E7E7     		b	.L39
ARM GAS  C:\Users\Nathan\AppData\Local\Temp\ccKq6AIA.s 			page 6


 305              	.L41:
 306 005c 0027     		movs	r7, #0
 307 005e E5E7     		b	.L39
 308              	.L44:
 309 0060 0327     		movs	r7, #3
 310 0062 E3E7     		b	.L39
 312              		.section	.text.USBD_LL_SetSpeed,"ax",%progbits
 313              		.align	1
 314              		.global	USBD_LL_SetSpeed
 315              		.syntax unified
 316              		.thumb
 317              		.thumb_func
 319              	USBD_LL_SetSpeed:
 320              		@ args = 0, pretend = 0, frame = 0
 321              		@ frame_needed = 0, uses_anonymous_args = 0
 322              		@ link register save eliminated.
 323 0000 0174     		strb	r1, [r0, #16]
 324 0002 0020     		movs	r0, #0
 325 0004 7047     		bx	lr
 327              		.section	.text.USBD_LL_Suspend,"ax",%progbits
 328              		.align	1
 329              		.global	USBD_LL_Suspend
 330              		.syntax unified
 331              		.thumb
 332              		.thumb_func
 334              	USBD_LL_Suspend:
 335              		@ args = 0, pretend = 0, frame = 0
 336              		@ frame_needed = 0, uses_anonymous_args = 0
 337              		@ link register save eliminated.
 338 0000 90F89C32 		ldrb	r3, [r0, #668]	@ zero_extendqisi2
 339 0004 DBB2     		uxtb	r3, r3
 340 0006 042B     		cmp	r3, #4
 341 0008 04D0     		beq	.L47
 342 000a 90F89C32 		ldrb	r3, [r0, #668]	@ zero_extendqisi2
 343 000e DBB2     		uxtb	r3, r3
 344 0010 80F89D32 		strb	r3, [r0, #669]
 345              	.L47:
 346 0014 0423     		movs	r3, #4
 347 0016 80F89C32 		strb	r3, [r0, #668]
 348 001a 0020     		movs	r0, #0
 349 001c 7047     		bx	lr
 351              		.section	.text.USBD_LL_Resume,"ax",%progbits
 352              		.align	1
 353              		.global	USBD_LL_Resume
 354              		.syntax unified
 355              		.thumb
 356              		.thumb_func
 358              	USBD_LL_Resume:
 359              		@ args = 0, pretend = 0, frame = 0
 360              		@ frame_needed = 0, uses_anonymous_args = 0
 361              		@ link register save eliminated.
 362 0000 90F89C32 		ldrb	r3, [r0, #668]	@ zero_extendqisi2
 363 0004 DBB2     		uxtb	r3, r3
 364 0006 042B     		cmp	r3, #4
 365 0008 01D0     		beq	.L50
 366              	.L49:
 367 000a 0020     		movs	r0, #0
ARM GAS  C:\Users\Nathan\AppData\Local\Temp\ccKq6AIA.s 			page 7


 368 000c 7047     		bx	lr
 369              	.L50:
 370 000e 90F89D32 		ldrb	r3, [r0, #669]	@ zero_extendqisi2
 371 0012 DBB2     		uxtb	r3, r3
 372 0014 80F89C32 		strb	r3, [r0, #668]
 373 0018 F7E7     		b	.L49
 375              		.section	.text.USBD_LL_SOF,"ax",%progbits
 376              		.align	1
 377              		.global	USBD_LL_SOF
 378              		.syntax unified
 379              		.thumb
 380              		.thumb_func
 382              	USBD_LL_SOF:
 383              		@ args = 0, pretend = 0, frame = 0
 384              		@ frame_needed = 0, uses_anonymous_args = 0
 385 0000 08B5     		push	{r3, lr}
 386 0002 90F89C32 		ldrb	r3, [r0, #668]	@ zero_extendqisi2
 387 0006 DBB2     		uxtb	r3, r3
 388 0008 032B     		cmp	r3, #3
 389 000a 01D0     		beq	.L54
 390              	.L52:
 391 000c 0020     		movs	r0, #0
 392 000e 08BD     		pop	{r3, pc}
 393              	.L54:
 394 0010 D0F8B832 		ldr	r3, [r0, #696]
 395 0014 002B     		cmp	r3, #0
 396 0016 F9D0     		beq	.L52
 397 0018 DB69     		ldr	r3, [r3, #28]
 398 001a 002B     		cmp	r3, #0
 399 001c F6D0     		beq	.L52
 400 001e 9847     		blx	r3
 401 0020 F4E7     		b	.L52
 403              		.section	.text.USBD_LL_IsoINIncomplete,"ax",%progbits
 404              		.align	1
 405              		.global	USBD_LL_IsoINIncomplete
 406              		.syntax unified
 407              		.thumb
 408              		.thumb_func
 410              	USBD_LL_IsoINIncomplete:
 411              		@ args = 0, pretend = 0, frame = 0
 412              		@ frame_needed = 0, uses_anonymous_args = 0
 413 0000 08B5     		push	{r3, lr}
 414 0002 D0F8D432 		ldr	r3, [r0, #724]
 415 0006 AE33     		adds	r3, r3, #174
 416 0008 50F82320 		ldr	r2, [r0, r3, lsl #2]
 417 000c 5AB1     		cbz	r2, .L57
 418 000e 90F89C32 		ldrb	r3, [r0, #668]	@ zero_extendqisi2
 419 0012 DBB2     		uxtb	r3, r3
 420 0014 032B     		cmp	r3, #3
 421 0016 01D0     		beq	.L61
 422 0018 0020     		movs	r0, #0
 423              	.L56:
 424 001a 08BD     		pop	{r3, pc}
 425              	.L61:
 426 001c 136A     		ldr	r3, [r2, #32]
 427 001e 23B1     		cbz	r3, .L59
 428 0020 9847     		blx	r3
ARM GAS  C:\Users\Nathan\AppData\Local\Temp\ccKq6AIA.s 			page 8


 429 0022 0020     		movs	r0, #0
 430 0024 F9E7     		b	.L56
 431              	.L57:
 432 0026 0320     		movs	r0, #3
 433 0028 F7E7     		b	.L56
 434              	.L59:
 435 002a 0020     		movs	r0, #0
 436 002c F5E7     		b	.L56
 438              		.section	.text.USBD_LL_IsoOUTIncomplete,"ax",%progbits
 439              		.align	1
 440              		.global	USBD_LL_IsoOUTIncomplete
 441              		.syntax unified
 442              		.thumb
 443              		.thumb_func
 445              	USBD_LL_IsoOUTIncomplete:
 446              		@ args = 0, pretend = 0, frame = 0
 447              		@ frame_needed = 0, uses_anonymous_args = 0
 448 0000 08B5     		push	{r3, lr}
 449 0002 D0F8D432 		ldr	r3, [r0, #724]
 450 0006 AE33     		adds	r3, r3, #174
 451 0008 50F82320 		ldr	r2, [r0, r3, lsl #2]
 452 000c 5AB1     		cbz	r2, .L64
 453 000e 90F89C32 		ldrb	r3, [r0, #668]	@ zero_extendqisi2
 454 0012 DBB2     		uxtb	r3, r3
 455 0014 032B     		cmp	r3, #3
 456 0016 01D0     		beq	.L68
 457 0018 0020     		movs	r0, #0
 458              	.L63:
 459 001a 08BD     		pop	{r3, pc}
 460              	.L68:
 461 001c 536A     		ldr	r3, [r2, #36]
 462 001e 23B1     		cbz	r3, .L66
 463 0020 9847     		blx	r3
 464 0022 0020     		movs	r0, #0
 465 0024 F9E7     		b	.L63
 466              	.L64:
 467 0026 0320     		movs	r0, #3
 468 0028 F7E7     		b	.L63
 469              	.L66:
 470 002a 0020     		movs	r0, #0
 471 002c F5E7     		b	.L63
 473              		.section	.text.USBD_LL_DevConnected,"ax",%progbits
 474              		.align	1
 475              		.global	USBD_LL_DevConnected
 476              		.syntax unified
 477              		.thumb
 478              		.thumb_func
 480              	USBD_LL_DevConnected:
 481              		@ args = 0, pretend = 0, frame = 0
 482              		@ frame_needed = 0, uses_anonymous_args = 0
 483              		@ link register save eliminated.
 484 0000 0020     		movs	r0, #0
 485 0002 7047     		bx	lr
 487              		.section	.text.USBD_LL_DevDisconnected,"ax",%progbits
 488              		.align	1
 489              		.global	USBD_LL_DevDisconnected
 490              		.syntax unified
ARM GAS  C:\Users\Nathan\AppData\Local\Temp\ccKq6AIA.s 			page 9


 491              		.thumb
 492              		.thumb_func
 494              	USBD_LL_DevDisconnected:
 495              		@ args = 0, pretend = 0, frame = 0
 496              		@ frame_needed = 0, uses_anonymous_args = 0
 497 0000 08B5     		push	{r3, lr}
 498 0002 0123     		movs	r3, #1
 499 0004 80F89C32 		strb	r3, [r0, #668]
 500 0008 D0F8B832 		ldr	r3, [r0, #696]
 501 000c 23B1     		cbz	r3, .L72
 502 000e 5B68     		ldr	r3, [r3, #4]
 503 0010 0179     		ldrb	r1, [r0, #4]	@ zero_extendqisi2
 504 0012 9847     		blx	r3
 505 0014 10B9     		cbnz	r0, .L75
 506              	.L71:
 507 0016 08BD     		pop	{r3, pc}
 508              	.L72:
 509 0018 0020     		movs	r0, #0
 510 001a FCE7     		b	.L71
 511              	.L75:
 512 001c 0320     		movs	r0, #3
 513 001e FAE7     		b	.L71
 515              		.section	.text.USBD_CoreFindIF,"ax",%progbits
 516              		.align	1
 517              		.global	USBD_CoreFindIF
 518              		.syntax unified
 519              		.thumb
 520              		.thumb_func
 522              	USBD_CoreFindIF:
 523              		@ args = 0, pretend = 0, frame = 0
 524              		@ frame_needed = 0, uses_anonymous_args = 0
 525              		@ link register save eliminated.
 526 0000 0020     		movs	r0, #0
 527 0002 7047     		bx	lr
 529              		.section	.text.USBD_CoreFindEP,"ax",%progbits
 530              		.align	1
 531              		.global	USBD_CoreFindEP
 532              		.syntax unified
 533              		.thumb
 534              		.thumb_func
 536              	USBD_CoreFindEP:
 537              		@ args = 0, pretend = 0, frame = 0
 538              		@ frame_needed = 0, uses_anonymous_args = 0
 539              		@ link register save eliminated.
 540 0000 0020     		movs	r0, #0
 541 0002 7047     		bx	lr
 543              		.section	.text.USBD_LL_DataOutStage,"ax",%progbits
 544              		.align	1
 545              		.global	USBD_LL_DataOutStage
 546              		.syntax unified
 547              		.thumb
 548              		.thumb_func
 550              	USBD_LL_DataOutStage:
 551              		@ args = 0, pretend = 0, frame = 0
 552              		@ frame_needed = 0, uses_anonymous_args = 0
 553 0000 38B5     		push	{r3, r4, r5, lr}
 554 0002 0446     		mov	r4, r0
ARM GAS  C:\Users\Nathan\AppData\Local\Temp\ccKq6AIA.s 			page 10


 555 0004 0D46     		mov	r5, r1
 556 0006 0029     		cmp	r1, #0
 557 0008 42D1     		bne	.L79
 558 000a 1346     		mov	r3, r2
 559 000c D0F89422 		ldr	r2, [r0, #660]
 560 0010 032A     		cmp	r2, #3
 561 0012 01D0     		beq	.L90
 562 0014 0846     		mov	r0, r1
 563              	.L80:
 564 0016 38BD     		pop	{r3, r4, r5, pc}
 565              	.L90:
 566 0018 D0F85C11 		ldr	r1, [r0, #348]
 567 001c D0F86021 		ldr	r2, [r0, #352]
 568 0020 9142     		cmp	r1, r2
 569 0022 09D8     		bhi	.L91
 570 0024 90F8AA32 		ldrb	r3, [r0, #682]	@ zero_extendqisi2
 571 0028 03F01F03 		and	r3, r3, #31
 572 002c 012B     		cmp	r3, #1
 573 002e 0ED0     		beq	.L82
 574 0030 022B     		cmp	r3, #2
 575 0032 1BD0     		beq	.L83
 576 0034 2846     		mov	r0, r5
 577 0036 0FE0     		b	.L84
 578              	.L91:
 579 0038 891A     		subs	r1, r1, r2
 580 003a C0F85C11 		str	r1, [r0, #348]
 581 003e 8A42     		cmp	r2, r1
 582 0040 28BF     		it	cs
 583 0042 0A46     		movcs	r2, r1
 584 0044 1946     		mov	r1, r3
 585 0046 FFF7FEFF 		bl	USBD_CtlContinueRx
 586 004a 2846     		mov	r0, r5
 587 004c E3E7     		b	.L80
 588              	.L82:
 589 004e 90F8AE12 		ldrb	r1, [r0, #686]	@ zero_extendqisi2
 590 0052 FFF7FEFF 		bl	USBD_CoreFindIF
 591              	.L85:
 592 0056 20B9     		cbnz	r0, .L86
 593              	.L84:
 594 0058 94F89C32 		ldrb	r3, [r4, #668]	@ zero_extendqisi2
 595 005c DBB2     		uxtb	r3, r3
 596 005e 032B     		cmp	r3, #3
 597 0060 09D0     		beq	.L92
 598              	.L86:
 599 0062 2046     		mov	r0, r4
 600 0064 FFF7FEFF 		bl	USBD_CtlSendStatus
 601 0068 2846     		mov	r0, r5
 602 006a D4E7     		b	.L80
 603              	.L83:
 604 006c 90F8AE12 		ldrb	r1, [r0, #686]	@ zero_extendqisi2
 605 0070 FFF7FEFF 		bl	USBD_CoreFindEP
 606 0074 EFE7     		b	.L85
 607              	.L92:
 608 0076 00F1AE03 		add	r3, r0, #174
 609 007a 54F82330 		ldr	r3, [r4, r3, lsl #2]
 610 007e 1A69     		ldr	r2, [r3, #16]
 611 0080 002A     		cmp	r2, #0
ARM GAS  C:\Users\Nathan\AppData\Local\Temp\ccKq6AIA.s 			page 11


 612 0082 EED0     		beq	.L86
 613 0084 C4F8D402 		str	r0, [r4, #724]
 614 0088 1B69     		ldr	r3, [r3, #16]
 615 008a 2046     		mov	r0, r4
 616 008c 9847     		blx	r3
 617 008e E8E7     		b	.L86
 618              	.L79:
 619 0090 01F07F01 		and	r1, r1, #127
 620 0094 FFF7FEFF 		bl	USBD_CoreFindEP
 621 0098 90B9     		cbnz	r0, .L88
 622 009a 94F89C32 		ldrb	r3, [r4, #668]	@ zero_extendqisi2
 623 009e DBB2     		uxtb	r3, r3
 624 00a0 032B     		cmp	r3, #3
 625 00a2 B8D1     		bne	.L80
 626 00a4 00F1AE03 		add	r3, r0, #174
 627 00a8 54F82330 		ldr	r3, [r4, r3, lsl #2]
 628 00ac 9A69     		ldr	r2, [r3, #24]
 629 00ae 002A     		cmp	r2, #0
 630 00b0 B1D0     		beq	.L80
 631 00b2 C4F8D402 		str	r0, [r4, #724]
 632 00b6 9B69     		ldr	r3, [r3, #24]
 633 00b8 2946     		mov	r1, r5
 634 00ba 2046     		mov	r0, r4
 635 00bc 9847     		blx	r3
 636 00be AAE7     		b	.L80
 637              	.L88:
 638 00c0 0020     		movs	r0, #0
 639 00c2 A8E7     		b	.L80
 641              		.section	.text.USBD_LL_DataInStage,"ax",%progbits
 642              		.align	1
 643              		.global	USBD_LL_DataInStage
 644              		.syntax unified
 645              		.thumb
 646              		.thumb_func
 648              	USBD_LL_DataInStage:
 649              		@ args = 0, pretend = 0, frame = 0
 650              		@ frame_needed = 0, uses_anonymous_args = 0
 651 0000 38B5     		push	{r3, r4, r5, lr}
 652 0002 0446     		mov	r4, r0
 653 0004 0D46     		mov	r5, r1
 654 0006 0029     		cmp	r1, #0
 655 0008 4BD1     		bne	.L94
 656 000a 1346     		mov	r3, r2
 657 000c D0F89422 		ldr	r2, [r0, #660]
 658 0010 022A     		cmp	r2, #2
 659 0012 07D0     		beq	.L102
 660              	.L95:
 661 0014 94F8A002 		ldrb	r0, [r4, #672]	@ zero_extendqisi2
 662 0018 18B1     		cbz	r0, .L99
 663 001a 0023     		movs	r3, #0
 664 001c 84F8A032 		strb	r3, [r4, #672]
 665 0020 2846     		mov	r0, r5
 666              	.L99:
 667 0022 38BD     		pop	{r3, r4, r5, pc}
 668              	.L102:
 669 0024 C269     		ldr	r2, [r0, #28]
 670 0026 016A     		ldr	r1, [r0, #32]
ARM GAS  C:\Users\Nathan\AppData\Local\Temp\ccKq6AIA.s 			page 12


 671 0028 8A42     		cmp	r2, r1
 672 002a 0ED8     		bhi	.L103
 673 002c 8A42     		cmp	r2, r1
 674 002e 18D0     		beq	.L104
 675              	.L97:
 676 0030 94F89C32 		ldrb	r3, [r4, #668]	@ zero_extendqisi2
 677 0034 DBB2     		uxtb	r3, r3
 678 0036 032B     		cmp	r3, #3
 679 0038 27D0     		beq	.L105
 680              	.L98:
 681 003a 8021     		movs	r1, #128
 682 003c 2046     		mov	r0, r4
 683 003e FFF7FEFF 		bl	USBD_LL_StallEP
 684 0042 2046     		mov	r0, r4
 685 0044 FFF7FEFF 		bl	USBD_CtlReceiveStatus
 686 0048 E4E7     		b	.L95
 687              	.L103:
 688 004a 521A     		subs	r2, r2, r1
 689 004c C261     		str	r2, [r0, #28]
 690 004e 1946     		mov	r1, r3
 691 0050 FFF7FEFF 		bl	USBD_CtlContinueSendData
 692 0054 0023     		movs	r3, #0
 693 0056 1A46     		mov	r2, r3
 694 0058 1946     		mov	r1, r3
 695 005a 2046     		mov	r0, r4
 696 005c FFF7FEFF 		bl	USBD_LL_PrepareReceive
 697 0060 D8E7     		b	.L95
 698              	.L104:
 699 0062 8369     		ldr	r3, [r0, #24]
 700 0064 9942     		cmp	r1, r3
 701 0066 E3D8     		bhi	.L97
 702 0068 D0F89822 		ldr	r2, [r0, #664]
 703 006c 9342     		cmp	r3, r2
 704 006e DFD2     		bcs	.L97
 705 0070 0022     		movs	r2, #0
 706 0072 1146     		mov	r1, r2
 707 0074 FFF7FEFF 		bl	USBD_CtlContinueSendData
 708 0078 0021     		movs	r1, #0
 709 007a C4F89812 		str	r1, [r4, #664]
 710 007e 0B46     		mov	r3, r1
 711 0080 0A46     		mov	r2, r1
 712 0082 2046     		mov	r0, r4
 713 0084 FFF7FEFF 		bl	USBD_LL_PrepareReceive
 714 0088 C4E7     		b	.L95
 715              	.L105:
 716 008a D4F8B832 		ldr	r3, [r4, #696]
 717 008e DA68     		ldr	r2, [r3, #12]
 718 0090 002A     		cmp	r2, #0
 719 0092 D2D0     		beq	.L98
 720 0094 0022     		movs	r2, #0
 721 0096 C4F8D422 		str	r2, [r4, #724]
 722 009a DB68     		ldr	r3, [r3, #12]
 723 009c 2046     		mov	r0, r4
 724 009e 9847     		blx	r3
 725 00a0 CBE7     		b	.L98
 726              	.L94:
 727 00a2 41F08001 		orr	r1, r1, #128
ARM GAS  C:\Users\Nathan\AppData\Local\Temp\ccKq6AIA.s 			page 13


 728 00a6 FFF7FEFF 		bl	USBD_CoreFindEP
 729 00aa 90B9     		cbnz	r0, .L100
 730 00ac 94F89C32 		ldrb	r3, [r4, #668]	@ zero_extendqisi2
 731 00b0 DBB2     		uxtb	r3, r3
 732 00b2 032B     		cmp	r3, #3
 733 00b4 B5D1     		bne	.L99
 734 00b6 00F1AE03 		add	r3, r0, #174
 735 00ba 54F82330 		ldr	r3, [r4, r3, lsl #2]
 736 00be 5A69     		ldr	r2, [r3, #20]
 737 00c0 002A     		cmp	r2, #0
 738 00c2 AED0     		beq	.L99
 739 00c4 C4F8D402 		str	r0, [r4, #724]
 740 00c8 5B69     		ldr	r3, [r3, #20]
 741 00ca 2946     		mov	r1, r5
 742 00cc 2046     		mov	r0, r4
 743 00ce 9847     		blx	r3
 744 00d0 A7E7     		b	.L99
 745              	.L100:
 746 00d2 0020     		movs	r0, #0
 747 00d4 A5E7     		b	.L99
 749              		.section	.text.USBD_GetNextDesc,"ax",%progbits
 750              		.align	1
 751              		.global	USBD_GetNextDesc
 752              		.syntax unified
 753              		.thumb
 754              		.thumb_func
 756              	USBD_GetNextDesc:
 757              		@ args = 0, pretend = 0, frame = 0
 758              		@ frame_needed = 0, uses_anonymous_args = 0
 759              		@ link register save eliminated.
 760 0000 0B88     		ldrh	r3, [r1]
 761 0002 0278     		ldrb	r2, [r0]	@ zero_extendqisi2
 762 0004 1344     		add	r3, r3, r2
 763 0006 0B80     		strh	r3, [r1]	@ movhi
 764 0008 0378     		ldrb	r3, [r0]	@ zero_extendqisi2
 765 000a 1844     		add	r0, r0, r3
 766 000c 7047     		bx	lr
 768              		.section	.text.USBD_GetEpDesc,"ax",%progbits
 769              		.align	1
 770              		.global	USBD_GetEpDesc
 771              		.syntax unified
 772              		.thumb
 773              		.thumb_func
 775              	USBD_GetEpDesc:
 776              		@ args = 0, pretend = 0, frame = 8
 777              		@ frame_needed = 0, uses_anonymous_args = 0
 778 0000 4288     		ldrh	r2, [r0, #2]	@ unaligned
 779 0002 0378     		ldrb	r3, [r0]	@ zero_extendqisi2
 780 0004 9A42     		cmp	r2, r3
 781 0006 18D9     		bls	.L111
 782 0008 30B5     		push	{r4, r5, lr}
 783 000a 83B0     		sub	sp, sp, #12
 784 000c 0446     		mov	r4, r0
 785 000e 0D46     		mov	r5, r1
 786 0010 ADF80630 		strh	r3, [sp, #6]	@ movhi
 787              	.L109:
 788 0014 6388     		ldrh	r3, [r4, #2]	@ unaligned
ARM GAS  C:\Users\Nathan\AppData\Local\Temp\ccKq6AIA.s 			page 14


 789 0016 BDF80620 		ldrh	r2, [sp, #6]
 790 001a 9A42     		cmp	r2, r3
 791 001c 0AD2     		bcs	.L116
 792 001e 0DF10601 		add	r1, sp, #6
 793 0022 FFF7FEFF 		bl	USBD_GetNextDesc
 794 0026 4378     		ldrb	r3, [r0, #1]	@ zero_extendqisi2
 795 0028 052B     		cmp	r3, #5
 796 002a F3D1     		bne	.L109
 797 002c 8378     		ldrb	r3, [r0, #2]	@ zero_extendqisi2
 798 002e AB42     		cmp	r3, r5
 799 0030 F0D1     		bne	.L109
 800 0032 00E0     		b	.L107
 801              	.L116:
 802 0034 0020     		movs	r0, #0
 803              	.L107:
 804 0036 03B0     		add	sp, sp, #12
 805              		@ sp needed
 806 0038 30BD     		pop	{r4, r5, pc}
 807              	.L111:
 808 003a 0020     		movs	r0, #0
 809 003c 7047     		bx	lr
 811              		.ident	"GCC: (Arm GNU Toolchain 13.3.Rel1 (Build arm-13.24)) 13.3.1 20240614"
ARM GAS  C:\Users\Nathan\AppData\Local\Temp\ccKq6AIA.s 			page 15


DEFINED SYMBOLS
                            *ABS*:00000000 usbd_core.c
C:\Users\Nathan\AppData\Local\Temp\ccKq6AIA.s:18     .text.USBD_Init:00000000 $t
C:\Users\Nathan\AppData\Local\Temp\ccKq6AIA.s:24     .text.USBD_Init:00000000 USBD_Init
C:\Users\Nathan\AppData\Local\Temp\ccKq6AIA.s:48     .text.USBD_DeInit:00000000 $t
C:\Users\Nathan\AppData\Local\Temp\ccKq6AIA.s:54     .text.USBD_DeInit:00000000 USBD_DeInit
C:\Users\Nathan\AppData\Local\Temp\ccKq6AIA.s:78     .text.USBD_RegisterClass:00000000 $t
C:\Users\Nathan\AppData\Local\Temp\ccKq6AIA.s:84     .text.USBD_RegisterClass:00000000 USBD_RegisterClass
C:\Users\Nathan\AppData\Local\Temp\ccKq6AIA.s:117    .text.USBD_Start:00000000 $t
C:\Users\Nathan\AppData\Local\Temp\ccKq6AIA.s:123    .text.USBD_Start:00000000 USBD_Start
C:\Users\Nathan\AppData\Local\Temp\ccKq6AIA.s:131    .text.USBD_Stop:00000000 $t
C:\Users\Nathan\AppData\Local\Temp\ccKq6AIA.s:137    .text.USBD_Stop:00000000 USBD_Stop
C:\Users\Nathan\AppData\Local\Temp\ccKq6AIA.s:154    .text.USBD_RunTestMode:00000000 $t
C:\Users\Nathan\AppData\Local\Temp\ccKq6AIA.s:160    .text.USBD_RunTestMode:00000000 USBD_RunTestMode
C:\Users\Nathan\AppData\Local\Temp\ccKq6AIA.s:168    .text.USBD_SetClassConfig:00000000 $t
C:\Users\Nathan\AppData\Local\Temp\ccKq6AIA.s:174    .text.USBD_SetClassConfig:00000000 USBD_SetClassConfig
C:\Users\Nathan\AppData\Local\Temp\ccKq6AIA.s:189    .text.USBD_ClrClassConfig:00000000 $t
C:\Users\Nathan\AppData\Local\Temp\ccKq6AIA.s:195    .text.USBD_ClrClassConfig:00000000 USBD_ClrClassConfig
C:\Users\Nathan\AppData\Local\Temp\ccKq6AIA.s:210    .text.USBD_LL_SetupStage:00000000 $t
C:\Users\Nathan\AppData\Local\Temp\ccKq6AIA.s:216    .text.USBD_LL_SetupStage:00000000 USBD_LL_SetupStage
C:\Users\Nathan\AppData\Local\Temp\ccKq6AIA.s:257    .text.USBD_LL_Reset:00000000 $t
C:\Users\Nathan\AppData\Local\Temp\ccKq6AIA.s:263    .text.USBD_LL_Reset:00000000 USBD_LL_Reset
C:\Users\Nathan\AppData\Local\Temp\ccKq6AIA.s:313    .text.USBD_LL_SetSpeed:00000000 $t
C:\Users\Nathan\AppData\Local\Temp\ccKq6AIA.s:319    .text.USBD_LL_SetSpeed:00000000 USBD_LL_SetSpeed
C:\Users\Nathan\AppData\Local\Temp\ccKq6AIA.s:328    .text.USBD_LL_Suspend:00000000 $t
C:\Users\Nathan\AppData\Local\Temp\ccKq6AIA.s:334    .text.USBD_LL_Suspend:00000000 USBD_LL_Suspend
C:\Users\Nathan\AppData\Local\Temp\ccKq6AIA.s:352    .text.USBD_LL_Resume:00000000 $t
C:\Users\Nathan\AppData\Local\Temp\ccKq6AIA.s:358    .text.USBD_LL_Resume:00000000 USBD_LL_Resume
C:\Users\Nathan\AppData\Local\Temp\ccKq6AIA.s:376    .text.USBD_LL_SOF:00000000 $t
C:\Users\Nathan\AppData\Local\Temp\ccKq6AIA.s:382    .text.USBD_LL_SOF:00000000 USBD_LL_SOF
C:\Users\Nathan\AppData\Local\Temp\ccKq6AIA.s:404    .text.USBD_LL_IsoINIncomplete:00000000 $t
C:\Users\Nathan\AppData\Local\Temp\ccKq6AIA.s:410    .text.USBD_LL_IsoINIncomplete:00000000 USBD_LL_IsoINIncomplete
C:\Users\Nathan\AppData\Local\Temp\ccKq6AIA.s:439    .text.USBD_LL_IsoOUTIncomplete:00000000 $t
C:\Users\Nathan\AppData\Local\Temp\ccKq6AIA.s:445    .text.USBD_LL_IsoOUTIncomplete:00000000 USBD_LL_IsoOUTIncomplete
C:\Users\Nathan\AppData\Local\Temp\ccKq6AIA.s:474    .text.USBD_LL_DevConnected:00000000 $t
C:\Users\Nathan\AppData\Local\Temp\ccKq6AIA.s:480    .text.USBD_LL_DevConnected:00000000 USBD_LL_DevConnected
C:\Users\Nathan\AppData\Local\Temp\ccKq6AIA.s:488    .text.USBD_LL_DevDisconnected:00000000 $t
C:\Users\Nathan\AppData\Local\Temp\ccKq6AIA.s:494    .text.USBD_LL_DevDisconnected:00000000 USBD_LL_DevDisconnected
C:\Users\Nathan\AppData\Local\Temp\ccKq6AIA.s:516    .text.USBD_CoreFindIF:00000000 $t
C:\Users\Nathan\AppData\Local\Temp\ccKq6AIA.s:522    .text.USBD_CoreFindIF:00000000 USBD_CoreFindIF
C:\Users\Nathan\AppData\Local\Temp\ccKq6AIA.s:530    .text.USBD_CoreFindEP:00000000 $t
C:\Users\Nathan\AppData\Local\Temp\ccKq6AIA.s:536    .text.USBD_CoreFindEP:00000000 USBD_CoreFindEP
C:\Users\Nathan\AppData\Local\Temp\ccKq6AIA.s:544    .text.USBD_LL_DataOutStage:00000000 $t
C:\Users\Nathan\AppData\Local\Temp\ccKq6AIA.s:550    .text.USBD_LL_DataOutStage:00000000 USBD_LL_DataOutStage
C:\Users\Nathan\AppData\Local\Temp\ccKq6AIA.s:642    .text.USBD_LL_DataInStage:00000000 $t
C:\Users\Nathan\AppData\Local\Temp\ccKq6AIA.s:648    .text.USBD_LL_DataInStage:00000000 USBD_LL_DataInStage
C:\Users\Nathan\AppData\Local\Temp\ccKq6AIA.s:750    .text.USBD_GetNextDesc:00000000 $t
C:\Users\Nathan\AppData\Local\Temp\ccKq6AIA.s:756    .text.USBD_GetNextDesc:00000000 USBD_GetNextDesc
C:\Users\Nathan\AppData\Local\Temp\ccKq6AIA.s:769    .text.USBD_GetEpDesc:00000000 $t
C:\Users\Nathan\AppData\Local\Temp\ccKq6AIA.s:775    .text.USBD_GetEpDesc:00000000 USBD_GetEpDesc

UNDEFINED SYMBOLS
USBD_LL_Init
USBD_LL_Stop
USBD_LL_DeInit
USBD_LL_Start
USBD_ParseSetupRequest
ARM GAS  C:\Users\Nathan\AppData\Local\Temp\ccKq6AIA.s 			page 16


USBD_StdDevReq
USBD_StdItfReq
USBD_StdEPReq
USBD_LL_StallEP
USBD_LL_OpenEP
USBD_CtlContinueRx
USBD_CtlSendStatus
USBD_CtlReceiveStatus
USBD_CtlContinueSendData
USBD_LL_PrepareReceive
