ARM GAS  C:\Users\Nathan\AppData\Local\Temp\ccSKDAYY.s 			page 1


   1              		.cpu cortex-m4
   2              		.arch armv7e-m
   3              		.fpu fpv4-sp-d16
   4              		.eabi_attribute 27, 1
   5              		.eabi_attribute 28, 1
   6              		.eabi_attribute 20, 1
   7              		.eabi_attribute 21, 1
   8              		.eabi_attribute 23, 3
   9              		.eabi_attribute 24, 1
  10              		.eabi_attribute 25, 1
  11              		.eabi_attribute 26, 1
  12              		.eabi_attribute 30, 1
  13              		.eabi_attribute 34, 1
  14              		.eabi_attribute 18, 4
  15              		.file	"usbd_hid.c"
  16              		.text
  17              		.section	.text.USBD_HID_DataIn,"ax",%progbits
  18              		.align	1
  19              		.syntax unified
  20              		.thumb
  21              		.thumb_func
  23              	USBD_HID_DataIn:
  24              		@ args = 0, pretend = 0, frame = 0
  25              		@ frame_needed = 0, uses_anonymous_args = 0
  26              		@ link register save eliminated.
  27 0000 D0F8D432 		ldr	r3, [r0, #724]
  28 0004 B033     		adds	r3, r3, #176
  29 0006 50F82330 		ldr	r3, [r0, r3, lsl #2]
  30 000a 0020     		movs	r0, #0
  31 000c 1873     		strb	r0, [r3, #12]
  32 000e 7047     		bx	lr
  34              		.section	.text.USBD_HID_GetDeviceQualifierDesc,"ax",%progbits
  35              		.align	1
  36              		.syntax unified
  37              		.thumb
  38              		.thumb_func
  40              	USBD_HID_GetDeviceQualifierDesc:
  41              		@ args = 0, pretend = 0, frame = 0
  42              		@ frame_needed = 0, uses_anonymous_args = 0
  43              		@ link register save eliminated.
  44 0000 0A23     		movs	r3, #10
  45 0002 0380     		strh	r3, [r0]	@ movhi
  46 0004 0048     		ldr	r0, .L3
  47 0006 7047     		bx	lr
  48              	.L4:
  49              		.align	2
  50              	.L3:
  51 0008 00000000 		.word	USBD_HID_DeviceQualifierDesc
  53              		.section	.text.USBD_HID_GetOtherSpeedCfgDesc,"ax",%progbits
  54              		.align	1
  55              		.syntax unified
  56              		.thumb
  57              		.thumb_func
  59              	USBD_HID_GetOtherSpeedCfgDesc:
  60              		@ args = 0, pretend = 0, frame = 0
  61              		@ frame_needed = 0, uses_anonymous_args = 0
  62 0000 10B5     		push	{r4, lr}
ARM GAS  C:\Users\Nathan\AppData\Local\Temp\ccSKDAYY.s 			page 2


  63 0002 0446     		mov	r4, r0
  64 0004 8121     		movs	r1, #129
  65 0006 0548     		ldr	r0, .L8
  66 0008 FFF7FEFF 		bl	USBD_GetEpDesc
  67 000c 08B1     		cbz	r0, .L6
  68 000e 0A22     		movs	r2, #10
  69 0010 8271     		strb	r2, [r0, #6]
  70              	.L6:
  71 0012 2223     		movs	r3, #34
  72 0014 2380     		strh	r3, [r4]	@ movhi
  73 0016 0148     		ldr	r0, .L8
  74 0018 10BD     		pop	{r4, pc}
  75              	.L9:
  76 001a 00BF     		.align	2
  77              	.L8:
  78 001c 00000000 		.word	USBD_HID_CfgDesc
  80              		.section	.text.USBD_HID_GetFSCfgDesc,"ax",%progbits
  81              		.align	1
  82              		.syntax unified
  83              		.thumb
  84              		.thumb_func
  86              	USBD_HID_GetFSCfgDesc:
  87              		@ args = 0, pretend = 0, frame = 0
  88              		@ frame_needed = 0, uses_anonymous_args = 0
  89 0000 10B5     		push	{r4, lr}
  90 0002 0446     		mov	r4, r0
  91 0004 8121     		movs	r1, #129
  92 0006 0548     		ldr	r0, .L13
  93 0008 FFF7FEFF 		bl	USBD_GetEpDesc
  94 000c 08B1     		cbz	r0, .L11
  95 000e 0A22     		movs	r2, #10
  96 0010 8271     		strb	r2, [r0, #6]
  97              	.L11:
  98 0012 2223     		movs	r3, #34
  99 0014 2380     		strh	r3, [r4]	@ movhi
 100 0016 0148     		ldr	r0, .L13
 101 0018 10BD     		pop	{r4, pc}
 102              	.L14:
 103 001a 00BF     		.align	2
 104              	.L13:
 105 001c 00000000 		.word	USBD_HID_CfgDesc
 107              		.section	.text.USBD_HID_GetHSCfgDesc,"ax",%progbits
 108              		.align	1
 109              		.syntax unified
 110              		.thumb
 111              		.thumb_func
 113              	USBD_HID_GetHSCfgDesc:
 114              		@ args = 0, pretend = 0, frame = 0
 115              		@ frame_needed = 0, uses_anonymous_args = 0
 116 0000 10B5     		push	{r4, lr}
 117 0002 0446     		mov	r4, r0
 118 0004 8121     		movs	r1, #129
 119 0006 0548     		ldr	r0, .L18
 120 0008 FFF7FEFF 		bl	USBD_GetEpDesc
 121 000c 08B1     		cbz	r0, .L16
 122 000e 0722     		movs	r2, #7
 123 0010 8271     		strb	r2, [r0, #6]
ARM GAS  C:\Users\Nathan\AppData\Local\Temp\ccSKDAYY.s 			page 3


 124              	.L16:
 125 0012 2223     		movs	r3, #34
 126 0014 2380     		strh	r3, [r4]	@ movhi
 127 0016 0148     		ldr	r0, .L18
 128 0018 10BD     		pop	{r4, pc}
 129              	.L19:
 130 001a 00BF     		.align	2
 131              	.L18:
 132 001c 00000000 		.word	USBD_HID_CfgDesc
 134              		.section	.text.USBD_HID_Setup,"ax",%progbits
 135              		.align	1
 136              		.syntax unified
 137              		.thumb
 138              		.thumb_func
 140              	USBD_HID_Setup:
 141              		@ args = 0, pretend = 0, frame = 8
 142              		@ frame_needed = 0, uses_anonymous_args = 0
 143 0000 30B5     		push	{r4, r5, lr}
 144 0002 83B0     		sub	sp, sp, #12
 145 0004 D0F8D432 		ldr	r3, [r0, #724]
 146 0008 B033     		adds	r3, r3, #176
 147 000a 50F82330 		ldr	r3, [r0, r3, lsl #2]
 148 000e 0022     		movs	r2, #0
 149 0010 ADF80620 		strh	r2, [sp, #6]	@ movhi
 150 0014 002B     		cmp	r3, #0
 151 0016 00F08280 		beq	.L42
 152 001a 0C78     		ldrb	r4, [r1]	@ zero_extendqisi2
 153 001c 14F06004 		ands	r4, r4, #96
 154 0020 25D0     		beq	.L22
 155 0022 202C     		cmp	r4, #32
 156 0024 75D1     		bne	.L23
 157 0026 4A78     		ldrb	r2, [r1, #1]	@ zero_extendqisi2
 158 0028 023A     		subs	r2, r2, #2
 159 002a 092A     		cmp	r2, #9
 160 002c 1BD8     		bhi	.L24
 161 002e DFE802F0 		tbb	[pc, r2]
 162              	.L26:
 163 0032 14       		.byte	(.L29-.L26)/2
 164 0033 09       		.byte	(.L28-.L26)/2
 165 0034 1A       		.byte	(.L24-.L26)/2
 166 0035 1A       		.byte	(.L24-.L26)/2
 167 0036 1A       		.byte	(.L24-.L26)/2
 168 0037 1A       		.byte	(.L24-.L26)/2
 169 0038 1A       		.byte	(.L24-.L26)/2
 170 0039 1A       		.byte	(.L24-.L26)/2
 171 003a 0F       		.byte	(.L27-.L26)/2
 172 003b 05       		.byte	(.L25-.L26)/2
 173              		.p2align 1
 174              	.L25:
 175 003c 8A78     		ldrb	r2, [r1, #2]	@ zero_extendqisi2
 176 003e 1A60     		str	r2, [r3]
 177 0040 0024     		movs	r4, #0
 178 0042 69E0     		b	.L21
 179              	.L28:
 180 0044 0122     		movs	r2, #1
 181 0046 1946     		mov	r1, r3
 182 0048 FFF7FEFF 		bl	USBD_CtlSendData
ARM GAS  C:\Users\Nathan\AppData\Local\Temp\ccSKDAYY.s 			page 4


 183 004c 0024     		movs	r4, #0
 184 004e 63E0     		b	.L21
 185              	.L27:
 186 0050 4A88     		ldrh	r2, [r1, #2]
 187 0052 120A     		lsrs	r2, r2, #8
 188 0054 5A60     		str	r2, [r3, #4]
 189 0056 0024     		movs	r4, #0
 190 0058 5EE0     		b	.L21
 191              	.L29:
 192 005a 0122     		movs	r2, #1
 193 005c 191D     		adds	r1, r3, #4
 194 005e FFF7FEFF 		bl	USBD_CtlSendData
 195 0062 0024     		movs	r4, #0
 196 0064 58E0     		b	.L21
 197              	.L24:
 198 0066 FFF7FEFF 		bl	USBD_CtlError
 199 006a 0324     		movs	r4, #3
 200 006c 54E0     		b	.L21
 201              	.L22:
 202 006e 4D78     		ldrb	r5, [r1, #1]	@ zero_extendqisi2
 203 0070 0B2D     		cmp	r5, #11
 204 0072 4AD8     		bhi	.L30
 205 0074 DFE805F0 		tbb	[pc, r5]
 206              	.L32:
 207 0078 06       		.byte	(.L35-.L32)/2
 208 0079 50       		.byte	(.L21-.L32)/2
 209 007a 49       		.byte	(.L30-.L32)/2
 210 007b 49       		.byte	(.L30-.L32)/2
 211 007c 49       		.byte	(.L30-.L32)/2
 212 007d 49       		.byte	(.L30-.L32)/2
 213 007e 16       		.byte	(.L34-.L32)/2
 214 007f 49       		.byte	(.L30-.L32)/2
 215 0080 49       		.byte	(.L30-.L32)/2
 216 0081 49       		.byte	(.L30-.L32)/2
 217 0082 2E       		.byte	(.L33-.L32)/2
 218 0083 3D       		.byte	(.L31-.L32)/2
 219              		.p2align 1
 220              	.L35:
 221 0084 90F89C32 		ldrb	r3, [r0, #668]	@ zero_extendqisi2
 222 0088 DBB2     		uxtb	r3, r3
 223 008a 032B     		cmp	r3, #3
 224 008c 03D0     		beq	.L45
 225 008e FFF7FEFF 		bl	USBD_CtlError
 226 0092 0324     		movs	r4, #3
 227 0094 40E0     		b	.L21
 228              	.L45:
 229 0096 0222     		movs	r2, #2
 230 0098 0DF10601 		add	r1, sp, #6
 231 009c FFF7FEFF 		bl	USBD_CtlSendData
 232 00a0 2C46     		mov	r4, r5
 233 00a2 39E0     		b	.L21
 234              	.L34:
 235 00a4 4B88     		ldrh	r3, [r1, #2]
 236 00a6 1B0A     		lsrs	r3, r3, #8
 237 00a8 222B     		cmp	r3, #34
 238 00aa 09D0     		beq	.L46
 239 00ac 212B     		cmp	r3, #33
ARM GAS  C:\Users\Nathan\AppData\Local\Temp\ccSKDAYY.s 			page 5


 240 00ae 0DD1     		bne	.L39
 241 00b0 CA88     		ldrh	r2, [r1, #6]
 242 00b2 092A     		cmp	r2, #9
 243 00b4 28BF     		it	cs
 244 00b6 0922     		movcs	r2, #9
 245 00b8 1A49     		ldr	r1, .L48
 246              	.L38:
 247 00ba FFF7FEFF 		bl	USBD_CtlSendData
 248 00be 2BE0     		b	.L21
 249              	.L46:
 250 00c0 CA88     		ldrh	r2, [r1, #6]
 251 00c2 4A2A     		cmp	r2, #74
 252 00c4 28BF     		it	cs
 253 00c6 4A22     		movcs	r2, #74
 254 00c8 1749     		ldr	r1, .L48+4
 255 00ca F6E7     		b	.L38
 256              	.L39:
 257 00cc FFF7FEFF 		bl	USBD_CtlError
 258 00d0 0324     		movs	r4, #3
 259 00d2 21E0     		b	.L21
 260              	.L33:
 261 00d4 90F89C22 		ldrb	r2, [r0, #668]	@ zero_extendqisi2
 262 00d8 D2B2     		uxtb	r2, r2
 263 00da 032A     		cmp	r2, #3
 264 00dc 03D0     		beq	.L47
 265 00de FFF7FEFF 		bl	USBD_CtlError
 266 00e2 0324     		movs	r4, #3
 267 00e4 18E0     		b	.L21
 268              	.L47:
 269 00e6 0122     		movs	r2, #1
 270 00e8 03F10801 		add	r1, r3, #8
 271 00ec FFF7FEFF 		bl	USBD_CtlSendData
 272 00f0 12E0     		b	.L21
 273              	.L31:
 274 00f2 90F89C22 		ldrb	r2, [r0, #668]	@ zero_extendqisi2
 275 00f6 D2B2     		uxtb	r2, r2
 276 00f8 032A     		cmp	r2, #3
 277 00fa 02D1     		bne	.L41
 278 00fc 8A78     		ldrb	r2, [r1, #2]	@ zero_extendqisi2
 279 00fe 9A60     		str	r2, [r3, #8]
 280 0100 0AE0     		b	.L21
 281              	.L41:
 282 0102 FFF7FEFF 		bl	USBD_CtlError
 283 0106 0324     		movs	r4, #3
 284 0108 06E0     		b	.L21
 285              	.L30:
 286 010a FFF7FEFF 		bl	USBD_CtlError
 287 010e 0324     		movs	r4, #3
 288 0110 02E0     		b	.L21
 289              	.L23:
 290 0112 FFF7FEFF 		bl	USBD_CtlError
 291 0116 0324     		movs	r4, #3
 292              	.L21:
 293 0118 2046     		mov	r0, r4
 294 011a 03B0     		add	sp, sp, #12
 295              		@ sp needed
 296 011c 30BD     		pop	{r4, r5, pc}
ARM GAS  C:\Users\Nathan\AppData\Local\Temp\ccSKDAYY.s 			page 6


 297              	.L42:
 298 011e 0324     		movs	r4, #3
 299 0120 FAE7     		b	.L21
 300              	.L49:
 301 0122 00BF     		.align	2
 302              	.L48:
 303 0124 00000000 		.word	USBD_HID_Desc
 304 0128 00000000 		.word	HID_MOUSE_ReportDesc
 306              		.section	.text.USBD_HID_DeInit,"ax",%progbits
 307              		.align	1
 308              		.syntax unified
 309              		.thumb
 310              		.thumb_func
 312              	USBD_HID_DeInit:
 313              		@ args = 0, pretend = 0, frame = 0
 314              		@ frame_needed = 0, uses_anonymous_args = 0
 315 0000 10B5     		push	{r4, lr}
 316 0002 0446     		mov	r4, r0
 317 0004 8121     		movs	r1, #129
 318 0006 FFF7FEFF 		bl	USBD_LL_CloseEP
 319 000a 0023     		movs	r3, #0
 320 000c 2387     		strh	r3, [r4, #56]	@ movhi
 321 000e 6387     		strh	r3, [r4, #58]	@ movhi
 322 0010 D4F8D432 		ldr	r3, [r4, #724]
 323 0014 B033     		adds	r3, r3, #176
 324 0016 54F82300 		ldr	r0, [r4, r3, lsl #2]
 325 001a 38B1     		cbz	r0, .L51
 326 001c FFF7FEFF 		bl	USBD_static_free
 327 0020 D4F8D432 		ldr	r3, [r4, #724]
 328 0024 B033     		adds	r3, r3, #176
 329 0026 0022     		movs	r2, #0
 330 0028 44F82320 		str	r2, [r4, r3, lsl #2]
 331              	.L51:
 332 002c 0020     		movs	r0, #0
 333 002e 10BD     		pop	{r4, pc}
 335              		.section	.text.USBD_HID_Init,"ax",%progbits
 336              		.align	1
 337              		.syntax unified
 338              		.thumb
 339              		.thumb_func
 341              	USBD_HID_Init:
 342              		@ args = 0, pretend = 0, frame = 0
 343              		@ frame_needed = 0, uses_anonymous_args = 0
 344 0000 38B5     		push	{r3, r4, r5, lr}
 345 0002 0446     		mov	r4, r0
 346 0004 1020     		movs	r0, #16
 347 0006 FFF7FEFF 		bl	USBD_static_malloc
 348 000a B0B1     		cbz	r0, .L59
 349 000c 0546     		mov	r5, r0
 350 000e D4F8D432 		ldr	r3, [r4, #724]
 351 0012 B033     		adds	r3, r3, #176
 352 0014 44F82300 		str	r0, [r4, r3, lsl #2]
 353 0018 C4F8BC02 		str	r0, [r4, #700]
 354 001c 237C     		ldrb	r3, [r4, #16]	@ zero_extendqisi2
 355 001e A3B9     		cbnz	r3, .L56
 356 0020 0723     		movs	r3, #7
 357 0022 6387     		strh	r3, [r4, #58]	@ movhi
ARM GAS  C:\Users\Nathan\AppData\Local\Temp\ccSKDAYY.s 			page 7


 358              	.L57:
 359 0024 0423     		movs	r3, #4
 360 0026 0322     		movs	r2, #3
 361 0028 8121     		movs	r1, #129
 362 002a 2046     		mov	r0, r4
 363 002c FFF7FEFF 		bl	USBD_LL_OpenEP
 364 0030 0123     		movs	r3, #1
 365 0032 2387     		strh	r3, [r4, #56]	@ movhi
 366 0034 0020     		movs	r0, #0
 367 0036 2873     		strb	r0, [r5, #12]
 368              	.L55:
 369 0038 38BD     		pop	{r3, r4, r5, pc}
 370              	.L59:
 371 003a D4F8D432 		ldr	r3, [r4, #724]
 372 003e B033     		adds	r3, r3, #176
 373 0040 0022     		movs	r2, #0
 374 0042 44F82320 		str	r2, [r4, r3, lsl #2]
 375 0046 0220     		movs	r0, #2
 376 0048 F6E7     		b	.L55
 377              	.L56:
 378 004a 0A23     		movs	r3, #10
 379 004c 6387     		strh	r3, [r4, #58]	@ movhi
 380 004e E9E7     		b	.L57
 382              		.section	.text.USBD_HID_SendReport,"ax",%progbits
 383              		.align	1
 384              		.global	USBD_HID_SendReport
 385              		.syntax unified
 386              		.thumb
 387              		.thumb_func
 389              	USBD_HID_SendReport:
 390              		@ args = 0, pretend = 0, frame = 0
 391              		@ frame_needed = 0, uses_anonymous_args = 0
 392 0000 10B5     		push	{r4, lr}
 393 0002 D0F8D432 		ldr	r3, [r0, #724]
 394 0006 03F1B00C 		add	ip, r3, #176
 395 000a 50F82C30 		ldr	r3, [r0, ip, lsl #2]
 396 000e BBB1     		cbz	r3, .L62
 397 0010 90F89CC2 		ldrb	ip, [r0, #668]	@ zero_extendqisi2
 398 0014 5FFA8CFC 		uxtb	ip, ip
 399 0018 BCF1030F 		cmp	ip, #3
 400 001c 02D0     		beq	.L66
 401 001e 0024     		movs	r4, #0
 402              	.L61:
 403 0020 2046     		mov	r0, r4
 404 0022 10BD     		pop	{r4, pc}
 405              	.L66:
 406 0024 1C7B     		ldrb	r4, [r3, #12]	@ zero_extendqisi2
 407 0026 0CB1     		cbz	r4, .L67
 408 0028 0024     		movs	r4, #0
 409 002a F9E7     		b	.L61
 410              	.L67:
 411 002c 4FF0010C 		mov	ip, #1
 412 0030 83F80CC0 		strb	ip, [r3, #12]
 413 0034 1346     		mov	r3, r2
 414 0036 0A46     		mov	r2, r1
 415 0038 8121     		movs	r1, #129
 416 003a FFF7FEFF 		bl	USBD_LL_Transmit
ARM GAS  C:\Users\Nathan\AppData\Local\Temp\ccSKDAYY.s 			page 8


 417 003e EFE7     		b	.L61
 418              	.L62:
 419 0040 0324     		movs	r4, #3
 420 0042 EDE7     		b	.L61
 422              		.section	.text.USBD_HID_GetPollingInterval,"ax",%progbits
 423              		.align	1
 424              		.global	USBD_HID_GetPollingInterval
 425              		.syntax unified
 426              		.thumb
 427              		.thumb_func
 429              	USBD_HID_GetPollingInterval:
 430              		@ args = 0, pretend = 0, frame = 0
 431              		@ frame_needed = 0, uses_anonymous_args = 0
 432              		@ link register save eliminated.
 433 0000 037C     		ldrb	r3, [r0, #16]	@ zero_extendqisi2
 434 0002 0BB9     		cbnz	r3, .L70
 435 0004 0820     		movs	r0, #8
 436 0006 7047     		bx	lr
 437              	.L70:
 438 0008 0A20     		movs	r0, #10
 439 000a 7047     		bx	lr
 441              		.section	.data.HID_MOUSE_ReportDesc,"aw"
 442              		.align	2
 445              	HID_MOUSE_ReportDesc:
 446 0000 05010902 		.ascii	"\005\001\011\002\241\001\011\001\241\000\005\011\031"
 446      A1010901 
 446      A1000509 
 446      19
 447 000d 01290315 		.ascii	"\001)\003\025\000%\001\225\003u\001\201\002\225\001"
 447      00250195 
 447      03750181 
 447      029501
 448 001c 75058101 		.ascii	"u\005\201\001\005\001\0110\0111\0118\025\201%\177u\010"
 448      05010930 
 448      09310938 
 448      1581257F 
 448      7508
 449 002e 95038106 		.ascii	"\225\003\201\006\300\011<\005\377\011\001\025\000%\001"
 449      C0093C05 
 449      FF090115 
 449      002501
 450 003d 75019502 		.ascii	"u\001\225\002\261\"u\006\225\001\261\001\300"
 450      B1227506 
 450      9501B101 
 450      C0
 451              		.section	.data.USBD_HID_DeviceQualifierDesc,"aw"
 452              		.align	2
 455              	USBD_HID_DeviceQualifierDesc:
 456 0000 0A060002 		.ascii	"\012\006\000\002\000\000\000@\001\000"
 456      00000040 
 456      0100
 457              		.section	.data.USBD_HID_Desc,"aw"
 458              		.align	2
 461              	USBD_HID_Desc:
 462 0000 09211101 		.ascii	"\011!\021\001\000\001\"J\000"
 462      0001224A 
 462      00
ARM GAS  C:\Users\Nathan\AppData\Local\Temp\ccSKDAYY.s 			page 9


 463              		.section	.data.USBD_HID_CfgDesc,"aw"
 464              		.align	2
 467              	USBD_HID_CfgDesc:
 468 0000 09022200 		.ascii	"\011\002\"\000\001\001\000\3402\011\004\000\000\001"
 468      010100E0 
 468      32090400 
 468      0001
 469 000e 03010200 		.ascii	"\003\001\002\000\011!\021\001\000\001\"J\000\007\005"
 469      09211101 
 469      0001224A 
 469      000705
 470 001d 81030400 		.ascii	"\201\003\004\000\012"
 470      0A
 471              		.global	USBD_HID
 472              		.section	.data.USBD_HID,"aw"
 473              		.align	2
 476              	USBD_HID:
 477 0000 00000000 		.word	USBD_HID_Init
 478 0004 00000000 		.word	USBD_HID_DeInit
 479 0008 00000000 		.word	USBD_HID_Setup
 480 000c 00000000 		.word	0
 481 0010 00000000 		.word	0
 482 0014 00000000 		.word	USBD_HID_DataIn
 483 0018 00000000 		.word	0
 484 001c 00000000 		.word	0
 485 0020 00000000 		.word	0
 486 0024 00000000 		.word	0
 487 0028 00000000 		.word	USBD_HID_GetHSCfgDesc
 488 002c 00000000 		.word	USBD_HID_GetFSCfgDesc
 489 0030 00000000 		.word	USBD_HID_GetOtherSpeedCfgDesc
 490 0034 00000000 		.word	USBD_HID_GetDeviceQualifierDesc
 491              		.ident	"GCC: (Arm GNU Toolchain 13.3.Rel1 (Build arm-13.24)) 13.3.1 20240614"
ARM GAS  C:\Users\Nathan\AppData\Local\Temp\ccSKDAYY.s 			page 10


DEFINED SYMBOLS
                            *ABS*:00000000 usbd_hid.c
C:\Users\Nathan\AppData\Local\Temp\ccSKDAYY.s:18     .text.USBD_HID_DataIn:00000000 $t
C:\Users\Nathan\AppData\Local\Temp\ccSKDAYY.s:23     .text.USBD_HID_DataIn:00000000 USBD_HID_DataIn
C:\Users\Nathan\AppData\Local\Temp\ccSKDAYY.s:35     .text.USBD_HID_GetDeviceQualifierDesc:00000000 $t
C:\Users\Nathan\AppData\Local\Temp\ccSKDAYY.s:40     .text.USBD_HID_GetDeviceQualifierDesc:00000000 USBD_HID_GetDeviceQualifierDesc
C:\Users\Nathan\AppData\Local\Temp\ccSKDAYY.s:51     .text.USBD_HID_GetDeviceQualifierDesc:00000008 $d
C:\Users\Nathan\AppData\Local\Temp\ccSKDAYY.s:455    .data.USBD_HID_DeviceQualifierDesc:00000000 USBD_HID_DeviceQualifierDesc
C:\Users\Nathan\AppData\Local\Temp\ccSKDAYY.s:54     .text.USBD_HID_GetOtherSpeedCfgDesc:00000000 $t
C:\Users\Nathan\AppData\Local\Temp\ccSKDAYY.s:59     .text.USBD_HID_GetOtherSpeedCfgDesc:00000000 USBD_HID_GetOtherSpeedCfgDesc
C:\Users\Nathan\AppData\Local\Temp\ccSKDAYY.s:78     .text.USBD_HID_GetOtherSpeedCfgDesc:0000001c $d
C:\Users\Nathan\AppData\Local\Temp\ccSKDAYY.s:467    .data.USBD_HID_CfgDesc:00000000 USBD_HID_CfgDesc
C:\Users\Nathan\AppData\Local\Temp\ccSKDAYY.s:81     .text.USBD_HID_GetFSCfgDesc:00000000 $t
C:\Users\Nathan\AppData\Local\Temp\ccSKDAYY.s:86     .text.USBD_HID_GetFSCfgDesc:00000000 USBD_HID_GetFSCfgDesc
C:\Users\Nathan\AppData\Local\Temp\ccSKDAYY.s:105    .text.USBD_HID_GetFSCfgDesc:0000001c $d
C:\Users\Nathan\AppData\Local\Temp\ccSKDAYY.s:108    .text.USBD_HID_GetHSCfgDesc:00000000 $t
C:\Users\Nathan\AppData\Local\Temp\ccSKDAYY.s:113    .text.USBD_HID_GetHSCfgDesc:00000000 USBD_HID_GetHSCfgDesc
C:\Users\Nathan\AppData\Local\Temp\ccSKDAYY.s:132    .text.USBD_HID_GetHSCfgDesc:0000001c $d
C:\Users\Nathan\AppData\Local\Temp\ccSKDAYY.s:135    .text.USBD_HID_Setup:00000000 $t
C:\Users\Nathan\AppData\Local\Temp\ccSKDAYY.s:140    .text.USBD_HID_Setup:00000000 USBD_HID_Setup
C:\Users\Nathan\AppData\Local\Temp\ccSKDAYY.s:163    .text.USBD_HID_Setup:00000032 $d
C:\Users\Nathan\AppData\Local\Temp\ccSKDAYY.s:173    .text.USBD_HID_Setup:0000003c $t
C:\Users\Nathan\AppData\Local\Temp\ccSKDAYY.s:207    .text.USBD_HID_Setup:00000078 $d
C:\Users\Nathan\AppData\Local\Temp\ccSKDAYY.s:219    .text.USBD_HID_Setup:00000084 $t
C:\Users\Nathan\AppData\Local\Temp\ccSKDAYY.s:303    .text.USBD_HID_Setup:00000124 $d
C:\Users\Nathan\AppData\Local\Temp\ccSKDAYY.s:461    .data.USBD_HID_Desc:00000000 USBD_HID_Desc
C:\Users\Nathan\AppData\Local\Temp\ccSKDAYY.s:445    .data.HID_MOUSE_ReportDesc:00000000 HID_MOUSE_ReportDesc
C:\Users\Nathan\AppData\Local\Temp\ccSKDAYY.s:307    .text.USBD_HID_DeInit:00000000 $t
C:\Users\Nathan\AppData\Local\Temp\ccSKDAYY.s:312    .text.USBD_HID_DeInit:00000000 USBD_HID_DeInit
C:\Users\Nathan\AppData\Local\Temp\ccSKDAYY.s:336    .text.USBD_HID_Init:00000000 $t
C:\Users\Nathan\AppData\Local\Temp\ccSKDAYY.s:341    .text.USBD_HID_Init:00000000 USBD_HID_Init
C:\Users\Nathan\AppData\Local\Temp\ccSKDAYY.s:383    .text.USBD_HID_SendReport:00000000 $t
C:\Users\Nathan\AppData\Local\Temp\ccSKDAYY.s:389    .text.USBD_HID_SendReport:00000000 USBD_HID_SendReport
C:\Users\Nathan\AppData\Local\Temp\ccSKDAYY.s:423    .text.USBD_HID_GetPollingInterval:00000000 $t
C:\Users\Nathan\AppData\Local\Temp\ccSKDAYY.s:429    .text.USBD_HID_GetPollingInterval:00000000 USBD_HID_GetPollingInterval
C:\Users\Nathan\AppData\Local\Temp\ccSKDAYY.s:442    .data.HID_MOUSE_ReportDesc:00000000 $d
C:\Users\Nathan\AppData\Local\Temp\ccSKDAYY.s:452    .data.USBD_HID_DeviceQualifierDesc:00000000 $d
C:\Users\Nathan\AppData\Local\Temp\ccSKDAYY.s:458    .data.USBD_HID_Desc:00000000 $d
C:\Users\Nathan\AppData\Local\Temp\ccSKDAYY.s:464    .data.USBD_HID_CfgDesc:00000000 $d
C:\Users\Nathan\AppData\Local\Temp\ccSKDAYY.s:476    .data.USBD_HID:00000000 USBD_HID
C:\Users\Nathan\AppData\Local\Temp\ccSKDAYY.s:473    .data.USBD_HID:00000000 $d

UNDEFINED SYMBOLS
USBD_GetEpDesc
USBD_CtlSendData
USBD_CtlError
USBD_LL_CloseEP
USBD_static_free
USBD_static_malloc
USBD_LL_OpenEP
USBD_LL_Transmit
