06-29 13:07:25 com_github_MitjaNemec_PlaceFootprints.action_place_footprints 674:Plugin executed on: 'win32'
06-29 13:07:25 com_github_MitjaNemec_PlaceFootprints.action_place_footprints 675:Plugin executed with python version: '3.11.5 (main, Jan 27 2025, 07:08:36) [MSC v.1942 64 bit (AMD64)]'
06-29 13:07:25 com_github_MitjaNemec_PlaceFootprints.action_place_footprints 676:KiCad build version: 9.0.2
06-29 13:07:25 com_github_MitjaNemec_PlaceFootprints.action_place_footprints 677:Plugin version: 4.0.1
06-29 13:07:25 com_github_MitjaNemec_PlaceFootprints.action_place_footprints 678:Frame repr: <wx._core.Frame object at 0x00000288D36D44C0>
06-29 13:07:25 com_github_MitjaNemec_PlaceFootprints.place_footprints 121:getting a list of all footprints on board
06-29 13:07:25 com_github_MitjaNemec_PlaceFootprints.place_footprints 156:Footprint J1 on root level
06-29 13:07:25 com_github_MitjaNemec_PlaceFootprints.place_footprints 156:Footprint J3 on root level
06-29 13:07:25 com_github_MitjaNemec_PlaceFootprints.place_footprints 156:Footprint J2 on root level
06-29 13:07:25 com_github_MitjaNemec_PlaceFootprints.action_place_footprints 717:Reference footprint='J115'
06-29 13:07:30 com_github_MitjaNemec_PlaceFootprints.action_place_footprints 858:Reference designator is: J
06-29 13:07:30 com_github_MitjaNemec_PlaceFootprints.action_place_footprints 859:Reference number is: 115
06-29 13:07:30 com_github_MitjaNemec_PlaceFootprints.action_place_footprints 891:Sorted and filtered list:
['J1', 'J2', 'J3', 'J4', 'J5', 'J6', 'J7', 'J8', 'J9', 'J10', 'J11', 'J12', 'J13', 'J14', 'J15', 'J16', 'J17', 'J18', 'J19', 'J20', 'J21', 'J22', 'J23', 'J24', 'J25', 'J26', 'J27', 'J28', 'J29', 'J30', 'J31', 'J32', 'J33', 'J34', 'J35', 'J36', 'J37', 'J38', 'J39', 'J40', 'J41', 'J42', 'J43', 'J44', 'J45', 'J46', 'J47', 'J48', 'J49', 'J50', 'J51', 'J52', 'J53', 'J54', 'J55', 'J56', 'J57', 'J58', 'J59', 'J60', 'J61', 'J62', 'J63', 'J64', 'J65', 'J66', 'J67', 'J68', 'J69', 'J70', 'J71', 'J72', 'J73', 'J74', 'J75', 'J76', 'J77', 'J78', 'J79', 'J80', 'J81', 'J82', 'J83', 'J84', 'J85', 'J86', 'J87', 'J88', 'J89', 'J90', 'J91', 'J92', 'J93', 'J94', 'J95', 'J96', 'J97', 'J98', 'J99', 'J100', 'J101', 'J102', 'J103', 'J104', 'J105', 'J106', 'J107', 'J108', 'J109', 'J110', 'J111', 'J112', 'J113', 'J114', 'J115', 'J116', 'J117', 'J118', 'J119', 'J120', 'J121', 'J122', 'J123', 'J124', 'J125', 'J126', 'J127', 'J128', 'J129', 'J130', 'J131', 'J132', 'J133', 'J134', 'J135', 'J136', 'J137', 'J138', 'J139', 'J140', 'J141', 'J142', 'J143', 'J144', 'J145', 'J146', 'J147', 'J148', 'J149', 'J150', 'J151', 'J152', 'J153', 'J154', 'J155', 'J156', 'J157', 'J158', 'J159', 'J160', 'J161', 'J162', 'J163', 'J164', 'J165', 'J166', 'J167', 'J168', 'J169', 'J170', 'J171', 'J172', 'J173', 'J174', 'J175', 'J176', 'J177', 'J178', 'J179', 'J180', 'J181', 'J182', 'J183', 'J184', 'J185', 'J186', 'J187']
06-29 13:07:30 com_github_MitjaNemec_PlaceFootprints.action_place_footprints 376:wx.Colour(240, 240, 240, 255)
06-29 13:08:17 com_github_MitjaNemec_PlaceFootprints.action_place_footprints 507:'0'
06-29 13:08:17 com_github_MitjaNemec_PlaceFootprints.action_place_footprints 553:Preparing config for reference linear
06-29 13:08:17 com_github_MitjaNemec_PlaceFootprints.action_place_footprints 573:Saving config file
06-29 13:08:17 com_github_MitjaNemec_PlaceFootprints.action_place_footprints 575:Saved the config file
06-29 13:08:17 com_github_MitjaNemec_PlaceFootprints.action_place_footprints 929:Footprints to place:
['J115', 'J119', 'J123', 'J127', 'J131', 'J135', 'J139', 'J143', 'J147', 'J151', 'J155', 'J159', 'J163', 'J167', 'J171', 'J175', 'J179', 'J183']
06-29 13:08:17 com_github_MitjaNemec_PlaceFootprints.place_footprints 396:Starting placing with linear layout
06-29 13:08:17 com_github_MitjaNemec_PlaceFootprints.action_place_footprints 970:Placing complete
